[2024-08-04T22:46:19.835+0300] {processor.py:161} INFO - Started process (PID=859) to work on /home/grigory/airflow_venv/lib/python3.10/site-packages/airflow/example_dags/plugins/decreasing_priority_weight_strategy.py
[2024-08-04T22:46:19.836+0300] {processor.py:830} INFO - Processing file /home/grigory/airflow_venv/lib/python3.10/site-packages/airflow/example_dags/plugins/decreasing_priority_weight_strategy.py for tasks to queue
[2024-08-04T22:46:19.838+0300] {logging_mixin.py:188} INFO - [2024-08-04T22:46:19.838+0300] {dagbag.py:545} INFO - Filling up the DagBag from /home/grigory/airflow_venv/lib/python3.10/site-packages/airflow/example_dags/plugins/decreasing_priority_weight_strategy.py
[2024-08-04T22:46:19.841+0300] {processor.py:842} WARNING - No viable dags retrieved from /home/grigory/airflow_venv/lib/python3.10/site-packages/airflow/example_dags/plugins/decreasing_priority_weight_strategy.py
[2024-08-04T22:46:19.855+0300] {processor.py:183} INFO - Processing /home/grigory/airflow_venv/lib/python3.10/site-packages/airflow/example_dags/plugins/decreasing_priority_weight_strategy.py took 0.029 seconds
[2024-08-04T22:47:26.815+0300] {processor.py:161} INFO - Started process (PID=917) to work on /home/grigory/airflow_venv/lib/python3.10/site-packages/airflow/example_dags/plugins/decreasing_priority_weight_strategy.py
[2024-08-04T22:47:26.817+0300] {processor.py:830} INFO - Processing file /home/grigory/airflow_venv/lib/python3.10/site-packages/airflow/example_dags/plugins/decreasing_priority_weight_strategy.py for tasks to queue
[2024-08-04T22:47:26.820+0300] {logging_mixin.py:188} INFO - [2024-08-04T22:47:26.819+0300] {dagbag.py:545} INFO - Filling up the DagBag from /home/grigory/airflow_venv/lib/python3.10/site-packages/airflow/example_dags/plugins/decreasing_priority_weight_strategy.py
[2024-08-04T22:47:26.823+0300] {processor.py:842} WARNING - No viable dags retrieved from /home/grigory/airflow_venv/lib/python3.10/site-packages/airflow/example_dags/plugins/decreasing_priority_weight_strategy.py
[2024-08-04T22:47:26.841+0300] {processor.py:183} INFO - Processing /home/grigory/airflow_venv/lib/python3.10/site-packages/airflow/example_dags/plugins/decreasing_priority_weight_strategy.py took 0.046 seconds
[2024-08-04T22:48:28.528+0300] {processor.py:161} INFO - Started process (PID=969) to work on /home/grigory/airflow_venv/lib/python3.10/site-packages/airflow/example_dags/plugins/decreasing_priority_weight_strategy.py
[2024-08-04T22:48:28.529+0300] {processor.py:830} INFO - Processing file /home/grigory/airflow_venv/lib/python3.10/site-packages/airflow/example_dags/plugins/decreasing_priority_weight_strategy.py for tasks to queue
[2024-08-04T22:48:28.531+0300] {logging_mixin.py:188} INFO - [2024-08-04T22:48:28.531+0300] {dagbag.py:545} INFO - Filling up the DagBag from /home/grigory/airflow_venv/lib/python3.10/site-packages/airflow/example_dags/plugins/decreasing_priority_weight_strategy.py
[2024-08-04T22:48:28.534+0300] {processor.py:842} WARNING - No viable dags retrieved from /home/grigory/airflow_venv/lib/python3.10/site-packages/airflow/example_dags/plugins/decreasing_priority_weight_strategy.py
[2024-08-04T22:48:28.547+0300] {processor.py:183} INFO - Processing /home/grigory/airflow_venv/lib/python3.10/site-packages/airflow/example_dags/plugins/decreasing_priority_weight_strategy.py took 0.027 seconds
[2024-08-04T22:49:34.464+0300] {processor.py:161} INFO - Started process (PID=1024) to work on /home/grigory/airflow_venv/lib/python3.10/site-packages/airflow/example_dags/plugins/decreasing_priority_weight_strategy.py
[2024-08-04T22:49:34.476+0300] {processor.py:830} INFO - Processing file /home/grigory/airflow_venv/lib/python3.10/site-packages/airflow/example_dags/plugins/decreasing_priority_weight_strategy.py for tasks to queue
[2024-08-04T22:49:34.480+0300] {logging_mixin.py:188} INFO - [2024-08-04T22:49:34.479+0300] {dagbag.py:545} INFO - Filling up the DagBag from /home/grigory/airflow_venv/lib/python3.10/site-packages/airflow/example_dags/plugins/decreasing_priority_weight_strategy.py
[2024-08-04T22:49:34.494+0300] {processor.py:842} WARNING - No viable dags retrieved from /home/grigory/airflow_venv/lib/python3.10/site-packages/airflow/example_dags/plugins/decreasing_priority_weight_strategy.py
[2024-08-04T22:49:34.516+0300] {processor.py:183} INFO - Processing /home/grigory/airflow_venv/lib/python3.10/site-packages/airflow/example_dags/plugins/decreasing_priority_weight_strategy.py took 0.083 seconds
[2024-08-04T22:51:15.534+0300] {processor.py:161} INFO - Started process (PID=1075) to work on /home/grigory/airflow_venv/lib/python3.10/site-packages/airflow/example_dags/plugins/decreasing_priority_weight_strategy.py
[2024-08-04T22:51:15.537+0300] {processor.py:830} INFO - Processing file /home/grigory/airflow_venv/lib/python3.10/site-packages/airflow/example_dags/plugins/decreasing_priority_weight_strategy.py for tasks to queue
[2024-08-04T22:51:15.550+0300] {logging_mixin.py:188} INFO - [2024-08-04T22:51:15.549+0300] {dagbag.py:545} INFO - Filling up the DagBag from /home/grigory/airflow_venv/lib/python3.10/site-packages/airflow/example_dags/plugins/decreasing_priority_weight_strategy.py
[2024-08-04T22:51:15.565+0300] {processor.py:842} WARNING - No viable dags retrieved from /home/grigory/airflow_venv/lib/python3.10/site-packages/airflow/example_dags/plugins/decreasing_priority_weight_strategy.py
[2024-08-04T22:51:15.621+0300] {processor.py:183} INFO - Processing /home/grigory/airflow_venv/lib/python3.10/site-packages/airflow/example_dags/plugins/decreasing_priority_weight_strategy.py took 0.118 seconds
[2024-08-04T22:52:16.418+0300] {processor.py:161} INFO - Started process (PID=1128) to work on /home/grigory/airflow_venv/lib/python3.10/site-packages/airflow/example_dags/plugins/decreasing_priority_weight_strategy.py
[2024-08-04T22:52:16.420+0300] {processor.py:830} INFO - Processing file /home/grigory/airflow_venv/lib/python3.10/site-packages/airflow/example_dags/plugins/decreasing_priority_weight_strategy.py for tasks to queue
[2024-08-04T22:52:16.423+0300] {logging_mixin.py:188} INFO - [2024-08-04T22:52:16.423+0300] {dagbag.py:545} INFO - Filling up the DagBag from /home/grigory/airflow_venv/lib/python3.10/site-packages/airflow/example_dags/plugins/decreasing_priority_weight_strategy.py
[2024-08-04T22:52:16.428+0300] {processor.py:842} WARNING - No viable dags retrieved from /home/grigory/airflow_venv/lib/python3.10/site-packages/airflow/example_dags/plugins/decreasing_priority_weight_strategy.py
[2024-08-04T22:52:16.440+0300] {processor.py:183} INFO - Processing /home/grigory/airflow_venv/lib/python3.10/site-packages/airflow/example_dags/plugins/decreasing_priority_weight_strategy.py took 0.035 seconds
[2024-08-04T22:53:14.896+0300] {processor.py:161} INFO - Started process (PID=1178) to work on /home/grigory/airflow_venv/lib/python3.10/site-packages/airflow/example_dags/plugins/decreasing_priority_weight_strategy.py
[2024-08-04T22:53:14.898+0300] {processor.py:830} INFO - Processing file /home/grigory/airflow_venv/lib/python3.10/site-packages/airflow/example_dags/plugins/decreasing_priority_weight_strategy.py for tasks to queue
[2024-08-04T22:53:14.900+0300] {logging_mixin.py:188} INFO - [2024-08-04T22:53:14.900+0300] {dagbag.py:545} INFO - Filling up the DagBag from /home/grigory/airflow_venv/lib/python3.10/site-packages/airflow/example_dags/plugins/decreasing_priority_weight_strategy.py
[2024-08-04T22:53:14.904+0300] {processor.py:842} WARNING - No viable dags retrieved from /home/grigory/airflow_venv/lib/python3.10/site-packages/airflow/example_dags/plugins/decreasing_priority_weight_strategy.py
[2024-08-04T22:53:14.917+0300] {processor.py:183} INFO - Processing /home/grigory/airflow_venv/lib/python3.10/site-packages/airflow/example_dags/plugins/decreasing_priority_weight_strategy.py took 0.029 seconds
[2024-08-04T22:54:07.535+0300] {processor.py:161} INFO - Started process (PID=1228) to work on /home/grigory/airflow_venv/lib/python3.10/site-packages/airflow/example_dags/plugins/decreasing_priority_weight_strategy.py
[2024-08-04T22:54:07.540+0300] {processor.py:830} INFO - Processing file /home/grigory/airflow_venv/lib/python3.10/site-packages/airflow/example_dags/plugins/decreasing_priority_weight_strategy.py for tasks to queue
[2024-08-04T22:54:07.545+0300] {logging_mixin.py:188} INFO - [2024-08-04T22:54:07.544+0300] {dagbag.py:545} INFO - Filling up the DagBag from /home/grigory/airflow_venv/lib/python3.10/site-packages/airflow/example_dags/plugins/decreasing_priority_weight_strategy.py
[2024-08-04T22:54:07.552+0300] {processor.py:842} WARNING - No viable dags retrieved from /home/grigory/airflow_venv/lib/python3.10/site-packages/airflow/example_dags/plugins/decreasing_priority_weight_strategy.py
[2024-08-04T22:54:07.577+0300] {processor.py:183} INFO - Processing /home/grigory/airflow_venv/lib/python3.10/site-packages/airflow/example_dags/plugins/decreasing_priority_weight_strategy.py took 0.059 seconds
[2024-08-04T22:55:01.940+0300] {processor.py:161} INFO - Started process (PID=1274) to work on /home/grigory/airflow_venv/lib/python3.10/site-packages/airflow/example_dags/plugins/decreasing_priority_weight_strategy.py
[2024-08-04T22:55:01.947+0300] {processor.py:830} INFO - Processing file /home/grigory/airflow_venv/lib/python3.10/site-packages/airflow/example_dags/plugins/decreasing_priority_weight_strategy.py for tasks to queue
[2024-08-04T22:55:01.952+0300] {logging_mixin.py:188} INFO - [2024-08-04T22:55:01.951+0300] {dagbag.py:545} INFO - Filling up the DagBag from /home/grigory/airflow_venv/lib/python3.10/site-packages/airflow/example_dags/plugins/decreasing_priority_weight_strategy.py
[2024-08-04T22:55:01.965+0300] {processor.py:842} WARNING - No viable dags retrieved from /home/grigory/airflow_venv/lib/python3.10/site-packages/airflow/example_dags/plugins/decreasing_priority_weight_strategy.py
[2024-08-04T22:55:02.007+0300] {processor.py:183} INFO - Processing /home/grigory/airflow_venv/lib/python3.10/site-packages/airflow/example_dags/plugins/decreasing_priority_weight_strategy.py took 0.096 seconds
[2024-08-04T22:55:59.681+0300] {processor.py:161} INFO - Started process (PID=1326) to work on /home/grigory/airflow_venv/lib/python3.10/site-packages/airflow/example_dags/plugins/decreasing_priority_weight_strategy.py
[2024-08-04T22:55:59.682+0300] {processor.py:830} INFO - Processing file /home/grigory/airflow_venv/lib/python3.10/site-packages/airflow/example_dags/plugins/decreasing_priority_weight_strategy.py for tasks to queue
[2024-08-04T22:55:59.685+0300] {logging_mixin.py:188} INFO - [2024-08-04T22:55:59.685+0300] {dagbag.py:545} INFO - Filling up the DagBag from /home/grigory/airflow_venv/lib/python3.10/site-packages/airflow/example_dags/plugins/decreasing_priority_weight_strategy.py
[2024-08-04T22:55:59.688+0300] {processor.py:842} WARNING - No viable dags retrieved from /home/grigory/airflow_venv/lib/python3.10/site-packages/airflow/example_dags/plugins/decreasing_priority_weight_strategy.py
[2024-08-04T22:55:59.701+0300] {processor.py:183} INFO - Processing /home/grigory/airflow_venv/lib/python3.10/site-packages/airflow/example_dags/plugins/decreasing_priority_weight_strategy.py took 0.029 seconds
[2024-08-04T22:56:49.887+0300] {processor.py:161} INFO - Started process (PID=1375) to work on /home/grigory/airflow_venv/lib/python3.10/site-packages/airflow/example_dags/plugins/decreasing_priority_weight_strategy.py
[2024-08-04T22:56:49.889+0300] {processor.py:830} INFO - Processing file /home/grigory/airflow_venv/lib/python3.10/site-packages/airflow/example_dags/plugins/decreasing_priority_weight_strategy.py for tasks to queue
[2024-08-04T22:56:49.891+0300] {logging_mixin.py:188} INFO - [2024-08-04T22:56:49.891+0300] {dagbag.py:545} INFO - Filling up the DagBag from /home/grigory/airflow_venv/lib/python3.10/site-packages/airflow/example_dags/plugins/decreasing_priority_weight_strategy.py
[2024-08-04T22:56:49.896+0300] {processor.py:842} WARNING - No viable dags retrieved from /home/grigory/airflow_venv/lib/python3.10/site-packages/airflow/example_dags/plugins/decreasing_priority_weight_strategy.py
[2024-08-04T22:56:49.919+0300] {processor.py:183} INFO - Processing /home/grigory/airflow_venv/lib/python3.10/site-packages/airflow/example_dags/plugins/decreasing_priority_weight_strategy.py took 0.044 seconds
[2024-08-04T22:57:41.891+0300] {processor.py:161} INFO - Started process (PID=1421) to work on /home/grigory/airflow_venv/lib/python3.10/site-packages/airflow/example_dags/plugins/decreasing_priority_weight_strategy.py
[2024-08-04T22:57:41.892+0300] {processor.py:830} INFO - Processing file /home/grigory/airflow_venv/lib/python3.10/site-packages/airflow/example_dags/plugins/decreasing_priority_weight_strategy.py for tasks to queue
[2024-08-04T22:57:41.894+0300] {logging_mixin.py:188} INFO - [2024-08-04T22:57:41.894+0300] {dagbag.py:545} INFO - Filling up the DagBag from /home/grigory/airflow_venv/lib/python3.10/site-packages/airflow/example_dags/plugins/decreasing_priority_weight_strategy.py
[2024-08-04T22:57:41.897+0300] {processor.py:842} WARNING - No viable dags retrieved from /home/grigory/airflow_venv/lib/python3.10/site-packages/airflow/example_dags/plugins/decreasing_priority_weight_strategy.py
[2024-08-04T22:57:41.911+0300] {processor.py:183} INFO - Processing /home/grigory/airflow_venv/lib/python3.10/site-packages/airflow/example_dags/plugins/decreasing_priority_weight_strategy.py took 0.029 seconds
[2024-08-04T22:58:34.451+0300] {processor.py:161} INFO - Started process (PID=1469) to work on /home/grigory/airflow_venv/lib/python3.10/site-packages/airflow/example_dags/plugins/decreasing_priority_weight_strategy.py
[2024-08-04T22:58:34.453+0300] {processor.py:830} INFO - Processing file /home/grigory/airflow_venv/lib/python3.10/site-packages/airflow/example_dags/plugins/decreasing_priority_weight_strategy.py for tasks to queue
[2024-08-04T22:58:34.456+0300] {logging_mixin.py:188} INFO - [2024-08-04T22:58:34.456+0300] {dagbag.py:545} INFO - Filling up the DagBag from /home/grigory/airflow_venv/lib/python3.10/site-packages/airflow/example_dags/plugins/decreasing_priority_weight_strategy.py
[2024-08-04T22:58:34.459+0300] {processor.py:842} WARNING - No viable dags retrieved from /home/grigory/airflow_venv/lib/python3.10/site-packages/airflow/example_dags/plugins/decreasing_priority_weight_strategy.py
[2024-08-04T22:58:34.474+0300] {processor.py:183} INFO - Processing /home/grigory/airflow_venv/lib/python3.10/site-packages/airflow/example_dags/plugins/decreasing_priority_weight_strategy.py took 0.037 seconds
[2024-08-04T22:59:29.418+0300] {processor.py:161} INFO - Started process (PID=1518) to work on /home/grigory/airflow_venv/lib/python3.10/site-packages/airflow/example_dags/plugins/decreasing_priority_weight_strategy.py
[2024-08-04T22:59:29.440+0300] {processor.py:830} INFO - Processing file /home/grigory/airflow_venv/lib/python3.10/site-packages/airflow/example_dags/plugins/decreasing_priority_weight_strategy.py for tasks to queue
[2024-08-04T22:59:29.443+0300] {logging_mixin.py:188} INFO - [2024-08-04T22:59:29.442+0300] {dagbag.py:545} INFO - Filling up the DagBag from /home/grigory/airflow_venv/lib/python3.10/site-packages/airflow/example_dags/plugins/decreasing_priority_weight_strategy.py
[2024-08-04T22:59:29.447+0300] {processor.py:842} WARNING - No viable dags retrieved from /home/grigory/airflow_venv/lib/python3.10/site-packages/airflow/example_dags/plugins/decreasing_priority_weight_strategy.py
[2024-08-04T22:59:29.467+0300] {processor.py:183} INFO - Processing /home/grigory/airflow_venv/lib/python3.10/site-packages/airflow/example_dags/plugins/decreasing_priority_weight_strategy.py took 0.063 seconds
[2024-08-04T23:00:22.642+0300] {processor.py:161} INFO - Started process (PID=1567) to work on /home/grigory/airflow_venv/lib/python3.10/site-packages/airflow/example_dags/plugins/decreasing_priority_weight_strategy.py
[2024-08-04T23:00:22.645+0300] {processor.py:830} INFO - Processing file /home/grigory/airflow_venv/lib/python3.10/site-packages/airflow/example_dags/plugins/decreasing_priority_weight_strategy.py for tasks to queue
[2024-08-04T23:00:22.649+0300] {logging_mixin.py:188} INFO - [2024-08-04T23:00:22.648+0300] {dagbag.py:545} INFO - Filling up the DagBag from /home/grigory/airflow_venv/lib/python3.10/site-packages/airflow/example_dags/plugins/decreasing_priority_weight_strategy.py
[2024-08-04T23:00:22.654+0300] {processor.py:842} WARNING - No viable dags retrieved from /home/grigory/airflow_venv/lib/python3.10/site-packages/airflow/example_dags/plugins/decreasing_priority_weight_strategy.py
[2024-08-04T23:00:22.672+0300] {processor.py:183} INFO - Processing /home/grigory/airflow_venv/lib/python3.10/site-packages/airflow/example_dags/plugins/decreasing_priority_weight_strategy.py took 0.044 seconds
[2024-08-04T23:01:25.906+0300] {processor.py:161} INFO - Started process (PID=1618) to work on /home/grigory/airflow_venv/lib/python3.10/site-packages/airflow/example_dags/plugins/decreasing_priority_weight_strategy.py
[2024-08-04T23:01:25.921+0300] {processor.py:830} INFO - Processing file /home/grigory/airflow_venv/lib/python3.10/site-packages/airflow/example_dags/plugins/decreasing_priority_weight_strategy.py for tasks to queue
[2024-08-04T23:01:25.924+0300] {logging_mixin.py:188} INFO - [2024-08-04T23:01:25.924+0300] {dagbag.py:545} INFO - Filling up the DagBag from /home/grigory/airflow_venv/lib/python3.10/site-packages/airflow/example_dags/plugins/decreasing_priority_weight_strategy.py
[2024-08-04T23:01:25.930+0300] {processor.py:842} WARNING - No viable dags retrieved from /home/grigory/airflow_venv/lib/python3.10/site-packages/airflow/example_dags/plugins/decreasing_priority_weight_strategy.py
[2024-08-04T23:01:25.977+0300] {processor.py:183} INFO - Processing /home/grigory/airflow_venv/lib/python3.10/site-packages/airflow/example_dags/plugins/decreasing_priority_weight_strategy.py took 0.106 seconds
[2024-08-04T23:02:28.731+0300] {processor.py:161} INFO - Started process (PID=1671) to work on /home/grigory/airflow_venv/lib/python3.10/site-packages/airflow/example_dags/plugins/decreasing_priority_weight_strategy.py
[2024-08-04T23:02:28.732+0300] {processor.py:830} INFO - Processing file /home/grigory/airflow_venv/lib/python3.10/site-packages/airflow/example_dags/plugins/decreasing_priority_weight_strategy.py for tasks to queue
[2024-08-04T23:02:28.735+0300] {logging_mixin.py:188} INFO - [2024-08-04T23:02:28.734+0300] {dagbag.py:545} INFO - Filling up the DagBag from /home/grigory/airflow_venv/lib/python3.10/site-packages/airflow/example_dags/plugins/decreasing_priority_weight_strategy.py
[2024-08-04T23:02:28.738+0300] {processor.py:842} WARNING - No viable dags retrieved from /home/grigory/airflow_venv/lib/python3.10/site-packages/airflow/example_dags/plugins/decreasing_priority_weight_strategy.py
[2024-08-04T23:02:28.752+0300] {processor.py:183} INFO - Processing /home/grigory/airflow_venv/lib/python3.10/site-packages/airflow/example_dags/plugins/decreasing_priority_weight_strategy.py took 0.037 seconds
[2024-08-04T23:03:29.963+0300] {processor.py:161} INFO - Started process (PID=1723) to work on /home/grigory/airflow_venv/lib/python3.10/site-packages/airflow/example_dags/plugins/decreasing_priority_weight_strategy.py
[2024-08-04T23:03:29.966+0300] {processor.py:830} INFO - Processing file /home/grigory/airflow_venv/lib/python3.10/site-packages/airflow/example_dags/plugins/decreasing_priority_weight_strategy.py for tasks to queue
[2024-08-04T23:03:29.968+0300] {logging_mixin.py:188} INFO - [2024-08-04T23:03:29.968+0300] {dagbag.py:545} INFO - Filling up the DagBag from /home/grigory/airflow_venv/lib/python3.10/site-packages/airflow/example_dags/plugins/decreasing_priority_weight_strategy.py
[2024-08-04T23:03:29.971+0300] {processor.py:842} WARNING - No viable dags retrieved from /home/grigory/airflow_venv/lib/python3.10/site-packages/airflow/example_dags/plugins/decreasing_priority_weight_strategy.py
[2024-08-04T23:03:29.984+0300] {processor.py:183} INFO - Processing /home/grigory/airflow_venv/lib/python3.10/site-packages/airflow/example_dags/plugins/decreasing_priority_weight_strategy.py took 0.029 seconds
[2024-08-04T23:04:27.415+0300] {processor.py:161} INFO - Started process (PID=1773) to work on /home/grigory/airflow_venv/lib/python3.10/site-packages/airflow/example_dags/plugins/decreasing_priority_weight_strategy.py
[2024-08-04T23:04:27.417+0300] {processor.py:830} INFO - Processing file /home/grigory/airflow_venv/lib/python3.10/site-packages/airflow/example_dags/plugins/decreasing_priority_weight_strategy.py for tasks to queue
[2024-08-04T23:04:27.420+0300] {logging_mixin.py:188} INFO - [2024-08-04T23:04:27.419+0300] {dagbag.py:545} INFO - Filling up the DagBag from /home/grigory/airflow_venv/lib/python3.10/site-packages/airflow/example_dags/plugins/decreasing_priority_weight_strategy.py
[2024-08-04T23:04:27.424+0300] {processor.py:842} WARNING - No viable dags retrieved from /home/grigory/airflow_venv/lib/python3.10/site-packages/airflow/example_dags/plugins/decreasing_priority_weight_strategy.py
[2024-08-04T23:04:27.451+0300] {processor.py:183} INFO - Processing /home/grigory/airflow_venv/lib/python3.10/site-packages/airflow/example_dags/plugins/decreasing_priority_weight_strategy.py took 0.050 seconds
[2024-08-04T23:06:00.807+0300] {processor.py:161} INFO - Started process (PID=1833) to work on /home/grigory/airflow_venv/lib/python3.10/site-packages/airflow/example_dags/plugins/decreasing_priority_weight_strategy.py
[2024-08-04T23:06:00.816+0300] {processor.py:830} INFO - Processing file /home/grigory/airflow_venv/lib/python3.10/site-packages/airflow/example_dags/plugins/decreasing_priority_weight_strategy.py for tasks to queue
[2024-08-04T23:06:00.820+0300] {logging_mixin.py:188} INFO - [2024-08-04T23:06:00.819+0300] {dagbag.py:545} INFO - Filling up the DagBag from /home/grigory/airflow_venv/lib/python3.10/site-packages/airflow/example_dags/plugins/decreasing_priority_weight_strategy.py
[2024-08-04T23:06:00.828+0300] {processor.py:842} WARNING - No viable dags retrieved from /home/grigory/airflow_venv/lib/python3.10/site-packages/airflow/example_dags/plugins/decreasing_priority_weight_strategy.py
[2024-08-04T23:06:00.860+0300] {processor.py:183} INFO - Processing /home/grigory/airflow_venv/lib/python3.10/site-packages/airflow/example_dags/plugins/decreasing_priority_weight_strategy.py took 0.073 seconds
[2024-08-04T23:07:20.390+0300] {processor.py:161} INFO - Started process (PID=1879) to work on /home/grigory/airflow_venv/lib/python3.10/site-packages/airflow/example_dags/plugins/decreasing_priority_weight_strategy.py
[2024-08-04T23:07:20.391+0300] {processor.py:830} INFO - Processing file /home/grigory/airflow_venv/lib/python3.10/site-packages/airflow/example_dags/plugins/decreasing_priority_weight_strategy.py for tasks to queue
[2024-08-04T23:07:20.393+0300] {logging_mixin.py:188} INFO - [2024-08-04T23:07:20.393+0300] {dagbag.py:545} INFO - Filling up the DagBag from /home/grigory/airflow_venv/lib/python3.10/site-packages/airflow/example_dags/plugins/decreasing_priority_weight_strategy.py
[2024-08-04T23:07:20.396+0300] {processor.py:842} WARNING - No viable dags retrieved from /home/grigory/airflow_venv/lib/python3.10/site-packages/airflow/example_dags/plugins/decreasing_priority_weight_strategy.py
[2024-08-04T23:07:20.410+0300] {processor.py:183} INFO - Processing /home/grigory/airflow_venv/lib/python3.10/site-packages/airflow/example_dags/plugins/decreasing_priority_weight_strategy.py took 0.028 seconds
[2024-08-04T23:08:28.701+0300] {processor.py:161} INFO - Started process (PID=1935) to work on /home/grigory/airflow_venv/lib/python3.10/site-packages/airflow/example_dags/plugins/decreasing_priority_weight_strategy.py
[2024-08-04T23:08:28.704+0300] {processor.py:830} INFO - Processing file /home/grigory/airflow_venv/lib/python3.10/site-packages/airflow/example_dags/plugins/decreasing_priority_weight_strategy.py for tasks to queue
[2024-08-04T23:08:28.707+0300] {logging_mixin.py:188} INFO - [2024-08-04T23:08:28.706+0300] {dagbag.py:545} INFO - Filling up the DagBag from /home/grigory/airflow_venv/lib/python3.10/site-packages/airflow/example_dags/plugins/decreasing_priority_weight_strategy.py
[2024-08-04T23:08:28.710+0300] {processor.py:842} WARNING - No viable dags retrieved from /home/grigory/airflow_venv/lib/python3.10/site-packages/airflow/example_dags/plugins/decreasing_priority_weight_strategy.py
[2024-08-04T23:08:28.736+0300] {processor.py:183} INFO - Processing /home/grigory/airflow_venv/lib/python3.10/site-packages/airflow/example_dags/plugins/decreasing_priority_weight_strategy.py took 0.050 seconds
[2024-08-04T23:09:24.259+0300] {processor.py:161} INFO - Started process (PID=1986) to work on /home/grigory/airflow_venv/lib/python3.10/site-packages/airflow/example_dags/plugins/decreasing_priority_weight_strategy.py
[2024-08-04T23:09:24.261+0300] {processor.py:830} INFO - Processing file /home/grigory/airflow_venv/lib/python3.10/site-packages/airflow/example_dags/plugins/decreasing_priority_weight_strategy.py for tasks to queue
[2024-08-04T23:09:24.263+0300] {logging_mixin.py:188} INFO - [2024-08-04T23:09:24.262+0300] {dagbag.py:545} INFO - Filling up the DagBag from /home/grigory/airflow_venv/lib/python3.10/site-packages/airflow/example_dags/plugins/decreasing_priority_weight_strategy.py
[2024-08-04T23:09:24.266+0300] {processor.py:842} WARNING - No viable dags retrieved from /home/grigory/airflow_venv/lib/python3.10/site-packages/airflow/example_dags/plugins/decreasing_priority_weight_strategy.py
[2024-08-04T23:09:24.279+0300] {processor.py:183} INFO - Processing /home/grigory/airflow_venv/lib/python3.10/site-packages/airflow/example_dags/plugins/decreasing_priority_weight_strategy.py took 0.028 seconds
[2024-08-04T23:10:20.312+0300] {processor.py:161} INFO - Started process (PID=2034) to work on /home/grigory/airflow_venv/lib/python3.10/site-packages/airflow/example_dags/plugins/decreasing_priority_weight_strategy.py
[2024-08-04T23:10:20.333+0300] {processor.py:830} INFO - Processing file /home/grigory/airflow_venv/lib/python3.10/site-packages/airflow/example_dags/plugins/decreasing_priority_weight_strategy.py for tasks to queue
[2024-08-04T23:10:20.336+0300] {logging_mixin.py:188} INFO - [2024-08-04T23:10:20.335+0300] {dagbag.py:545} INFO - Filling up the DagBag from /home/grigory/airflow_venv/lib/python3.10/site-packages/airflow/example_dags/plugins/decreasing_priority_weight_strategy.py
[2024-08-04T23:10:20.341+0300] {processor.py:842} WARNING - No viable dags retrieved from /home/grigory/airflow_venv/lib/python3.10/site-packages/airflow/example_dags/plugins/decreasing_priority_weight_strategy.py
[2024-08-04T23:10:20.392+0300] {processor.py:183} INFO - Processing /home/grigory/airflow_venv/lib/python3.10/site-packages/airflow/example_dags/plugins/decreasing_priority_weight_strategy.py took 0.115 seconds
[2024-08-04T23:11:39.684+0300] {processor.py:161} INFO - Started process (PID=2093) to work on /home/grigory/airflow_venv/lib/python3.10/site-packages/airflow/example_dags/plugins/decreasing_priority_weight_strategy.py
[2024-08-04T23:11:39.693+0300] {processor.py:830} INFO - Processing file /home/grigory/airflow_venv/lib/python3.10/site-packages/airflow/example_dags/plugins/decreasing_priority_weight_strategy.py for tasks to queue
[2024-08-04T23:11:39.696+0300] {logging_mixin.py:188} INFO - [2024-08-04T23:11:39.696+0300] {dagbag.py:545} INFO - Filling up the DagBag from /home/grigory/airflow_venv/lib/python3.10/site-packages/airflow/example_dags/plugins/decreasing_priority_weight_strategy.py
[2024-08-04T23:11:39.700+0300] {processor.py:842} WARNING - No viable dags retrieved from /home/grigory/airflow_venv/lib/python3.10/site-packages/airflow/example_dags/plugins/decreasing_priority_weight_strategy.py
[2024-08-04T23:11:39.721+0300] {processor.py:183} INFO - Processing /home/grigory/airflow_venv/lib/python3.10/site-packages/airflow/example_dags/plugins/decreasing_priority_weight_strategy.py took 0.054 seconds
[2024-08-04T23:12:54.930+0300] {processor.py:161} INFO - Started process (PID=2151) to work on /home/grigory/airflow_venv/lib/python3.10/site-packages/airflow/example_dags/plugins/decreasing_priority_weight_strategy.py
[2024-08-04T23:12:54.934+0300] {processor.py:830} INFO - Processing file /home/grigory/airflow_venv/lib/python3.10/site-packages/airflow/example_dags/plugins/decreasing_priority_weight_strategy.py for tasks to queue
[2024-08-04T23:12:54.946+0300] {logging_mixin.py:188} INFO - [2024-08-04T23:12:54.945+0300] {dagbag.py:545} INFO - Filling up the DagBag from /home/grigory/airflow_venv/lib/python3.10/site-packages/airflow/example_dags/plugins/decreasing_priority_weight_strategy.py
[2024-08-04T23:12:54.961+0300] {processor.py:842} WARNING - No viable dags retrieved from /home/grigory/airflow_venv/lib/python3.10/site-packages/airflow/example_dags/plugins/decreasing_priority_weight_strategy.py
[2024-08-04T23:12:55.024+0300] {processor.py:183} INFO - Processing /home/grigory/airflow_venv/lib/python3.10/site-packages/airflow/example_dags/plugins/decreasing_priority_weight_strategy.py took 0.128 seconds
[2024-08-04T23:14:05.831+0300] {processor.py:161} INFO - Started process (PID=2206) to work on /home/grigory/airflow_venv/lib/python3.10/site-packages/airflow/example_dags/plugins/decreasing_priority_weight_strategy.py
[2024-08-04T23:14:05.836+0300] {processor.py:830} INFO - Processing file /home/grigory/airflow_venv/lib/python3.10/site-packages/airflow/example_dags/plugins/decreasing_priority_weight_strategy.py for tasks to queue
[2024-08-04T23:14:05.840+0300] {logging_mixin.py:188} INFO - [2024-08-04T23:14:05.839+0300] {dagbag.py:545} INFO - Filling up the DagBag from /home/grigory/airflow_venv/lib/python3.10/site-packages/airflow/example_dags/plugins/decreasing_priority_weight_strategy.py
[2024-08-04T23:14:05.846+0300] {processor.py:842} WARNING - No viable dags retrieved from /home/grigory/airflow_venv/lib/python3.10/site-packages/airflow/example_dags/plugins/decreasing_priority_weight_strategy.py
[2024-08-04T23:14:05.876+0300] {processor.py:183} INFO - Processing /home/grigory/airflow_venv/lib/python3.10/site-packages/airflow/example_dags/plugins/decreasing_priority_weight_strategy.py took 0.056 seconds
[2024-08-04T23:15:12.489+0300] {processor.py:161} INFO - Started process (PID=2261) to work on /home/grigory/airflow_venv/lib/python3.10/site-packages/airflow/example_dags/plugins/decreasing_priority_weight_strategy.py
[2024-08-04T23:15:12.491+0300] {processor.py:830} INFO - Processing file /home/grigory/airflow_venv/lib/python3.10/site-packages/airflow/example_dags/plugins/decreasing_priority_weight_strategy.py for tasks to queue
[2024-08-04T23:15:12.493+0300] {logging_mixin.py:188} INFO - [2024-08-04T23:15:12.493+0300] {dagbag.py:545} INFO - Filling up the DagBag from /home/grigory/airflow_venv/lib/python3.10/site-packages/airflow/example_dags/plugins/decreasing_priority_weight_strategy.py
[2024-08-04T23:15:12.496+0300] {processor.py:842} WARNING - No viable dags retrieved from /home/grigory/airflow_venv/lib/python3.10/site-packages/airflow/example_dags/plugins/decreasing_priority_weight_strategy.py
[2024-08-04T23:15:12.515+0300] {processor.py:183} INFO - Processing /home/grigory/airflow_venv/lib/python3.10/site-packages/airflow/example_dags/plugins/decreasing_priority_weight_strategy.py took 0.038 seconds
[2024-08-04T23:16:14.354+0300] {processor.py:161} INFO - Started process (PID=2314) to work on /home/grigory/airflow_venv/lib/python3.10/site-packages/airflow/example_dags/plugins/decreasing_priority_weight_strategy.py
[2024-08-04T23:16:14.366+0300] {processor.py:830} INFO - Processing file /home/grigory/airflow_venv/lib/python3.10/site-packages/airflow/example_dags/plugins/decreasing_priority_weight_strategy.py for tasks to queue
[2024-08-04T23:16:14.369+0300] {logging_mixin.py:188} INFO - [2024-08-04T23:16:14.368+0300] {dagbag.py:545} INFO - Filling up the DagBag from /home/grigory/airflow_venv/lib/python3.10/site-packages/airflow/example_dags/plugins/decreasing_priority_weight_strategy.py
[2024-08-04T23:16:14.373+0300] {processor.py:842} WARNING - No viable dags retrieved from /home/grigory/airflow_venv/lib/python3.10/site-packages/airflow/example_dags/plugins/decreasing_priority_weight_strategy.py
[2024-08-04T23:16:14.392+0300] {processor.py:183} INFO - Processing /home/grigory/airflow_venv/lib/python3.10/site-packages/airflow/example_dags/plugins/decreasing_priority_weight_strategy.py took 0.054 seconds
[2024-08-04T23:17:14.942+0300] {processor.py:161} INFO - Started process (PID=2368) to work on /home/grigory/airflow_venv/lib/python3.10/site-packages/airflow/example_dags/plugins/decreasing_priority_weight_strategy.py
[2024-08-04T23:17:14.944+0300] {processor.py:830} INFO - Processing file /home/grigory/airflow_venv/lib/python3.10/site-packages/airflow/example_dags/plugins/decreasing_priority_weight_strategy.py for tasks to queue
[2024-08-04T23:17:14.948+0300] {logging_mixin.py:188} INFO - [2024-08-04T23:17:14.947+0300] {dagbag.py:545} INFO - Filling up the DagBag from /home/grigory/airflow_venv/lib/python3.10/site-packages/airflow/example_dags/plugins/decreasing_priority_weight_strategy.py
[2024-08-04T23:17:14.952+0300] {processor.py:842} WARNING - No viable dags retrieved from /home/grigory/airflow_venv/lib/python3.10/site-packages/airflow/example_dags/plugins/decreasing_priority_weight_strategy.py
[2024-08-04T23:17:14.972+0300] {processor.py:183} INFO - Processing /home/grigory/airflow_venv/lib/python3.10/site-packages/airflow/example_dags/plugins/decreasing_priority_weight_strategy.py took 0.043 seconds
[2024-08-04T23:18:28.081+0300] {processor.py:161} INFO - Started process (PID=2419) to work on /home/grigory/airflow_venv/lib/python3.10/site-packages/airflow/example_dags/plugins/decreasing_priority_weight_strategy.py
[2024-08-04T23:18:28.203+0300] {processor.py:830} INFO - Processing file /home/grigory/airflow_venv/lib/python3.10/site-packages/airflow/example_dags/plugins/decreasing_priority_weight_strategy.py for tasks to queue
[2024-08-04T23:18:28.207+0300] {logging_mixin.py:188} INFO - [2024-08-04T23:18:28.206+0300] {dagbag.py:545} INFO - Filling up the DagBag from /home/grigory/airflow_venv/lib/python3.10/site-packages/airflow/example_dags/plugins/decreasing_priority_weight_strategy.py
[2024-08-04T23:18:28.211+0300] {processor.py:842} WARNING - No viable dags retrieved from /home/grigory/airflow_venv/lib/python3.10/site-packages/airflow/example_dags/plugins/decreasing_priority_weight_strategy.py
[2024-08-04T23:18:28.258+0300] {processor.py:183} INFO - Processing /home/grigory/airflow_venv/lib/python3.10/site-packages/airflow/example_dags/plugins/decreasing_priority_weight_strategy.py took 0.223 seconds
[2024-08-04T23:20:09.090+0300] {processor.py:161} INFO - Started process (PID=2490) to work on /home/grigory/airflow_venv/lib/python3.10/site-packages/airflow/example_dags/plugins/decreasing_priority_weight_strategy.py
[2024-08-04T23:20:09.092+0300] {processor.py:830} INFO - Processing file /home/grigory/airflow_venv/lib/python3.10/site-packages/airflow/example_dags/plugins/decreasing_priority_weight_strategy.py for tasks to queue
[2024-08-04T23:20:09.094+0300] {logging_mixin.py:188} INFO - [2024-08-04T23:20:09.094+0300] {dagbag.py:545} INFO - Filling up the DagBag from /home/grigory/airflow_venv/lib/python3.10/site-packages/airflow/example_dags/plugins/decreasing_priority_weight_strategy.py
[2024-08-04T23:20:09.097+0300] {processor.py:842} WARNING - No viable dags retrieved from /home/grigory/airflow_venv/lib/python3.10/site-packages/airflow/example_dags/plugins/decreasing_priority_weight_strategy.py
[2024-08-04T23:20:09.117+0300] {processor.py:183} INFO - Processing /home/grigory/airflow_venv/lib/python3.10/site-packages/airflow/example_dags/plugins/decreasing_priority_weight_strategy.py took 0.045 seconds
[2024-08-04T23:21:07.713+0300] {processor.py:161} INFO - Started process (PID=2542) to work on /home/grigory/airflow_venv/lib/python3.10/site-packages/airflow/example_dags/plugins/decreasing_priority_weight_strategy.py
[2024-08-04T23:21:07.727+0300] {processor.py:830} INFO - Processing file /home/grigory/airflow_venv/lib/python3.10/site-packages/airflow/example_dags/plugins/decreasing_priority_weight_strategy.py for tasks to queue
[2024-08-04T23:21:07.731+0300] {logging_mixin.py:188} INFO - [2024-08-04T23:21:07.730+0300] {dagbag.py:545} INFO - Filling up the DagBag from /home/grigory/airflow_venv/lib/python3.10/site-packages/airflow/example_dags/plugins/decreasing_priority_weight_strategy.py
[2024-08-04T23:21:07.735+0300] {processor.py:842} WARNING - No viable dags retrieved from /home/grigory/airflow_venv/lib/python3.10/site-packages/airflow/example_dags/plugins/decreasing_priority_weight_strategy.py
[2024-08-04T23:21:07.755+0300] {processor.py:183} INFO - Processing /home/grigory/airflow_venv/lib/python3.10/site-packages/airflow/example_dags/plugins/decreasing_priority_weight_strategy.py took 0.056 seconds
[2024-08-04T23:22:11.080+0300] {processor.py:161} INFO - Started process (PID=2600) to work on /home/grigory/airflow_venv/lib/python3.10/site-packages/airflow/example_dags/plugins/decreasing_priority_weight_strategy.py
[2024-08-04T23:22:11.081+0300] {processor.py:830} INFO - Processing file /home/grigory/airflow_venv/lib/python3.10/site-packages/airflow/example_dags/plugins/decreasing_priority_weight_strategy.py for tasks to queue
[2024-08-04T23:22:11.084+0300] {logging_mixin.py:188} INFO - [2024-08-04T23:22:11.083+0300] {dagbag.py:545} INFO - Filling up the DagBag from /home/grigory/airflow_venv/lib/python3.10/site-packages/airflow/example_dags/plugins/decreasing_priority_weight_strategy.py
[2024-08-04T23:22:11.086+0300] {processor.py:842} WARNING - No viable dags retrieved from /home/grigory/airflow_venv/lib/python3.10/site-packages/airflow/example_dags/plugins/decreasing_priority_weight_strategy.py
[2024-08-04T23:22:11.100+0300] {processor.py:183} INFO - Processing /home/grigory/airflow_venv/lib/python3.10/site-packages/airflow/example_dags/plugins/decreasing_priority_weight_strategy.py took 0.028 seconds
[2024-08-04T23:23:07.861+0300] {processor.py:161} INFO - Started process (PID=2649) to work on /home/grigory/airflow_venv/lib/python3.10/site-packages/airflow/example_dags/plugins/decreasing_priority_weight_strategy.py
[2024-08-04T23:23:07.863+0300] {processor.py:830} INFO - Processing file /home/grigory/airflow_venv/lib/python3.10/site-packages/airflow/example_dags/plugins/decreasing_priority_weight_strategy.py for tasks to queue
[2024-08-04T23:23:07.865+0300] {logging_mixin.py:188} INFO - [2024-08-04T23:23:07.865+0300] {dagbag.py:545} INFO - Filling up the DagBag from /home/grigory/airflow_venv/lib/python3.10/site-packages/airflow/example_dags/plugins/decreasing_priority_weight_strategy.py
[2024-08-04T23:23:07.868+0300] {processor.py:842} WARNING - No viable dags retrieved from /home/grigory/airflow_venv/lib/python3.10/site-packages/airflow/example_dags/plugins/decreasing_priority_weight_strategy.py
[2024-08-04T23:23:07.882+0300] {processor.py:183} INFO - Processing /home/grigory/airflow_venv/lib/python3.10/site-packages/airflow/example_dags/plugins/decreasing_priority_weight_strategy.py took 0.030 seconds
[2024-08-04T23:24:02.795+0300] {processor.py:161} INFO - Started process (PID=2700) to work on /home/grigory/airflow_venv/lib/python3.10/site-packages/airflow/example_dags/plugins/decreasing_priority_weight_strategy.py
[2024-08-04T23:24:02.797+0300] {processor.py:830} INFO - Processing file /home/grigory/airflow_venv/lib/python3.10/site-packages/airflow/example_dags/plugins/decreasing_priority_weight_strategy.py for tasks to queue
[2024-08-04T23:24:02.799+0300] {logging_mixin.py:188} INFO - [2024-08-04T23:24:02.799+0300] {dagbag.py:545} INFO - Filling up the DagBag from /home/grigory/airflow_venv/lib/python3.10/site-packages/airflow/example_dags/plugins/decreasing_priority_weight_strategy.py
[2024-08-04T23:24:02.804+0300] {processor.py:842} WARNING - No viable dags retrieved from /home/grigory/airflow_venv/lib/python3.10/site-packages/airflow/example_dags/plugins/decreasing_priority_weight_strategy.py
[2024-08-04T23:24:02.826+0300] {processor.py:183} INFO - Processing /home/grigory/airflow_venv/lib/python3.10/site-packages/airflow/example_dags/plugins/decreasing_priority_weight_strategy.py took 0.042 seconds
[2024-08-04T23:24:54.335+0300] {processor.py:161} INFO - Started process (PID=2749) to work on /home/grigory/airflow_venv/lib/python3.10/site-packages/airflow/example_dags/plugins/decreasing_priority_weight_strategy.py
[2024-08-04T23:24:54.336+0300] {processor.py:830} INFO - Processing file /home/grigory/airflow_venv/lib/python3.10/site-packages/airflow/example_dags/plugins/decreasing_priority_weight_strategy.py for tasks to queue
[2024-08-04T23:24:54.339+0300] {logging_mixin.py:188} INFO - [2024-08-04T23:24:54.338+0300] {dagbag.py:545} INFO - Filling up the DagBag from /home/grigory/airflow_venv/lib/python3.10/site-packages/airflow/example_dags/plugins/decreasing_priority_weight_strategy.py
[2024-08-04T23:24:54.342+0300] {processor.py:842} WARNING - No viable dags retrieved from /home/grigory/airflow_venv/lib/python3.10/site-packages/airflow/example_dags/plugins/decreasing_priority_weight_strategy.py
[2024-08-04T23:24:54.365+0300] {processor.py:183} INFO - Processing /home/grigory/airflow_venv/lib/python3.10/site-packages/airflow/example_dags/plugins/decreasing_priority_weight_strategy.py took 0.038 seconds
[2024-08-04T23:25:45.268+0300] {processor.py:161} INFO - Started process (PID=2798) to work on /home/grigory/airflow_venv/lib/python3.10/site-packages/airflow/example_dags/plugins/decreasing_priority_weight_strategy.py
[2024-08-04T23:25:45.271+0300] {processor.py:830} INFO - Processing file /home/grigory/airflow_venv/lib/python3.10/site-packages/airflow/example_dags/plugins/decreasing_priority_weight_strategy.py for tasks to queue
[2024-08-04T23:25:45.273+0300] {logging_mixin.py:188} INFO - [2024-08-04T23:25:45.272+0300] {dagbag.py:545} INFO - Filling up the DagBag from /home/grigory/airflow_venv/lib/python3.10/site-packages/airflow/example_dags/plugins/decreasing_priority_weight_strategy.py
[2024-08-04T23:25:45.276+0300] {processor.py:842} WARNING - No viable dags retrieved from /home/grigory/airflow_venv/lib/python3.10/site-packages/airflow/example_dags/plugins/decreasing_priority_weight_strategy.py
[2024-08-04T23:25:45.289+0300] {processor.py:183} INFO - Processing /home/grigory/airflow_venv/lib/python3.10/site-packages/airflow/example_dags/plugins/decreasing_priority_weight_strategy.py took 0.029 seconds
[2024-08-04T23:26:37.823+0300] {processor.py:161} INFO - Started process (PID=2843) to work on /home/grigory/airflow_venv/lib/python3.10/site-packages/airflow/example_dags/plugins/decreasing_priority_weight_strategy.py
[2024-08-04T23:26:37.825+0300] {processor.py:830} INFO - Processing file /home/grigory/airflow_venv/lib/python3.10/site-packages/airflow/example_dags/plugins/decreasing_priority_weight_strategy.py for tasks to queue
[2024-08-04T23:26:37.829+0300] {logging_mixin.py:188} INFO - [2024-08-04T23:26:37.828+0300] {dagbag.py:545} INFO - Filling up the DagBag from /home/grigory/airflow_venv/lib/python3.10/site-packages/airflow/example_dags/plugins/decreasing_priority_weight_strategy.py
[2024-08-04T23:26:37.834+0300] {processor.py:842} WARNING - No viable dags retrieved from /home/grigory/airflow_venv/lib/python3.10/site-packages/airflow/example_dags/plugins/decreasing_priority_weight_strategy.py
[2024-08-04T23:26:37.865+0300] {processor.py:183} INFO - Processing /home/grigory/airflow_venv/lib/python3.10/site-packages/airflow/example_dags/plugins/decreasing_priority_weight_strategy.py took 0.055 seconds
[2024-08-04T23:27:39.861+0300] {processor.py:161} INFO - Started process (PID=2920) to work on /home/grigory/airflow_venv/lib/python3.10/site-packages/airflow/example_dags/plugins/decreasing_priority_weight_strategy.py
[2024-08-04T23:27:39.863+0300] {processor.py:830} INFO - Processing file /home/grigory/airflow_venv/lib/python3.10/site-packages/airflow/example_dags/plugins/decreasing_priority_weight_strategy.py for tasks to queue
[2024-08-04T23:27:39.866+0300] {logging_mixin.py:188} INFO - [2024-08-04T23:27:39.865+0300] {dagbag.py:545} INFO - Filling up the DagBag from /home/grigory/airflow_venv/lib/python3.10/site-packages/airflow/example_dags/plugins/decreasing_priority_weight_strategy.py
[2024-08-04T23:27:39.870+0300] {processor.py:842} WARNING - No viable dags retrieved from /home/grigory/airflow_venv/lib/python3.10/site-packages/airflow/example_dags/plugins/decreasing_priority_weight_strategy.py
[2024-08-04T23:27:39.887+0300] {processor.py:183} INFO - Processing /home/grigory/airflow_venv/lib/python3.10/site-packages/airflow/example_dags/plugins/decreasing_priority_weight_strategy.py took 0.036 seconds
[2024-08-04T23:28:34.439+0300] {processor.py:161} INFO - Started process (PID=2971) to work on /home/grigory/airflow_venv/lib/python3.10/site-packages/airflow/example_dags/plugins/decreasing_priority_weight_strategy.py
[2024-08-04T23:28:34.440+0300] {processor.py:830} INFO - Processing file /home/grigory/airflow_venv/lib/python3.10/site-packages/airflow/example_dags/plugins/decreasing_priority_weight_strategy.py for tasks to queue
[2024-08-04T23:28:34.442+0300] {logging_mixin.py:188} INFO - [2024-08-04T23:28:34.442+0300] {dagbag.py:545} INFO - Filling up the DagBag from /home/grigory/airflow_venv/lib/python3.10/site-packages/airflow/example_dags/plugins/decreasing_priority_weight_strategy.py
[2024-08-04T23:28:34.447+0300] {processor.py:842} WARNING - No viable dags retrieved from /home/grigory/airflow_venv/lib/python3.10/site-packages/airflow/example_dags/plugins/decreasing_priority_weight_strategy.py
[2024-08-04T23:28:34.466+0300] {processor.py:183} INFO - Processing /home/grigory/airflow_venv/lib/python3.10/site-packages/airflow/example_dags/plugins/decreasing_priority_weight_strategy.py took 0.039 seconds
[2024-08-04T23:29:28.238+0300] {processor.py:161} INFO - Started process (PID=3020) to work on /home/grigory/airflow_venv/lib/python3.10/site-packages/airflow/example_dags/plugins/decreasing_priority_weight_strategy.py
[2024-08-04T23:29:28.265+0300] {processor.py:830} INFO - Processing file /home/grigory/airflow_venv/lib/python3.10/site-packages/airflow/example_dags/plugins/decreasing_priority_weight_strategy.py for tasks to queue
[2024-08-04T23:29:28.268+0300] {logging_mixin.py:188} INFO - [2024-08-04T23:29:28.268+0300] {dagbag.py:545} INFO - Filling up the DagBag from /home/grigory/airflow_venv/lib/python3.10/site-packages/airflow/example_dags/plugins/decreasing_priority_weight_strategy.py
[2024-08-04T23:29:28.272+0300] {processor.py:842} WARNING - No viable dags retrieved from /home/grigory/airflow_venv/lib/python3.10/site-packages/airflow/example_dags/plugins/decreasing_priority_weight_strategy.py
[2024-08-04T23:29:28.288+0300] {processor.py:183} INFO - Processing /home/grigory/airflow_venv/lib/python3.10/site-packages/airflow/example_dags/plugins/decreasing_priority_weight_strategy.py took 0.061 seconds
[2024-08-04T23:30:21.973+0300] {processor.py:161} INFO - Started process (PID=3070) to work on /home/grigory/airflow_venv/lib/python3.10/site-packages/airflow/example_dags/plugins/decreasing_priority_weight_strategy.py
[2024-08-04T23:30:21.974+0300] {processor.py:830} INFO - Processing file /home/grigory/airflow_venv/lib/python3.10/site-packages/airflow/example_dags/plugins/decreasing_priority_weight_strategy.py for tasks to queue
[2024-08-04T23:30:21.979+0300] {logging_mixin.py:188} INFO - [2024-08-04T23:30:21.978+0300] {dagbag.py:545} INFO - Filling up the DagBag from /home/grigory/airflow_venv/lib/python3.10/site-packages/airflow/example_dags/plugins/decreasing_priority_weight_strategy.py
[2024-08-04T23:30:21.981+0300] {processor.py:842} WARNING - No viable dags retrieved from /home/grigory/airflow_venv/lib/python3.10/site-packages/airflow/example_dags/plugins/decreasing_priority_weight_strategy.py
[2024-08-04T23:30:21.997+0300] {processor.py:183} INFO - Processing /home/grigory/airflow_venv/lib/python3.10/site-packages/airflow/example_dags/plugins/decreasing_priority_weight_strategy.py took 0.033 seconds
[2024-08-04T23:31:16.198+0300] {processor.py:161} INFO - Started process (PID=3123) to work on /home/grigory/airflow_venv/lib/python3.10/site-packages/airflow/example_dags/plugins/decreasing_priority_weight_strategy.py
[2024-08-04T23:31:16.203+0300] {processor.py:830} INFO - Processing file /home/grigory/airflow_venv/lib/python3.10/site-packages/airflow/example_dags/plugins/decreasing_priority_weight_strategy.py for tasks to queue
[2024-08-04T23:31:16.205+0300] {logging_mixin.py:188} INFO - [2024-08-04T23:31:16.204+0300] {dagbag.py:545} INFO - Filling up the DagBag from /home/grigory/airflow_venv/lib/python3.10/site-packages/airflow/example_dags/plugins/decreasing_priority_weight_strategy.py
[2024-08-04T23:31:16.208+0300] {processor.py:842} WARNING - No viable dags retrieved from /home/grigory/airflow_venv/lib/python3.10/site-packages/airflow/example_dags/plugins/decreasing_priority_weight_strategy.py
[2024-08-04T23:31:16.221+0300] {processor.py:183} INFO - Processing /home/grigory/airflow_venv/lib/python3.10/site-packages/airflow/example_dags/plugins/decreasing_priority_weight_strategy.py took 0.035 seconds
[2024-08-04T23:32:06.487+0300] {processor.py:161} INFO - Started process (PID=3172) to work on /home/grigory/airflow_venv/lib/python3.10/site-packages/airflow/example_dags/plugins/decreasing_priority_weight_strategy.py
[2024-08-04T23:32:06.489+0300] {processor.py:830} INFO - Processing file /home/grigory/airflow_venv/lib/python3.10/site-packages/airflow/example_dags/plugins/decreasing_priority_weight_strategy.py for tasks to queue
[2024-08-04T23:32:06.492+0300] {logging_mixin.py:188} INFO - [2024-08-04T23:32:06.492+0300] {dagbag.py:545} INFO - Filling up the DagBag from /home/grigory/airflow_venv/lib/python3.10/site-packages/airflow/example_dags/plugins/decreasing_priority_weight_strategy.py
[2024-08-04T23:32:06.495+0300] {processor.py:842} WARNING - No viable dags retrieved from /home/grigory/airflow_venv/lib/python3.10/site-packages/airflow/example_dags/plugins/decreasing_priority_weight_strategy.py
[2024-08-04T23:32:06.510+0300] {processor.py:183} INFO - Processing /home/grigory/airflow_venv/lib/python3.10/site-packages/airflow/example_dags/plugins/decreasing_priority_weight_strategy.py took 0.032 seconds
[2024-08-04T23:33:01.890+0300] {processor.py:161} INFO - Started process (PID=3225) to work on /home/grigory/airflow_venv/lib/python3.10/site-packages/airflow/example_dags/plugins/decreasing_priority_weight_strategy.py
[2024-08-04T23:33:01.892+0300] {processor.py:830} INFO - Processing file /home/grigory/airflow_venv/lib/python3.10/site-packages/airflow/example_dags/plugins/decreasing_priority_weight_strategy.py for tasks to queue
[2024-08-04T23:33:01.894+0300] {logging_mixin.py:188} INFO - [2024-08-04T23:33:01.893+0300] {dagbag.py:545} INFO - Filling up the DagBag from /home/grigory/airflow_venv/lib/python3.10/site-packages/airflow/example_dags/plugins/decreasing_priority_weight_strategy.py
[2024-08-04T23:33:01.896+0300] {processor.py:842} WARNING - No viable dags retrieved from /home/grigory/airflow_venv/lib/python3.10/site-packages/airflow/example_dags/plugins/decreasing_priority_weight_strategy.py
[2024-08-04T23:33:01.912+0300] {processor.py:183} INFO - Processing /home/grigory/airflow_venv/lib/python3.10/site-packages/airflow/example_dags/plugins/decreasing_priority_weight_strategy.py took 0.031 seconds
[2024-08-04T23:33:57.296+0300] {processor.py:161} INFO - Started process (PID=3276) to work on /home/grigory/airflow_venv/lib/python3.10/site-packages/airflow/example_dags/plugins/decreasing_priority_weight_strategy.py
[2024-08-04T23:33:57.298+0300] {processor.py:830} INFO - Processing file /home/grigory/airflow_venv/lib/python3.10/site-packages/airflow/example_dags/plugins/decreasing_priority_weight_strategy.py for tasks to queue
[2024-08-04T23:33:57.300+0300] {logging_mixin.py:188} INFO - [2024-08-04T23:33:57.299+0300] {dagbag.py:545} INFO - Filling up the DagBag from /home/grigory/airflow_venv/lib/python3.10/site-packages/airflow/example_dags/plugins/decreasing_priority_weight_strategy.py
[2024-08-04T23:33:57.302+0300] {processor.py:842} WARNING - No viable dags retrieved from /home/grigory/airflow_venv/lib/python3.10/site-packages/airflow/example_dags/plugins/decreasing_priority_weight_strategy.py
[2024-08-04T23:33:57.316+0300] {processor.py:183} INFO - Processing /home/grigory/airflow_venv/lib/python3.10/site-packages/airflow/example_dags/plugins/decreasing_priority_weight_strategy.py took 0.028 seconds
[2024-08-04T23:34:47.720+0300] {processor.py:161} INFO - Started process (PID=3326) to work on /home/grigory/airflow_venv/lib/python3.10/site-packages/airflow/example_dags/plugins/decreasing_priority_weight_strategy.py
[2024-08-04T23:34:47.721+0300] {processor.py:830} INFO - Processing file /home/grigory/airflow_venv/lib/python3.10/site-packages/airflow/example_dags/plugins/decreasing_priority_weight_strategy.py for tasks to queue
[2024-08-04T23:34:47.724+0300] {logging_mixin.py:188} INFO - [2024-08-04T23:34:47.723+0300] {dagbag.py:545} INFO - Filling up the DagBag from /home/grigory/airflow_venv/lib/python3.10/site-packages/airflow/example_dags/plugins/decreasing_priority_weight_strategy.py
[2024-08-04T23:34:47.728+0300] {processor.py:842} WARNING - No viable dags retrieved from /home/grigory/airflow_venv/lib/python3.10/site-packages/airflow/example_dags/plugins/decreasing_priority_weight_strategy.py
[2024-08-04T23:34:47.746+0300] {processor.py:183} INFO - Processing /home/grigory/airflow_venv/lib/python3.10/site-packages/airflow/example_dags/plugins/decreasing_priority_weight_strategy.py took 0.037 seconds
[2024-08-04T23:35:36.245+0300] {processor.py:161} INFO - Started process (PID=3372) to work on /home/grigory/airflow_venv/lib/python3.10/site-packages/airflow/example_dags/plugins/decreasing_priority_weight_strategy.py
[2024-08-04T23:35:36.249+0300] {processor.py:830} INFO - Processing file /home/grigory/airflow_venv/lib/python3.10/site-packages/airflow/example_dags/plugins/decreasing_priority_weight_strategy.py for tasks to queue
[2024-08-04T23:35:36.259+0300] {logging_mixin.py:188} INFO - [2024-08-04T23:35:36.252+0300] {dagbag.py:545} INFO - Filling up the DagBag from /home/grigory/airflow_venv/lib/python3.10/site-packages/airflow/example_dags/plugins/decreasing_priority_weight_strategy.py
[2024-08-04T23:35:36.263+0300] {processor.py:842} WARNING - No viable dags retrieved from /home/grigory/airflow_venv/lib/python3.10/site-packages/airflow/example_dags/plugins/decreasing_priority_weight_strategy.py
[2024-08-04T23:35:36.292+0300] {processor.py:183} INFO - Processing /home/grigory/airflow_venv/lib/python3.10/site-packages/airflow/example_dags/plugins/decreasing_priority_weight_strategy.py took 0.063 seconds
[2024-08-04T23:36:46.658+0300] {processor.py:161} INFO - Started process (PID=3441) to work on /home/grigory/airflow_venv/lib/python3.10/site-packages/airflow/example_dags/plugins/decreasing_priority_weight_strategy.py
[2024-08-04T23:36:46.660+0300] {processor.py:830} INFO - Processing file /home/grigory/airflow_venv/lib/python3.10/site-packages/airflow/example_dags/plugins/decreasing_priority_weight_strategy.py for tasks to queue
[2024-08-04T23:36:46.662+0300] {logging_mixin.py:188} INFO - [2024-08-04T23:36:46.661+0300] {dagbag.py:545} INFO - Filling up the DagBag from /home/grigory/airflow_venv/lib/python3.10/site-packages/airflow/example_dags/plugins/decreasing_priority_weight_strategy.py
[2024-08-04T23:36:46.664+0300] {processor.py:842} WARNING - No viable dags retrieved from /home/grigory/airflow_venv/lib/python3.10/site-packages/airflow/example_dags/plugins/decreasing_priority_weight_strategy.py
[2024-08-04T23:36:46.678+0300] {processor.py:183} INFO - Processing /home/grigory/airflow_venv/lib/python3.10/site-packages/airflow/example_dags/plugins/decreasing_priority_weight_strategy.py took 0.029 seconds
[2024-08-04T23:37:36.459+0300] {processor.py:161} INFO - Started process (PID=3488) to work on /home/grigory/airflow_venv/lib/python3.10/site-packages/airflow/example_dags/plugins/decreasing_priority_weight_strategy.py
[2024-08-04T23:37:36.461+0300] {processor.py:830} INFO - Processing file /home/grigory/airflow_venv/lib/python3.10/site-packages/airflow/example_dags/plugins/decreasing_priority_weight_strategy.py for tasks to queue
[2024-08-04T23:37:36.463+0300] {logging_mixin.py:188} INFO - [2024-08-04T23:37:36.462+0300] {dagbag.py:545} INFO - Filling up the DagBag from /home/grigory/airflow_venv/lib/python3.10/site-packages/airflow/example_dags/plugins/decreasing_priority_weight_strategy.py
[2024-08-04T23:37:36.466+0300] {processor.py:842} WARNING - No viable dags retrieved from /home/grigory/airflow_venv/lib/python3.10/site-packages/airflow/example_dags/plugins/decreasing_priority_weight_strategy.py
[2024-08-04T23:37:36.480+0300] {processor.py:183} INFO - Processing /home/grigory/airflow_venv/lib/python3.10/site-packages/airflow/example_dags/plugins/decreasing_priority_weight_strategy.py took 0.029 seconds
[2024-08-04T23:38:25.902+0300] {processor.py:161} INFO - Started process (PID=3535) to work on /home/grigory/airflow_venv/lib/python3.10/site-packages/airflow/example_dags/plugins/decreasing_priority_weight_strategy.py
[2024-08-04T23:38:25.903+0300] {processor.py:830} INFO - Processing file /home/grigory/airflow_venv/lib/python3.10/site-packages/airflow/example_dags/plugins/decreasing_priority_weight_strategy.py for tasks to queue
[2024-08-04T23:38:25.906+0300] {logging_mixin.py:188} INFO - [2024-08-04T23:38:25.905+0300] {dagbag.py:545} INFO - Filling up the DagBag from /home/grigory/airflow_venv/lib/python3.10/site-packages/airflow/example_dags/plugins/decreasing_priority_weight_strategy.py
[2024-08-04T23:38:25.909+0300] {processor.py:842} WARNING - No viable dags retrieved from /home/grigory/airflow_venv/lib/python3.10/site-packages/airflow/example_dags/plugins/decreasing_priority_weight_strategy.py
[2024-08-04T23:38:25.923+0300] {processor.py:183} INFO - Processing /home/grigory/airflow_venv/lib/python3.10/site-packages/airflow/example_dags/plugins/decreasing_priority_weight_strategy.py took 0.030 seconds
[2024-08-04T23:39:14.484+0300] {processor.py:161} INFO - Started process (PID=3582) to work on /home/grigory/airflow_venv/lib/python3.10/site-packages/airflow/example_dags/plugins/decreasing_priority_weight_strategy.py
[2024-08-04T23:39:14.486+0300] {processor.py:830} INFO - Processing file /home/grigory/airflow_venv/lib/python3.10/site-packages/airflow/example_dags/plugins/decreasing_priority_weight_strategy.py for tasks to queue
[2024-08-04T23:39:14.489+0300] {logging_mixin.py:188} INFO - [2024-08-04T23:39:14.488+0300] {dagbag.py:545} INFO - Filling up the DagBag from /home/grigory/airflow_venv/lib/python3.10/site-packages/airflow/example_dags/plugins/decreasing_priority_weight_strategy.py
[2024-08-04T23:39:14.493+0300] {processor.py:842} WARNING - No viable dags retrieved from /home/grigory/airflow_venv/lib/python3.10/site-packages/airflow/example_dags/plugins/decreasing_priority_weight_strategy.py
[2024-08-04T23:39:14.515+0300] {processor.py:183} INFO - Processing /home/grigory/airflow_venv/lib/python3.10/site-packages/airflow/example_dags/plugins/decreasing_priority_weight_strategy.py took 0.044 seconds
[2024-08-04T23:40:01.612+0300] {processor.py:161} INFO - Started process (PID=3626) to work on /home/grigory/airflow_venv/lib/python3.10/site-packages/airflow/example_dags/plugins/decreasing_priority_weight_strategy.py
[2024-08-04T23:40:01.614+0300] {processor.py:830} INFO - Processing file /home/grigory/airflow_venv/lib/python3.10/site-packages/airflow/example_dags/plugins/decreasing_priority_weight_strategy.py for tasks to queue
[2024-08-04T23:40:01.616+0300] {logging_mixin.py:188} INFO - [2024-08-04T23:40:01.616+0300] {dagbag.py:545} INFO - Filling up the DagBag from /home/grigory/airflow_venv/lib/python3.10/site-packages/airflow/example_dags/plugins/decreasing_priority_weight_strategy.py
[2024-08-04T23:40:01.620+0300] {processor.py:842} WARNING - No viable dags retrieved from /home/grigory/airflow_venv/lib/python3.10/site-packages/airflow/example_dags/plugins/decreasing_priority_weight_strategy.py
[2024-08-04T23:40:01.638+0300] {processor.py:183} INFO - Processing /home/grigory/airflow_venv/lib/python3.10/site-packages/airflow/example_dags/plugins/decreasing_priority_weight_strategy.py took 0.037 seconds
[2024-08-04T23:40:51.493+0300] {processor.py:161} INFO - Started process (PID=3674) to work on /home/grigory/airflow_venv/lib/python3.10/site-packages/airflow/example_dags/plugins/decreasing_priority_weight_strategy.py
[2024-08-04T23:40:51.494+0300] {processor.py:830} INFO - Processing file /home/grigory/airflow_venv/lib/python3.10/site-packages/airflow/example_dags/plugins/decreasing_priority_weight_strategy.py for tasks to queue
[2024-08-04T23:40:51.497+0300] {logging_mixin.py:188} INFO - [2024-08-04T23:40:51.496+0300] {dagbag.py:545} INFO - Filling up the DagBag from /home/grigory/airflow_venv/lib/python3.10/site-packages/airflow/example_dags/plugins/decreasing_priority_weight_strategy.py
[2024-08-04T23:40:51.499+0300] {processor.py:842} WARNING - No viable dags retrieved from /home/grigory/airflow_venv/lib/python3.10/site-packages/airflow/example_dags/plugins/decreasing_priority_weight_strategy.py
[2024-08-04T23:40:51.512+0300] {processor.py:183} INFO - Processing /home/grigory/airflow_venv/lib/python3.10/site-packages/airflow/example_dags/plugins/decreasing_priority_weight_strategy.py took 0.028 seconds
[2024-08-04T23:41:37.717+0300] {processor.py:161} INFO - Started process (PID=3719) to work on /home/grigory/airflow_venv/lib/python3.10/site-packages/airflow/example_dags/plugins/decreasing_priority_weight_strategy.py
[2024-08-04T23:41:37.719+0300] {processor.py:830} INFO - Processing file /home/grigory/airflow_venv/lib/python3.10/site-packages/airflow/example_dags/plugins/decreasing_priority_weight_strategy.py for tasks to queue
[2024-08-04T23:41:37.721+0300] {logging_mixin.py:188} INFO - [2024-08-04T23:41:37.720+0300] {dagbag.py:545} INFO - Filling up the DagBag from /home/grigory/airflow_venv/lib/python3.10/site-packages/airflow/example_dags/plugins/decreasing_priority_weight_strategy.py
[2024-08-04T23:41:37.723+0300] {processor.py:842} WARNING - No viable dags retrieved from /home/grigory/airflow_venv/lib/python3.10/site-packages/airflow/example_dags/plugins/decreasing_priority_weight_strategy.py
[2024-08-04T23:41:37.738+0300] {processor.py:183} INFO - Processing /home/grigory/airflow_venv/lib/python3.10/site-packages/airflow/example_dags/plugins/decreasing_priority_weight_strategy.py took 0.030 seconds
[2024-08-04T23:42:36.087+0300] {processor.py:161} INFO - Started process (PID=3766) to work on /home/grigory/airflow_venv/lib/python3.10/site-packages/airflow/example_dags/plugins/decreasing_priority_weight_strategy.py
[2024-08-04T23:42:36.089+0300] {processor.py:830} INFO - Processing file /home/grigory/airflow_venv/lib/python3.10/site-packages/airflow/example_dags/plugins/decreasing_priority_weight_strategy.py for tasks to queue
[2024-08-04T23:42:36.091+0300] {logging_mixin.py:188} INFO - [2024-08-04T23:42:36.091+0300] {dagbag.py:545} INFO - Filling up the DagBag from /home/grigory/airflow_venv/lib/python3.10/site-packages/airflow/example_dags/plugins/decreasing_priority_weight_strategy.py
[2024-08-04T23:42:36.094+0300] {processor.py:842} WARNING - No viable dags retrieved from /home/grigory/airflow_venv/lib/python3.10/site-packages/airflow/example_dags/plugins/decreasing_priority_weight_strategy.py
[2024-08-04T23:42:36.108+0300] {processor.py:183} INFO - Processing /home/grigory/airflow_venv/lib/python3.10/site-packages/airflow/example_dags/plugins/decreasing_priority_weight_strategy.py took 0.037 seconds
[2024-08-04T23:43:29.350+0300] {processor.py:161} INFO - Started process (PID=3817) to work on /home/grigory/airflow_venv/lib/python3.10/site-packages/airflow/example_dags/plugins/decreasing_priority_weight_strategy.py
[2024-08-04T23:43:29.352+0300] {processor.py:830} INFO - Processing file /home/grigory/airflow_venv/lib/python3.10/site-packages/airflow/example_dags/plugins/decreasing_priority_weight_strategy.py for tasks to queue
[2024-08-04T23:43:29.354+0300] {logging_mixin.py:188} INFO - [2024-08-04T23:43:29.354+0300] {dagbag.py:545} INFO - Filling up the DagBag from /home/grigory/airflow_venv/lib/python3.10/site-packages/airflow/example_dags/plugins/decreasing_priority_weight_strategy.py
[2024-08-04T23:43:29.357+0300] {processor.py:842} WARNING - No viable dags retrieved from /home/grigory/airflow_venv/lib/python3.10/site-packages/airflow/example_dags/plugins/decreasing_priority_weight_strategy.py
[2024-08-04T23:43:29.371+0300] {processor.py:183} INFO - Processing /home/grigory/airflow_venv/lib/python3.10/site-packages/airflow/example_dags/plugins/decreasing_priority_weight_strategy.py took 0.030 seconds
[2024-08-04T23:44:36.885+0300] {processor.py:161} INFO - Started process (PID=3883) to work on /home/grigory/airflow_venv/lib/python3.10/site-packages/airflow/example_dags/plugins/decreasing_priority_weight_strategy.py
[2024-08-04T23:44:36.887+0300] {processor.py:830} INFO - Processing file /home/grigory/airflow_venv/lib/python3.10/site-packages/airflow/example_dags/plugins/decreasing_priority_weight_strategy.py for tasks to queue
[2024-08-04T23:44:36.889+0300] {logging_mixin.py:188} INFO - [2024-08-04T23:44:36.889+0300] {dagbag.py:545} INFO - Filling up the DagBag from /home/grigory/airflow_venv/lib/python3.10/site-packages/airflow/example_dags/plugins/decreasing_priority_weight_strategy.py
[2024-08-04T23:44:36.892+0300] {processor.py:842} WARNING - No viable dags retrieved from /home/grigory/airflow_venv/lib/python3.10/site-packages/airflow/example_dags/plugins/decreasing_priority_weight_strategy.py
[2024-08-04T23:44:36.906+0300] {processor.py:183} INFO - Processing /home/grigory/airflow_venv/lib/python3.10/site-packages/airflow/example_dags/plugins/decreasing_priority_weight_strategy.py took 0.029 seconds
[2024-08-04T23:45:24.260+0300] {processor.py:161} INFO - Started process (PID=3928) to work on /home/grigory/airflow_venv/lib/python3.10/site-packages/airflow/example_dags/plugins/decreasing_priority_weight_strategy.py
[2024-08-04T23:45:24.262+0300] {processor.py:830} INFO - Processing file /home/grigory/airflow_venv/lib/python3.10/site-packages/airflow/example_dags/plugins/decreasing_priority_weight_strategy.py for tasks to queue
[2024-08-04T23:45:24.264+0300] {logging_mixin.py:188} INFO - [2024-08-04T23:45:24.264+0300] {dagbag.py:545} INFO - Filling up the DagBag from /home/grigory/airflow_venv/lib/python3.10/site-packages/airflow/example_dags/plugins/decreasing_priority_weight_strategy.py
[2024-08-04T23:45:24.267+0300] {processor.py:842} WARNING - No viable dags retrieved from /home/grigory/airflow_venv/lib/python3.10/site-packages/airflow/example_dags/plugins/decreasing_priority_weight_strategy.py
[2024-08-04T23:45:24.280+0300] {processor.py:183} INFO - Processing /home/grigory/airflow_venv/lib/python3.10/site-packages/airflow/example_dags/plugins/decreasing_priority_weight_strategy.py took 0.030 seconds
[2024-08-04T23:46:33.319+0300] {processor.py:161} INFO - Started process (PID=3994) to work on /home/grigory/airflow_venv/lib/python3.10/site-packages/airflow/example_dags/plugins/decreasing_priority_weight_strategy.py
[2024-08-04T23:46:33.321+0300] {processor.py:830} INFO - Processing file /home/grigory/airflow_venv/lib/python3.10/site-packages/airflow/example_dags/plugins/decreasing_priority_weight_strategy.py for tasks to queue
[2024-08-04T23:46:33.323+0300] {logging_mixin.py:188} INFO - [2024-08-04T23:46:33.323+0300] {dagbag.py:545} INFO - Filling up the DagBag from /home/grigory/airflow_venv/lib/python3.10/site-packages/airflow/example_dags/plugins/decreasing_priority_weight_strategy.py
[2024-08-04T23:46:33.326+0300] {processor.py:842} WARNING - No viable dags retrieved from /home/grigory/airflow_venv/lib/python3.10/site-packages/airflow/example_dags/plugins/decreasing_priority_weight_strategy.py
[2024-08-04T23:46:33.339+0300] {processor.py:183} INFO - Processing /home/grigory/airflow_venv/lib/python3.10/site-packages/airflow/example_dags/plugins/decreasing_priority_weight_strategy.py took 0.029 seconds
[2024-08-04T23:47:20.322+0300] {processor.py:161} INFO - Started process (PID=4039) to work on /home/grigory/airflow_venv/lib/python3.10/site-packages/airflow/example_dags/plugins/decreasing_priority_weight_strategy.py
[2024-08-04T23:47:20.324+0300] {processor.py:830} INFO - Processing file /home/grigory/airflow_venv/lib/python3.10/site-packages/airflow/example_dags/plugins/decreasing_priority_weight_strategy.py for tasks to queue
[2024-08-04T23:47:20.327+0300] {logging_mixin.py:188} INFO - [2024-08-04T23:47:20.326+0300] {dagbag.py:545} INFO - Filling up the DagBag from /home/grigory/airflow_venv/lib/python3.10/site-packages/airflow/example_dags/plugins/decreasing_priority_weight_strategy.py
[2024-08-04T23:47:20.330+0300] {processor.py:842} WARNING - No viable dags retrieved from /home/grigory/airflow_venv/lib/python3.10/site-packages/airflow/example_dags/plugins/decreasing_priority_weight_strategy.py
[2024-08-04T23:47:20.352+0300] {processor.py:183} INFO - Processing /home/grigory/airflow_venv/lib/python3.10/site-packages/airflow/example_dags/plugins/decreasing_priority_weight_strategy.py took 0.039 seconds
[2024-08-04T23:48:09.164+0300] {processor.py:161} INFO - Started process (PID=4084) to work on /home/grigory/airflow_venv/lib/python3.10/site-packages/airflow/example_dags/plugins/decreasing_priority_weight_strategy.py
[2024-08-04T23:48:09.166+0300] {processor.py:830} INFO - Processing file /home/grigory/airflow_venv/lib/python3.10/site-packages/airflow/example_dags/plugins/decreasing_priority_weight_strategy.py for tasks to queue
[2024-08-04T23:48:09.168+0300] {logging_mixin.py:188} INFO - [2024-08-04T23:48:09.168+0300] {dagbag.py:545} INFO - Filling up the DagBag from /home/grigory/airflow_venv/lib/python3.10/site-packages/airflow/example_dags/plugins/decreasing_priority_weight_strategy.py
[2024-08-04T23:48:09.171+0300] {processor.py:842} WARNING - No viable dags retrieved from /home/grigory/airflow_venv/lib/python3.10/site-packages/airflow/example_dags/plugins/decreasing_priority_weight_strategy.py
[2024-08-04T23:48:09.184+0300] {processor.py:183} INFO - Processing /home/grigory/airflow_venv/lib/python3.10/site-packages/airflow/example_dags/plugins/decreasing_priority_weight_strategy.py took 0.027 seconds
[2024-08-04T23:48:57.690+0300] {processor.py:161} INFO - Started process (PID=4131) to work on /home/grigory/airflow_venv/lib/python3.10/site-packages/airflow/example_dags/plugins/decreasing_priority_weight_strategy.py
[2024-08-04T23:48:57.692+0300] {processor.py:830} INFO - Processing file /home/grigory/airflow_venv/lib/python3.10/site-packages/airflow/example_dags/plugins/decreasing_priority_weight_strategy.py for tasks to queue
[2024-08-04T23:48:57.694+0300] {logging_mixin.py:188} INFO - [2024-08-04T23:48:57.693+0300] {dagbag.py:545} INFO - Filling up the DagBag from /home/grigory/airflow_venv/lib/python3.10/site-packages/airflow/example_dags/plugins/decreasing_priority_weight_strategy.py
[2024-08-04T23:48:57.697+0300] {processor.py:842} WARNING - No viable dags retrieved from /home/grigory/airflow_venv/lib/python3.10/site-packages/airflow/example_dags/plugins/decreasing_priority_weight_strategy.py
[2024-08-04T23:48:57.710+0300] {processor.py:183} INFO - Processing /home/grigory/airflow_venv/lib/python3.10/site-packages/airflow/example_dags/plugins/decreasing_priority_weight_strategy.py took 0.028 seconds
[2024-08-04T23:50:06.041+0300] {processor.py:161} INFO - Started process (PID=4198) to work on /home/grigory/airflow_venv/lib/python3.10/site-packages/airflow/example_dags/plugins/decreasing_priority_weight_strategy.py
[2024-08-04T23:50:06.043+0300] {processor.py:830} INFO - Processing file /home/grigory/airflow_venv/lib/python3.10/site-packages/airflow/example_dags/plugins/decreasing_priority_weight_strategy.py for tasks to queue
[2024-08-04T23:50:06.045+0300] {logging_mixin.py:188} INFO - [2024-08-04T23:50:06.044+0300] {dagbag.py:545} INFO - Filling up the DagBag from /home/grigory/airflow_venv/lib/python3.10/site-packages/airflow/example_dags/plugins/decreasing_priority_weight_strategy.py
[2024-08-04T23:50:06.048+0300] {processor.py:842} WARNING - No viable dags retrieved from /home/grigory/airflow_venv/lib/python3.10/site-packages/airflow/example_dags/plugins/decreasing_priority_weight_strategy.py
[2024-08-04T23:50:06.061+0300] {processor.py:183} INFO - Processing /home/grigory/airflow_venv/lib/python3.10/site-packages/airflow/example_dags/plugins/decreasing_priority_weight_strategy.py took 0.034 seconds
[2024-08-04T23:51:16.115+0300] {processor.py:161} INFO - Started process (PID=4264) to work on /home/grigory/airflow_venv/lib/python3.10/site-packages/airflow/example_dags/plugins/decreasing_priority_weight_strategy.py
[2024-08-04T23:51:16.116+0300] {processor.py:830} INFO - Processing file /home/grigory/airflow_venv/lib/python3.10/site-packages/airflow/example_dags/plugins/decreasing_priority_weight_strategy.py for tasks to queue
[2024-08-04T23:51:16.118+0300] {logging_mixin.py:188} INFO - [2024-08-04T23:51:16.118+0300] {dagbag.py:545} INFO - Filling up the DagBag from /home/grigory/airflow_venv/lib/python3.10/site-packages/airflow/example_dags/plugins/decreasing_priority_weight_strategy.py
[2024-08-04T23:51:16.121+0300] {processor.py:842} WARNING - No viable dags retrieved from /home/grigory/airflow_venv/lib/python3.10/site-packages/airflow/example_dags/plugins/decreasing_priority_weight_strategy.py
[2024-08-04T23:51:16.135+0300] {processor.py:183} INFO - Processing /home/grigory/airflow_venv/lib/python3.10/site-packages/airflow/example_dags/plugins/decreasing_priority_weight_strategy.py took 0.030 seconds
[2024-08-04T23:52:06.295+0300] {processor.py:161} INFO - Started process (PID=4312) to work on /home/grigory/airflow_venv/lib/python3.10/site-packages/airflow/example_dags/plugins/decreasing_priority_weight_strategy.py
[2024-08-04T23:52:06.296+0300] {processor.py:830} INFO - Processing file /home/grigory/airflow_venv/lib/python3.10/site-packages/airflow/example_dags/plugins/decreasing_priority_weight_strategy.py for tasks to queue
[2024-08-04T23:52:06.298+0300] {logging_mixin.py:188} INFO - [2024-08-04T23:52:06.298+0300] {dagbag.py:545} INFO - Filling up the DagBag from /home/grigory/airflow_venv/lib/python3.10/site-packages/airflow/example_dags/plugins/decreasing_priority_weight_strategy.py
[2024-08-04T23:52:06.301+0300] {processor.py:842} WARNING - No viable dags retrieved from /home/grigory/airflow_venv/lib/python3.10/site-packages/airflow/example_dags/plugins/decreasing_priority_weight_strategy.py
[2024-08-04T23:52:06.315+0300] {processor.py:183} INFO - Processing /home/grigory/airflow_venv/lib/python3.10/site-packages/airflow/example_dags/plugins/decreasing_priority_weight_strategy.py took 0.028 seconds
[2024-08-04T23:52:57.026+0300] {processor.py:161} INFO - Started process (PID=4359) to work on /home/grigory/airflow_venv/lib/python3.10/site-packages/airflow/example_dags/plugins/decreasing_priority_weight_strategy.py
[2024-08-04T23:52:57.027+0300] {processor.py:830} INFO - Processing file /home/grigory/airflow_venv/lib/python3.10/site-packages/airflow/example_dags/plugins/decreasing_priority_weight_strategy.py for tasks to queue
[2024-08-04T23:52:57.029+0300] {logging_mixin.py:188} INFO - [2024-08-04T23:52:57.029+0300] {dagbag.py:545} INFO - Filling up the DagBag from /home/grigory/airflow_venv/lib/python3.10/site-packages/airflow/example_dags/plugins/decreasing_priority_weight_strategy.py
[2024-08-04T23:52:57.032+0300] {processor.py:842} WARNING - No viable dags retrieved from /home/grigory/airflow_venv/lib/python3.10/site-packages/airflow/example_dags/plugins/decreasing_priority_weight_strategy.py
[2024-08-04T23:52:57.046+0300] {processor.py:183} INFO - Processing /home/grigory/airflow_venv/lib/python3.10/site-packages/airflow/example_dags/plugins/decreasing_priority_weight_strategy.py took 0.029 seconds
[2024-08-04T23:54:02.161+0300] {processor.py:161} INFO - Started process (PID=4424) to work on /home/grigory/airflow_venv/lib/python3.10/site-packages/airflow/example_dags/plugins/decreasing_priority_weight_strategy.py
[2024-08-04T23:54:02.163+0300] {processor.py:830} INFO - Processing file /home/grigory/airflow_venv/lib/python3.10/site-packages/airflow/example_dags/plugins/decreasing_priority_weight_strategy.py for tasks to queue
[2024-08-04T23:54:02.165+0300] {logging_mixin.py:188} INFO - [2024-08-04T23:54:02.164+0300] {dagbag.py:545} INFO - Filling up the DagBag from /home/grigory/airflow_venv/lib/python3.10/site-packages/airflow/example_dags/plugins/decreasing_priority_weight_strategy.py
[2024-08-04T23:54:02.168+0300] {processor.py:842} WARNING - No viable dags retrieved from /home/grigory/airflow_venv/lib/python3.10/site-packages/airflow/example_dags/plugins/decreasing_priority_weight_strategy.py
[2024-08-04T23:54:02.183+0300] {processor.py:183} INFO - Processing /home/grigory/airflow_venv/lib/python3.10/site-packages/airflow/example_dags/plugins/decreasing_priority_weight_strategy.py took 0.030 seconds
[2024-08-04T23:54:49.327+0300] {processor.py:161} INFO - Started process (PID=4469) to work on /home/grigory/airflow_venv/lib/python3.10/site-packages/airflow/example_dags/plugins/decreasing_priority_weight_strategy.py
[2024-08-04T23:54:49.329+0300] {processor.py:830} INFO - Processing file /home/grigory/airflow_venv/lib/python3.10/site-packages/airflow/example_dags/plugins/decreasing_priority_weight_strategy.py for tasks to queue
[2024-08-04T23:54:49.331+0300] {logging_mixin.py:188} INFO - [2024-08-04T23:54:49.331+0300] {dagbag.py:545} INFO - Filling up the DagBag from /home/grigory/airflow_venv/lib/python3.10/site-packages/airflow/example_dags/plugins/decreasing_priority_weight_strategy.py
[2024-08-04T23:54:49.334+0300] {processor.py:842} WARNING - No viable dags retrieved from /home/grigory/airflow_venv/lib/python3.10/site-packages/airflow/example_dags/plugins/decreasing_priority_weight_strategy.py
[2024-08-04T23:54:49.348+0300] {processor.py:183} INFO - Processing /home/grigory/airflow_venv/lib/python3.10/site-packages/airflow/example_dags/plugins/decreasing_priority_weight_strategy.py took 0.029 seconds
[2024-08-04T23:55:37.790+0300] {processor.py:161} INFO - Started process (PID=4515) to work on /home/grigory/airflow_venv/lib/python3.10/site-packages/airflow/example_dags/plugins/decreasing_priority_weight_strategy.py
[2024-08-04T23:55:37.792+0300] {processor.py:830} INFO - Processing file /home/grigory/airflow_venv/lib/python3.10/site-packages/airflow/example_dags/plugins/decreasing_priority_weight_strategy.py for tasks to queue
[2024-08-04T23:55:37.794+0300] {logging_mixin.py:188} INFO - [2024-08-04T23:55:37.793+0300] {dagbag.py:545} INFO - Filling up the DagBag from /home/grigory/airflow_venv/lib/python3.10/site-packages/airflow/example_dags/plugins/decreasing_priority_weight_strategy.py
[2024-08-04T23:55:37.797+0300] {processor.py:842} WARNING - No viable dags retrieved from /home/grigory/airflow_venv/lib/python3.10/site-packages/airflow/example_dags/plugins/decreasing_priority_weight_strategy.py
[2024-08-04T23:55:37.811+0300] {processor.py:183} INFO - Processing /home/grigory/airflow_venv/lib/python3.10/site-packages/airflow/example_dags/plugins/decreasing_priority_weight_strategy.py took 0.028 seconds
[2024-08-04T23:56:44.614+0300] {processor.py:161} INFO - Started process (PID=4580) to work on /home/grigory/airflow_venv/lib/python3.10/site-packages/airflow/example_dags/plugins/decreasing_priority_weight_strategy.py
[2024-08-04T23:56:44.616+0300] {processor.py:830} INFO - Processing file /home/grigory/airflow_venv/lib/python3.10/site-packages/airflow/example_dags/plugins/decreasing_priority_weight_strategy.py for tasks to queue
[2024-08-04T23:56:44.618+0300] {logging_mixin.py:188} INFO - [2024-08-04T23:56:44.618+0300] {dagbag.py:545} INFO - Filling up the DagBag from /home/grigory/airflow_venv/lib/python3.10/site-packages/airflow/example_dags/plugins/decreasing_priority_weight_strategy.py
[2024-08-04T23:56:44.621+0300] {processor.py:842} WARNING - No viable dags retrieved from /home/grigory/airflow_venv/lib/python3.10/site-packages/airflow/example_dags/plugins/decreasing_priority_weight_strategy.py
[2024-08-04T23:56:44.634+0300] {processor.py:183} INFO - Processing /home/grigory/airflow_venv/lib/python3.10/site-packages/airflow/example_dags/plugins/decreasing_priority_weight_strategy.py took 0.028 seconds
[2024-08-04T23:57:55.905+0300] {processor.py:161} INFO - Started process (PID=4645) to work on /home/grigory/airflow_venv/lib/python3.10/site-packages/airflow/example_dags/plugins/decreasing_priority_weight_strategy.py
[2024-08-04T23:57:55.907+0300] {processor.py:830} INFO - Processing file /home/grigory/airflow_venv/lib/python3.10/site-packages/airflow/example_dags/plugins/decreasing_priority_weight_strategy.py for tasks to queue
[2024-08-04T23:57:55.909+0300] {logging_mixin.py:188} INFO - [2024-08-04T23:57:55.909+0300] {dagbag.py:545} INFO - Filling up the DagBag from /home/grigory/airflow_venv/lib/python3.10/site-packages/airflow/example_dags/plugins/decreasing_priority_weight_strategy.py
[2024-08-04T23:57:55.912+0300] {processor.py:842} WARNING - No viable dags retrieved from /home/grigory/airflow_venv/lib/python3.10/site-packages/airflow/example_dags/plugins/decreasing_priority_weight_strategy.py
[2024-08-04T23:57:55.925+0300] {processor.py:183} INFO - Processing /home/grigory/airflow_venv/lib/python3.10/site-packages/airflow/example_dags/plugins/decreasing_priority_weight_strategy.py took 0.028 seconds
[2024-08-04T23:58:48.189+0300] {processor.py:161} INFO - Started process (PID=4695) to work on /home/grigory/airflow_venv/lib/python3.10/site-packages/airflow/example_dags/plugins/decreasing_priority_weight_strategy.py
[2024-08-04T23:58:48.191+0300] {processor.py:830} INFO - Processing file /home/grigory/airflow_venv/lib/python3.10/site-packages/airflow/example_dags/plugins/decreasing_priority_weight_strategy.py for tasks to queue
[2024-08-04T23:58:48.193+0300] {logging_mixin.py:188} INFO - [2024-08-04T23:58:48.192+0300] {dagbag.py:545} INFO - Filling up the DagBag from /home/grigory/airflow_venv/lib/python3.10/site-packages/airflow/example_dags/plugins/decreasing_priority_weight_strategy.py
[2024-08-04T23:58:48.196+0300] {processor.py:842} WARNING - No viable dags retrieved from /home/grigory/airflow_venv/lib/python3.10/site-packages/airflow/example_dags/plugins/decreasing_priority_weight_strategy.py
[2024-08-04T23:58:48.209+0300] {processor.py:183} INFO - Processing /home/grigory/airflow_venv/lib/python3.10/site-packages/airflow/example_dags/plugins/decreasing_priority_weight_strategy.py took 0.028 seconds
[2024-08-04T23:59:36.049+0300] {processor.py:161} INFO - Started process (PID=4741) to work on /home/grigory/airflow_venv/lib/python3.10/site-packages/airflow/example_dags/plugins/decreasing_priority_weight_strategy.py
[2024-08-04T23:59:36.051+0300] {processor.py:830} INFO - Processing file /home/grigory/airflow_venv/lib/python3.10/site-packages/airflow/example_dags/plugins/decreasing_priority_weight_strategy.py for tasks to queue
[2024-08-04T23:59:36.054+0300] {logging_mixin.py:188} INFO - [2024-08-04T23:59:36.053+0300] {dagbag.py:545} INFO - Filling up the DagBag from /home/grigory/airflow_venv/lib/python3.10/site-packages/airflow/example_dags/plugins/decreasing_priority_weight_strategy.py
[2024-08-04T23:59:36.057+0300] {processor.py:842} WARNING - No viable dags retrieved from /home/grigory/airflow_venv/lib/python3.10/site-packages/airflow/example_dags/plugins/decreasing_priority_weight_strategy.py
[2024-08-04T23:59:36.074+0300] {processor.py:183} INFO - Processing /home/grigory/airflow_venv/lib/python3.10/site-packages/airflow/example_dags/plugins/decreasing_priority_weight_strategy.py took 0.036 seconds
[2024-08-05T00:00:28.734+0300] {processor.py:161} INFO - Started process (PID=4787) to work on /home/grigory/airflow_venv/lib/python3.10/site-packages/airflow/example_dags/plugins/decreasing_priority_weight_strategy.py
[2024-08-05T00:00:28.739+0300] {processor.py:830} INFO - Processing file /home/grigory/airflow_venv/lib/python3.10/site-packages/airflow/example_dags/plugins/decreasing_priority_weight_strategy.py for tasks to queue
[2024-08-05T00:00:28.747+0300] {logging_mixin.py:188} INFO - [2024-08-05T00:00:28.746+0300] {dagbag.py:545} INFO - Filling up the DagBag from /home/grigory/airflow_venv/lib/python3.10/site-packages/airflow/example_dags/plugins/decreasing_priority_weight_strategy.py
[2024-08-05T00:00:28.753+0300] {processor.py:842} WARNING - No viable dags retrieved from /home/grigory/airflow_venv/lib/python3.10/site-packages/airflow/example_dags/plugins/decreasing_priority_weight_strategy.py
[2024-08-05T00:00:28.777+0300] {processor.py:183} INFO - Processing /home/grigory/airflow_venv/lib/python3.10/site-packages/airflow/example_dags/plugins/decreasing_priority_weight_strategy.py took 0.065 seconds
[2024-08-05T00:01:25.122+0300] {processor.py:161} INFO - Started process (PID=4893) to work on /home/grigory/airflow_venv/lib/python3.10/site-packages/airflow/example_dags/plugins/decreasing_priority_weight_strategy.py
[2024-08-05T00:01:25.124+0300] {processor.py:830} INFO - Processing file /home/grigory/airflow_venv/lib/python3.10/site-packages/airflow/example_dags/plugins/decreasing_priority_weight_strategy.py for tasks to queue
[2024-08-05T00:01:25.127+0300] {logging_mixin.py:188} INFO - [2024-08-05T00:01:25.126+0300] {dagbag.py:545} INFO - Filling up the DagBag from /home/grigory/airflow_venv/lib/python3.10/site-packages/airflow/example_dags/plugins/decreasing_priority_weight_strategy.py
[2024-08-05T00:01:25.130+0300] {processor.py:842} WARNING - No viable dags retrieved from /home/grigory/airflow_venv/lib/python3.10/site-packages/airflow/example_dags/plugins/decreasing_priority_weight_strategy.py
[2024-08-05T00:01:25.158+0300] {processor.py:183} INFO - Processing /home/grigory/airflow_venv/lib/python3.10/site-packages/airflow/example_dags/plugins/decreasing_priority_weight_strategy.py took 0.044 seconds
[2024-08-05T00:02:19.963+0300] {processor.py:161} INFO - Started process (PID=4940) to work on /home/grigory/airflow_venv/lib/python3.10/site-packages/airflow/example_dags/plugins/decreasing_priority_weight_strategy.py
[2024-08-05T00:02:19.966+0300] {processor.py:830} INFO - Processing file /home/grigory/airflow_venv/lib/python3.10/site-packages/airflow/example_dags/plugins/decreasing_priority_weight_strategy.py for tasks to queue
[2024-08-05T00:02:19.969+0300] {logging_mixin.py:188} INFO - [2024-08-05T00:02:19.968+0300] {dagbag.py:545} INFO - Filling up the DagBag from /home/grigory/airflow_venv/lib/python3.10/site-packages/airflow/example_dags/plugins/decreasing_priority_weight_strategy.py
[2024-08-05T00:02:19.973+0300] {processor.py:842} WARNING - No viable dags retrieved from /home/grigory/airflow_venv/lib/python3.10/site-packages/airflow/example_dags/plugins/decreasing_priority_weight_strategy.py
[2024-08-05T00:02:20.000+0300] {processor.py:183} INFO - Processing /home/grigory/airflow_venv/lib/python3.10/site-packages/airflow/example_dags/plugins/decreasing_priority_weight_strategy.py took 0.052 seconds
[2024-08-05T00:03:14.375+0300] {processor.py:161} INFO - Started process (PID=4991) to work on /home/grigory/airflow_venv/lib/python3.10/site-packages/airflow/example_dags/plugins/decreasing_priority_weight_strategy.py
[2024-08-05T00:03:14.377+0300] {processor.py:830} INFO - Processing file /home/grigory/airflow_venv/lib/python3.10/site-packages/airflow/example_dags/plugins/decreasing_priority_weight_strategy.py for tasks to queue
[2024-08-05T00:03:14.379+0300] {logging_mixin.py:188} INFO - [2024-08-05T00:03:14.378+0300] {dagbag.py:545} INFO - Filling up the DagBag from /home/grigory/airflow_venv/lib/python3.10/site-packages/airflow/example_dags/plugins/decreasing_priority_weight_strategy.py
[2024-08-05T00:03:14.382+0300] {processor.py:842} WARNING - No viable dags retrieved from /home/grigory/airflow_venv/lib/python3.10/site-packages/airflow/example_dags/plugins/decreasing_priority_weight_strategy.py
[2024-08-05T00:03:14.396+0300] {processor.py:183} INFO - Processing /home/grigory/airflow_venv/lib/python3.10/site-packages/airflow/example_dags/plugins/decreasing_priority_weight_strategy.py took 0.029 seconds
[2024-08-05T00:04:01.567+0300] {processor.py:161} INFO - Started process (PID=5038) to work on /home/grigory/airflow_venv/lib/python3.10/site-packages/airflow/example_dags/plugins/decreasing_priority_weight_strategy.py
[2024-08-05T00:04:01.568+0300] {processor.py:830} INFO - Processing file /home/grigory/airflow_venv/lib/python3.10/site-packages/airflow/example_dags/plugins/decreasing_priority_weight_strategy.py for tasks to queue
[2024-08-05T00:04:01.571+0300] {logging_mixin.py:188} INFO - [2024-08-05T00:04:01.570+0300] {dagbag.py:545} INFO - Filling up the DagBag from /home/grigory/airflow_venv/lib/python3.10/site-packages/airflow/example_dags/plugins/decreasing_priority_weight_strategy.py
[2024-08-05T00:04:01.574+0300] {processor.py:842} WARNING - No viable dags retrieved from /home/grigory/airflow_venv/lib/python3.10/site-packages/airflow/example_dags/plugins/decreasing_priority_weight_strategy.py
[2024-08-05T00:04:01.587+0300] {processor.py:183} INFO - Processing /home/grigory/airflow_venv/lib/python3.10/site-packages/airflow/example_dags/plugins/decreasing_priority_weight_strategy.py took 0.029 seconds
[2024-08-05T00:04:54.453+0300] {processor.py:161} INFO - Started process (PID=5085) to work on /home/grigory/airflow_venv/lib/python3.10/site-packages/airflow/example_dags/plugins/decreasing_priority_weight_strategy.py
[2024-08-05T00:04:54.454+0300] {processor.py:830} INFO - Processing file /home/grigory/airflow_venv/lib/python3.10/site-packages/airflow/example_dags/plugins/decreasing_priority_weight_strategy.py for tasks to queue
[2024-08-05T00:04:54.456+0300] {logging_mixin.py:188} INFO - [2024-08-05T00:04:54.456+0300] {dagbag.py:545} INFO - Filling up the DagBag from /home/grigory/airflow_venv/lib/python3.10/site-packages/airflow/example_dags/plugins/decreasing_priority_weight_strategy.py
[2024-08-05T00:04:54.459+0300] {processor.py:842} WARNING - No viable dags retrieved from /home/grigory/airflow_venv/lib/python3.10/site-packages/airflow/example_dags/plugins/decreasing_priority_weight_strategy.py
[2024-08-05T00:04:54.473+0300] {processor.py:183} INFO - Processing /home/grigory/airflow_venv/lib/python3.10/site-packages/airflow/example_dags/plugins/decreasing_priority_weight_strategy.py took 0.029 seconds
[2024-08-05T00:05:52.327+0300] {processor.py:161} INFO - Started process (PID=5138) to work on /home/grigory/airflow_venv/lib/python3.10/site-packages/airflow/example_dags/plugins/decreasing_priority_weight_strategy.py
[2024-08-05T00:05:52.329+0300] {processor.py:830} INFO - Processing file /home/grigory/airflow_venv/lib/python3.10/site-packages/airflow/example_dags/plugins/decreasing_priority_weight_strategy.py for tasks to queue
[2024-08-05T00:05:52.331+0300] {logging_mixin.py:188} INFO - [2024-08-05T00:05:52.330+0300] {dagbag.py:545} INFO - Filling up the DagBag from /home/grigory/airflow_venv/lib/python3.10/site-packages/airflow/example_dags/plugins/decreasing_priority_weight_strategy.py
[2024-08-05T00:05:52.334+0300] {processor.py:842} WARNING - No viable dags retrieved from /home/grigory/airflow_venv/lib/python3.10/site-packages/airflow/example_dags/plugins/decreasing_priority_weight_strategy.py
[2024-08-05T00:05:52.347+0300] {processor.py:183} INFO - Processing /home/grigory/airflow_venv/lib/python3.10/site-packages/airflow/example_dags/plugins/decreasing_priority_weight_strategy.py took 0.030 seconds
[2024-08-05T00:06:46.702+0300] {processor.py:161} INFO - Started process (PID=5190) to work on /home/grigory/airflow_venv/lib/python3.10/site-packages/airflow/example_dags/plugins/decreasing_priority_weight_strategy.py
[2024-08-05T00:06:46.703+0300] {processor.py:830} INFO - Processing file /home/grigory/airflow_venv/lib/python3.10/site-packages/airflow/example_dags/plugins/decreasing_priority_weight_strategy.py for tasks to queue
[2024-08-05T00:06:46.710+0300] {logging_mixin.py:188} INFO - [2024-08-05T00:06:46.706+0300] {dagbag.py:545} INFO - Filling up the DagBag from /home/grigory/airflow_venv/lib/python3.10/site-packages/airflow/example_dags/plugins/decreasing_priority_weight_strategy.py
[2024-08-05T00:06:46.714+0300] {processor.py:842} WARNING - No viable dags retrieved from /home/grigory/airflow_venv/lib/python3.10/site-packages/airflow/example_dags/plugins/decreasing_priority_weight_strategy.py
[2024-08-05T00:06:46.733+0300] {processor.py:183} INFO - Processing /home/grigory/airflow_venv/lib/python3.10/site-packages/airflow/example_dags/plugins/decreasing_priority_weight_strategy.py took 0.040 seconds
[2024-08-05T00:07:45.606+0300] {processor.py:161} INFO - Started process (PID=5242) to work on /home/grigory/airflow_venv/lib/python3.10/site-packages/airflow/example_dags/plugins/decreasing_priority_weight_strategy.py
[2024-08-05T00:07:45.609+0300] {processor.py:830} INFO - Processing file /home/grigory/airflow_venv/lib/python3.10/site-packages/airflow/example_dags/plugins/decreasing_priority_weight_strategy.py for tasks to queue
[2024-08-05T00:07:45.611+0300] {logging_mixin.py:188} INFO - [2024-08-05T00:07:45.610+0300] {dagbag.py:545} INFO - Filling up the DagBag from /home/grigory/airflow_venv/lib/python3.10/site-packages/airflow/example_dags/plugins/decreasing_priority_weight_strategy.py
[2024-08-05T00:07:45.614+0300] {processor.py:842} WARNING - No viable dags retrieved from /home/grigory/airflow_venv/lib/python3.10/site-packages/airflow/example_dags/plugins/decreasing_priority_weight_strategy.py
[2024-08-05T00:07:45.628+0300] {processor.py:183} INFO - Processing /home/grigory/airflow_venv/lib/python3.10/site-packages/airflow/example_dags/plugins/decreasing_priority_weight_strategy.py took 0.030 seconds
[2024-08-05T00:08:43.473+0300] {processor.py:161} INFO - Started process (PID=5294) to work on /home/grigory/airflow_venv/lib/python3.10/site-packages/airflow/example_dags/plugins/decreasing_priority_weight_strategy.py
[2024-08-05T00:08:43.475+0300] {processor.py:830} INFO - Processing file /home/grigory/airflow_venv/lib/python3.10/site-packages/airflow/example_dags/plugins/decreasing_priority_weight_strategy.py for tasks to queue
[2024-08-05T00:08:43.477+0300] {logging_mixin.py:188} INFO - [2024-08-05T00:08:43.477+0300] {dagbag.py:545} INFO - Filling up the DagBag from /home/grigory/airflow_venv/lib/python3.10/site-packages/airflow/example_dags/plugins/decreasing_priority_weight_strategy.py
[2024-08-05T00:08:43.480+0300] {processor.py:842} WARNING - No viable dags retrieved from /home/grigory/airflow_venv/lib/python3.10/site-packages/airflow/example_dags/plugins/decreasing_priority_weight_strategy.py
[2024-08-05T00:08:43.610+0300] {processor.py:183} INFO - Processing /home/grigory/airflow_venv/lib/python3.10/site-packages/airflow/example_dags/plugins/decreasing_priority_weight_strategy.py took 0.145 seconds
