[2024-08-04T22:46:22.608+0300] {processor.py:161} INFO - Started process (PID=862) to work on /home/grigory/airflow_venv/lib/python3.10/site-packages/airflow/example_dags/plugins/event_listener.py
[2024-08-04T22:46:22.609+0300] {processor.py:830} INFO - Processing file /home/grigory/airflow_venv/lib/python3.10/site-packages/airflow/example_dags/plugins/event_listener.py for tasks to queue
[2024-08-04T22:46:22.611+0300] {logging_mixin.py:188} INFO - [2024-08-04T22:46:22.611+0300] {dagbag.py:545} INFO - Filling up the DagBag from /home/grigory/airflow_venv/lib/python3.10/site-packages/airflow/example_dags/plugins/event_listener.py
[2024-08-04T22:46:22.614+0300] {processor.py:842} WARNING - No viable dags retrieved from /home/grigory/airflow_venv/lib/python3.10/site-packages/airflow/example_dags/plugins/event_listener.py
[2024-08-04T22:46:22.628+0300] {processor.py:183} INFO - Processing /home/grigory/airflow_venv/lib/python3.10/site-packages/airflow/example_dags/plugins/event_listener.py took 0.028 seconds
[2024-08-04T22:47:29.244+0300] {processor.py:161} INFO - Started process (PID=920) to work on /home/grigory/airflow_venv/lib/python3.10/site-packages/airflow/example_dags/plugins/event_listener.py
[2024-08-04T22:47:29.246+0300] {processor.py:830} INFO - Processing file /home/grigory/airflow_venv/lib/python3.10/site-packages/airflow/example_dags/plugins/event_listener.py for tasks to queue
[2024-08-04T22:47:29.250+0300] {logging_mixin.py:188} INFO - [2024-08-04T22:47:29.249+0300] {dagbag.py:545} INFO - Filling up the DagBag from /home/grigory/airflow_venv/lib/python3.10/site-packages/airflow/example_dags/plugins/event_listener.py
[2024-08-04T22:47:29.253+0300] {processor.py:842} WARNING - No viable dags retrieved from /home/grigory/airflow_venv/lib/python3.10/site-packages/airflow/example_dags/plugins/event_listener.py
[2024-08-04T22:47:29.273+0300] {processor.py:183} INFO - Processing /home/grigory/airflow_venv/lib/python3.10/site-packages/airflow/example_dags/plugins/event_listener.py took 0.044 seconds
[2024-08-04T22:48:31.500+0300] {processor.py:161} INFO - Started process (PID=972) to work on /home/grigory/airflow_venv/lib/python3.10/site-packages/airflow/example_dags/plugins/event_listener.py
[2024-08-04T22:48:31.502+0300] {processor.py:830} INFO - Processing file /home/grigory/airflow_venv/lib/python3.10/site-packages/airflow/example_dags/plugins/event_listener.py for tasks to queue
[2024-08-04T22:48:31.504+0300] {logging_mixin.py:188} INFO - [2024-08-04T22:48:31.503+0300] {dagbag.py:545} INFO - Filling up the DagBag from /home/grigory/airflow_venv/lib/python3.10/site-packages/airflow/example_dags/plugins/event_listener.py
[2024-08-04T22:48:31.507+0300] {processor.py:842} WARNING - No viable dags retrieved from /home/grigory/airflow_venv/lib/python3.10/site-packages/airflow/example_dags/plugins/event_listener.py
[2024-08-04T22:48:31.626+0300] {processor.py:183} INFO - Processing /home/grigory/airflow_venv/lib/python3.10/site-packages/airflow/example_dags/plugins/event_listener.py took 0.134 seconds
[2024-08-04T22:49:38.130+0300] {processor.py:161} INFO - Started process (PID=1027) to work on /home/grigory/airflow_venv/lib/python3.10/site-packages/airflow/example_dags/plugins/event_listener.py
[2024-08-04T22:49:38.151+0300] {processor.py:830} INFO - Processing file /home/grigory/airflow_venv/lib/python3.10/site-packages/airflow/example_dags/plugins/event_listener.py for tasks to queue
[2024-08-04T22:49:38.156+0300] {logging_mixin.py:188} INFO - [2024-08-04T22:49:38.155+0300] {dagbag.py:545} INFO - Filling up the DagBag from /home/grigory/airflow_venv/lib/python3.10/site-packages/airflow/example_dags/plugins/event_listener.py
[2024-08-04T22:49:38.161+0300] {processor.py:842} WARNING - No viable dags retrieved from /home/grigory/airflow_venv/lib/python3.10/site-packages/airflow/example_dags/plugins/event_listener.py
[2024-08-04T22:49:38.211+0300] {processor.py:183} INFO - Processing /home/grigory/airflow_venv/lib/python3.10/site-packages/airflow/example_dags/plugins/event_listener.py took 0.114 seconds
[2024-08-04T22:51:19.551+0300] {processor.py:161} INFO - Started process (PID=1078) to work on /home/grigory/airflow_venv/lib/python3.10/site-packages/airflow/example_dags/plugins/event_listener.py
[2024-08-04T22:51:19.555+0300] {processor.py:830} INFO - Processing file /home/grigory/airflow_venv/lib/python3.10/site-packages/airflow/example_dags/plugins/event_listener.py for tasks to queue
[2024-08-04T22:51:19.559+0300] {logging_mixin.py:188} INFO - [2024-08-04T22:51:19.558+0300] {dagbag.py:545} INFO - Filling up the DagBag from /home/grigory/airflow_venv/lib/python3.10/site-packages/airflow/example_dags/plugins/event_listener.py
[2024-08-04T22:51:19.571+0300] {processor.py:842} WARNING - No viable dags retrieved from /home/grigory/airflow_venv/lib/python3.10/site-packages/airflow/example_dags/plugins/event_listener.py
[2024-08-04T22:51:19.634+0300] {processor.py:183} INFO - Processing /home/grigory/airflow_venv/lib/python3.10/site-packages/airflow/example_dags/plugins/event_listener.py took 0.127 seconds
[2024-08-04T22:52:19.788+0300] {processor.py:161} INFO - Started process (PID=1131) to work on /home/grigory/airflow_venv/lib/python3.10/site-packages/airflow/example_dags/plugins/event_listener.py
[2024-08-04T22:52:19.790+0300] {processor.py:830} INFO - Processing file /home/grigory/airflow_venv/lib/python3.10/site-packages/airflow/example_dags/plugins/event_listener.py for tasks to queue
[2024-08-04T22:52:19.792+0300] {logging_mixin.py:188} INFO - [2024-08-04T22:52:19.792+0300] {dagbag.py:545} INFO - Filling up the DagBag from /home/grigory/airflow_venv/lib/python3.10/site-packages/airflow/example_dags/plugins/event_listener.py
[2024-08-04T22:52:19.796+0300] {processor.py:842} WARNING - No viable dags retrieved from /home/grigory/airflow_venv/lib/python3.10/site-packages/airflow/example_dags/plugins/event_listener.py
[2024-08-04T22:52:19.811+0300] {processor.py:183} INFO - Processing /home/grigory/airflow_venv/lib/python3.10/site-packages/airflow/example_dags/plugins/event_listener.py took 0.031 seconds
[2024-08-04T22:53:18.362+0300] {processor.py:161} INFO - Started process (PID=1181) to work on /home/grigory/airflow_venv/lib/python3.10/site-packages/airflow/example_dags/plugins/event_listener.py
[2024-08-04T22:53:18.364+0300] {processor.py:830} INFO - Processing file /home/grigory/airflow_venv/lib/python3.10/site-packages/airflow/example_dags/plugins/event_listener.py for tasks to queue
[2024-08-04T22:53:18.366+0300] {logging_mixin.py:188} INFO - [2024-08-04T22:53:18.365+0300] {dagbag.py:545} INFO - Filling up the DagBag from /home/grigory/airflow_venv/lib/python3.10/site-packages/airflow/example_dags/plugins/event_listener.py
[2024-08-04T22:53:18.369+0300] {processor.py:842} WARNING - No viable dags retrieved from /home/grigory/airflow_venv/lib/python3.10/site-packages/airflow/example_dags/plugins/event_listener.py
[2024-08-04T22:53:18.382+0300] {processor.py:183} INFO - Processing /home/grigory/airflow_venv/lib/python3.10/site-packages/airflow/example_dags/plugins/event_listener.py took 0.028 seconds
[2024-08-04T22:54:11.027+0300] {processor.py:161} INFO - Started process (PID=1231) to work on /home/grigory/airflow_venv/lib/python3.10/site-packages/airflow/example_dags/plugins/event_listener.py
[2024-08-04T22:54:11.029+0300] {processor.py:830} INFO - Processing file /home/grigory/airflow_venv/lib/python3.10/site-packages/airflow/example_dags/plugins/event_listener.py for tasks to queue
[2024-08-04T22:54:11.031+0300] {logging_mixin.py:188} INFO - [2024-08-04T22:54:11.031+0300] {dagbag.py:545} INFO - Filling up the DagBag from /home/grigory/airflow_venv/lib/python3.10/site-packages/airflow/example_dags/plugins/event_listener.py
[2024-08-04T22:54:11.034+0300] {processor.py:842} WARNING - No viable dags retrieved from /home/grigory/airflow_venv/lib/python3.10/site-packages/airflow/example_dags/plugins/event_listener.py
[2024-08-04T22:54:11.048+0300] {processor.py:183} INFO - Processing /home/grigory/airflow_venv/lib/python3.10/site-packages/airflow/example_dags/plugins/event_listener.py took 0.033 seconds
[2024-08-04T22:55:05.383+0300] {processor.py:161} INFO - Started process (PID=1277) to work on /home/grigory/airflow_venv/lib/python3.10/site-packages/airflow/example_dags/plugins/event_listener.py
[2024-08-04T22:55:05.386+0300] {processor.py:830} INFO - Processing file /home/grigory/airflow_venv/lib/python3.10/site-packages/airflow/example_dags/plugins/event_listener.py for tasks to queue
[2024-08-04T22:55:05.389+0300] {logging_mixin.py:188} INFO - [2024-08-04T22:55:05.388+0300] {dagbag.py:545} INFO - Filling up the DagBag from /home/grigory/airflow_venv/lib/python3.10/site-packages/airflow/example_dags/plugins/event_listener.py
[2024-08-04T22:55:05.393+0300] {processor.py:842} WARNING - No viable dags retrieved from /home/grigory/airflow_venv/lib/python3.10/site-packages/airflow/example_dags/plugins/event_listener.py
[2024-08-04T22:55:05.413+0300] {processor.py:183} INFO - Processing /home/grigory/airflow_venv/lib/python3.10/site-packages/airflow/example_dags/plugins/event_listener.py took 0.042 seconds
[2024-08-04T22:56:02.870+0300] {processor.py:161} INFO - Started process (PID=1329) to work on /home/grigory/airflow_venv/lib/python3.10/site-packages/airflow/example_dags/plugins/event_listener.py
[2024-08-04T22:56:02.872+0300] {processor.py:830} INFO - Processing file /home/grigory/airflow_venv/lib/python3.10/site-packages/airflow/example_dags/plugins/event_listener.py for tasks to queue
[2024-08-04T22:56:02.875+0300] {logging_mixin.py:188} INFO - [2024-08-04T22:56:02.874+0300] {dagbag.py:545} INFO - Filling up the DagBag from /home/grigory/airflow_venv/lib/python3.10/site-packages/airflow/example_dags/plugins/event_listener.py
[2024-08-04T22:56:02.879+0300] {processor.py:842} WARNING - No viable dags retrieved from /home/grigory/airflow_venv/lib/python3.10/site-packages/airflow/example_dags/plugins/event_listener.py
[2024-08-04T22:56:02.900+0300] {processor.py:183} INFO - Processing /home/grigory/airflow_venv/lib/python3.10/site-packages/airflow/example_dags/plugins/event_listener.py took 0.045 seconds
[2024-08-04T22:56:53.361+0300] {processor.py:161} INFO - Started process (PID=1378) to work on /home/grigory/airflow_venv/lib/python3.10/site-packages/airflow/example_dags/plugins/event_listener.py
[2024-08-04T22:56:53.363+0300] {processor.py:830} INFO - Processing file /home/grigory/airflow_venv/lib/python3.10/site-packages/airflow/example_dags/plugins/event_listener.py for tasks to queue
[2024-08-04T22:56:53.365+0300] {logging_mixin.py:188} INFO - [2024-08-04T22:56:53.364+0300] {dagbag.py:545} INFO - Filling up the DagBag from /home/grigory/airflow_venv/lib/python3.10/site-packages/airflow/example_dags/plugins/event_listener.py
[2024-08-04T22:56:53.369+0300] {processor.py:842} WARNING - No viable dags retrieved from /home/grigory/airflow_venv/lib/python3.10/site-packages/airflow/example_dags/plugins/event_listener.py
[2024-08-04T22:56:53.382+0300] {processor.py:183} INFO - Processing /home/grigory/airflow_venv/lib/python3.10/site-packages/airflow/example_dags/plugins/event_listener.py took 0.028 seconds
[2024-08-04T22:57:43.769+0300] {processor.py:161} INFO - Started process (PID=1424) to work on /home/grigory/airflow_venv/lib/python3.10/site-packages/airflow/example_dags/plugins/event_listener.py
[2024-08-04T22:57:43.771+0300] {processor.py:830} INFO - Processing file /home/grigory/airflow_venv/lib/python3.10/site-packages/airflow/example_dags/plugins/event_listener.py for tasks to queue
[2024-08-04T22:57:43.776+0300] {logging_mixin.py:188} INFO - [2024-08-04T22:57:43.774+0300] {dagbag.py:545} INFO - Filling up the DagBag from /home/grigory/airflow_venv/lib/python3.10/site-packages/airflow/example_dags/plugins/event_listener.py
[2024-08-04T22:57:43.780+0300] {processor.py:842} WARNING - No viable dags retrieved from /home/grigory/airflow_venv/lib/python3.10/site-packages/airflow/example_dags/plugins/event_listener.py
[2024-08-04T22:57:43.814+0300] {processor.py:183} INFO - Processing /home/grigory/airflow_venv/lib/python3.10/site-packages/airflow/example_dags/plugins/event_listener.py took 0.053 seconds
[2024-08-04T22:58:37.939+0300] {processor.py:161} INFO - Started process (PID=1472) to work on /home/grigory/airflow_venv/lib/python3.10/site-packages/airflow/example_dags/plugins/event_listener.py
[2024-08-04T22:58:37.940+0300] {processor.py:830} INFO - Processing file /home/grigory/airflow_venv/lib/python3.10/site-packages/airflow/example_dags/plugins/event_listener.py for tasks to queue
[2024-08-04T22:58:37.942+0300] {logging_mixin.py:188} INFO - [2024-08-04T22:58:37.942+0300] {dagbag.py:545} INFO - Filling up the DagBag from /home/grigory/airflow_venv/lib/python3.10/site-packages/airflow/example_dags/plugins/event_listener.py
[2024-08-04T22:58:37.945+0300] {processor.py:842} WARNING - No viable dags retrieved from /home/grigory/airflow_venv/lib/python3.10/site-packages/airflow/example_dags/plugins/event_listener.py
[2024-08-04T22:58:37.958+0300] {processor.py:183} INFO - Processing /home/grigory/airflow_venv/lib/python3.10/site-packages/airflow/example_dags/plugins/event_listener.py took 0.031 seconds
[2024-08-04T22:59:32.920+0300] {processor.py:161} INFO - Started process (PID=1521) to work on /home/grigory/airflow_venv/lib/python3.10/site-packages/airflow/example_dags/plugins/event_listener.py
[2024-08-04T22:59:32.923+0300] {processor.py:830} INFO - Processing file /home/grigory/airflow_venv/lib/python3.10/site-packages/airflow/example_dags/plugins/event_listener.py for tasks to queue
[2024-08-04T22:59:32.926+0300] {logging_mixin.py:188} INFO - [2024-08-04T22:59:32.925+0300] {dagbag.py:545} INFO - Filling up the DagBag from /home/grigory/airflow_venv/lib/python3.10/site-packages/airflow/example_dags/plugins/event_listener.py
[2024-08-04T22:59:32.929+0300] {processor.py:842} WARNING - No viable dags retrieved from /home/grigory/airflow_venv/lib/python3.10/site-packages/airflow/example_dags/plugins/event_listener.py
[2024-08-04T22:59:32.957+0300] {processor.py:183} INFO - Processing /home/grigory/airflow_venv/lib/python3.10/site-packages/airflow/example_dags/plugins/event_listener.py took 0.052 seconds
[2024-08-04T23:00:25.267+0300] {processor.py:161} INFO - Started process (PID=1570) to work on /home/grigory/airflow_venv/lib/python3.10/site-packages/airflow/example_dags/plugins/event_listener.py
[2024-08-04T23:00:25.269+0300] {processor.py:830} INFO - Processing file /home/grigory/airflow_venv/lib/python3.10/site-packages/airflow/example_dags/plugins/event_listener.py for tasks to queue
[2024-08-04T23:00:25.273+0300] {logging_mixin.py:188} INFO - [2024-08-04T23:00:25.272+0300] {dagbag.py:545} INFO - Filling up the DagBag from /home/grigory/airflow_venv/lib/python3.10/site-packages/airflow/example_dags/plugins/event_listener.py
[2024-08-04T23:00:25.279+0300] {processor.py:842} WARNING - No viable dags retrieved from /home/grigory/airflow_venv/lib/python3.10/site-packages/airflow/example_dags/plugins/event_listener.py
[2024-08-04T23:00:25.294+0300] {processor.py:183} INFO - Processing /home/grigory/airflow_venv/lib/python3.10/site-packages/airflow/example_dags/plugins/event_listener.py took 0.039 seconds
[2024-08-04T23:01:29.811+0300] {processor.py:161} INFO - Started process (PID=1621) to work on /home/grigory/airflow_venv/lib/python3.10/site-packages/airflow/example_dags/plugins/event_listener.py
[2024-08-04T23:01:29.824+0300] {processor.py:830} INFO - Processing file /home/grigory/airflow_venv/lib/python3.10/site-packages/airflow/example_dags/plugins/event_listener.py for tasks to queue
[2024-08-04T23:01:29.827+0300] {logging_mixin.py:188} INFO - [2024-08-04T23:01:29.826+0300] {dagbag.py:545} INFO - Filling up the DagBag from /home/grigory/airflow_venv/lib/python3.10/site-packages/airflow/example_dags/plugins/event_listener.py
[2024-08-04T23:01:29.831+0300] {processor.py:842} WARNING - No viable dags retrieved from /home/grigory/airflow_venv/lib/python3.10/site-packages/airflow/example_dags/plugins/event_listener.py
[2024-08-04T23:01:29.880+0300] {processor.py:183} INFO - Processing /home/grigory/airflow_venv/lib/python3.10/site-packages/airflow/example_dags/plugins/event_listener.py took 0.100 seconds
[2024-08-04T23:02:32.177+0300] {processor.py:161} INFO - Started process (PID=1674) to work on /home/grigory/airflow_venv/lib/python3.10/site-packages/airflow/example_dags/plugins/event_listener.py
[2024-08-04T23:02:32.179+0300] {processor.py:830} INFO - Processing file /home/grigory/airflow_venv/lib/python3.10/site-packages/airflow/example_dags/plugins/event_listener.py for tasks to queue
[2024-08-04T23:02:32.182+0300] {logging_mixin.py:188} INFO - [2024-08-04T23:02:32.181+0300] {dagbag.py:545} INFO - Filling up the DagBag from /home/grigory/airflow_venv/lib/python3.10/site-packages/airflow/example_dags/plugins/event_listener.py
[2024-08-04T23:02:32.185+0300] {processor.py:842} WARNING - No viable dags retrieved from /home/grigory/airflow_venv/lib/python3.10/site-packages/airflow/example_dags/plugins/event_listener.py
[2024-08-04T23:02:32.201+0300] {processor.py:183} INFO - Processing /home/grigory/airflow_venv/lib/python3.10/site-packages/airflow/example_dags/plugins/event_listener.py took 0.034 seconds
[2024-08-04T23:03:32.714+0300] {processor.py:161} INFO - Started process (PID=1726) to work on /home/grigory/airflow_venv/lib/python3.10/site-packages/airflow/example_dags/plugins/event_listener.py
[2024-08-04T23:03:32.717+0300] {processor.py:830} INFO - Processing file /home/grigory/airflow_venv/lib/python3.10/site-packages/airflow/example_dags/plugins/event_listener.py for tasks to queue
[2024-08-04T23:03:32.721+0300] {logging_mixin.py:188} INFO - [2024-08-04T23:03:32.721+0300] {dagbag.py:545} INFO - Filling up the DagBag from /home/grigory/airflow_venv/lib/python3.10/site-packages/airflow/example_dags/plugins/event_listener.py
[2024-08-04T23:03:32.726+0300] {processor.py:842} WARNING - No viable dags retrieved from /home/grigory/airflow_venv/lib/python3.10/site-packages/airflow/example_dags/plugins/event_listener.py
[2024-08-04T23:03:32.753+0300] {processor.py:183} INFO - Processing /home/grigory/airflow_venv/lib/python3.10/site-packages/airflow/example_dags/plugins/event_listener.py took 0.059 seconds
[2024-08-04T23:04:30.479+0300] {processor.py:161} INFO - Started process (PID=1776) to work on /home/grigory/airflow_venv/lib/python3.10/site-packages/airflow/example_dags/plugins/event_listener.py
[2024-08-04T23:04:30.481+0300] {processor.py:830} INFO - Processing file /home/grigory/airflow_venv/lib/python3.10/site-packages/airflow/example_dags/plugins/event_listener.py for tasks to queue
[2024-08-04T23:04:30.483+0300] {logging_mixin.py:188} INFO - [2024-08-04T23:04:30.483+0300] {dagbag.py:545} INFO - Filling up the DagBag from /home/grigory/airflow_venv/lib/python3.10/site-packages/airflow/example_dags/plugins/event_listener.py
[2024-08-04T23:04:30.486+0300] {processor.py:842} WARNING - No viable dags retrieved from /home/grigory/airflow_venv/lib/python3.10/site-packages/airflow/example_dags/plugins/event_listener.py
[2024-08-04T23:04:30.501+0300] {processor.py:183} INFO - Processing /home/grigory/airflow_venv/lib/python3.10/site-packages/airflow/example_dags/plugins/event_listener.py took 0.036 seconds
[2024-08-04T23:06:03.828+0300] {processor.py:161} INFO - Started process (PID=1836) to work on /home/grigory/airflow_venv/lib/python3.10/site-packages/airflow/example_dags/plugins/event_listener.py
[2024-08-04T23:06:03.832+0300] {processor.py:830} INFO - Processing file /home/grigory/airflow_venv/lib/python3.10/site-packages/airflow/example_dags/plugins/event_listener.py for tasks to queue
[2024-08-04T23:06:03.843+0300] {logging_mixin.py:188} INFO - [2024-08-04T23:06:03.840+0300] {dagbag.py:545} INFO - Filling up the DagBag from /home/grigory/airflow_venv/lib/python3.10/site-packages/airflow/example_dags/plugins/event_listener.py
[2024-08-04T23:06:03.848+0300] {processor.py:842} WARNING - No viable dags retrieved from /home/grigory/airflow_venv/lib/python3.10/site-packages/airflow/example_dags/plugins/event_listener.py
[2024-08-04T23:06:03.872+0300] {processor.py:183} INFO - Processing /home/grigory/airflow_venv/lib/python3.10/site-packages/airflow/example_dags/plugins/event_listener.py took 0.086 seconds
[2024-08-04T23:07:51.776+0300] {processor.py:161} INFO - Started process (PID=1903) to work on /home/grigory/airflow_venv/lib/python3.10/site-packages/airflow/example_dags/plugins/event_listener.py
[2024-08-04T23:07:51.780+0300] {processor.py:830} INFO - Processing file /home/grigory/airflow_venv/lib/python3.10/site-packages/airflow/example_dags/plugins/event_listener.py for tasks to queue
[2024-08-04T23:07:51.789+0300] {logging_mixin.py:188} INFO - [2024-08-04T23:07:51.788+0300] {dagbag.py:545} INFO - Filling up the DagBag from /home/grigory/airflow_venv/lib/python3.10/site-packages/airflow/example_dags/plugins/event_listener.py
[2024-08-04T23:07:51.794+0300] {processor.py:842} WARNING - No viable dags retrieved from /home/grigory/airflow_venv/lib/python3.10/site-packages/airflow/example_dags/plugins/event_listener.py
[2024-08-04T23:07:51.834+0300] {processor.py:183} INFO - Processing /home/grigory/airflow_venv/lib/python3.10/site-packages/airflow/example_dags/plugins/event_listener.py took 0.077 seconds
[2024-08-04T23:08:51.141+0300] {processor.py:161} INFO - Started process (PID=1955) to work on /home/grigory/airflow_venv/lib/python3.10/site-packages/airflow/example_dags/plugins/event_listener.py
[2024-08-04T23:08:51.173+0300] {processor.py:830} INFO - Processing file /home/grigory/airflow_venv/lib/python3.10/site-packages/airflow/example_dags/plugins/event_listener.py for tasks to queue
[2024-08-04T23:08:51.176+0300] {logging_mixin.py:188} INFO - [2024-08-04T23:08:51.175+0300] {dagbag.py:545} INFO - Filling up the DagBag from /home/grigory/airflow_venv/lib/python3.10/site-packages/airflow/example_dags/plugins/event_listener.py
[2024-08-04T23:08:51.180+0300] {processor.py:842} WARNING - No viable dags retrieved from /home/grigory/airflow_venv/lib/python3.10/site-packages/airflow/example_dags/plugins/event_listener.py
[2024-08-04T23:08:51.229+0300] {processor.py:183} INFO - Processing /home/grigory/airflow_venv/lib/python3.10/site-packages/airflow/example_dags/plugins/event_listener.py took 0.110 seconds
[2024-08-04T23:09:45.815+0300] {processor.py:161} INFO - Started process (PID=2005) to work on /home/grigory/airflow_venv/lib/python3.10/site-packages/airflow/example_dags/plugins/event_listener.py
[2024-08-04T23:09:45.819+0300] {processor.py:830} INFO - Processing file /home/grigory/airflow_venv/lib/python3.10/site-packages/airflow/example_dags/plugins/event_listener.py for tasks to queue
[2024-08-04T23:09:45.822+0300] {logging_mixin.py:188} INFO - [2024-08-04T23:09:45.821+0300] {dagbag.py:545} INFO - Filling up the DagBag from /home/grigory/airflow_venv/lib/python3.10/site-packages/airflow/example_dags/plugins/event_listener.py
[2024-08-04T23:09:45.826+0300] {processor.py:842} WARNING - No viable dags retrieved from /home/grigory/airflow_venv/lib/python3.10/site-packages/airflow/example_dags/plugins/event_listener.py
[2024-08-04T23:09:45.840+0300] {processor.py:183} INFO - Processing /home/grigory/airflow_venv/lib/python3.10/site-packages/airflow/example_dags/plugins/event_listener.py took 0.034 seconds
[2024-08-04T23:10:47.364+0300] {processor.py:161} INFO - Started process (PID=2055) to work on /home/grigory/airflow_venv/lib/python3.10/site-packages/airflow/example_dags/plugins/event_listener.py
[2024-08-04T23:10:47.365+0300] {processor.py:830} INFO - Processing file /home/grigory/airflow_venv/lib/python3.10/site-packages/airflow/example_dags/plugins/event_listener.py for tasks to queue
[2024-08-04T23:10:47.368+0300] {logging_mixin.py:188} INFO - [2024-08-04T23:10:47.367+0300] {dagbag.py:545} INFO - Filling up the DagBag from /home/grigory/airflow_venv/lib/python3.10/site-packages/airflow/example_dags/plugins/event_listener.py
[2024-08-04T23:10:47.372+0300] {processor.py:842} WARNING - No viable dags retrieved from /home/grigory/airflow_venv/lib/python3.10/site-packages/airflow/example_dags/plugins/event_listener.py
[2024-08-04T23:10:47.385+0300] {processor.py:183} INFO - Processing /home/grigory/airflow_venv/lib/python3.10/site-packages/airflow/example_dags/plugins/event_listener.py took 0.037 seconds
[2024-08-04T23:12:03.326+0300] {processor.py:161} INFO - Started process (PID=2111) to work on /home/grigory/airflow_venv/lib/python3.10/site-packages/airflow/example_dags/plugins/event_listener.py
[2024-08-04T23:12:03.433+0300] {processor.py:830} INFO - Processing file /home/grigory/airflow_venv/lib/python3.10/site-packages/airflow/example_dags/plugins/event_listener.py for tasks to queue
[2024-08-04T23:12:03.437+0300] {logging_mixin.py:188} INFO - [2024-08-04T23:12:03.436+0300] {dagbag.py:545} INFO - Filling up the DagBag from /home/grigory/airflow_venv/lib/python3.10/site-packages/airflow/example_dags/plugins/event_listener.py
[2024-08-04T23:12:03.452+0300] {processor.py:842} WARNING - No viable dags retrieved from /home/grigory/airflow_venv/lib/python3.10/site-packages/airflow/example_dags/plugins/event_listener.py
[2024-08-04T23:12:03.503+0300] {processor.py:183} INFO - Processing /home/grigory/airflow_venv/lib/python3.10/site-packages/airflow/example_dags/plugins/event_listener.py took 0.211 seconds
[2024-08-04T23:13:21.736+0300] {processor.py:161} INFO - Started process (PID=2170) to work on /home/grigory/airflow_venv/lib/python3.10/site-packages/airflow/example_dags/plugins/event_listener.py
[2024-08-04T23:13:21.739+0300] {processor.py:830} INFO - Processing file /home/grigory/airflow_venv/lib/python3.10/site-packages/airflow/example_dags/plugins/event_listener.py for tasks to queue
[2024-08-04T23:13:21.742+0300] {logging_mixin.py:188} INFO - [2024-08-04T23:13:21.741+0300] {dagbag.py:545} INFO - Filling up the DagBag from /home/grigory/airflow_venv/lib/python3.10/site-packages/airflow/example_dags/plugins/event_listener.py
[2024-08-04T23:13:21.746+0300] {processor.py:842} WARNING - No viable dags retrieved from /home/grigory/airflow_venv/lib/python3.10/site-packages/airflow/example_dags/plugins/event_listener.py
[2024-08-04T23:13:21.766+0300] {processor.py:183} INFO - Processing /home/grigory/airflow_venv/lib/python3.10/site-packages/airflow/example_dags/plugins/event_listener.py took 0.040 seconds
[2024-08-04T23:14:26.457+0300] {processor.py:161} INFO - Started process (PID=2224) to work on /home/grigory/airflow_venv/lib/python3.10/site-packages/airflow/example_dags/plugins/event_listener.py
[2024-08-04T23:14:26.460+0300] {processor.py:830} INFO - Processing file /home/grigory/airflow_venv/lib/python3.10/site-packages/airflow/example_dags/plugins/event_listener.py for tasks to queue
[2024-08-04T23:14:26.471+0300] {logging_mixin.py:188} INFO - [2024-08-04T23:14:26.471+0300] {dagbag.py:545} INFO - Filling up the DagBag from /home/grigory/airflow_venv/lib/python3.10/site-packages/airflow/example_dags/plugins/event_listener.py
[2024-08-04T23:14:26.486+0300] {processor.py:842} WARNING - No viable dags retrieved from /home/grigory/airflow_venv/lib/python3.10/site-packages/airflow/example_dags/plugins/event_listener.py
[2024-08-04T23:14:26.549+0300] {processor.py:183} INFO - Processing /home/grigory/airflow_venv/lib/python3.10/site-packages/airflow/example_dags/plugins/event_listener.py took 0.140 seconds
[2024-08-04T23:15:31.088+0300] {processor.py:161} INFO - Started process (PID=2277) to work on /home/grigory/airflow_venv/lib/python3.10/site-packages/airflow/example_dags/plugins/event_listener.py
[2024-08-04T23:15:31.097+0300] {processor.py:830} INFO - Processing file /home/grigory/airflow_venv/lib/python3.10/site-packages/airflow/example_dags/plugins/event_listener.py for tasks to queue
[2024-08-04T23:15:31.102+0300] {logging_mixin.py:188} INFO - [2024-08-04T23:15:31.101+0300] {dagbag.py:545} INFO - Filling up the DagBag from /home/grigory/airflow_venv/lib/python3.10/site-packages/airflow/example_dags/plugins/event_listener.py
[2024-08-04T23:15:31.108+0300] {processor.py:842} WARNING - No viable dags retrieved from /home/grigory/airflow_venv/lib/python3.10/site-packages/airflow/example_dags/plugins/event_listener.py
[2024-08-04T23:15:31.132+0300] {processor.py:183} INFO - Processing /home/grigory/airflow_venv/lib/python3.10/site-packages/airflow/example_dags/plugins/event_listener.py took 0.063 seconds
[2024-08-04T23:16:31.524+0300] {processor.py:161} INFO - Started process (PID=2329) to work on /home/grigory/airflow_venv/lib/python3.10/site-packages/airflow/example_dags/plugins/event_listener.py
[2024-08-04T23:16:31.576+0300] {processor.py:830} INFO - Processing file /home/grigory/airflow_venv/lib/python3.10/site-packages/airflow/example_dags/plugins/event_listener.py for tasks to queue
[2024-08-04T23:16:31.579+0300] {logging_mixin.py:188} INFO - [2024-08-04T23:16:31.578+0300] {dagbag.py:545} INFO - Filling up the DagBag from /home/grigory/airflow_venv/lib/python3.10/site-packages/airflow/example_dags/plugins/event_listener.py
[2024-08-04T23:16:31.583+0300] {processor.py:842} WARNING - No viable dags retrieved from /home/grigory/airflow_venv/lib/python3.10/site-packages/airflow/example_dags/plugins/event_listener.py
[2024-08-04T23:16:31.607+0300] {processor.py:183} INFO - Processing /home/grigory/airflow_venv/lib/python3.10/site-packages/airflow/example_dags/plugins/event_listener.py took 0.098 seconds
[2024-08-04T23:17:30.064+0300] {processor.py:161} INFO - Started process (PID=2382) to work on /home/grigory/airflow_venv/lib/python3.10/site-packages/airflow/example_dags/plugins/event_listener.py
[2024-08-04T23:17:30.066+0300] {processor.py:830} INFO - Processing file /home/grigory/airflow_venv/lib/python3.10/site-packages/airflow/example_dags/plugins/event_listener.py for tasks to queue
[2024-08-04T23:17:30.068+0300] {logging_mixin.py:188} INFO - [2024-08-04T23:17:30.067+0300] {dagbag.py:545} INFO - Filling up the DagBag from /home/grigory/airflow_venv/lib/python3.10/site-packages/airflow/example_dags/plugins/event_listener.py
[2024-08-04T23:17:30.071+0300] {processor.py:842} WARNING - No viable dags retrieved from /home/grigory/airflow_venv/lib/python3.10/site-packages/airflow/example_dags/plugins/event_listener.py
[2024-08-04T23:17:30.088+0300] {processor.py:183} INFO - Processing /home/grigory/airflow_venv/lib/python3.10/site-packages/airflow/example_dags/plugins/event_listener.py took 0.034 seconds
[2024-08-04T23:19:06.660+0300] {processor.py:161} INFO - Started process (PID=2444) to work on /home/grigory/airflow_venv/lib/python3.10/site-packages/airflow/example_dags/plugins/event_listener.py
[2024-08-04T23:19:06.741+0300] {processor.py:830} INFO - Processing file /home/grigory/airflow_venv/lib/python3.10/site-packages/airflow/example_dags/plugins/event_listener.py for tasks to queue
[2024-08-04T23:19:06.745+0300] {logging_mixin.py:188} INFO - [2024-08-04T23:19:06.744+0300] {dagbag.py:545} INFO - Filling up the DagBag from /home/grigory/airflow_venv/lib/python3.10/site-packages/airflow/example_dags/plugins/event_listener.py
[2024-08-04T23:19:06.751+0300] {processor.py:842} WARNING - No viable dags retrieved from /home/grigory/airflow_venv/lib/python3.10/site-packages/airflow/example_dags/plugins/event_listener.py
[2024-08-04T23:19:06.815+0300] {processor.py:183} INFO - Processing /home/grigory/airflow_venv/lib/python3.10/site-packages/airflow/example_dags/plugins/event_listener.py took 0.201 seconds
[2024-08-04T23:20:22.786+0300] {processor.py:161} INFO - Started process (PID=2500) to work on /home/grigory/airflow_venv/lib/python3.10/site-packages/airflow/example_dags/plugins/event_listener.py
[2024-08-04T23:20:22.789+0300] {processor.py:830} INFO - Processing file /home/grigory/airflow_venv/lib/python3.10/site-packages/airflow/example_dags/plugins/event_listener.py for tasks to queue
[2024-08-04T23:20:22.795+0300] {logging_mixin.py:188} INFO - [2024-08-04T23:20:22.794+0300] {dagbag.py:545} INFO - Filling up the DagBag from /home/grigory/airflow_venv/lib/python3.10/site-packages/airflow/example_dags/plugins/event_listener.py
[2024-08-04T23:20:22.804+0300] {processor.py:842} WARNING - No viable dags retrieved from /home/grigory/airflow_venv/lib/python3.10/site-packages/airflow/example_dags/plugins/event_listener.py
[2024-08-04T23:20:22.817+0300] {processor.py:183} INFO - Processing /home/grigory/airflow_venv/lib/python3.10/site-packages/airflow/example_dags/plugins/event_listener.py took 0.052 seconds
[2024-08-04T23:21:17.267+0300] {processor.py:161} INFO - Started process (PID=2551) to work on /home/grigory/airflow_venv/lib/python3.10/site-packages/airflow/example_dags/plugins/event_listener.py
[2024-08-04T23:21:17.269+0300] {processor.py:830} INFO - Processing file /home/grigory/airflow_venv/lib/python3.10/site-packages/airflow/example_dags/plugins/event_listener.py for tasks to queue
[2024-08-04T23:21:17.271+0300] {logging_mixin.py:188} INFO - [2024-08-04T23:21:17.270+0300] {dagbag.py:545} INFO - Filling up the DagBag from /home/grigory/airflow_venv/lib/python3.10/site-packages/airflow/example_dags/plugins/event_listener.py
[2024-08-04T23:21:17.274+0300] {processor.py:842} WARNING - No viable dags retrieved from /home/grigory/airflow_venv/lib/python3.10/site-packages/airflow/example_dags/plugins/event_listener.py
[2024-08-04T23:21:17.288+0300] {processor.py:183} INFO - Processing /home/grigory/airflow_venv/lib/python3.10/site-packages/airflow/example_dags/plugins/event_listener.py took 0.029 seconds
[2024-08-04T23:22:13.568+0300] {processor.py:161} INFO - Started process (PID=2603) to work on /home/grigory/airflow_venv/lib/python3.10/site-packages/airflow/example_dags/plugins/event_listener.py
[2024-08-04T23:22:13.570+0300] {processor.py:830} INFO - Processing file /home/grigory/airflow_venv/lib/python3.10/site-packages/airflow/example_dags/plugins/event_listener.py for tasks to queue
[2024-08-04T23:22:13.572+0300] {logging_mixin.py:188} INFO - [2024-08-04T23:22:13.572+0300] {dagbag.py:545} INFO - Filling up the DagBag from /home/grigory/airflow_venv/lib/python3.10/site-packages/airflow/example_dags/plugins/event_listener.py
[2024-08-04T23:22:13.575+0300] {processor.py:842} WARNING - No viable dags retrieved from /home/grigory/airflow_venv/lib/python3.10/site-packages/airflow/example_dags/plugins/event_listener.py
[2024-08-04T23:22:13.593+0300] {processor.py:183} INFO - Processing /home/grigory/airflow_venv/lib/python3.10/site-packages/airflow/example_dags/plugins/event_listener.py took 0.033 seconds
[2024-08-04T23:23:10.623+0300] {processor.py:161} INFO - Started process (PID=2652) to work on /home/grigory/airflow_venv/lib/python3.10/site-packages/airflow/example_dags/plugins/event_listener.py
[2024-08-04T23:23:10.625+0300] {processor.py:830} INFO - Processing file /home/grigory/airflow_venv/lib/python3.10/site-packages/airflow/example_dags/plugins/event_listener.py for tasks to queue
[2024-08-04T23:23:10.628+0300] {logging_mixin.py:188} INFO - [2024-08-04T23:23:10.627+0300] {dagbag.py:545} INFO - Filling up the DagBag from /home/grigory/airflow_venv/lib/python3.10/site-packages/airflow/example_dags/plugins/event_listener.py
[2024-08-04T23:23:10.632+0300] {processor.py:842} WARNING - No viable dags retrieved from /home/grigory/airflow_venv/lib/python3.10/site-packages/airflow/example_dags/plugins/event_listener.py
[2024-08-04T23:23:10.654+0300] {processor.py:183} INFO - Processing /home/grigory/airflow_venv/lib/python3.10/site-packages/airflow/example_dags/plugins/event_listener.py took 0.044 seconds
[2024-08-04T23:24:05.653+0300] {processor.py:161} INFO - Started process (PID=2703) to work on /home/grigory/airflow_venv/lib/python3.10/site-packages/airflow/example_dags/plugins/event_listener.py
[2024-08-04T23:24:05.656+0300] {processor.py:830} INFO - Processing file /home/grigory/airflow_venv/lib/python3.10/site-packages/airflow/example_dags/plugins/event_listener.py for tasks to queue
[2024-08-04T23:24:05.658+0300] {logging_mixin.py:188} INFO - [2024-08-04T23:24:05.658+0300] {dagbag.py:545} INFO - Filling up the DagBag from /home/grigory/airflow_venv/lib/python3.10/site-packages/airflow/example_dags/plugins/event_listener.py
[2024-08-04T23:24:05.662+0300] {processor.py:842} WARNING - No viable dags retrieved from /home/grigory/airflow_venv/lib/python3.10/site-packages/airflow/example_dags/plugins/event_listener.py
[2024-08-04T23:24:05.680+0300] {processor.py:183} INFO - Processing /home/grigory/airflow_venv/lib/python3.10/site-packages/airflow/example_dags/plugins/event_listener.py took 0.037 seconds
[2024-08-04T23:24:57.329+0300] {processor.py:161} INFO - Started process (PID=2752) to work on /home/grigory/airflow_venv/lib/python3.10/site-packages/airflow/example_dags/plugins/event_listener.py
[2024-08-04T23:24:57.331+0300] {processor.py:830} INFO - Processing file /home/grigory/airflow_venv/lib/python3.10/site-packages/airflow/example_dags/plugins/event_listener.py for tasks to queue
[2024-08-04T23:24:57.333+0300] {logging_mixin.py:188} INFO - [2024-08-04T23:24:57.333+0300] {dagbag.py:545} INFO - Filling up the DagBag from /home/grigory/airflow_venv/lib/python3.10/site-packages/airflow/example_dags/plugins/event_listener.py
[2024-08-04T23:24:57.336+0300] {processor.py:842} WARNING - No viable dags retrieved from /home/grigory/airflow_venv/lib/python3.10/site-packages/airflow/example_dags/plugins/event_listener.py
[2024-08-04T23:24:57.349+0300] {processor.py:183} INFO - Processing /home/grigory/airflow_venv/lib/python3.10/site-packages/airflow/example_dags/plugins/event_listener.py took 0.028 seconds
[2024-08-04T23:25:47.682+0300] {processor.py:161} INFO - Started process (PID=2801) to work on /home/grigory/airflow_venv/lib/python3.10/site-packages/airflow/example_dags/plugins/event_listener.py
[2024-08-04T23:25:47.683+0300] {processor.py:830} INFO - Processing file /home/grigory/airflow_venv/lib/python3.10/site-packages/airflow/example_dags/plugins/event_listener.py for tasks to queue
[2024-08-04T23:25:47.686+0300] {logging_mixin.py:188} INFO - [2024-08-04T23:25:47.686+0300] {dagbag.py:545} INFO - Filling up the DagBag from /home/grigory/airflow_venv/lib/python3.10/site-packages/airflow/example_dags/plugins/event_listener.py
[2024-08-04T23:25:47.689+0300] {processor.py:842} WARNING - No viable dags retrieved from /home/grigory/airflow_venv/lib/python3.10/site-packages/airflow/example_dags/plugins/event_listener.py
[2024-08-04T23:25:47.703+0300] {processor.py:183} INFO - Processing /home/grigory/airflow_venv/lib/python3.10/site-packages/airflow/example_dags/plugins/event_listener.py took 0.031 seconds
[2024-08-04T23:27:11.596+0300] {processor.py:161} INFO - Started process (PID=2892) to work on /home/grigory/airflow_venv/lib/python3.10/site-packages/airflow/example_dags/plugins/event_listener.py
[2024-08-04T23:27:11.598+0300] {processor.py:830} INFO - Processing file /home/grigory/airflow_venv/lib/python3.10/site-packages/airflow/example_dags/plugins/event_listener.py for tasks to queue
[2024-08-04T23:27:11.600+0300] {logging_mixin.py:188} INFO - [2024-08-04T23:27:11.599+0300] {dagbag.py:545} INFO - Filling up the DagBag from /home/grigory/airflow_venv/lib/python3.10/site-packages/airflow/example_dags/plugins/event_listener.py
[2024-08-04T23:27:11.603+0300] {processor.py:842} WARNING - No viable dags retrieved from /home/grigory/airflow_venv/lib/python3.10/site-packages/airflow/example_dags/plugins/event_listener.py
[2024-08-04T23:27:11.618+0300] {processor.py:183} INFO - Processing /home/grigory/airflow_venv/lib/python3.10/site-packages/airflow/example_dags/plugins/event_listener.py took 0.030 seconds
[2024-08-04T23:28:07.694+0300] {processor.py:161} INFO - Started process (PID=2944) to work on /home/grigory/airflow_venv/lib/python3.10/site-packages/airflow/example_dags/plugins/event_listener.py
[2024-08-04T23:28:07.695+0300] {processor.py:830} INFO - Processing file /home/grigory/airflow_venv/lib/python3.10/site-packages/airflow/example_dags/plugins/event_listener.py for tasks to queue
[2024-08-04T23:28:07.697+0300] {logging_mixin.py:188} INFO - [2024-08-04T23:28:07.697+0300] {dagbag.py:545} INFO - Filling up the DagBag from /home/grigory/airflow_venv/lib/python3.10/site-packages/airflow/example_dags/plugins/event_listener.py
[2024-08-04T23:28:07.701+0300] {processor.py:842} WARNING - No viable dags retrieved from /home/grigory/airflow_venv/lib/python3.10/site-packages/airflow/example_dags/plugins/event_listener.py
[2024-08-04T23:28:07.715+0300] {processor.py:183} INFO - Processing /home/grigory/airflow_venv/lib/python3.10/site-packages/airflow/example_dags/plugins/event_listener.py took 0.032 seconds
[2024-08-04T23:29:00.200+0300] {processor.py:161} INFO - Started process (PID=2995) to work on /home/grigory/airflow_venv/lib/python3.10/site-packages/airflow/example_dags/plugins/event_listener.py
[2024-08-04T23:29:00.201+0300] {processor.py:830} INFO - Processing file /home/grigory/airflow_venv/lib/python3.10/site-packages/airflow/example_dags/plugins/event_listener.py for tasks to queue
[2024-08-04T23:29:00.203+0300] {logging_mixin.py:188} INFO - [2024-08-04T23:29:00.203+0300] {dagbag.py:545} INFO - Filling up the DagBag from /home/grigory/airflow_venv/lib/python3.10/site-packages/airflow/example_dags/plugins/event_listener.py
[2024-08-04T23:29:00.207+0300] {processor.py:842} WARNING - No viable dags retrieved from /home/grigory/airflow_venv/lib/python3.10/site-packages/airflow/example_dags/plugins/event_listener.py
[2024-08-04T23:29:00.221+0300] {processor.py:183} INFO - Processing /home/grigory/airflow_venv/lib/python3.10/site-packages/airflow/example_dags/plugins/event_listener.py took 0.030 seconds
[2024-08-04T23:29:52.623+0300] {processor.py:161} INFO - Started process (PID=3042) to work on /home/grigory/airflow_venv/lib/python3.10/site-packages/airflow/example_dags/plugins/event_listener.py
[2024-08-04T23:29:52.624+0300] {processor.py:830} INFO - Processing file /home/grigory/airflow_venv/lib/python3.10/site-packages/airflow/example_dags/plugins/event_listener.py for tasks to queue
[2024-08-04T23:29:52.627+0300] {logging_mixin.py:188} INFO - [2024-08-04T23:29:52.626+0300] {dagbag.py:545} INFO - Filling up the DagBag from /home/grigory/airflow_venv/lib/python3.10/site-packages/airflow/example_dags/plugins/event_listener.py
[2024-08-04T23:29:52.630+0300] {processor.py:842} WARNING - No viable dags retrieved from /home/grigory/airflow_venv/lib/python3.10/site-packages/airflow/example_dags/plugins/event_listener.py
[2024-08-04T23:29:52.644+0300] {processor.py:183} INFO - Processing /home/grigory/airflow_venv/lib/python3.10/site-packages/airflow/example_dags/plugins/event_listener.py took 0.029 seconds
[2024-08-04T23:30:48.143+0300] {processor.py:161} INFO - Started process (PID=3097) to work on /home/grigory/airflow_venv/lib/python3.10/site-packages/airflow/example_dags/plugins/event_listener.py
[2024-08-04T23:30:48.144+0300] {processor.py:830} INFO - Processing file /home/grigory/airflow_venv/lib/python3.10/site-packages/airflow/example_dags/plugins/event_listener.py for tasks to queue
[2024-08-04T23:30:48.146+0300] {logging_mixin.py:188} INFO - [2024-08-04T23:30:48.146+0300] {dagbag.py:545} INFO - Filling up the DagBag from /home/grigory/airflow_venv/lib/python3.10/site-packages/airflow/example_dags/plugins/event_listener.py
[2024-08-04T23:30:48.149+0300] {processor.py:842} WARNING - No viable dags retrieved from /home/grigory/airflow_venv/lib/python3.10/site-packages/airflow/example_dags/plugins/event_listener.py
[2024-08-04T23:30:48.175+0300] {processor.py:183} INFO - Processing /home/grigory/airflow_venv/lib/python3.10/site-packages/airflow/example_dags/plugins/event_listener.py took 0.041 seconds
[2024-08-04T23:31:42.539+0300] {processor.py:161} INFO - Started process (PID=3148) to work on /home/grigory/airflow_venv/lib/python3.10/site-packages/airflow/example_dags/plugins/event_listener.py
[2024-08-04T23:31:42.546+0300] {processor.py:830} INFO - Processing file /home/grigory/airflow_venv/lib/python3.10/site-packages/airflow/example_dags/plugins/event_listener.py for tasks to queue
[2024-08-04T23:31:42.549+0300] {logging_mixin.py:188} INFO - [2024-08-04T23:31:42.549+0300] {dagbag.py:545} INFO - Filling up the DagBag from /home/grigory/airflow_venv/lib/python3.10/site-packages/airflow/example_dags/plugins/event_listener.py
[2024-08-04T23:31:42.553+0300] {processor.py:842} WARNING - No viable dags retrieved from /home/grigory/airflow_venv/lib/python3.10/site-packages/airflow/example_dags/plugins/event_listener.py
[2024-08-04T23:31:42.569+0300] {processor.py:183} INFO - Processing /home/grigory/airflow_venv/lib/python3.10/site-packages/airflow/example_dags/plugins/event_listener.py took 0.044 seconds
[2024-08-04T23:32:34.792+0300] {processor.py:161} INFO - Started process (PID=3201) to work on /home/grigory/airflow_venv/lib/python3.10/site-packages/airflow/example_dags/plugins/event_listener.py
[2024-08-04T23:32:34.794+0300] {processor.py:830} INFO - Processing file /home/grigory/airflow_venv/lib/python3.10/site-packages/airflow/example_dags/plugins/event_listener.py for tasks to queue
[2024-08-04T23:32:34.797+0300] {logging_mixin.py:188} INFO - [2024-08-04T23:32:34.796+0300] {dagbag.py:545} INFO - Filling up the DagBag from /home/grigory/airflow_venv/lib/python3.10/site-packages/airflow/example_dags/plugins/event_listener.py
[2024-08-04T23:32:34.800+0300] {processor.py:842} WARNING - No viable dags retrieved from /home/grigory/airflow_venv/lib/python3.10/site-packages/airflow/example_dags/plugins/event_listener.py
[2024-08-04T23:32:34.814+0300] {processor.py:183} INFO - Processing /home/grigory/airflow_venv/lib/python3.10/site-packages/airflow/example_dags/plugins/event_listener.py took 0.031 seconds
[2024-08-04T23:33:31.093+0300] {processor.py:161} INFO - Started process (PID=3251) to work on /home/grigory/airflow_venv/lib/python3.10/site-packages/airflow/example_dags/plugins/event_listener.py
[2024-08-04T23:33:31.096+0300] {processor.py:830} INFO - Processing file /home/grigory/airflow_venv/lib/python3.10/site-packages/airflow/example_dags/plugins/event_listener.py for tasks to queue
[2024-08-04T23:33:31.098+0300] {logging_mixin.py:188} INFO - [2024-08-04T23:33:31.097+0300] {dagbag.py:545} INFO - Filling up the DagBag from /home/grigory/airflow_venv/lib/python3.10/site-packages/airflow/example_dags/plugins/event_listener.py
[2024-08-04T23:33:31.102+0300] {processor.py:842} WARNING - No viable dags retrieved from /home/grigory/airflow_venv/lib/python3.10/site-packages/airflow/example_dags/plugins/event_listener.py
[2024-08-04T23:33:31.122+0300] {processor.py:183} INFO - Processing /home/grigory/airflow_venv/lib/python3.10/site-packages/airflow/example_dags/plugins/event_listener.py took 0.040 seconds
[2024-08-04T23:34:25.573+0300] {processor.py:161} INFO - Started process (PID=3304) to work on /home/grigory/airflow_venv/lib/python3.10/site-packages/airflow/example_dags/plugins/event_listener.py
[2024-08-04T23:34:25.575+0300] {processor.py:830} INFO - Processing file /home/grigory/airflow_venv/lib/python3.10/site-packages/airflow/example_dags/plugins/event_listener.py for tasks to queue
[2024-08-04T23:34:25.577+0300] {logging_mixin.py:188} INFO - [2024-08-04T23:34:25.577+0300] {dagbag.py:545} INFO - Filling up the DagBag from /home/grigory/airflow_venv/lib/python3.10/site-packages/airflow/example_dags/plugins/event_listener.py
[2024-08-04T23:34:25.580+0300] {processor.py:842} WARNING - No viable dags retrieved from /home/grigory/airflow_venv/lib/python3.10/site-packages/airflow/example_dags/plugins/event_listener.py
[2024-08-04T23:34:25.594+0300] {processor.py:183} INFO - Processing /home/grigory/airflow_venv/lib/python3.10/site-packages/airflow/example_dags/plugins/event_listener.py took 0.029 seconds
[2024-08-04T23:35:10.401+0300] {processor.py:161} INFO - Started process (PID=3348) to work on /home/grigory/airflow_venv/lib/python3.10/site-packages/airflow/example_dags/plugins/event_listener.py
[2024-08-04T23:35:10.403+0300] {processor.py:830} INFO - Processing file /home/grigory/airflow_venv/lib/python3.10/site-packages/airflow/example_dags/plugins/event_listener.py for tasks to queue
[2024-08-04T23:35:10.405+0300] {logging_mixin.py:188} INFO - [2024-08-04T23:35:10.404+0300] {dagbag.py:545} INFO - Filling up the DagBag from /home/grigory/airflow_venv/lib/python3.10/site-packages/airflow/example_dags/plugins/event_listener.py
[2024-08-04T23:35:10.409+0300] {processor.py:842} WARNING - No viable dags retrieved from /home/grigory/airflow_venv/lib/python3.10/site-packages/airflow/example_dags/plugins/event_listener.py
[2024-08-04T23:35:10.426+0300] {processor.py:183} INFO - Processing /home/grigory/airflow_venv/lib/python3.10/site-packages/airflow/example_dags/plugins/event_listener.py took 0.035 seconds
[2024-08-04T23:35:59.090+0300] {processor.py:161} INFO - Started process (PID=3396) to work on /home/grigory/airflow_venv/lib/python3.10/site-packages/airflow/example_dags/plugins/event_listener.py
[2024-08-04T23:35:59.094+0300] {processor.py:830} INFO - Processing file /home/grigory/airflow_venv/lib/python3.10/site-packages/airflow/example_dags/plugins/event_listener.py for tasks to queue
[2024-08-04T23:35:59.097+0300] {logging_mixin.py:188} INFO - [2024-08-04T23:35:59.096+0300] {dagbag.py:545} INFO - Filling up the DagBag from /home/grigory/airflow_venv/lib/python3.10/site-packages/airflow/example_dags/plugins/event_listener.py
[2024-08-04T23:35:59.101+0300] {processor.py:842} WARNING - No viable dags retrieved from /home/grigory/airflow_venv/lib/python3.10/site-packages/airflow/example_dags/plugins/event_listener.py
[2024-08-04T23:35:59.124+0300] {processor.py:183} INFO - Processing /home/grigory/airflow_venv/lib/python3.10/site-packages/airflow/example_dags/plugins/event_listener.py took 0.049 seconds
[2024-08-04T23:36:49.414+0300] {processor.py:161} INFO - Started process (PID=3444) to work on /home/grigory/airflow_venv/lib/python3.10/site-packages/airflow/example_dags/plugins/event_listener.py
[2024-08-04T23:36:49.416+0300] {processor.py:830} INFO - Processing file /home/grigory/airflow_venv/lib/python3.10/site-packages/airflow/example_dags/plugins/event_listener.py for tasks to queue
[2024-08-04T23:36:49.419+0300] {logging_mixin.py:188} INFO - [2024-08-04T23:36:49.418+0300] {dagbag.py:545} INFO - Filling up the DagBag from /home/grigory/airflow_venv/lib/python3.10/site-packages/airflow/example_dags/plugins/event_listener.py
[2024-08-04T23:36:49.423+0300] {processor.py:842} WARNING - No viable dags retrieved from /home/grigory/airflow_venv/lib/python3.10/site-packages/airflow/example_dags/plugins/event_listener.py
[2024-08-04T23:36:49.442+0300] {processor.py:183} INFO - Processing /home/grigory/airflow_venv/lib/python3.10/site-packages/airflow/example_dags/plugins/event_listener.py took 0.039 seconds
[2024-08-04T23:37:39.031+0300] {processor.py:161} INFO - Started process (PID=3491) to work on /home/grigory/airflow_venv/lib/python3.10/site-packages/airflow/example_dags/plugins/event_listener.py
[2024-08-04T23:37:39.033+0300] {processor.py:830} INFO - Processing file /home/grigory/airflow_venv/lib/python3.10/site-packages/airflow/example_dags/plugins/event_listener.py for tasks to queue
[2024-08-04T23:37:39.035+0300] {logging_mixin.py:188} INFO - [2024-08-04T23:37:39.035+0300] {dagbag.py:545} INFO - Filling up the DagBag from /home/grigory/airflow_venv/lib/python3.10/site-packages/airflow/example_dags/plugins/event_listener.py
[2024-08-04T23:37:39.038+0300] {processor.py:842} WARNING - No viable dags retrieved from /home/grigory/airflow_venv/lib/python3.10/site-packages/airflow/example_dags/plugins/event_listener.py
[2024-08-04T23:37:39.051+0300] {processor.py:183} INFO - Processing /home/grigory/airflow_venv/lib/python3.10/site-packages/airflow/example_dags/plugins/event_listener.py took 0.029 seconds
[2024-08-04T23:38:28.659+0300] {processor.py:161} INFO - Started process (PID=3538) to work on /home/grigory/airflow_venv/lib/python3.10/site-packages/airflow/example_dags/plugins/event_listener.py
[2024-08-04T23:38:28.661+0300] {processor.py:830} INFO - Processing file /home/grigory/airflow_venv/lib/python3.10/site-packages/airflow/example_dags/plugins/event_listener.py for tasks to queue
[2024-08-04T23:38:28.664+0300] {logging_mixin.py:188} INFO - [2024-08-04T23:38:28.664+0300] {dagbag.py:545} INFO - Filling up the DagBag from /home/grigory/airflow_venv/lib/python3.10/site-packages/airflow/example_dags/plugins/event_listener.py
[2024-08-04T23:38:28.668+0300] {processor.py:842} WARNING - No viable dags retrieved from /home/grigory/airflow_venv/lib/python3.10/site-packages/airflow/example_dags/plugins/event_listener.py
[2024-08-04T23:38:28.685+0300] {processor.py:183} INFO - Processing /home/grigory/airflow_venv/lib/python3.10/site-packages/airflow/example_dags/plugins/event_listener.py took 0.035 seconds
[2024-08-04T23:39:16.530+0300] {processor.py:161} INFO - Started process (PID=3585) to work on /home/grigory/airflow_venv/lib/python3.10/site-packages/airflow/example_dags/plugins/event_listener.py
[2024-08-04T23:39:16.532+0300] {processor.py:830} INFO - Processing file /home/grigory/airflow_venv/lib/python3.10/site-packages/airflow/example_dags/plugins/event_listener.py for tasks to queue
[2024-08-04T23:39:16.535+0300] {logging_mixin.py:188} INFO - [2024-08-04T23:39:16.534+0300] {dagbag.py:545} INFO - Filling up the DagBag from /home/grigory/airflow_venv/lib/python3.10/site-packages/airflow/example_dags/plugins/event_listener.py
[2024-08-04T23:39:16.540+0300] {processor.py:842} WARNING - No viable dags retrieved from /home/grigory/airflow_venv/lib/python3.10/site-packages/airflow/example_dags/plugins/event_listener.py
[2024-08-04T23:39:16.561+0300] {processor.py:183} INFO - Processing /home/grigory/airflow_venv/lib/python3.10/site-packages/airflow/example_dags/plugins/event_listener.py took 0.044 seconds
[2024-08-04T23:40:28.391+0300] {processor.py:161} INFO - Started process (PID=3652) to work on /home/grigory/airflow_venv/lib/python3.10/site-packages/airflow/example_dags/plugins/event_listener.py
[2024-08-04T23:40:28.393+0300] {processor.py:830} INFO - Processing file /home/grigory/airflow_venv/lib/python3.10/site-packages/airflow/example_dags/plugins/event_listener.py for tasks to queue
[2024-08-04T23:40:28.395+0300] {logging_mixin.py:188} INFO - [2024-08-04T23:40:28.394+0300] {dagbag.py:545} INFO - Filling up the DagBag from /home/grigory/airflow_venv/lib/python3.10/site-packages/airflow/example_dags/plugins/event_listener.py
[2024-08-04T23:40:28.397+0300] {processor.py:842} WARNING - No viable dags retrieved from /home/grigory/airflow_venv/lib/python3.10/site-packages/airflow/example_dags/plugins/event_listener.py
[2024-08-04T23:40:28.410+0300] {processor.py:183} INFO - Processing /home/grigory/airflow_venv/lib/python3.10/site-packages/airflow/example_dags/plugins/event_listener.py took 0.027 seconds
[2024-08-04T23:41:16.419+0300] {processor.py:161} INFO - Started process (PID=3698) to work on /home/grigory/airflow_venv/lib/python3.10/site-packages/airflow/example_dags/plugins/event_listener.py
[2024-08-04T23:41:16.420+0300] {processor.py:830} INFO - Processing file /home/grigory/airflow_venv/lib/python3.10/site-packages/airflow/example_dags/plugins/event_listener.py for tasks to queue
[2024-08-04T23:41:16.423+0300] {logging_mixin.py:188} INFO - [2024-08-04T23:41:16.422+0300] {dagbag.py:545} INFO - Filling up the DagBag from /home/grigory/airflow_venv/lib/python3.10/site-packages/airflow/example_dags/plugins/event_listener.py
[2024-08-04T23:41:16.426+0300] {processor.py:842} WARNING - No viable dags retrieved from /home/grigory/airflow_venv/lib/python3.10/site-packages/airflow/example_dags/plugins/event_listener.py
[2024-08-04T23:41:16.440+0300] {processor.py:183} INFO - Processing /home/grigory/airflow_venv/lib/python3.10/site-packages/airflow/example_dags/plugins/event_listener.py took 0.029 seconds
[2024-08-04T23:42:38.380+0300] {processor.py:161} INFO - Started process (PID=3768) to work on /home/grigory/airflow_venv/lib/python3.10/site-packages/airflow/example_dags/plugins/event_listener.py
[2024-08-04T23:42:38.382+0300] {processor.py:830} INFO - Processing file /home/grigory/airflow_venv/lib/python3.10/site-packages/airflow/example_dags/plugins/event_listener.py for tasks to queue
[2024-08-04T23:42:38.384+0300] {logging_mixin.py:188} INFO - [2024-08-04T23:42:38.383+0300] {dagbag.py:545} INFO - Filling up the DagBag from /home/grigory/airflow_venv/lib/python3.10/site-packages/airflow/example_dags/plugins/event_listener.py
[2024-08-04T23:42:38.386+0300] {processor.py:842} WARNING - No viable dags retrieved from /home/grigory/airflow_venv/lib/python3.10/site-packages/airflow/example_dags/plugins/event_listener.py
[2024-08-04T23:42:38.400+0300] {processor.py:183} INFO - Processing /home/grigory/airflow_venv/lib/python3.10/site-packages/airflow/example_dags/plugins/event_listener.py took 0.028 seconds
[2024-08-04T23:43:30.890+0300] {processor.py:161} INFO - Started process (PID=3819) to work on /home/grigory/airflow_venv/lib/python3.10/site-packages/airflow/example_dags/plugins/event_listener.py
[2024-08-04T23:43:30.891+0300] {processor.py:830} INFO - Processing file /home/grigory/airflow_venv/lib/python3.10/site-packages/airflow/example_dags/plugins/event_listener.py for tasks to queue
[2024-08-04T23:43:30.893+0300] {logging_mixin.py:188} INFO - [2024-08-04T23:43:30.893+0300] {dagbag.py:545} INFO - Filling up the DagBag from /home/grigory/airflow_venv/lib/python3.10/site-packages/airflow/example_dags/plugins/event_listener.py
[2024-08-04T23:43:30.896+0300] {processor.py:842} WARNING - No viable dags retrieved from /home/grigory/airflow_venv/lib/python3.10/site-packages/airflow/example_dags/plugins/event_listener.py
[2024-08-04T23:43:30.910+0300] {processor.py:183} INFO - Processing /home/grigory/airflow_venv/lib/python3.10/site-packages/airflow/example_dags/plugins/event_listener.py took 0.029 seconds
[2024-08-04T23:44:39.173+0300] {processor.py:161} INFO - Started process (PID=3885) to work on /home/grigory/airflow_venv/lib/python3.10/site-packages/airflow/example_dags/plugins/event_listener.py
[2024-08-04T23:44:39.175+0300] {processor.py:830} INFO - Processing file /home/grigory/airflow_venv/lib/python3.10/site-packages/airflow/example_dags/plugins/event_listener.py for tasks to queue
[2024-08-04T23:44:39.177+0300] {logging_mixin.py:188} INFO - [2024-08-04T23:44:39.177+0300] {dagbag.py:545} INFO - Filling up the DagBag from /home/grigory/airflow_venv/lib/python3.10/site-packages/airflow/example_dags/plugins/event_listener.py
[2024-08-04T23:44:39.181+0300] {processor.py:842} WARNING - No viable dags retrieved from /home/grigory/airflow_venv/lib/python3.10/site-packages/airflow/example_dags/plugins/event_listener.py
[2024-08-04T23:44:39.203+0300] {processor.py:183} INFO - Processing /home/grigory/airflow_venv/lib/python3.10/site-packages/airflow/example_dags/plugins/event_listener.py took 0.038 seconds
[2024-08-04T23:45:48.120+0300] {processor.py:161} INFO - Started process (PID=3951) to work on /home/grigory/airflow_venv/lib/python3.10/site-packages/airflow/example_dags/plugins/event_listener.py
[2024-08-04T23:45:48.122+0300] {processor.py:830} INFO - Processing file /home/grigory/airflow_venv/lib/python3.10/site-packages/airflow/example_dags/plugins/event_listener.py for tasks to queue
[2024-08-04T23:45:48.124+0300] {logging_mixin.py:188} INFO - [2024-08-04T23:45:48.123+0300] {dagbag.py:545} INFO - Filling up the DagBag from /home/grigory/airflow_venv/lib/python3.10/site-packages/airflow/example_dags/plugins/event_listener.py
[2024-08-04T23:45:48.127+0300] {processor.py:842} WARNING - No viable dags retrieved from /home/grigory/airflow_venv/lib/python3.10/site-packages/airflow/example_dags/plugins/event_listener.py
[2024-08-04T23:45:48.139+0300] {processor.py:183} INFO - Processing /home/grigory/airflow_venv/lib/python3.10/site-packages/airflow/example_dags/plugins/event_listener.py took 0.027 seconds
[2024-08-04T23:46:58.237+0300] {processor.py:161} INFO - Started process (PID=4018) to work on /home/grigory/airflow_venv/lib/python3.10/site-packages/airflow/example_dags/plugins/event_listener.py
[2024-08-04T23:46:58.239+0300] {processor.py:830} INFO - Processing file /home/grigory/airflow_venv/lib/python3.10/site-packages/airflow/example_dags/plugins/event_listener.py for tasks to queue
[2024-08-04T23:46:58.241+0300] {logging_mixin.py:188} INFO - [2024-08-04T23:46:58.241+0300] {dagbag.py:545} INFO - Filling up the DagBag from /home/grigory/airflow_venv/lib/python3.10/site-packages/airflow/example_dags/plugins/event_listener.py
[2024-08-04T23:46:58.244+0300] {processor.py:842} WARNING - No viable dags retrieved from /home/grigory/airflow_venv/lib/python3.10/site-packages/airflow/example_dags/plugins/event_listener.py
[2024-08-04T23:46:58.264+0300] {processor.py:183} INFO - Processing /home/grigory/airflow_venv/lib/python3.10/site-packages/airflow/example_dags/plugins/event_listener.py took 0.035 seconds
[2024-08-04T23:48:10.963+0300] {processor.py:161} INFO - Started process (PID=4086) to work on /home/grigory/airflow_venv/lib/python3.10/site-packages/airflow/example_dags/plugins/event_listener.py
[2024-08-04T23:48:10.964+0300] {processor.py:830} INFO - Processing file /home/grigory/airflow_venv/lib/python3.10/site-packages/airflow/example_dags/plugins/event_listener.py for tasks to queue
[2024-08-04T23:48:10.966+0300] {logging_mixin.py:188} INFO - [2024-08-04T23:48:10.966+0300] {dagbag.py:545} INFO - Filling up the DagBag from /home/grigory/airflow_venv/lib/python3.10/site-packages/airflow/example_dags/plugins/event_listener.py
[2024-08-04T23:48:10.970+0300] {processor.py:842} WARNING - No viable dags retrieved from /home/grigory/airflow_venv/lib/python3.10/site-packages/airflow/example_dags/plugins/event_listener.py
[2024-08-04T23:48:10.985+0300] {processor.py:183} INFO - Processing /home/grigory/airflow_venv/lib/python3.10/site-packages/airflow/example_dags/plugins/event_listener.py took 0.031 seconds
[2024-08-04T23:48:59.981+0300] {processor.py:161} INFO - Started process (PID=4133) to work on /home/grigory/airflow_venv/lib/python3.10/site-packages/airflow/example_dags/plugins/event_listener.py
[2024-08-04T23:48:59.983+0300] {processor.py:830} INFO - Processing file /home/grigory/airflow_venv/lib/python3.10/site-packages/airflow/example_dags/plugins/event_listener.py for tasks to queue
[2024-08-04T23:48:59.985+0300] {logging_mixin.py:188} INFO - [2024-08-04T23:48:59.984+0300] {dagbag.py:545} INFO - Filling up the DagBag from /home/grigory/airflow_venv/lib/python3.10/site-packages/airflow/example_dags/plugins/event_listener.py
[2024-08-04T23:48:59.988+0300] {processor.py:842} WARNING - No viable dags retrieved from /home/grigory/airflow_venv/lib/python3.10/site-packages/airflow/example_dags/plugins/event_listener.py
[2024-08-04T23:49:00.002+0300] {processor.py:183} INFO - Processing /home/grigory/airflow_venv/lib/python3.10/site-packages/airflow/example_dags/plugins/event_listener.py took 0.029 seconds
[2024-08-04T23:50:07.877+0300] {processor.py:161} INFO - Started process (PID=4200) to work on /home/grigory/airflow_venv/lib/python3.10/site-packages/airflow/example_dags/plugins/event_listener.py
[2024-08-04T23:50:07.878+0300] {processor.py:830} INFO - Processing file /home/grigory/airflow_venv/lib/python3.10/site-packages/airflow/example_dags/plugins/event_listener.py for tasks to queue
[2024-08-04T23:50:07.881+0300] {logging_mixin.py:188} INFO - [2024-08-04T23:50:07.880+0300] {dagbag.py:545} INFO - Filling up the DagBag from /home/grigory/airflow_venv/lib/python3.10/site-packages/airflow/example_dags/plugins/event_listener.py
[2024-08-04T23:50:07.883+0300] {processor.py:842} WARNING - No viable dags retrieved from /home/grigory/airflow_venv/lib/python3.10/site-packages/airflow/example_dags/plugins/event_listener.py
[2024-08-04T23:50:07.896+0300] {processor.py:183} INFO - Processing /home/grigory/airflow_venv/lib/python3.10/site-packages/airflow/example_dags/plugins/event_listener.py took 0.028 seconds
[2024-08-04T23:51:18.782+0300] {processor.py:161} INFO - Started process (PID=4267) to work on /home/grigory/airflow_venv/lib/python3.10/site-packages/airflow/example_dags/plugins/event_listener.py
[2024-08-04T23:51:18.784+0300] {processor.py:830} INFO - Processing file /home/grigory/airflow_venv/lib/python3.10/site-packages/airflow/example_dags/plugins/event_listener.py for tasks to queue
[2024-08-04T23:51:18.787+0300] {logging_mixin.py:188} INFO - [2024-08-04T23:51:18.786+0300] {dagbag.py:545} INFO - Filling up the DagBag from /home/grigory/airflow_venv/lib/python3.10/site-packages/airflow/example_dags/plugins/event_listener.py
[2024-08-04T23:51:18.790+0300] {processor.py:842} WARNING - No viable dags retrieved from /home/grigory/airflow_venv/lib/python3.10/site-packages/airflow/example_dags/plugins/event_listener.py
[2024-08-04T23:51:18.804+0300] {processor.py:183} INFO - Processing /home/grigory/airflow_venv/lib/python3.10/site-packages/airflow/example_dags/plugins/event_listener.py took 0.032 seconds
[2024-08-04T23:52:09.728+0300] {processor.py:161} INFO - Started process (PID=4315) to work on /home/grigory/airflow_venv/lib/python3.10/site-packages/airflow/example_dags/plugins/event_listener.py
[2024-08-04T23:52:09.729+0300] {processor.py:830} INFO - Processing file /home/grigory/airflow_venv/lib/python3.10/site-packages/airflow/example_dags/plugins/event_listener.py for tasks to queue
[2024-08-04T23:52:09.731+0300] {logging_mixin.py:188} INFO - [2024-08-04T23:52:09.731+0300] {dagbag.py:545} INFO - Filling up the DagBag from /home/grigory/airflow_venv/lib/python3.10/site-packages/airflow/example_dags/plugins/event_listener.py
[2024-08-04T23:52:09.734+0300] {processor.py:842} WARNING - No viable dags retrieved from /home/grigory/airflow_venv/lib/python3.10/site-packages/airflow/example_dags/plugins/event_listener.py
[2024-08-04T23:52:09.748+0300] {processor.py:183} INFO - Processing /home/grigory/airflow_venv/lib/python3.10/site-packages/airflow/example_dags/plugins/event_listener.py took 0.028 seconds
[2024-08-04T23:52:59.041+0300] {processor.py:161} INFO - Started process (PID=4362) to work on /home/grigory/airflow_venv/lib/python3.10/site-packages/airflow/example_dags/plugins/event_listener.py
[2024-08-04T23:52:59.042+0300] {processor.py:830} INFO - Processing file /home/grigory/airflow_venv/lib/python3.10/site-packages/airflow/example_dags/plugins/event_listener.py for tasks to queue
[2024-08-04T23:52:59.044+0300] {logging_mixin.py:188} INFO - [2024-08-04T23:52:59.044+0300] {dagbag.py:545} INFO - Filling up the DagBag from /home/grigory/airflow_venv/lib/python3.10/site-packages/airflow/example_dags/plugins/event_listener.py
[2024-08-04T23:52:59.047+0300] {processor.py:842} WARNING - No viable dags retrieved from /home/grigory/airflow_venv/lib/python3.10/site-packages/airflow/example_dags/plugins/event_listener.py
[2024-08-04T23:52:59.061+0300] {processor.py:183} INFO - Processing /home/grigory/airflow_venv/lib/python3.10/site-packages/airflow/example_dags/plugins/event_listener.py took 0.028 seconds
[2024-08-04T23:54:04.957+0300] {processor.py:161} INFO - Started process (PID=4427) to work on /home/grigory/airflow_venv/lib/python3.10/site-packages/airflow/example_dags/plugins/event_listener.py
[2024-08-04T23:54:04.959+0300] {processor.py:830} INFO - Processing file /home/grigory/airflow_venv/lib/python3.10/site-packages/airflow/example_dags/plugins/event_listener.py for tasks to queue
[2024-08-04T23:54:04.961+0300] {logging_mixin.py:188} INFO - [2024-08-04T23:54:04.961+0300] {dagbag.py:545} INFO - Filling up the DagBag from /home/grigory/airflow_venv/lib/python3.10/site-packages/airflow/example_dags/plugins/event_listener.py
[2024-08-04T23:54:04.965+0300] {processor.py:842} WARNING - No viable dags retrieved from /home/grigory/airflow_venv/lib/python3.10/site-packages/airflow/example_dags/plugins/event_listener.py
[2024-08-04T23:54:04.978+0300] {processor.py:183} INFO - Processing /home/grigory/airflow_venv/lib/python3.10/site-packages/airflow/example_dags/plugins/event_listener.py took 0.030 seconds
[2024-08-04T23:55:13.882+0300] {processor.py:161} INFO - Started process (PID=4493) to work on /home/grigory/airflow_venv/lib/python3.10/site-packages/airflow/example_dags/plugins/event_listener.py
[2024-08-04T23:55:13.884+0300] {processor.py:830} INFO - Processing file /home/grigory/airflow_venv/lib/python3.10/site-packages/airflow/example_dags/plugins/event_listener.py for tasks to queue
[2024-08-04T23:55:13.886+0300] {logging_mixin.py:188} INFO - [2024-08-04T23:55:13.886+0300] {dagbag.py:545} INFO - Filling up the DagBag from /home/grigory/airflow_venv/lib/python3.10/site-packages/airflow/example_dags/plugins/event_listener.py
[2024-08-04T23:55:13.889+0300] {processor.py:842} WARNING - No viable dags retrieved from /home/grigory/airflow_venv/lib/python3.10/site-packages/airflow/example_dags/plugins/event_listener.py
[2024-08-04T23:55:13.902+0300] {processor.py:183} INFO - Processing /home/grigory/airflow_venv/lib/python3.10/site-packages/airflow/example_dags/plugins/event_listener.py took 0.029 seconds
[2024-08-04T23:56:01.802+0300] {processor.py:161} INFO - Started process (PID=4539) to work on /home/grigory/airflow_venv/lib/python3.10/site-packages/airflow/example_dags/plugins/event_listener.py
[2024-08-04T23:56:01.804+0300] {processor.py:830} INFO - Processing file /home/grigory/airflow_venv/lib/python3.10/site-packages/airflow/example_dags/plugins/event_listener.py for tasks to queue
[2024-08-04T23:56:01.806+0300] {logging_mixin.py:188} INFO - [2024-08-04T23:56:01.806+0300] {dagbag.py:545} INFO - Filling up the DagBag from /home/grigory/airflow_venv/lib/python3.10/site-packages/airflow/example_dags/plugins/event_listener.py
[2024-08-04T23:56:01.809+0300] {processor.py:842} WARNING - No viable dags retrieved from /home/grigory/airflow_venv/lib/python3.10/site-packages/airflow/example_dags/plugins/event_listener.py
[2024-08-04T23:56:01.823+0300] {processor.py:183} INFO - Processing /home/grigory/airflow_venv/lib/python3.10/site-packages/airflow/example_dags/plugins/event_listener.py took 0.029 seconds
[2024-08-04T23:57:07.566+0300] {processor.py:161} INFO - Started process (PID=4603) to work on /home/grigory/airflow_venv/lib/python3.10/site-packages/airflow/example_dags/plugins/event_listener.py
[2024-08-04T23:57:07.568+0300] {processor.py:830} INFO - Processing file /home/grigory/airflow_venv/lib/python3.10/site-packages/airflow/example_dags/plugins/event_listener.py for tasks to queue
[2024-08-04T23:57:07.571+0300] {logging_mixin.py:188} INFO - [2024-08-04T23:57:07.570+0300] {dagbag.py:545} INFO - Filling up the DagBag from /home/grigory/airflow_venv/lib/python3.10/site-packages/airflow/example_dags/plugins/event_listener.py
[2024-08-04T23:57:07.575+0300] {processor.py:842} WARNING - No viable dags retrieved from /home/grigory/airflow_venv/lib/python3.10/site-packages/airflow/example_dags/plugins/event_listener.py
[2024-08-04T23:57:07.588+0300] {processor.py:183} INFO - Processing /home/grigory/airflow_venv/lib/python3.10/site-packages/airflow/example_dags/plugins/event_listener.py took 0.031 seconds
[2024-08-04T23:57:58.627+0300] {processor.py:161} INFO - Started process (PID=4648) to work on /home/grigory/airflow_venv/lib/python3.10/site-packages/airflow/example_dags/plugins/event_listener.py
[2024-08-04T23:57:58.629+0300] {processor.py:830} INFO - Processing file /home/grigory/airflow_venv/lib/python3.10/site-packages/airflow/example_dags/plugins/event_listener.py for tasks to queue
[2024-08-04T23:57:58.631+0300] {logging_mixin.py:188} INFO - [2024-08-04T23:57:58.630+0300] {dagbag.py:545} INFO - Filling up the DagBag from /home/grigory/airflow_venv/lib/python3.10/site-packages/airflow/example_dags/plugins/event_listener.py
[2024-08-04T23:57:58.633+0300] {processor.py:842} WARNING - No viable dags retrieved from /home/grigory/airflow_venv/lib/python3.10/site-packages/airflow/example_dags/plugins/event_listener.py
[2024-08-04T23:57:58.647+0300] {processor.py:183} INFO - Processing /home/grigory/airflow_venv/lib/python3.10/site-packages/airflow/example_dags/plugins/event_listener.py took 0.028 seconds
[2024-08-04T23:58:51.627+0300] {processor.py:161} INFO - Started process (PID=4698) to work on /home/grigory/airflow_venv/lib/python3.10/site-packages/airflow/example_dags/plugins/event_listener.py
[2024-08-04T23:58:51.628+0300] {processor.py:830} INFO - Processing file /home/grigory/airflow_venv/lib/python3.10/site-packages/airflow/example_dags/plugins/event_listener.py for tasks to queue
[2024-08-04T23:58:51.631+0300] {logging_mixin.py:188} INFO - [2024-08-04T23:58:51.630+0300] {dagbag.py:545} INFO - Filling up the DagBag from /home/grigory/airflow_venv/lib/python3.10/site-packages/airflow/example_dags/plugins/event_listener.py
[2024-08-04T23:58:51.636+0300] {processor.py:842} WARNING - No viable dags retrieved from /home/grigory/airflow_venv/lib/python3.10/site-packages/airflow/example_dags/plugins/event_listener.py
[2024-08-04T23:58:51.653+0300] {processor.py:183} INFO - Processing /home/grigory/airflow_venv/lib/python3.10/site-packages/airflow/example_dags/plugins/event_listener.py took 0.034 seconds
[2024-08-05T00:00:03.392+0300] {processor.py:161} INFO - Started process (PID=4765) to work on /home/grigory/airflow_venv/lib/python3.10/site-packages/airflow/example_dags/plugins/event_listener.py
[2024-08-05T00:00:03.397+0300] {processor.py:830} INFO - Processing file /home/grigory/airflow_venv/lib/python3.10/site-packages/airflow/example_dags/plugins/event_listener.py for tasks to queue
[2024-08-05T00:00:03.401+0300] {logging_mixin.py:188} INFO - [2024-08-05T00:00:03.400+0300] {dagbag.py:545} INFO - Filling up the DagBag from /home/grigory/airflow_venv/lib/python3.10/site-packages/airflow/example_dags/plugins/event_listener.py
[2024-08-05T00:00:03.404+0300] {processor.py:842} WARNING - No viable dags retrieved from /home/grigory/airflow_venv/lib/python3.10/site-packages/airflow/example_dags/plugins/event_listener.py
[2024-08-05T00:00:03.422+0300] {processor.py:183} INFO - Processing /home/grigory/airflow_venv/lib/python3.10/site-packages/airflow/example_dags/plugins/event_listener.py took 0.039 seconds
[2024-08-05T00:00:59.269+0300] {processor.py:161} INFO - Started process (PID=4868) to work on /home/grigory/airflow_venv/lib/python3.10/site-packages/airflow/example_dags/plugins/event_listener.py
[2024-08-05T00:00:59.271+0300] {processor.py:830} INFO - Processing file /home/grigory/airflow_venv/lib/python3.10/site-packages/airflow/example_dags/plugins/event_listener.py for tasks to queue
[2024-08-05T00:00:59.274+0300] {logging_mixin.py:188} INFO - [2024-08-05T00:00:59.273+0300] {dagbag.py:545} INFO - Filling up the DagBag from /home/grigory/airflow_venv/lib/python3.10/site-packages/airflow/example_dags/plugins/event_listener.py
[2024-08-05T00:00:59.279+0300] {processor.py:842} WARNING - No viable dags retrieved from /home/grigory/airflow_venv/lib/python3.10/site-packages/airflow/example_dags/plugins/event_listener.py
[2024-08-05T00:00:59.294+0300] {processor.py:183} INFO - Processing /home/grigory/airflow_venv/lib/python3.10/site-packages/airflow/example_dags/plugins/event_listener.py took 0.034 seconds
[2024-08-05T00:01:53.587+0300] {processor.py:161} INFO - Started process (PID=4918) to work on /home/grigory/airflow_venv/lib/python3.10/site-packages/airflow/example_dags/plugins/event_listener.py
[2024-08-05T00:01:53.589+0300] {processor.py:830} INFO - Processing file /home/grigory/airflow_venv/lib/python3.10/site-packages/airflow/example_dags/plugins/event_listener.py for tasks to queue
[2024-08-05T00:01:53.591+0300] {logging_mixin.py:188} INFO - [2024-08-05T00:01:53.590+0300] {dagbag.py:545} INFO - Filling up the DagBag from /home/grigory/airflow_venv/lib/python3.10/site-packages/airflow/example_dags/plugins/event_listener.py
[2024-08-05T00:01:53.594+0300] {processor.py:842} WARNING - No viable dags retrieved from /home/grigory/airflow_venv/lib/python3.10/site-packages/airflow/example_dags/plugins/event_listener.py
[2024-08-05T00:01:53.608+0300] {processor.py:183} INFO - Processing /home/grigory/airflow_venv/lib/python3.10/site-packages/airflow/example_dags/plugins/event_listener.py took 0.030 seconds
[2024-08-05T00:02:49.773+0300] {processor.py:161} INFO - Started process (PID=4967) to work on /home/grigory/airflow_venv/lib/python3.10/site-packages/airflow/example_dags/plugins/event_listener.py
[2024-08-05T00:02:49.775+0300] {processor.py:830} INFO - Processing file /home/grigory/airflow_venv/lib/python3.10/site-packages/airflow/example_dags/plugins/event_listener.py for tasks to queue
[2024-08-05T00:02:49.777+0300] {logging_mixin.py:188} INFO - [2024-08-05T00:02:49.777+0300] {dagbag.py:545} INFO - Filling up the DagBag from /home/grigory/airflow_venv/lib/python3.10/site-packages/airflow/example_dags/plugins/event_listener.py
[2024-08-05T00:02:49.780+0300] {processor.py:842} WARNING - No viable dags retrieved from /home/grigory/airflow_venv/lib/python3.10/site-packages/airflow/example_dags/plugins/event_listener.py
[2024-08-05T00:02:49.793+0300] {processor.py:183} INFO - Processing /home/grigory/airflow_venv/lib/python3.10/site-packages/airflow/example_dags/plugins/event_listener.py took 0.028 seconds
[2024-08-05T00:03:40.623+0300] {processor.py:161} INFO - Started process (PID=5016) to work on /home/grigory/airflow_venv/lib/python3.10/site-packages/airflow/example_dags/plugins/event_listener.py
[2024-08-05T00:03:40.624+0300] {processor.py:830} INFO - Processing file /home/grigory/airflow_venv/lib/python3.10/site-packages/airflow/example_dags/plugins/event_listener.py for tasks to queue
[2024-08-05T00:03:40.626+0300] {logging_mixin.py:188} INFO - [2024-08-05T00:03:40.626+0300] {dagbag.py:545} INFO - Filling up the DagBag from /home/grigory/airflow_venv/lib/python3.10/site-packages/airflow/example_dags/plugins/event_listener.py
[2024-08-05T00:03:40.630+0300] {processor.py:842} WARNING - No viable dags retrieved from /home/grigory/airflow_venv/lib/python3.10/site-packages/airflow/example_dags/plugins/event_listener.py
[2024-08-05T00:03:40.642+0300] {processor.py:183} INFO - Processing /home/grigory/airflow_venv/lib/python3.10/site-packages/airflow/example_dags/plugins/event_listener.py took 0.028 seconds
[2024-08-05T00:04:29.862+0300] {processor.py:161} INFO - Started process (PID=5064) to work on /home/grigory/airflow_venv/lib/python3.10/site-packages/airflow/example_dags/plugins/event_listener.py
[2024-08-05T00:04:29.864+0300] {processor.py:830} INFO - Processing file /home/grigory/airflow_venv/lib/python3.10/site-packages/airflow/example_dags/plugins/event_listener.py for tasks to queue
[2024-08-05T00:04:29.866+0300] {logging_mixin.py:188} INFO - [2024-08-05T00:04:29.865+0300] {dagbag.py:545} INFO - Filling up the DagBag from /home/grigory/airflow_venv/lib/python3.10/site-packages/airflow/example_dags/plugins/event_listener.py
[2024-08-05T00:04:29.869+0300] {processor.py:842} WARNING - No viable dags retrieved from /home/grigory/airflow_venv/lib/python3.10/site-packages/airflow/example_dags/plugins/event_listener.py
[2024-08-05T00:04:29.882+0300] {processor.py:183} INFO - Processing /home/grigory/airflow_venv/lib/python3.10/site-packages/airflow/example_dags/plugins/event_listener.py took 0.028 seconds
[2024-08-05T00:05:24.924+0300] {processor.py:161} INFO - Started process (PID=5112) to work on /home/grigory/airflow_venv/lib/python3.10/site-packages/airflow/example_dags/plugins/event_listener.py
[2024-08-05T00:05:24.926+0300] {processor.py:830} INFO - Processing file /home/grigory/airflow_venv/lib/python3.10/site-packages/airflow/example_dags/plugins/event_listener.py for tasks to queue
[2024-08-05T00:05:24.929+0300] {logging_mixin.py:188} INFO - [2024-08-05T00:05:24.928+0300] {dagbag.py:545} INFO - Filling up the DagBag from /home/grigory/airflow_venv/lib/python3.10/site-packages/airflow/example_dags/plugins/event_listener.py
[2024-08-05T00:05:24.932+0300] {processor.py:842} WARNING - No viable dags retrieved from /home/grigory/airflow_venv/lib/python3.10/site-packages/airflow/example_dags/plugins/event_listener.py
[2024-08-05T00:05:24.945+0300] {processor.py:183} INFO - Processing /home/grigory/airflow_venv/lib/python3.10/site-packages/airflow/example_dags/plugins/event_listener.py took 0.029 seconds
[2024-08-05T00:06:20.828+0300] {processor.py:161} INFO - Started process (PID=5168) to work on /home/grigory/airflow_venv/lib/python3.10/site-packages/airflow/example_dags/plugins/event_listener.py
[2024-08-05T00:06:20.830+0300] {processor.py:830} INFO - Processing file /home/grigory/airflow_venv/lib/python3.10/site-packages/airflow/example_dags/plugins/event_listener.py for tasks to queue
[2024-08-05T00:06:20.832+0300] {logging_mixin.py:188} INFO - [2024-08-05T00:06:20.831+0300] {dagbag.py:545} INFO - Filling up the DagBag from /home/grigory/airflow_venv/lib/python3.10/site-packages/airflow/example_dags/plugins/event_listener.py
[2024-08-05T00:06:20.835+0300] {processor.py:842} WARNING - No viable dags retrieved from /home/grigory/airflow_venv/lib/python3.10/site-packages/airflow/example_dags/plugins/event_listener.py
[2024-08-05T00:06:20.848+0300] {processor.py:183} INFO - Processing /home/grigory/airflow_venv/lib/python3.10/site-packages/airflow/example_dags/plugins/event_listener.py took 0.028 seconds
[2024-08-05T00:07:15.941+0300] {processor.py:161} INFO - Started process (PID=5215) to work on /home/grigory/airflow_venv/lib/python3.10/site-packages/airflow/example_dags/plugins/event_listener.py
[2024-08-05T00:07:15.943+0300] {processor.py:830} INFO - Processing file /home/grigory/airflow_venv/lib/python3.10/site-packages/airflow/example_dags/plugins/event_listener.py for tasks to queue
[2024-08-05T00:07:15.945+0300] {logging_mixin.py:188} INFO - [2024-08-05T00:07:15.944+0300] {dagbag.py:545} INFO - Filling up the DagBag from /home/grigory/airflow_venv/lib/python3.10/site-packages/airflow/example_dags/plugins/event_listener.py
[2024-08-05T00:07:15.948+0300] {processor.py:842} WARNING - No viable dags retrieved from /home/grigory/airflow_venv/lib/python3.10/site-packages/airflow/example_dags/plugins/event_listener.py
[2024-08-05T00:07:15.962+0300] {processor.py:183} INFO - Processing /home/grigory/airflow_venv/lib/python3.10/site-packages/airflow/example_dags/plugins/event_listener.py took 0.030 seconds
[2024-08-05T00:08:12.132+0300] {processor.py:161} INFO - Started process (PID=5269) to work on /home/grigory/airflow_venv/lib/python3.10/site-packages/airflow/example_dags/plugins/event_listener.py
[2024-08-05T00:08:12.133+0300] {processor.py:830} INFO - Processing file /home/grigory/airflow_venv/lib/python3.10/site-packages/airflow/example_dags/plugins/event_listener.py for tasks to queue
[2024-08-05T00:08:12.136+0300] {logging_mixin.py:188} INFO - [2024-08-05T00:08:12.135+0300] {dagbag.py:545} INFO - Filling up the DagBag from /home/grigory/airflow_venv/lib/python3.10/site-packages/airflow/example_dags/plugins/event_listener.py
[2024-08-05T00:08:12.139+0300] {processor.py:842} WARNING - No viable dags retrieved from /home/grigory/airflow_venv/lib/python3.10/site-packages/airflow/example_dags/plugins/event_listener.py
[2024-08-05T00:08:12.152+0300] {processor.py:183} INFO - Processing /home/grigory/airflow_venv/lib/python3.10/site-packages/airflow/example_dags/plugins/event_listener.py took 0.028 seconds
[2024-08-05T00:09:08.306+0300] {processor.py:161} INFO - Started process (PID=5318) to work on /home/grigory/airflow_venv/lib/python3.10/site-packages/airflow/example_dags/plugins/event_listener.py
[2024-08-05T00:09:08.307+0300] {processor.py:830} INFO - Processing file /home/grigory/airflow_venv/lib/python3.10/site-packages/airflow/example_dags/plugins/event_listener.py for tasks to queue
[2024-08-05T00:09:08.309+0300] {logging_mixin.py:188} INFO - [2024-08-05T00:09:08.309+0300] {dagbag.py:545} INFO - Filling up the DagBag from /home/grigory/airflow_venv/lib/python3.10/site-packages/airflow/example_dags/plugins/event_listener.py
[2024-08-05T00:09:08.313+0300] {processor.py:842} WARNING - No viable dags retrieved from /home/grigory/airflow_venv/lib/python3.10/site-packages/airflow/example_dags/plugins/event_listener.py
[2024-08-05T00:09:08.326+0300] {processor.py:183} INFO - Processing /home/grigory/airflow_venv/lib/python3.10/site-packages/airflow/example_dags/plugins/event_listener.py took 0.029 seconds
