[2024-08-04T22:46:20.995+0300] {processor.py:161} INFO - Started process (PID=860) to work on /home/grigory/airflow_venv/lib/python3.10/site-packages/airflow/example_dags/plugins/workday.py
[2024-08-04T22:46:20.996+0300] {processor.py:830} INFO - Processing file /home/grigory/airflow_venv/lib/python3.10/site-packages/airflow/example_dags/plugins/workday.py for tasks to queue
[2024-08-04T22:46:20.999+0300] {logging_mixin.py:188} INFO - [2024-08-04T22:46:20.998+0300] {dagbag.py:545} INFO - Filling up the DagBag from /home/grigory/airflow_venv/lib/python3.10/site-packages/airflow/example_dags/plugins/workday.py
[2024-08-04T22:46:21.002+0300] {logging_mixin.py:188} INFO - [2024-08-04T22:46:21.002+0300] {workday.py:41} WARNING - Could not import pandas. Holidays will not be considered.
[2024-08-04T22:46:21.003+0300] {processor.py:842} WARNING - No viable dags retrieved from /home/grigory/airflow_venv/lib/python3.10/site-packages/airflow/example_dags/plugins/workday.py
[2024-08-04T22:46:21.016+0300] {processor.py:183} INFO - Processing /home/grigory/airflow_venv/lib/python3.10/site-packages/airflow/example_dags/plugins/workday.py took 0.029 seconds
[2024-08-04T22:47:27.974+0300] {processor.py:161} INFO - Started process (PID=918) to work on /home/grigory/airflow_venv/lib/python3.10/site-packages/airflow/example_dags/plugins/workday.py
[2024-08-04T22:47:27.976+0300] {processor.py:830} INFO - Processing file /home/grigory/airflow_venv/lib/python3.10/site-packages/airflow/example_dags/plugins/workday.py for tasks to queue
[2024-08-04T22:47:27.980+0300] {logging_mixin.py:188} INFO - [2024-08-04T22:47:27.979+0300] {dagbag.py:545} INFO - Filling up the DagBag from /home/grigory/airflow_venv/lib/python3.10/site-packages/airflow/example_dags/plugins/workday.py
[2024-08-04T22:47:27.987+0300] {logging_mixin.py:188} INFO - [2024-08-04T22:47:27.987+0300] {workday.py:41} WARNING - Could not import pandas. Holidays will not be considered.
[2024-08-04T22:47:27.988+0300] {processor.py:842} WARNING - No viable dags retrieved from /home/grigory/airflow_venv/lib/python3.10/site-packages/airflow/example_dags/plugins/workday.py
[2024-08-04T22:47:28.008+0300] {processor.py:183} INFO - Processing /home/grigory/airflow_venv/lib/python3.10/site-packages/airflow/example_dags/plugins/workday.py took 0.046 seconds
[2024-08-04T22:48:29.672+0300] {processor.py:161} INFO - Started process (PID=970) to work on /home/grigory/airflow_venv/lib/python3.10/site-packages/airflow/example_dags/plugins/workday.py
[2024-08-04T22:48:29.674+0300] {processor.py:830} INFO - Processing file /home/grigory/airflow_venv/lib/python3.10/site-packages/airflow/example_dags/plugins/workday.py for tasks to queue
[2024-08-04T22:48:29.676+0300] {logging_mixin.py:188} INFO - [2024-08-04T22:48:29.675+0300] {dagbag.py:545} INFO - Filling up the DagBag from /home/grigory/airflow_venv/lib/python3.10/site-packages/airflow/example_dags/plugins/workday.py
[2024-08-04T22:48:29.679+0300] {logging_mixin.py:188} INFO - [2024-08-04T22:48:29.679+0300] {workday.py:41} WARNING - Could not import pandas. Holidays will not be considered.
[2024-08-04T22:48:29.679+0300] {processor.py:842} WARNING - No viable dags retrieved from /home/grigory/airflow_venv/lib/python3.10/site-packages/airflow/example_dags/plugins/workday.py
[2024-08-04T22:48:29.803+0300] {processor.py:183} INFO - Processing /home/grigory/airflow_venv/lib/python3.10/site-packages/airflow/example_dags/plugins/workday.py took 0.140 seconds
[2024-08-04T22:49:35.683+0300] {processor.py:161} INFO - Started process (PID=1025) to work on /home/grigory/airflow_venv/lib/python3.10/site-packages/airflow/example_dags/plugins/workday.py
[2024-08-04T22:49:35.689+0300] {processor.py:830} INFO - Processing file /home/grigory/airflow_venv/lib/python3.10/site-packages/airflow/example_dags/plugins/workday.py for tasks to queue
[2024-08-04T22:49:35.693+0300] {logging_mixin.py:188} INFO - [2024-08-04T22:49:35.692+0300] {dagbag.py:545} INFO - Filling up the DagBag from /home/grigory/airflow_venv/lib/python3.10/site-packages/airflow/example_dags/plugins/workday.py
[2024-08-04T22:49:35.697+0300] {logging_mixin.py:188} INFO - [2024-08-04T22:49:35.697+0300] {workday.py:41} WARNING - Could not import pandas. Holidays will not be considered.
[2024-08-04T22:49:35.698+0300] {processor.py:842} WARNING - No viable dags retrieved from /home/grigory/airflow_venv/lib/python3.10/site-packages/airflow/example_dags/plugins/workday.py
[2024-08-04T22:49:35.723+0300] {processor.py:183} INFO - Processing /home/grigory/airflow_venv/lib/python3.10/site-packages/airflow/example_dags/plugins/workday.py took 0.058 seconds
[2024-08-04T22:51:16.850+0300] {processor.py:161} INFO - Started process (PID=1076) to work on /home/grigory/airflow_venv/lib/python3.10/site-packages/airflow/example_dags/plugins/workday.py
[2024-08-04T22:51:16.874+0300] {processor.py:830} INFO - Processing file /home/grigory/airflow_venv/lib/python3.10/site-packages/airflow/example_dags/plugins/workday.py for tasks to queue
[2024-08-04T22:51:16.878+0300] {logging_mixin.py:188} INFO - [2024-08-04T22:51:16.877+0300] {dagbag.py:545} INFO - Filling up the DagBag from /home/grigory/airflow_venv/lib/python3.10/site-packages/airflow/example_dags/plugins/workday.py
[2024-08-04T22:51:16.896+0300] {logging_mixin.py:188} INFO - [2024-08-04T22:51:16.895+0300] {workday.py:41} WARNING - Could not import pandas. Holidays will not be considered.
[2024-08-04T22:51:16.897+0300] {processor.py:842} WARNING - No viable dags retrieved from /home/grigory/airflow_venv/lib/python3.10/site-packages/airflow/example_dags/plugins/workday.py
[2024-08-04T22:51:16.944+0300] {processor.py:183} INFO - Processing /home/grigory/airflow_venv/lib/python3.10/site-packages/airflow/example_dags/plugins/workday.py took 0.126 seconds
[2024-08-04T22:52:17.466+0300] {processor.py:161} INFO - Started process (PID=1129) to work on /home/grigory/airflow_venv/lib/python3.10/site-packages/airflow/example_dags/plugins/workday.py
[2024-08-04T22:52:17.468+0300] {processor.py:830} INFO - Processing file /home/grigory/airflow_venv/lib/python3.10/site-packages/airflow/example_dags/plugins/workday.py for tasks to queue
[2024-08-04T22:52:17.470+0300] {logging_mixin.py:188} INFO - [2024-08-04T22:52:17.470+0300] {dagbag.py:545} INFO - Filling up the DagBag from /home/grigory/airflow_venv/lib/python3.10/site-packages/airflow/example_dags/plugins/workday.py
[2024-08-04T22:52:17.474+0300] {logging_mixin.py:188} INFO - [2024-08-04T22:52:17.474+0300] {workday.py:41} WARNING - Could not import pandas. Holidays will not be considered.
[2024-08-04T22:52:17.475+0300] {processor.py:842} WARNING - No viable dags retrieved from /home/grigory/airflow_venv/lib/python3.10/site-packages/airflow/example_dags/plugins/workday.py
[2024-08-04T22:52:17.489+0300] {processor.py:183} INFO - Processing /home/grigory/airflow_venv/lib/python3.10/site-packages/airflow/example_dags/plugins/workday.py took 0.033 seconds
[2024-08-04T22:53:16.055+0300] {processor.py:161} INFO - Started process (PID=1179) to work on /home/grigory/airflow_venv/lib/python3.10/site-packages/airflow/example_dags/plugins/workday.py
[2024-08-04T22:53:16.057+0300] {processor.py:830} INFO - Processing file /home/grigory/airflow_venv/lib/python3.10/site-packages/airflow/example_dags/plugins/workday.py for tasks to queue
[2024-08-04T22:53:16.059+0300] {logging_mixin.py:188} INFO - [2024-08-04T22:53:16.059+0300] {dagbag.py:545} INFO - Filling up the DagBag from /home/grigory/airflow_venv/lib/python3.10/site-packages/airflow/example_dags/plugins/workday.py
[2024-08-04T22:53:16.062+0300] {logging_mixin.py:188} INFO - [2024-08-04T22:53:16.062+0300] {workday.py:41} WARNING - Could not import pandas. Holidays will not be considered.
[2024-08-04T22:53:16.063+0300] {processor.py:842} WARNING - No viable dags retrieved from /home/grigory/airflow_venv/lib/python3.10/site-packages/airflow/example_dags/plugins/workday.py
[2024-08-04T22:53:16.078+0300] {processor.py:183} INFO - Processing /home/grigory/airflow_venv/lib/python3.10/site-packages/airflow/example_dags/plugins/workday.py took 0.031 seconds
[2024-08-04T22:54:08.724+0300] {processor.py:161} INFO - Started process (PID=1229) to work on /home/grigory/airflow_venv/lib/python3.10/site-packages/airflow/example_dags/plugins/workday.py
[2024-08-04T22:54:08.726+0300] {processor.py:830} INFO - Processing file /home/grigory/airflow_venv/lib/python3.10/site-packages/airflow/example_dags/plugins/workday.py for tasks to queue
[2024-08-04T22:54:08.728+0300] {logging_mixin.py:188} INFO - [2024-08-04T22:54:08.728+0300] {dagbag.py:545} INFO - Filling up the DagBag from /home/grigory/airflow_venv/lib/python3.10/site-packages/airflow/example_dags/plugins/workday.py
[2024-08-04T22:54:08.732+0300] {logging_mixin.py:188} INFO - [2024-08-04T22:54:08.731+0300] {workday.py:41} WARNING - Could not import pandas. Holidays will not be considered.
[2024-08-04T22:54:08.732+0300] {processor.py:842} WARNING - No viable dags retrieved from /home/grigory/airflow_venv/lib/python3.10/site-packages/airflow/example_dags/plugins/workday.py
[2024-08-04T22:54:08.748+0300] {processor.py:183} INFO - Processing /home/grigory/airflow_venv/lib/python3.10/site-packages/airflow/example_dags/plugins/workday.py took 0.032 seconds
[2024-08-04T22:55:02.748+0300] {processor.py:161} INFO - Started process (PID=1275) to work on /home/grigory/airflow_venv/lib/python3.10/site-packages/airflow/example_dags/plugins/workday.py
[2024-08-04T22:55:02.784+0300] {processor.py:830} INFO - Processing file /home/grigory/airflow_venv/lib/python3.10/site-packages/airflow/example_dags/plugins/workday.py for tasks to queue
[2024-08-04T22:55:02.787+0300] {logging_mixin.py:188} INFO - [2024-08-04T22:55:02.786+0300] {dagbag.py:545} INFO - Filling up the DagBag from /home/grigory/airflow_venv/lib/python3.10/site-packages/airflow/example_dags/plugins/workday.py
[2024-08-04T22:55:02.792+0300] {logging_mixin.py:188} INFO - [2024-08-04T22:55:02.791+0300] {workday.py:41} WARNING - Could not import pandas. Holidays will not be considered.
[2024-08-04T22:55:02.792+0300] {processor.py:842} WARNING - No viable dags retrieved from /home/grigory/airflow_venv/lib/python3.10/site-packages/airflow/example_dags/plugins/workday.py
[2024-08-04T22:55:02.854+0300] {processor.py:183} INFO - Processing /home/grigory/airflow_venv/lib/python3.10/site-packages/airflow/example_dags/plugins/workday.py took 0.137 seconds
[2024-08-04T22:56:00.834+0300] {processor.py:161} INFO - Started process (PID=1327) to work on /home/grigory/airflow_venv/lib/python3.10/site-packages/airflow/example_dags/plugins/workday.py
[2024-08-04T22:56:00.836+0300] {processor.py:830} INFO - Processing file /home/grigory/airflow_venv/lib/python3.10/site-packages/airflow/example_dags/plugins/workday.py for tasks to queue
[2024-08-04T22:56:00.838+0300] {logging_mixin.py:188} INFO - [2024-08-04T22:56:00.837+0300] {dagbag.py:545} INFO - Filling up the DagBag from /home/grigory/airflow_venv/lib/python3.10/site-packages/airflow/example_dags/plugins/workday.py
[2024-08-04T22:56:00.842+0300] {logging_mixin.py:188} INFO - [2024-08-04T22:56:00.841+0300] {workday.py:41} WARNING - Could not import pandas. Holidays will not be considered.
[2024-08-04T22:56:00.842+0300] {processor.py:842} WARNING - No viable dags retrieved from /home/grigory/airflow_venv/lib/python3.10/site-packages/airflow/example_dags/plugins/workday.py
[2024-08-04T22:56:00.857+0300] {processor.py:183} INFO - Processing /home/grigory/airflow_venv/lib/python3.10/site-packages/airflow/example_dags/plugins/workday.py took 0.036 seconds
[2024-08-04T22:56:51.034+0300] {processor.py:161} INFO - Started process (PID=1376) to work on /home/grigory/airflow_venv/lib/python3.10/site-packages/airflow/example_dags/plugins/workday.py
[2024-08-04T22:56:51.035+0300] {processor.py:830} INFO - Processing file /home/grigory/airflow_venv/lib/python3.10/site-packages/airflow/example_dags/plugins/workday.py for tasks to queue
[2024-08-04T22:56:51.038+0300] {logging_mixin.py:188} INFO - [2024-08-04T22:56:51.037+0300] {dagbag.py:545} INFO - Filling up the DagBag from /home/grigory/airflow_venv/lib/python3.10/site-packages/airflow/example_dags/plugins/workday.py
[2024-08-04T22:56:51.042+0300] {logging_mixin.py:188} INFO - [2024-08-04T22:56:51.042+0300] {workday.py:41} WARNING - Could not import pandas. Holidays will not be considered.
[2024-08-04T22:56:51.043+0300] {processor.py:842} WARNING - No viable dags retrieved from /home/grigory/airflow_venv/lib/python3.10/site-packages/airflow/example_dags/plugins/workday.py
[2024-08-04T22:56:51.059+0300] {processor.py:183} INFO - Processing /home/grigory/airflow_venv/lib/python3.10/site-packages/airflow/example_dags/plugins/workday.py took 0.034 seconds
[2024-08-04T22:57:43.052+0300] {processor.py:161} INFO - Started process (PID=1422) to work on /home/grigory/airflow_venv/lib/python3.10/site-packages/airflow/example_dags/plugins/workday.py
[2024-08-04T22:57:43.053+0300] {processor.py:830} INFO - Processing file /home/grigory/airflow_venv/lib/python3.10/site-packages/airflow/example_dags/plugins/workday.py for tasks to queue
[2024-08-04T22:57:43.058+0300] {logging_mixin.py:188} INFO - [2024-08-04T22:57:43.055+0300] {dagbag.py:545} INFO - Filling up the DagBag from /home/grigory/airflow_venv/lib/python3.10/site-packages/airflow/example_dags/plugins/workday.py
[2024-08-04T22:57:43.062+0300] {logging_mixin.py:188} INFO - [2024-08-04T22:57:43.061+0300] {workday.py:41} WARNING - Could not import pandas. Holidays will not be considered.
[2024-08-04T22:57:43.062+0300] {processor.py:842} WARNING - No viable dags retrieved from /home/grigory/airflow_venv/lib/python3.10/site-packages/airflow/example_dags/plugins/workday.py
[2024-08-04T22:57:43.078+0300] {processor.py:183} INFO - Processing /home/grigory/airflow_venv/lib/python3.10/site-packages/airflow/example_dags/plugins/workday.py took 0.034 seconds
[2024-08-04T22:58:35.621+0300] {processor.py:161} INFO - Started process (PID=1470) to work on /home/grigory/airflow_venv/lib/python3.10/site-packages/airflow/example_dags/plugins/workday.py
[2024-08-04T22:58:35.623+0300] {processor.py:830} INFO - Processing file /home/grigory/airflow_venv/lib/python3.10/site-packages/airflow/example_dags/plugins/workday.py for tasks to queue
[2024-08-04T22:58:35.626+0300] {logging_mixin.py:188} INFO - [2024-08-04T22:58:35.625+0300] {dagbag.py:545} INFO - Filling up the DagBag from /home/grigory/airflow_venv/lib/python3.10/site-packages/airflow/example_dags/plugins/workday.py
[2024-08-04T22:58:35.633+0300] {logging_mixin.py:188} INFO - [2024-08-04T22:58:35.632+0300] {workday.py:41} WARNING - Could not import pandas. Holidays will not be considered.
[2024-08-04T22:58:35.634+0300] {processor.py:842} WARNING - No viable dags retrieved from /home/grigory/airflow_venv/lib/python3.10/site-packages/airflow/example_dags/plugins/workday.py
[2024-08-04T22:58:35.653+0300] {processor.py:183} INFO - Processing /home/grigory/airflow_venv/lib/python3.10/site-packages/airflow/example_dags/plugins/workday.py took 0.048 seconds
[2024-08-04T22:59:30.575+0300] {processor.py:161} INFO - Started process (PID=1519) to work on /home/grigory/airflow_venv/lib/python3.10/site-packages/airflow/example_dags/plugins/workday.py
[2024-08-04T22:59:30.577+0300] {processor.py:830} INFO - Processing file /home/grigory/airflow_venv/lib/python3.10/site-packages/airflow/example_dags/plugins/workday.py for tasks to queue
[2024-08-04T22:59:30.580+0300] {logging_mixin.py:188} INFO - [2024-08-04T22:59:30.579+0300] {dagbag.py:545} INFO - Filling up the DagBag from /home/grigory/airflow_venv/lib/python3.10/site-packages/airflow/example_dags/plugins/workday.py
[2024-08-04T22:59:30.585+0300] {logging_mixin.py:188} INFO - [2024-08-04T22:59:30.585+0300] {workday.py:41} WARNING - Could not import pandas. Holidays will not be considered.
[2024-08-04T22:59:30.586+0300] {processor.py:842} WARNING - No viable dags retrieved from /home/grigory/airflow_venv/lib/python3.10/site-packages/airflow/example_dags/plugins/workday.py
[2024-08-04T22:59:30.600+0300] {processor.py:183} INFO - Processing /home/grigory/airflow_venv/lib/python3.10/site-packages/airflow/example_dags/plugins/workday.py took 0.036 seconds
[2024-08-04T23:00:23.797+0300] {processor.py:161} INFO - Started process (PID=1568) to work on /home/grigory/airflow_venv/lib/python3.10/site-packages/airflow/example_dags/plugins/workday.py
[2024-08-04T23:00:23.799+0300] {processor.py:830} INFO - Processing file /home/grigory/airflow_venv/lib/python3.10/site-packages/airflow/example_dags/plugins/workday.py for tasks to queue
[2024-08-04T23:00:23.801+0300] {logging_mixin.py:188} INFO - [2024-08-04T23:00:23.801+0300] {dagbag.py:545} INFO - Filling up the DagBag from /home/grigory/airflow_venv/lib/python3.10/site-packages/airflow/example_dags/plugins/workday.py
[2024-08-04T23:00:23.806+0300] {logging_mixin.py:188} INFO - [2024-08-04T23:00:23.805+0300] {workday.py:41} WARNING - Could not import pandas. Holidays will not be considered.
[2024-08-04T23:00:23.806+0300] {processor.py:842} WARNING - No viable dags retrieved from /home/grigory/airflow_venv/lib/python3.10/site-packages/airflow/example_dags/plugins/workday.py
[2024-08-04T23:00:23.826+0300] {processor.py:183} INFO - Processing /home/grigory/airflow_venv/lib/python3.10/site-packages/airflow/example_dags/plugins/workday.py took 0.042 seconds
[2024-08-04T23:01:27.226+0300] {processor.py:161} INFO - Started process (PID=1619) to work on /home/grigory/airflow_venv/lib/python3.10/site-packages/airflow/example_dags/plugins/workday.py
[2024-08-04T23:01:27.231+0300] {processor.py:830} INFO - Processing file /home/grigory/airflow_venv/lib/python3.10/site-packages/airflow/example_dags/plugins/workday.py for tasks to queue
[2024-08-04T23:01:27.240+0300] {logging_mixin.py:188} INFO - [2024-08-04T23:01:27.239+0300] {dagbag.py:545} INFO - Filling up the DagBag from /home/grigory/airflow_venv/lib/python3.10/site-packages/airflow/example_dags/plugins/workday.py
[2024-08-04T23:01:27.255+0300] {logging_mixin.py:188} INFO - [2024-08-04T23:01:27.254+0300] {workday.py:41} WARNING - Could not import pandas. Holidays will not be considered.
[2024-08-04T23:01:27.256+0300] {processor.py:842} WARNING - No viable dags retrieved from /home/grigory/airflow_venv/lib/python3.10/site-packages/airflow/example_dags/plugins/workday.py
[2024-08-04T23:01:27.306+0300] {processor.py:183} INFO - Processing /home/grigory/airflow_venv/lib/python3.10/site-packages/airflow/example_dags/plugins/workday.py took 0.100 seconds
[2024-08-04T23:02:29.887+0300] {processor.py:161} INFO - Started process (PID=1672) to work on /home/grigory/airflow_venv/lib/python3.10/site-packages/airflow/example_dags/plugins/workday.py
[2024-08-04T23:02:29.889+0300] {processor.py:830} INFO - Processing file /home/grigory/airflow_venv/lib/python3.10/site-packages/airflow/example_dags/plugins/workday.py for tasks to queue
[2024-08-04T23:02:29.891+0300] {logging_mixin.py:188} INFO - [2024-08-04T23:02:29.890+0300] {dagbag.py:545} INFO - Filling up the DagBag from /home/grigory/airflow_venv/lib/python3.10/site-packages/airflow/example_dags/plugins/workday.py
[2024-08-04T23:02:29.894+0300] {logging_mixin.py:188} INFO - [2024-08-04T23:02:29.894+0300] {workday.py:41} WARNING - Could not import pandas. Holidays will not be considered.
[2024-08-04T23:02:29.894+0300] {processor.py:842} WARNING - No viable dags retrieved from /home/grigory/airflow_venv/lib/python3.10/site-packages/airflow/example_dags/plugins/workday.py
[2024-08-04T23:02:29.908+0300] {processor.py:183} INFO - Processing /home/grigory/airflow_venv/lib/python3.10/site-packages/airflow/example_dags/plugins/workday.py took 0.030 seconds
[2024-08-04T23:03:31.132+0300] {processor.py:161} INFO - Started process (PID=1724) to work on /home/grigory/airflow_venv/lib/python3.10/site-packages/airflow/example_dags/plugins/workday.py
[2024-08-04T23:03:31.138+0300] {processor.py:830} INFO - Processing file /home/grigory/airflow_venv/lib/python3.10/site-packages/airflow/example_dags/plugins/workday.py for tasks to queue
[2024-08-04T23:03:31.143+0300] {logging_mixin.py:188} INFO - [2024-08-04T23:03:31.143+0300] {dagbag.py:545} INFO - Filling up the DagBag from /home/grigory/airflow_venv/lib/python3.10/site-packages/airflow/example_dags/plugins/workday.py
[2024-08-04T23:03:31.149+0300] {logging_mixin.py:188} INFO - [2024-08-04T23:03:31.148+0300] {workday.py:41} WARNING - Could not import pandas. Holidays will not be considered.
[2024-08-04T23:03:31.150+0300] {processor.py:842} WARNING - No viable dags retrieved from /home/grigory/airflow_venv/lib/python3.10/site-packages/airflow/example_dags/plugins/workday.py
[2024-08-04T23:03:31.186+0300] {processor.py:183} INFO - Processing /home/grigory/airflow_venv/lib/python3.10/site-packages/airflow/example_dags/plugins/workday.py took 0.076 seconds
[2024-08-04T23:04:28.205+0300] {processor.py:161} INFO - Started process (PID=1774) to work on /home/grigory/airflow_venv/lib/python3.10/site-packages/airflow/example_dags/plugins/workday.py
[2024-08-04T23:04:28.208+0300] {processor.py:830} INFO - Processing file /home/grigory/airflow_venv/lib/python3.10/site-packages/airflow/example_dags/plugins/workday.py for tasks to queue
[2024-08-04T23:04:28.210+0300] {logging_mixin.py:188} INFO - [2024-08-04T23:04:28.209+0300] {dagbag.py:545} INFO - Filling up the DagBag from /home/grigory/airflow_venv/lib/python3.10/site-packages/airflow/example_dags/plugins/workday.py
[2024-08-04T23:04:28.213+0300] {logging_mixin.py:188} INFO - [2024-08-04T23:04:28.213+0300] {workday.py:41} WARNING - Could not import pandas. Holidays will not be considered.
[2024-08-04T23:04:28.214+0300] {processor.py:842} WARNING - No viable dags retrieved from /home/grigory/airflow_venv/lib/python3.10/site-packages/airflow/example_dags/plugins/workday.py
[2024-08-04T23:04:28.227+0300] {processor.py:183} INFO - Processing /home/grigory/airflow_venv/lib/python3.10/site-packages/airflow/example_dags/plugins/workday.py took 0.030 seconds
[2024-08-04T23:06:01.239+0300] {processor.py:161} INFO - Started process (PID=1834) to work on /home/grigory/airflow_venv/lib/python3.10/site-packages/airflow/example_dags/plugins/workday.py
[2024-08-04T23:06:01.243+0300] {processor.py:830} INFO - Processing file /home/grigory/airflow_venv/lib/python3.10/site-packages/airflow/example_dags/plugins/workday.py for tasks to queue
[2024-08-04T23:06:01.245+0300] {logging_mixin.py:188} INFO - [2024-08-04T23:06:01.245+0300] {dagbag.py:545} INFO - Filling up the DagBag from /home/grigory/airflow_venv/lib/python3.10/site-packages/airflow/example_dags/plugins/workday.py
[2024-08-04T23:06:01.252+0300] {logging_mixin.py:188} INFO - [2024-08-04T23:06:01.252+0300] {workday.py:41} WARNING - Could not import pandas. Holidays will not be considered.
[2024-08-04T23:06:01.253+0300] {processor.py:842} WARNING - No viable dags retrieved from /home/grigory/airflow_venv/lib/python3.10/site-packages/airflow/example_dags/plugins/workday.py
[2024-08-04T23:06:01.275+0300] {processor.py:183} INFO - Processing /home/grigory/airflow_venv/lib/python3.10/site-packages/airflow/example_dags/plugins/workday.py took 0.052 seconds
[2024-08-04T23:07:21.060+0300] {processor.py:161} INFO - Started process (PID=1880) to work on /home/grigory/airflow_venv/lib/python3.10/site-packages/airflow/example_dags/plugins/workday.py
[2024-08-04T23:07:21.062+0300] {processor.py:830} INFO - Processing file /home/grigory/airflow_venv/lib/python3.10/site-packages/airflow/example_dags/plugins/workday.py for tasks to queue
[2024-08-04T23:07:21.064+0300] {logging_mixin.py:188} INFO - [2024-08-04T23:07:21.063+0300] {dagbag.py:545} INFO - Filling up the DagBag from /home/grigory/airflow_venv/lib/python3.10/site-packages/airflow/example_dags/plugins/workday.py
[2024-08-04T23:07:21.068+0300] {logging_mixin.py:188} INFO - [2024-08-04T23:07:21.068+0300] {workday.py:41} WARNING - Could not import pandas. Holidays will not be considered.
[2024-08-04T23:07:21.069+0300] {processor.py:842} WARNING - No viable dags retrieved from /home/grigory/airflow_venv/lib/python3.10/site-packages/airflow/example_dags/plugins/workday.py
[2024-08-04T23:07:21.091+0300] {processor.py:183} INFO - Processing /home/grigory/airflow_venv/lib/python3.10/site-packages/airflow/example_dags/plugins/workday.py took 0.041 seconds
[2024-08-04T23:08:29.865+0300] {processor.py:161} INFO - Started process (PID=1936) to work on /home/grigory/airflow_venv/lib/python3.10/site-packages/airflow/example_dags/plugins/workday.py
[2024-08-04T23:08:29.867+0300] {processor.py:830} INFO - Processing file /home/grigory/airflow_venv/lib/python3.10/site-packages/airflow/example_dags/plugins/workday.py for tasks to queue
[2024-08-04T23:08:29.869+0300] {logging_mixin.py:188} INFO - [2024-08-04T23:08:29.869+0300] {dagbag.py:545} INFO - Filling up the DagBag from /home/grigory/airflow_venv/lib/python3.10/site-packages/airflow/example_dags/plugins/workday.py
[2024-08-04T23:08:29.873+0300] {logging_mixin.py:188} INFO - [2024-08-04T23:08:29.873+0300] {workday.py:41} WARNING - Could not import pandas. Holidays will not be considered.
[2024-08-04T23:08:29.874+0300] {processor.py:842} WARNING - No viable dags retrieved from /home/grigory/airflow_venv/lib/python3.10/site-packages/airflow/example_dags/plugins/workday.py
[2024-08-04T23:08:29.889+0300] {processor.py:183} INFO - Processing /home/grigory/airflow_venv/lib/python3.10/site-packages/airflow/example_dags/plugins/workday.py took 0.034 seconds
[2024-08-04T23:09:24.576+0300] {processor.py:161} INFO - Started process (PID=1987) to work on /home/grigory/airflow_venv/lib/python3.10/site-packages/airflow/example_dags/plugins/workday.py
[2024-08-04T23:09:24.577+0300] {processor.py:830} INFO - Processing file /home/grigory/airflow_venv/lib/python3.10/site-packages/airflow/example_dags/plugins/workday.py for tasks to queue
[2024-08-04T23:09:24.580+0300] {logging_mixin.py:188} INFO - [2024-08-04T23:09:24.579+0300] {dagbag.py:545} INFO - Filling up the DagBag from /home/grigory/airflow_venv/lib/python3.10/site-packages/airflow/example_dags/plugins/workday.py
[2024-08-04T23:09:24.584+0300] {logging_mixin.py:188} INFO - [2024-08-04T23:09:24.584+0300] {workday.py:41} WARNING - Could not import pandas. Holidays will not be considered.
[2024-08-04T23:09:24.585+0300] {processor.py:842} WARNING - No viable dags retrieved from /home/grigory/airflow_venv/lib/python3.10/site-packages/airflow/example_dags/plugins/workday.py
[2024-08-04T23:09:24.604+0300] {processor.py:183} INFO - Processing /home/grigory/airflow_venv/lib/python3.10/site-packages/airflow/example_dags/plugins/workday.py took 0.039 seconds
[2024-08-04T23:10:20.912+0300] {processor.py:161} INFO - Started process (PID=2035) to work on /home/grigory/airflow_venv/lib/python3.10/site-packages/airflow/example_dags/plugins/workday.py
[2024-08-04T23:10:20.916+0300] {processor.py:830} INFO - Processing file /home/grigory/airflow_venv/lib/python3.10/site-packages/airflow/example_dags/plugins/workday.py for tasks to queue
[2024-08-04T23:10:20.927+0300] {logging_mixin.py:188} INFO - [2024-08-04T23:10:20.926+0300] {dagbag.py:545} INFO - Filling up the DagBag from /home/grigory/airflow_venv/lib/python3.10/site-packages/airflow/example_dags/plugins/workday.py
[2024-08-04T23:10:20.943+0300] {logging_mixin.py:188} INFO - [2024-08-04T23:10:20.942+0300] {workday.py:41} WARNING - Could not import pandas. Holidays will not be considered.
[2024-08-04T23:10:20.944+0300] {processor.py:842} WARNING - No viable dags retrieved from /home/grigory/airflow_venv/lib/python3.10/site-packages/airflow/example_dags/plugins/workday.py
[2024-08-04T23:10:21.007+0300] {processor.py:183} INFO - Processing /home/grigory/airflow_venv/lib/python3.10/site-packages/airflow/example_dags/plugins/workday.py took 0.127 seconds
[2024-08-04T23:11:39.871+0300] {processor.py:161} INFO - Started process (PID=2094) to work on /home/grigory/airflow_venv/lib/python3.10/site-packages/airflow/example_dags/plugins/workday.py
[2024-08-04T23:11:39.873+0300] {processor.py:830} INFO - Processing file /home/grigory/airflow_venv/lib/python3.10/site-packages/airflow/example_dags/plugins/workday.py for tasks to queue
[2024-08-04T23:11:39.876+0300] {logging_mixin.py:188} INFO - [2024-08-04T23:11:39.875+0300] {dagbag.py:545} INFO - Filling up the DagBag from /home/grigory/airflow_venv/lib/python3.10/site-packages/airflow/example_dags/plugins/workday.py
[2024-08-04T23:11:39.880+0300] {logging_mixin.py:188} INFO - [2024-08-04T23:11:39.879+0300] {workday.py:41} WARNING - Could not import pandas. Holidays will not be considered.
[2024-08-04T23:11:39.880+0300] {processor.py:842} WARNING - No viable dags retrieved from /home/grigory/airflow_venv/lib/python3.10/site-packages/airflow/example_dags/plugins/workday.py
[2024-08-04T23:11:39.895+0300] {processor.py:183} INFO - Processing /home/grigory/airflow_venv/lib/python3.10/site-packages/airflow/example_dags/plugins/workday.py took 0.033 seconds
[2024-08-04T23:12:56.386+0300] {processor.py:161} INFO - Started process (PID=2152) to work on /home/grigory/airflow_venv/lib/python3.10/site-packages/airflow/example_dags/plugins/workday.py
[2024-08-04T23:12:56.453+0300] {processor.py:830} INFO - Processing file /home/grigory/airflow_venv/lib/python3.10/site-packages/airflow/example_dags/plugins/workday.py for tasks to queue
[2024-08-04T23:12:56.457+0300] {logging_mixin.py:188} INFO - [2024-08-04T23:12:56.456+0300] {dagbag.py:545} INFO - Filling up the DagBag from /home/grigory/airflow_venv/lib/python3.10/site-packages/airflow/example_dags/plugins/workday.py
[2024-08-04T23:12:56.473+0300] {logging_mixin.py:188} INFO - [2024-08-04T23:12:56.462+0300] {workday.py:41} WARNING - Could not import pandas. Holidays will not be considered.
[2024-08-04T23:12:56.475+0300] {processor.py:842} WARNING - No viable dags retrieved from /home/grigory/airflow_venv/lib/python3.10/site-packages/airflow/example_dags/plugins/workday.py
[2024-08-04T23:12:56.524+0300] {processor.py:183} INFO - Processing /home/grigory/airflow_venv/lib/python3.10/site-packages/airflow/example_dags/plugins/workday.py took 0.171 seconds
[2024-08-04T23:14:06.038+0300] {processor.py:161} INFO - Started process (PID=2207) to work on /home/grigory/airflow_venv/lib/python3.10/site-packages/airflow/example_dags/plugins/workday.py
[2024-08-04T23:14:06.039+0300] {processor.py:830} INFO - Processing file /home/grigory/airflow_venv/lib/python3.10/site-packages/airflow/example_dags/plugins/workday.py for tasks to queue
[2024-08-04T23:14:06.042+0300] {logging_mixin.py:188} INFO - [2024-08-04T23:14:06.041+0300] {dagbag.py:545} INFO - Filling up the DagBag from /home/grigory/airflow_venv/lib/python3.10/site-packages/airflow/example_dags/plugins/workday.py
[2024-08-04T23:14:06.046+0300] {logging_mixin.py:188} INFO - [2024-08-04T23:14:06.046+0300] {workday.py:41} WARNING - Could not import pandas. Holidays will not be considered.
[2024-08-04T23:14:06.047+0300] {processor.py:842} WARNING - No viable dags retrieved from /home/grigory/airflow_venv/lib/python3.10/site-packages/airflow/example_dags/plugins/workday.py
[2024-08-04T23:14:06.062+0300] {processor.py:183} INFO - Processing /home/grigory/airflow_venv/lib/python3.10/site-packages/airflow/example_dags/plugins/workday.py took 0.035 seconds
[2024-08-04T23:15:13.671+0300] {processor.py:161} INFO - Started process (PID=2262) to work on /home/grigory/airflow_venv/lib/python3.10/site-packages/airflow/example_dags/plugins/workday.py
[2024-08-04T23:15:13.673+0300] {processor.py:830} INFO - Processing file /home/grigory/airflow_venv/lib/python3.10/site-packages/airflow/example_dags/plugins/workday.py for tasks to queue
[2024-08-04T23:15:13.675+0300] {logging_mixin.py:188} INFO - [2024-08-04T23:15:13.675+0300] {dagbag.py:545} INFO - Filling up the DagBag from /home/grigory/airflow_venv/lib/python3.10/site-packages/airflow/example_dags/plugins/workday.py
[2024-08-04T23:15:13.679+0300] {logging_mixin.py:188} INFO - [2024-08-04T23:15:13.679+0300] {workday.py:41} WARNING - Could not import pandas. Holidays will not be considered.
[2024-08-04T23:15:13.680+0300] {processor.py:842} WARNING - No viable dags retrieved from /home/grigory/airflow_venv/lib/python3.10/site-packages/airflow/example_dags/plugins/workday.py
[2024-08-04T23:15:13.694+0300] {processor.py:183} INFO - Processing /home/grigory/airflow_venv/lib/python3.10/site-packages/airflow/example_dags/plugins/workday.py took 0.032 seconds
[2024-08-04T23:16:15.518+0300] {processor.py:161} INFO - Started process (PID=2315) to work on /home/grigory/airflow_venv/lib/python3.10/site-packages/airflow/example_dags/plugins/workday.py
[2024-08-04T23:16:15.519+0300] {processor.py:830} INFO - Processing file /home/grigory/airflow_venv/lib/python3.10/site-packages/airflow/example_dags/plugins/workday.py for tasks to queue
[2024-08-04T23:16:15.522+0300] {logging_mixin.py:188} INFO - [2024-08-04T23:16:15.521+0300] {dagbag.py:545} INFO - Filling up the DagBag from /home/grigory/airflow_venv/lib/python3.10/site-packages/airflow/example_dags/plugins/workday.py
[2024-08-04T23:16:15.526+0300] {logging_mixin.py:188} INFO - [2024-08-04T23:16:15.525+0300] {workday.py:41} WARNING - Could not import pandas. Holidays will not be considered.
[2024-08-04T23:16:15.527+0300] {processor.py:842} WARNING - No viable dags retrieved from /home/grigory/airflow_venv/lib/python3.10/site-packages/airflow/example_dags/plugins/workday.py
[2024-08-04T23:16:15.542+0300] {processor.py:183} INFO - Processing /home/grigory/airflow_venv/lib/python3.10/site-packages/airflow/example_dags/plugins/workday.py took 0.036 seconds
[2024-08-04T23:17:15.149+0300] {processor.py:161} INFO - Started process (PID=2369) to work on /home/grigory/airflow_venv/lib/python3.10/site-packages/airflow/example_dags/plugins/workday.py
[2024-08-04T23:17:15.151+0300] {processor.py:830} INFO - Processing file /home/grigory/airflow_venv/lib/python3.10/site-packages/airflow/example_dags/plugins/workday.py for tasks to queue
[2024-08-04T23:17:15.154+0300] {logging_mixin.py:188} INFO - [2024-08-04T23:17:15.154+0300] {dagbag.py:545} INFO - Filling up the DagBag from /home/grigory/airflow_venv/lib/python3.10/site-packages/airflow/example_dags/plugins/workday.py
[2024-08-04T23:17:15.160+0300] {logging_mixin.py:188} INFO - [2024-08-04T23:17:15.159+0300] {workday.py:41} WARNING - Could not import pandas. Holidays will not be considered.
[2024-08-04T23:17:15.161+0300] {processor.py:842} WARNING - No viable dags retrieved from /home/grigory/airflow_venv/lib/python3.10/site-packages/airflow/example_dags/plugins/workday.py
[2024-08-04T23:17:15.182+0300] {processor.py:183} INFO - Processing /home/grigory/airflow_venv/lib/python3.10/site-packages/airflow/example_dags/plugins/workday.py took 0.051 seconds
[2024-08-04T23:18:30.722+0300] {processor.py:161} INFO - Started process (PID=2420) to work on /home/grigory/airflow_venv/lib/python3.10/site-packages/airflow/example_dags/plugins/workday.py
[2024-08-04T23:18:30.786+0300] {processor.py:830} INFO - Processing file /home/grigory/airflow_venv/lib/python3.10/site-packages/airflow/example_dags/plugins/workday.py for tasks to queue
[2024-08-04T23:18:30.790+0300] {logging_mixin.py:188} INFO - [2024-08-04T23:18:30.789+0300] {dagbag.py:545} INFO - Filling up the DagBag from /home/grigory/airflow_venv/lib/python3.10/site-packages/airflow/example_dags/plugins/workday.py
[2024-08-04T23:18:30.806+0300] {logging_mixin.py:188} INFO - [2024-08-04T23:18:30.805+0300] {workday.py:41} WARNING - Could not import pandas. Holidays will not be considered.
[2024-08-04T23:18:30.807+0300] {processor.py:842} WARNING - No viable dags retrieved from /home/grigory/airflow_venv/lib/python3.10/site-packages/airflow/example_dags/plugins/workday.py
[2024-08-04T23:18:30.869+0300] {processor.py:183} INFO - Processing /home/grigory/airflow_venv/lib/python3.10/site-packages/airflow/example_dags/plugins/workday.py took 0.180 seconds
[2024-08-04T23:20:10.235+0300] {processor.py:161} INFO - Started process (PID=2491) to work on /home/grigory/airflow_venv/lib/python3.10/site-packages/airflow/example_dags/plugins/workday.py
[2024-08-04T23:20:10.236+0300] {processor.py:830} INFO - Processing file /home/grigory/airflow_venv/lib/python3.10/site-packages/airflow/example_dags/plugins/workday.py for tasks to queue
[2024-08-04T23:20:10.238+0300] {logging_mixin.py:188} INFO - [2024-08-04T23:20:10.238+0300] {dagbag.py:545} INFO - Filling up the DagBag from /home/grigory/airflow_venv/lib/python3.10/site-packages/airflow/example_dags/plugins/workday.py
[2024-08-04T23:20:10.242+0300] {logging_mixin.py:188} INFO - [2024-08-04T23:20:10.242+0300] {workday.py:41} WARNING - Could not import pandas. Holidays will not be considered.
[2024-08-04T23:20:10.242+0300] {processor.py:842} WARNING - No viable dags retrieved from /home/grigory/airflow_venv/lib/python3.10/site-packages/airflow/example_dags/plugins/workday.py
[2024-08-04T23:20:10.255+0300] {processor.py:183} INFO - Processing /home/grigory/airflow_venv/lib/python3.10/site-packages/airflow/example_dags/plugins/workday.py took 0.029 seconds
[2024-08-04T23:21:08.095+0300] {processor.py:161} INFO - Started process (PID=2543) to work on /home/grigory/airflow_venv/lib/python3.10/site-packages/airflow/example_dags/plugins/workday.py
[2024-08-04T23:21:08.305+0300] {processor.py:830} INFO - Processing file /home/grigory/airflow_venv/lib/python3.10/site-packages/airflow/example_dags/plugins/workday.py for tasks to queue
[2024-08-04T23:21:08.308+0300] {logging_mixin.py:188} INFO - [2024-08-04T23:21:08.307+0300] {dagbag.py:545} INFO - Filling up the DagBag from /home/grigory/airflow_venv/lib/python3.10/site-packages/airflow/example_dags/plugins/workday.py
[2024-08-04T23:21:08.314+0300] {logging_mixin.py:188} INFO - [2024-08-04T23:21:08.314+0300] {workday.py:41} WARNING - Could not import pandas. Holidays will not be considered.
[2024-08-04T23:21:08.318+0300] {processor.py:842} WARNING - No viable dags retrieved from /home/grigory/airflow_venv/lib/python3.10/site-packages/airflow/example_dags/plugins/workday.py
[2024-08-04T23:21:08.350+0300] {processor.py:183} INFO - Processing /home/grigory/airflow_venv/lib/python3.10/site-packages/airflow/example_dags/plugins/workday.py took 0.279 seconds
[2024-08-04T23:22:12.242+0300] {processor.py:161} INFO - Started process (PID=2601) to work on /home/grigory/airflow_venv/lib/python3.10/site-packages/airflow/example_dags/plugins/workday.py
[2024-08-04T23:22:12.245+0300] {processor.py:830} INFO - Processing file /home/grigory/airflow_venv/lib/python3.10/site-packages/airflow/example_dags/plugins/workday.py for tasks to queue
[2024-08-04T23:22:12.247+0300] {logging_mixin.py:188} INFO - [2024-08-04T23:22:12.246+0300] {dagbag.py:545} INFO - Filling up the DagBag from /home/grigory/airflow_venv/lib/python3.10/site-packages/airflow/example_dags/plugins/workday.py
[2024-08-04T23:22:12.250+0300] {logging_mixin.py:188} INFO - [2024-08-04T23:22:12.250+0300] {workday.py:41} WARNING - Could not import pandas. Holidays will not be considered.
[2024-08-04T23:22:12.251+0300] {processor.py:842} WARNING - No viable dags retrieved from /home/grigory/airflow_venv/lib/python3.10/site-packages/airflow/example_dags/plugins/workday.py
[2024-08-04T23:22:12.267+0300] {processor.py:183} INFO - Processing /home/grigory/airflow_venv/lib/python3.10/site-packages/airflow/example_dags/plugins/workday.py took 0.036 seconds
[2024-08-04T23:23:09.006+0300] {processor.py:161} INFO - Started process (PID=2650) to work on /home/grigory/airflow_venv/lib/python3.10/site-packages/airflow/example_dags/plugins/workday.py
[2024-08-04T23:23:09.008+0300] {processor.py:830} INFO - Processing file /home/grigory/airflow_venv/lib/python3.10/site-packages/airflow/example_dags/plugins/workday.py for tasks to queue
[2024-08-04T23:23:09.010+0300] {logging_mixin.py:188} INFO - [2024-08-04T23:23:09.010+0300] {dagbag.py:545} INFO - Filling up the DagBag from /home/grigory/airflow_venv/lib/python3.10/site-packages/airflow/example_dags/plugins/workday.py
[2024-08-04T23:23:09.014+0300] {logging_mixin.py:188} INFO - [2024-08-04T23:23:09.014+0300] {workday.py:41} WARNING - Could not import pandas. Holidays will not be considered.
[2024-08-04T23:23:09.015+0300] {processor.py:842} WARNING - No viable dags retrieved from /home/grigory/airflow_venv/lib/python3.10/site-packages/airflow/example_dags/plugins/workday.py
[2024-08-04T23:23:09.028+0300] {processor.py:183} INFO - Processing /home/grigory/airflow_venv/lib/python3.10/site-packages/airflow/example_dags/plugins/workday.py took 0.030 seconds
[2024-08-04T23:24:03.289+0300] {processor.py:161} INFO - Started process (PID=2701) to work on /home/grigory/airflow_venv/lib/python3.10/site-packages/airflow/example_dags/plugins/workday.py
[2024-08-04T23:24:03.291+0300] {processor.py:830} INFO - Processing file /home/grigory/airflow_venv/lib/python3.10/site-packages/airflow/example_dags/plugins/workday.py for tasks to queue
[2024-08-04T23:24:03.295+0300] {logging_mixin.py:188} INFO - [2024-08-04T23:24:03.294+0300] {dagbag.py:545} INFO - Filling up the DagBag from /home/grigory/airflow_venv/lib/python3.10/site-packages/airflow/example_dags/plugins/workday.py
[2024-08-04T23:24:03.301+0300] {logging_mixin.py:188} INFO - [2024-08-04T23:24:03.301+0300] {workday.py:41} WARNING - Could not import pandas. Holidays will not be considered.
[2024-08-04T23:24:03.310+0300] {processor.py:842} WARNING - No viable dags retrieved from /home/grigory/airflow_venv/lib/python3.10/site-packages/airflow/example_dags/plugins/workday.py
[2024-08-04T23:24:03.340+0300] {processor.py:183} INFO - Processing /home/grigory/airflow_venv/lib/python3.10/site-packages/airflow/example_dags/plugins/workday.py took 0.066 seconds
[2024-08-04T23:24:55.032+0300] {processor.py:161} INFO - Started process (PID=2750) to work on /home/grigory/airflow_venv/lib/python3.10/site-packages/airflow/example_dags/plugins/workday.py
[2024-08-04T23:24:55.034+0300] {processor.py:830} INFO - Processing file /home/grigory/airflow_venv/lib/python3.10/site-packages/airflow/example_dags/plugins/workday.py for tasks to queue
[2024-08-04T23:24:55.036+0300] {logging_mixin.py:188} INFO - [2024-08-04T23:24:55.036+0300] {dagbag.py:545} INFO - Filling up the DagBag from /home/grigory/airflow_venv/lib/python3.10/site-packages/airflow/example_dags/plugins/workday.py
[2024-08-04T23:24:55.039+0300] {logging_mixin.py:188} INFO - [2024-08-04T23:24:55.039+0300] {workday.py:41} WARNING - Could not import pandas. Holidays will not be considered.
[2024-08-04T23:24:55.040+0300] {processor.py:842} WARNING - No viable dags retrieved from /home/grigory/airflow_venv/lib/python3.10/site-packages/airflow/example_dags/plugins/workday.py
[2024-08-04T23:24:55.053+0300] {processor.py:183} INFO - Processing /home/grigory/airflow_venv/lib/python3.10/site-packages/airflow/example_dags/plugins/workday.py took 0.029 seconds
[2024-08-04T23:25:45.878+0300] {processor.py:161} INFO - Started process (PID=2799) to work on /home/grigory/airflow_venv/lib/python3.10/site-packages/airflow/example_dags/plugins/workday.py
[2024-08-04T23:25:45.880+0300] {processor.py:830} INFO - Processing file /home/grigory/airflow_venv/lib/python3.10/site-packages/airflow/example_dags/plugins/workday.py for tasks to queue
[2024-08-04T23:25:45.882+0300] {logging_mixin.py:188} INFO - [2024-08-04T23:25:45.882+0300] {dagbag.py:545} INFO - Filling up the DagBag from /home/grigory/airflow_venv/lib/python3.10/site-packages/airflow/example_dags/plugins/workday.py
[2024-08-04T23:25:45.887+0300] {logging_mixin.py:188} INFO - [2024-08-04T23:25:45.886+0300] {workday.py:41} WARNING - Could not import pandas. Holidays will not be considered.
[2024-08-04T23:25:45.887+0300] {processor.py:842} WARNING - No viable dags retrieved from /home/grigory/airflow_venv/lib/python3.10/site-packages/airflow/example_dags/plugins/workday.py
[2024-08-04T23:25:45.903+0300] {processor.py:183} INFO - Processing /home/grigory/airflow_venv/lib/python3.10/site-packages/airflow/example_dags/plugins/workday.py took 0.040 seconds
[2024-08-04T23:26:38.991+0300] {processor.py:161} INFO - Started process (PID=2844) to work on /home/grigory/airflow_venv/lib/python3.10/site-packages/airflow/example_dags/plugins/workday.py
[2024-08-04T23:26:38.993+0300] {processor.py:830} INFO - Processing file /home/grigory/airflow_venv/lib/python3.10/site-packages/airflow/example_dags/plugins/workday.py for tasks to queue
[2024-08-04T23:26:38.994+0300] {logging_mixin.py:188} INFO - [2024-08-04T23:26:38.994+0300] {dagbag.py:545} INFO - Filling up the DagBag from /home/grigory/airflow_venv/lib/python3.10/site-packages/airflow/example_dags/plugins/workday.py
[2024-08-04T23:26:38.998+0300] {logging_mixin.py:188} INFO - [2024-08-04T23:26:38.997+0300] {workday.py:41} WARNING - Could not import pandas. Holidays will not be considered.
[2024-08-04T23:26:38.998+0300] {processor.py:842} WARNING - No viable dags retrieved from /home/grigory/airflow_venv/lib/python3.10/site-packages/airflow/example_dags/plugins/workday.py
[2024-08-04T23:26:39.011+0300] {processor.py:183} INFO - Processing /home/grigory/airflow_venv/lib/python3.10/site-packages/airflow/example_dags/plugins/workday.py took 0.028 seconds
[2024-08-04T23:27:41.003+0300] {processor.py:161} INFO - Started process (PID=2921) to work on /home/grigory/airflow_venv/lib/python3.10/site-packages/airflow/example_dags/plugins/workday.py
[2024-08-04T23:27:41.005+0300] {processor.py:830} INFO - Processing file /home/grigory/airflow_venv/lib/python3.10/site-packages/airflow/example_dags/plugins/workday.py for tasks to queue
[2024-08-04T23:27:41.007+0300] {logging_mixin.py:188} INFO - [2024-08-04T23:27:41.006+0300] {dagbag.py:545} INFO - Filling up the DagBag from /home/grigory/airflow_venv/lib/python3.10/site-packages/airflow/example_dags/plugins/workday.py
[2024-08-04T23:27:41.010+0300] {logging_mixin.py:188} INFO - [2024-08-04T23:27:41.010+0300] {workday.py:41} WARNING - Could not import pandas. Holidays will not be considered.
[2024-08-04T23:27:41.011+0300] {processor.py:842} WARNING - No viable dags retrieved from /home/grigory/airflow_venv/lib/python3.10/site-packages/airflow/example_dags/plugins/workday.py
[2024-08-04T23:27:41.023+0300] {processor.py:183} INFO - Processing /home/grigory/airflow_venv/lib/python3.10/site-packages/airflow/example_dags/plugins/workday.py took 0.028 seconds
[2024-08-04T23:28:35.646+0300] {processor.py:161} INFO - Started process (PID=2972) to work on /home/grigory/airflow_venv/lib/python3.10/site-packages/airflow/example_dags/plugins/workday.py
[2024-08-04T23:28:35.648+0300] {processor.py:830} INFO - Processing file /home/grigory/airflow_venv/lib/python3.10/site-packages/airflow/example_dags/plugins/workday.py for tasks to queue
[2024-08-04T23:28:35.651+0300] {logging_mixin.py:188} INFO - [2024-08-04T23:28:35.650+0300] {dagbag.py:545} INFO - Filling up the DagBag from /home/grigory/airflow_venv/lib/python3.10/site-packages/airflow/example_dags/plugins/workday.py
[2024-08-04T23:28:35.657+0300] {logging_mixin.py:188} INFO - [2024-08-04T23:28:35.656+0300] {workday.py:41} WARNING - Could not import pandas. Holidays will not be considered.
[2024-08-04T23:28:35.658+0300] {processor.py:842} WARNING - No viable dags retrieved from /home/grigory/airflow_venv/lib/python3.10/site-packages/airflow/example_dags/plugins/workday.py
[2024-08-04T23:28:35.678+0300] {processor.py:183} INFO - Processing /home/grigory/airflow_venv/lib/python3.10/site-packages/airflow/example_dags/plugins/workday.py took 0.065 seconds
[2024-08-04T23:29:29.422+0300] {processor.py:161} INFO - Started process (PID=3021) to work on /home/grigory/airflow_venv/lib/python3.10/site-packages/airflow/example_dags/plugins/workday.py
[2024-08-04T23:29:29.424+0300] {processor.py:830} INFO - Processing file /home/grigory/airflow_venv/lib/python3.10/site-packages/airflow/example_dags/plugins/workday.py for tasks to queue
[2024-08-04T23:29:29.426+0300] {logging_mixin.py:188} INFO - [2024-08-04T23:29:29.425+0300] {dagbag.py:545} INFO - Filling up the DagBag from /home/grigory/airflow_venv/lib/python3.10/site-packages/airflow/example_dags/plugins/workday.py
[2024-08-04T23:29:29.429+0300] {logging_mixin.py:188} INFO - [2024-08-04T23:29:29.429+0300] {workday.py:41} WARNING - Could not import pandas. Holidays will not be considered.
[2024-08-04T23:29:29.430+0300] {processor.py:842} WARNING - No viable dags retrieved from /home/grigory/airflow_venv/lib/python3.10/site-packages/airflow/example_dags/plugins/workday.py
[2024-08-04T23:29:29.443+0300] {processor.py:183} INFO - Processing /home/grigory/airflow_venv/lib/python3.10/site-packages/airflow/example_dags/plugins/workday.py took 0.029 seconds
[2024-08-04T23:30:23.125+0300] {processor.py:161} INFO - Started process (PID=3071) to work on /home/grigory/airflow_venv/lib/python3.10/site-packages/airflow/example_dags/plugins/workday.py
[2024-08-04T23:30:23.127+0300] {processor.py:830} INFO - Processing file /home/grigory/airflow_venv/lib/python3.10/site-packages/airflow/example_dags/plugins/workday.py for tasks to queue
[2024-08-04T23:30:23.129+0300] {logging_mixin.py:188} INFO - [2024-08-04T23:30:23.129+0300] {dagbag.py:545} INFO - Filling up the DagBag from /home/grigory/airflow_venv/lib/python3.10/site-packages/airflow/example_dags/plugins/workday.py
[2024-08-04T23:30:23.133+0300] {logging_mixin.py:188} INFO - [2024-08-04T23:30:23.133+0300] {workday.py:41} WARNING - Could not import pandas. Holidays will not be considered.
[2024-08-04T23:30:23.134+0300] {processor.py:842} WARNING - No viable dags retrieved from /home/grigory/airflow_venv/lib/python3.10/site-packages/airflow/example_dags/plugins/workday.py
[2024-08-04T23:30:23.148+0300] {processor.py:183} INFO - Processing /home/grigory/airflow_venv/lib/python3.10/site-packages/airflow/example_dags/plugins/workday.py took 0.031 seconds
[2024-08-04T23:31:17.348+0300] {processor.py:161} INFO - Started process (PID=3124) to work on /home/grigory/airflow_venv/lib/python3.10/site-packages/airflow/example_dags/plugins/workday.py
[2024-08-04T23:31:17.350+0300] {processor.py:830} INFO - Processing file /home/grigory/airflow_venv/lib/python3.10/site-packages/airflow/example_dags/plugins/workday.py for tasks to queue
[2024-08-04T23:31:17.354+0300] {logging_mixin.py:188} INFO - [2024-08-04T23:31:17.353+0300] {dagbag.py:545} INFO - Filling up the DagBag from /home/grigory/airflow_venv/lib/python3.10/site-packages/airflow/example_dags/plugins/workday.py
[2024-08-04T23:31:17.358+0300] {logging_mixin.py:188} INFO - [2024-08-04T23:31:17.358+0300] {workday.py:41} WARNING - Could not import pandas. Holidays will not be considered.
[2024-08-04T23:31:17.359+0300] {processor.py:842} WARNING - No viable dags retrieved from /home/grigory/airflow_venv/lib/python3.10/site-packages/airflow/example_dags/plugins/workday.py
[2024-08-04T23:31:17.377+0300] {processor.py:183} INFO - Processing /home/grigory/airflow_venv/lib/python3.10/site-packages/airflow/example_dags/plugins/workday.py took 0.040 seconds
[2024-08-04T23:32:07.661+0300] {processor.py:161} INFO - Started process (PID=3173) to work on /home/grigory/airflow_venv/lib/python3.10/site-packages/airflow/example_dags/plugins/workday.py
[2024-08-04T23:32:07.668+0300] {processor.py:830} INFO - Processing file /home/grigory/airflow_venv/lib/python3.10/site-packages/airflow/example_dags/plugins/workday.py for tasks to queue
[2024-08-04T23:32:07.670+0300] {logging_mixin.py:188} INFO - [2024-08-04T23:32:07.670+0300] {dagbag.py:545} INFO - Filling up the DagBag from /home/grigory/airflow_venv/lib/python3.10/site-packages/airflow/example_dags/plugins/workday.py
[2024-08-04T23:32:07.675+0300] {logging_mixin.py:188} INFO - [2024-08-04T23:32:07.674+0300] {workday.py:41} WARNING - Could not import pandas. Holidays will not be considered.
[2024-08-04T23:32:07.676+0300] {processor.py:842} WARNING - No viable dags retrieved from /home/grigory/airflow_venv/lib/python3.10/site-packages/airflow/example_dags/plugins/workday.py
[2024-08-04T23:32:07.698+0300] {processor.py:183} INFO - Processing /home/grigory/airflow_venv/lib/python3.10/site-packages/airflow/example_dags/plugins/workday.py took 0.047 seconds
[2024-08-04T23:33:03.057+0300] {processor.py:161} INFO - Started process (PID=3226) to work on /home/grigory/airflow_venv/lib/python3.10/site-packages/airflow/example_dags/plugins/workday.py
[2024-08-04T23:33:03.059+0300] {processor.py:830} INFO - Processing file /home/grigory/airflow_venv/lib/python3.10/site-packages/airflow/example_dags/plugins/workday.py for tasks to queue
[2024-08-04T23:33:03.063+0300] {logging_mixin.py:188} INFO - [2024-08-04T23:33:03.062+0300] {dagbag.py:545} INFO - Filling up the DagBag from /home/grigory/airflow_venv/lib/python3.10/site-packages/airflow/example_dags/plugins/workday.py
[2024-08-04T23:33:03.069+0300] {logging_mixin.py:188} INFO - [2024-08-04T23:33:03.068+0300] {workday.py:41} WARNING - Could not import pandas. Holidays will not be considered.
[2024-08-04T23:33:03.069+0300] {processor.py:842} WARNING - No viable dags retrieved from /home/grigory/airflow_venv/lib/python3.10/site-packages/airflow/example_dags/plugins/workday.py
[2024-08-04T23:33:03.086+0300] {processor.py:183} INFO - Processing /home/grigory/airflow_venv/lib/python3.10/site-packages/airflow/example_dags/plugins/workday.py took 0.041 seconds
[2024-08-04T23:33:58.191+0300] {processor.py:161} INFO - Started process (PID=3277) to work on /home/grigory/airflow_venv/lib/python3.10/site-packages/airflow/example_dags/plugins/workday.py
[2024-08-04T23:33:58.194+0300] {processor.py:830} INFO - Processing file /home/grigory/airflow_venv/lib/python3.10/site-packages/airflow/example_dags/plugins/workday.py for tasks to queue
[2024-08-04T23:33:58.197+0300] {logging_mixin.py:188} INFO - [2024-08-04T23:33:58.196+0300] {dagbag.py:545} INFO - Filling up the DagBag from /home/grigory/airflow_venv/lib/python3.10/site-packages/airflow/example_dags/plugins/workday.py
[2024-08-04T23:33:58.203+0300] {logging_mixin.py:188} INFO - [2024-08-04T23:33:58.203+0300] {workday.py:41} WARNING - Could not import pandas. Holidays will not be considered.
[2024-08-04T23:33:58.205+0300] {processor.py:842} WARNING - No viable dags retrieved from /home/grigory/airflow_venv/lib/python3.10/site-packages/airflow/example_dags/plugins/workday.py
[2024-08-04T23:33:58.237+0300] {processor.py:183} INFO - Processing /home/grigory/airflow_venv/lib/python3.10/site-packages/airflow/example_dags/plugins/workday.py took 0.063 seconds
[2024-08-04T23:34:48.882+0300] {processor.py:161} INFO - Started process (PID=3327) to work on /home/grigory/airflow_venv/lib/python3.10/site-packages/airflow/example_dags/plugins/workday.py
[2024-08-04T23:34:48.883+0300] {processor.py:830} INFO - Processing file /home/grigory/airflow_venv/lib/python3.10/site-packages/airflow/example_dags/plugins/workday.py for tasks to queue
[2024-08-04T23:34:48.887+0300] {logging_mixin.py:188} INFO - [2024-08-04T23:34:48.886+0300] {dagbag.py:545} INFO - Filling up the DagBag from /home/grigory/airflow_venv/lib/python3.10/site-packages/airflow/example_dags/plugins/workday.py
[2024-08-04T23:34:48.894+0300] {logging_mixin.py:188} INFO - [2024-08-04T23:34:48.894+0300] {workday.py:41} WARNING - Could not import pandas. Holidays will not be considered.
[2024-08-04T23:34:48.895+0300] {processor.py:842} WARNING - No viable dags retrieved from /home/grigory/airflow_venv/lib/python3.10/site-packages/airflow/example_dags/plugins/workday.py
[2024-08-04T23:34:48.911+0300] {processor.py:183} INFO - Processing /home/grigory/airflow_venv/lib/python3.10/site-packages/airflow/example_dags/plugins/workday.py took 0.047 seconds
[2024-08-04T23:35:58.257+0300] {processor.py:161} INFO - Started process (PID=3393) to work on /home/grigory/airflow_venv/lib/python3.10/site-packages/airflow/example_dags/plugins/workday.py
[2024-08-04T23:35:58.259+0300] {processor.py:830} INFO - Processing file /home/grigory/airflow_venv/lib/python3.10/site-packages/airflow/example_dags/plugins/workday.py for tasks to queue
[2024-08-04T23:35:58.262+0300] {logging_mixin.py:188} INFO - [2024-08-04T23:35:58.261+0300] {dagbag.py:545} INFO - Filling up the DagBag from /home/grigory/airflow_venv/lib/python3.10/site-packages/airflow/example_dags/plugins/workday.py
[2024-08-04T23:35:58.266+0300] {logging_mixin.py:188} INFO - [2024-08-04T23:35:58.266+0300] {workday.py:41} WARNING - Could not import pandas. Holidays will not be considered.
[2024-08-04T23:35:58.266+0300] {processor.py:842} WARNING - No viable dags retrieved from /home/grigory/airflow_venv/lib/python3.10/site-packages/airflow/example_dags/plugins/workday.py
[2024-08-04T23:35:58.281+0300] {processor.py:183} INFO - Processing /home/grigory/airflow_venv/lib/python3.10/site-packages/airflow/example_dags/plugins/workday.py took 0.034 seconds
[2024-08-04T23:36:47.812+0300] {processor.py:161} INFO - Started process (PID=3442) to work on /home/grigory/airflow_venv/lib/python3.10/site-packages/airflow/example_dags/plugins/workday.py
[2024-08-04T23:36:47.814+0300] {processor.py:830} INFO - Processing file /home/grigory/airflow_venv/lib/python3.10/site-packages/airflow/example_dags/plugins/workday.py for tasks to queue
[2024-08-04T23:36:47.817+0300] {logging_mixin.py:188} INFO - [2024-08-04T23:36:47.816+0300] {dagbag.py:545} INFO - Filling up the DagBag from /home/grigory/airflow_venv/lib/python3.10/site-packages/airflow/example_dags/plugins/workday.py
[2024-08-04T23:36:47.823+0300] {logging_mixin.py:188} INFO - [2024-08-04T23:36:47.822+0300] {workday.py:41} WARNING - Could not import pandas. Holidays will not be considered.
[2024-08-04T23:36:47.823+0300] {processor.py:842} WARNING - No viable dags retrieved from /home/grigory/airflow_venv/lib/python3.10/site-packages/airflow/example_dags/plugins/workday.py
[2024-08-04T23:36:47.843+0300] {processor.py:183} INFO - Processing /home/grigory/airflow_venv/lib/python3.10/site-packages/airflow/example_dags/plugins/workday.py took 0.045 seconds
[2024-08-04T23:37:36.731+0300] {processor.py:161} INFO - Started process (PID=3489) to work on /home/grigory/airflow_venv/lib/python3.10/site-packages/airflow/example_dags/plugins/workday.py
[2024-08-04T23:37:36.733+0300] {processor.py:830} INFO - Processing file /home/grigory/airflow_venv/lib/python3.10/site-packages/airflow/example_dags/plugins/workday.py for tasks to queue
[2024-08-04T23:37:36.736+0300] {logging_mixin.py:188} INFO - [2024-08-04T23:37:36.736+0300] {dagbag.py:545} INFO - Filling up the DagBag from /home/grigory/airflow_venv/lib/python3.10/site-packages/airflow/example_dags/plugins/workday.py
[2024-08-04T23:37:36.741+0300] {logging_mixin.py:188} INFO - [2024-08-04T23:37:36.741+0300] {workday.py:41} WARNING - Could not import pandas. Holidays will not be considered.
[2024-08-04T23:37:36.742+0300] {processor.py:842} WARNING - No viable dags retrieved from /home/grigory/airflow_venv/lib/python3.10/site-packages/airflow/example_dags/plugins/workday.py
[2024-08-04T23:37:36.760+0300] {processor.py:183} INFO - Processing /home/grigory/airflow_venv/lib/python3.10/site-packages/airflow/example_dags/plugins/workday.py took 0.038 seconds
[2024-08-04T23:38:27.051+0300] {processor.py:161} INFO - Started process (PID=3536) to work on /home/grigory/airflow_venv/lib/python3.10/site-packages/airflow/example_dags/plugins/workday.py
[2024-08-04T23:38:27.052+0300] {processor.py:830} INFO - Processing file /home/grigory/airflow_venv/lib/python3.10/site-packages/airflow/example_dags/plugins/workday.py for tasks to queue
[2024-08-04T23:38:27.054+0300] {logging_mixin.py:188} INFO - [2024-08-04T23:38:27.054+0300] {dagbag.py:545} INFO - Filling up the DagBag from /home/grigory/airflow_venv/lib/python3.10/site-packages/airflow/example_dags/plugins/workday.py
[2024-08-04T23:38:27.058+0300] {logging_mixin.py:188} INFO - [2024-08-04T23:38:27.057+0300] {workday.py:41} WARNING - Could not import pandas. Holidays will not be considered.
[2024-08-04T23:38:27.058+0300] {processor.py:842} WARNING - No viable dags retrieved from /home/grigory/airflow_venv/lib/python3.10/site-packages/airflow/example_dags/plugins/workday.py
[2024-08-04T23:38:27.072+0300] {processor.py:183} INFO - Processing /home/grigory/airflow_venv/lib/python3.10/site-packages/airflow/example_dags/plugins/workday.py took 0.030 seconds
[2024-08-04T23:39:14.926+0300] {processor.py:161} INFO - Started process (PID=3583) to work on /home/grigory/airflow_venv/lib/python3.10/site-packages/airflow/example_dags/plugins/workday.py
[2024-08-04T23:39:14.928+0300] {processor.py:830} INFO - Processing file /home/grigory/airflow_venv/lib/python3.10/site-packages/airflow/example_dags/plugins/workday.py for tasks to queue
[2024-08-04T23:39:14.930+0300] {logging_mixin.py:188} INFO - [2024-08-04T23:39:14.929+0300] {dagbag.py:545} INFO - Filling up the DagBag from /home/grigory/airflow_venv/lib/python3.10/site-packages/airflow/example_dags/plugins/workday.py
[2024-08-04T23:39:14.933+0300] {logging_mixin.py:188} INFO - [2024-08-04T23:39:14.933+0300] {workday.py:41} WARNING - Could not import pandas. Holidays will not be considered.
[2024-08-04T23:39:14.934+0300] {processor.py:842} WARNING - No viable dags retrieved from /home/grigory/airflow_venv/lib/python3.10/site-packages/airflow/example_dags/plugins/workday.py
[2024-08-04T23:39:14.946+0300] {processor.py:183} INFO - Processing /home/grigory/airflow_venv/lib/python3.10/site-packages/airflow/example_dags/plugins/workday.py took 0.029 seconds
[2024-08-04T23:40:02.760+0300] {processor.py:161} INFO - Started process (PID=3627) to work on /home/grigory/airflow_venv/lib/python3.10/site-packages/airflow/example_dags/plugins/workday.py
[2024-08-04T23:40:02.762+0300] {processor.py:830} INFO - Processing file /home/grigory/airflow_venv/lib/python3.10/site-packages/airflow/example_dags/plugins/workday.py for tasks to queue
[2024-08-04T23:40:02.764+0300] {logging_mixin.py:188} INFO - [2024-08-04T23:40:02.763+0300] {dagbag.py:545} INFO - Filling up the DagBag from /home/grigory/airflow_venv/lib/python3.10/site-packages/airflow/example_dags/plugins/workday.py
[2024-08-04T23:40:02.767+0300] {logging_mixin.py:188} INFO - [2024-08-04T23:40:02.767+0300] {workday.py:41} WARNING - Could not import pandas. Holidays will not be considered.
[2024-08-04T23:40:02.767+0300] {processor.py:842} WARNING - No viable dags retrieved from /home/grigory/airflow_venv/lib/python3.10/site-packages/airflow/example_dags/plugins/workday.py
[2024-08-04T23:40:02.780+0300] {processor.py:183} INFO - Processing /home/grigory/airflow_venv/lib/python3.10/site-packages/airflow/example_dags/plugins/workday.py took 0.029 seconds
[2024-08-04T23:40:52.639+0300] {processor.py:161} INFO - Started process (PID=3675) to work on /home/grigory/airflow_venv/lib/python3.10/site-packages/airflow/example_dags/plugins/workday.py
[2024-08-04T23:40:52.641+0300] {processor.py:830} INFO - Processing file /home/grigory/airflow_venv/lib/python3.10/site-packages/airflow/example_dags/plugins/workday.py for tasks to queue
[2024-08-04T23:40:52.645+0300] {logging_mixin.py:188} INFO - [2024-08-04T23:40:52.644+0300] {dagbag.py:545} INFO - Filling up the DagBag from /home/grigory/airflow_venv/lib/python3.10/site-packages/airflow/example_dags/plugins/workday.py
[2024-08-04T23:40:52.650+0300] {logging_mixin.py:188} INFO - [2024-08-04T23:40:52.650+0300] {workday.py:41} WARNING - Could not import pandas. Holidays will not be considered.
[2024-08-04T23:40:52.651+0300] {processor.py:842} WARNING - No viable dags retrieved from /home/grigory/airflow_venv/lib/python3.10/site-packages/airflow/example_dags/plugins/workday.py
[2024-08-04T23:40:52.666+0300] {processor.py:183} INFO - Processing /home/grigory/airflow_venv/lib/python3.10/site-packages/airflow/example_dags/plugins/workday.py took 0.036 seconds
[2024-08-04T23:42:10.289+0300] {processor.py:161} INFO - Started process (PID=3742) to work on /home/grigory/airflow_venv/lib/python3.10/site-packages/airflow/example_dags/plugins/workday.py
[2024-08-04T23:42:10.317+0300] {processor.py:830} INFO - Processing file /home/grigory/airflow_venv/lib/python3.10/site-packages/airflow/example_dags/plugins/workday.py for tasks to queue
[2024-08-04T23:42:10.321+0300] {logging_mixin.py:188} INFO - [2024-08-04T23:42:10.320+0300] {dagbag.py:545} INFO - Filling up the DagBag from /home/grigory/airflow_venv/lib/python3.10/site-packages/airflow/example_dags/plugins/workday.py
[2024-08-04T23:42:10.337+0300] {logging_mixin.py:188} INFO - [2024-08-04T23:42:10.327+0300] {workday.py:41} WARNING - Could not import pandas. Holidays will not be considered.
[2024-08-04T23:42:10.338+0300] {processor.py:842} WARNING - No viable dags retrieved from /home/grigory/airflow_venv/lib/python3.10/site-packages/airflow/example_dags/plugins/workday.py
[2024-08-04T23:42:10.385+0300] {processor.py:183} INFO - Processing /home/grigory/airflow_venv/lib/python3.10/site-packages/airflow/example_dags/plugins/workday.py took 0.127 seconds
[2024-08-04T23:43:07.253+0300] {processor.py:161} INFO - Started process (PID=3796) to work on /home/grigory/airflow_venv/lib/python3.10/site-packages/airflow/example_dags/plugins/workday.py
[2024-08-04T23:43:07.255+0300] {processor.py:830} INFO - Processing file /home/grigory/airflow_venv/lib/python3.10/site-packages/airflow/example_dags/plugins/workday.py for tasks to queue
[2024-08-04T23:43:07.257+0300] {logging_mixin.py:188} INFO - [2024-08-04T23:43:07.257+0300] {dagbag.py:545} INFO - Filling up the DagBag from /home/grigory/airflow_venv/lib/python3.10/site-packages/airflow/example_dags/plugins/workday.py
[2024-08-04T23:43:07.261+0300] {logging_mixin.py:188} INFO - [2024-08-04T23:43:07.260+0300] {workday.py:41} WARNING - Could not import pandas. Holidays will not be considered.
[2024-08-04T23:43:07.261+0300] {processor.py:842} WARNING - No viable dags retrieved from /home/grigory/airflow_venv/lib/python3.10/site-packages/airflow/example_dags/plugins/workday.py
[2024-08-04T23:43:07.274+0300] {processor.py:183} INFO - Processing /home/grigory/airflow_venv/lib/python3.10/site-packages/airflow/example_dags/plugins/workday.py took 0.029 seconds
[2024-08-04T23:44:15.176+0300] {processor.py:161} INFO - Started process (PID=3862) to work on /home/grigory/airflow_venv/lib/python3.10/site-packages/airflow/example_dags/plugins/workday.py
[2024-08-04T23:44:15.178+0300] {processor.py:830} INFO - Processing file /home/grigory/airflow_venv/lib/python3.10/site-packages/airflow/example_dags/plugins/workday.py for tasks to queue
[2024-08-04T23:44:15.180+0300] {logging_mixin.py:188} INFO - [2024-08-04T23:44:15.180+0300] {dagbag.py:545} INFO - Filling up the DagBag from /home/grigory/airflow_venv/lib/python3.10/site-packages/airflow/example_dags/plugins/workday.py
[2024-08-04T23:44:15.184+0300] {logging_mixin.py:188} INFO - [2024-08-04T23:44:15.183+0300] {workday.py:41} WARNING - Could not import pandas. Holidays will not be considered.
[2024-08-04T23:44:15.184+0300] {processor.py:842} WARNING - No viable dags retrieved from /home/grigory/airflow_venv/lib/python3.10/site-packages/airflow/example_dags/plugins/workday.py
[2024-08-04T23:44:15.198+0300] {processor.py:183} INFO - Processing /home/grigory/airflow_venv/lib/python3.10/site-packages/airflow/example_dags/plugins/workday.py took 0.029 seconds
[2024-08-04T23:45:25.404+0300] {processor.py:161} INFO - Started process (PID=3929) to work on /home/grigory/airflow_venv/lib/python3.10/site-packages/airflow/example_dags/plugins/workday.py
[2024-08-04T23:45:25.405+0300] {processor.py:830} INFO - Processing file /home/grigory/airflow_venv/lib/python3.10/site-packages/airflow/example_dags/plugins/workday.py for tasks to queue
[2024-08-04T23:45:25.407+0300] {logging_mixin.py:188} INFO - [2024-08-04T23:45:25.407+0300] {dagbag.py:545} INFO - Filling up the DagBag from /home/grigory/airflow_venv/lib/python3.10/site-packages/airflow/example_dags/plugins/workday.py
[2024-08-04T23:45:25.411+0300] {logging_mixin.py:188} INFO - [2024-08-04T23:45:25.410+0300] {workday.py:41} WARNING - Could not import pandas. Holidays will not be considered.
[2024-08-04T23:45:25.411+0300] {processor.py:842} WARNING - No viable dags retrieved from /home/grigory/airflow_venv/lib/python3.10/site-packages/airflow/example_dags/plugins/workday.py
[2024-08-04T23:45:25.424+0300] {processor.py:183} INFO - Processing /home/grigory/airflow_venv/lib/python3.10/site-packages/airflow/example_dags/plugins/workday.py took 0.029 seconds
[2024-08-04T23:46:34.021+0300] {processor.py:161} INFO - Started process (PID=3995) to work on /home/grigory/airflow_venv/lib/python3.10/site-packages/airflow/example_dags/plugins/workday.py
[2024-08-04T23:46:34.023+0300] {processor.py:830} INFO - Processing file /home/grigory/airflow_venv/lib/python3.10/site-packages/airflow/example_dags/plugins/workday.py for tasks to queue
[2024-08-04T23:46:34.025+0300] {logging_mixin.py:188} INFO - [2024-08-04T23:46:34.025+0300] {dagbag.py:545} INFO - Filling up the DagBag from /home/grigory/airflow_venv/lib/python3.10/site-packages/airflow/example_dags/plugins/workday.py
[2024-08-04T23:46:34.029+0300] {logging_mixin.py:188} INFO - [2024-08-04T23:46:34.028+0300] {workday.py:41} WARNING - Could not import pandas. Holidays will not be considered.
[2024-08-04T23:46:34.030+0300] {processor.py:842} WARNING - No viable dags retrieved from /home/grigory/airflow_venv/lib/python3.10/site-packages/airflow/example_dags/plugins/workday.py
[2024-08-04T23:46:34.042+0300] {processor.py:183} INFO - Processing /home/grigory/airflow_venv/lib/python3.10/site-packages/airflow/example_dags/plugins/workday.py took 0.029 seconds
[2024-08-04T23:47:21.471+0300] {processor.py:161} INFO - Started process (PID=4040) to work on /home/grigory/airflow_venv/lib/python3.10/site-packages/airflow/example_dags/plugins/workday.py
[2024-08-04T23:47:21.473+0300] {processor.py:830} INFO - Processing file /home/grigory/airflow_venv/lib/python3.10/site-packages/airflow/example_dags/plugins/workday.py for tasks to queue
[2024-08-04T23:47:21.475+0300] {logging_mixin.py:188} INFO - [2024-08-04T23:47:21.475+0300] {dagbag.py:545} INFO - Filling up the DagBag from /home/grigory/airflow_venv/lib/python3.10/site-packages/airflow/example_dags/plugins/workday.py
[2024-08-04T23:47:21.479+0300] {logging_mixin.py:188} INFO - [2024-08-04T23:47:21.479+0300] {workday.py:41} WARNING - Could not import pandas. Holidays will not be considered.
[2024-08-04T23:47:21.479+0300] {processor.py:842} WARNING - No viable dags retrieved from /home/grigory/airflow_venv/lib/python3.10/site-packages/airflow/example_dags/plugins/workday.py
[2024-08-04T23:47:21.494+0300] {processor.py:183} INFO - Processing /home/grigory/airflow_venv/lib/python3.10/site-packages/airflow/example_dags/plugins/workday.py took 0.031 seconds
[2024-08-04T23:48:09.804+0300] {processor.py:161} INFO - Started process (PID=4085) to work on /home/grigory/airflow_venv/lib/python3.10/site-packages/airflow/example_dags/plugins/workday.py
[2024-08-04T23:48:09.805+0300] {processor.py:830} INFO - Processing file /home/grigory/airflow_venv/lib/python3.10/site-packages/airflow/example_dags/plugins/workday.py for tasks to queue
[2024-08-04T23:48:09.807+0300] {logging_mixin.py:188} INFO - [2024-08-04T23:48:09.807+0300] {dagbag.py:545} INFO - Filling up the DagBag from /home/grigory/airflow_venv/lib/python3.10/site-packages/airflow/example_dags/plugins/workday.py
[2024-08-04T23:48:09.811+0300] {logging_mixin.py:188} INFO - [2024-08-04T23:48:09.811+0300] {workday.py:41} WARNING - Could not import pandas. Holidays will not be considered.
[2024-08-04T23:48:09.812+0300] {processor.py:842} WARNING - No viable dags retrieved from /home/grigory/airflow_venv/lib/python3.10/site-packages/airflow/example_dags/plugins/workday.py
[2024-08-04T23:48:09.824+0300] {processor.py:183} INFO - Processing /home/grigory/airflow_venv/lib/python3.10/site-packages/airflow/example_dags/plugins/workday.py took 0.028 seconds
[2024-08-04T23:48:58.835+0300] {processor.py:161} INFO - Started process (PID=4132) to work on /home/grigory/airflow_venv/lib/python3.10/site-packages/airflow/example_dags/plugins/workday.py
[2024-08-04T23:48:58.836+0300] {processor.py:830} INFO - Processing file /home/grigory/airflow_venv/lib/python3.10/site-packages/airflow/example_dags/plugins/workday.py for tasks to queue
[2024-08-04T23:48:58.838+0300] {logging_mixin.py:188} INFO - [2024-08-04T23:48:58.838+0300] {dagbag.py:545} INFO - Filling up the DagBag from /home/grigory/airflow_venv/lib/python3.10/site-packages/airflow/example_dags/plugins/workday.py
[2024-08-04T23:48:58.842+0300] {logging_mixin.py:188} INFO - [2024-08-04T23:48:58.842+0300] {workday.py:41} WARNING - Could not import pandas. Holidays will not be considered.
[2024-08-04T23:48:58.842+0300] {processor.py:842} WARNING - No viable dags retrieved from /home/grigory/airflow_venv/lib/python3.10/site-packages/airflow/example_dags/plugins/workday.py
[2024-08-04T23:48:58.856+0300] {processor.py:183} INFO - Processing /home/grigory/airflow_venv/lib/python3.10/site-packages/airflow/example_dags/plugins/workday.py took 0.029 seconds
[2024-08-04T23:50:07.180+0300] {processor.py:161} INFO - Started process (PID=4199) to work on /home/grigory/airflow_venv/lib/python3.10/site-packages/airflow/example_dags/plugins/workday.py
[2024-08-04T23:50:07.182+0300] {processor.py:830} INFO - Processing file /home/grigory/airflow_venv/lib/python3.10/site-packages/airflow/example_dags/plugins/workday.py for tasks to queue
[2024-08-04T23:50:07.184+0300] {logging_mixin.py:188} INFO - [2024-08-04T23:50:07.183+0300] {dagbag.py:545} INFO - Filling up the DagBag from /home/grigory/airflow_venv/lib/python3.10/site-packages/airflow/example_dags/plugins/workday.py
[2024-08-04T23:50:07.187+0300] {logging_mixin.py:188} INFO - [2024-08-04T23:50:07.187+0300] {workday.py:41} WARNING - Could not import pandas. Holidays will not be considered.
[2024-08-04T23:50:07.188+0300] {processor.py:842} WARNING - No viable dags retrieved from /home/grigory/airflow_venv/lib/python3.10/site-packages/airflow/example_dags/plugins/workday.py
[2024-08-04T23:50:07.201+0300] {processor.py:183} INFO - Processing /home/grigory/airflow_venv/lib/python3.10/site-packages/airflow/example_dags/plugins/workday.py took 0.029 seconds
[2024-08-04T23:51:17.257+0300] {processor.py:161} INFO - Started process (PID=4265) to work on /home/grigory/airflow_venv/lib/python3.10/site-packages/airflow/example_dags/plugins/workday.py
[2024-08-04T23:51:17.259+0300] {processor.py:830} INFO - Processing file /home/grigory/airflow_venv/lib/python3.10/site-packages/airflow/example_dags/plugins/workday.py for tasks to queue
[2024-08-04T23:51:17.261+0300] {logging_mixin.py:188} INFO - [2024-08-04T23:51:17.260+0300] {dagbag.py:545} INFO - Filling up the DagBag from /home/grigory/airflow_venv/lib/python3.10/site-packages/airflow/example_dags/plugins/workday.py
[2024-08-04T23:51:17.264+0300] {logging_mixin.py:188} INFO - [2024-08-04T23:51:17.264+0300] {workday.py:41} WARNING - Could not import pandas. Holidays will not be considered.
[2024-08-04T23:51:17.265+0300] {processor.py:842} WARNING - No viable dags retrieved from /home/grigory/airflow_venv/lib/python3.10/site-packages/airflow/example_dags/plugins/workday.py
[2024-08-04T23:51:17.278+0300] {processor.py:183} INFO - Processing /home/grigory/airflow_venv/lib/python3.10/site-packages/airflow/example_dags/plugins/workday.py took 0.029 seconds
[2024-08-04T23:52:07.440+0300] {processor.py:161} INFO - Started process (PID=4313) to work on /home/grigory/airflow_venv/lib/python3.10/site-packages/airflow/example_dags/plugins/workday.py
[2024-08-04T23:52:07.441+0300] {processor.py:830} INFO - Processing file /home/grigory/airflow_venv/lib/python3.10/site-packages/airflow/example_dags/plugins/workday.py for tasks to queue
[2024-08-04T23:52:07.443+0300] {logging_mixin.py:188} INFO - [2024-08-04T23:52:07.443+0300] {dagbag.py:545} INFO - Filling up the DagBag from /home/grigory/airflow_venv/lib/python3.10/site-packages/airflow/example_dags/plugins/workday.py
[2024-08-04T23:52:07.447+0300] {logging_mixin.py:188} INFO - [2024-08-04T23:52:07.447+0300] {workday.py:41} WARNING - Could not import pandas. Holidays will not be considered.
[2024-08-04T23:52:07.448+0300] {processor.py:842} WARNING - No viable dags retrieved from /home/grigory/airflow_venv/lib/python3.10/site-packages/airflow/example_dags/plugins/workday.py
[2024-08-04T23:52:07.461+0300] {processor.py:183} INFO - Processing /home/grigory/airflow_venv/lib/python3.10/site-packages/airflow/example_dags/plugins/workday.py took 0.029 seconds
[2024-08-04T23:52:57.272+0300] {processor.py:161} INFO - Started process (PID=4360) to work on /home/grigory/airflow_venv/lib/python3.10/site-packages/airflow/example_dags/plugins/workday.py
[2024-08-04T23:52:57.273+0300] {processor.py:830} INFO - Processing file /home/grigory/airflow_venv/lib/python3.10/site-packages/airflow/example_dags/plugins/workday.py for tasks to queue
[2024-08-04T23:52:57.276+0300] {logging_mixin.py:188} INFO - [2024-08-04T23:52:57.275+0300] {dagbag.py:545} INFO - Filling up the DagBag from /home/grigory/airflow_venv/lib/python3.10/site-packages/airflow/example_dags/plugins/workday.py
[2024-08-04T23:52:57.279+0300] {logging_mixin.py:188} INFO - [2024-08-04T23:52:57.279+0300] {workday.py:41} WARNING - Could not import pandas. Holidays will not be considered.
[2024-08-04T23:52:57.280+0300] {processor.py:842} WARNING - No viable dags retrieved from /home/grigory/airflow_venv/lib/python3.10/site-packages/airflow/example_dags/plugins/workday.py
[2024-08-04T23:52:57.293+0300] {processor.py:183} INFO - Processing /home/grigory/airflow_venv/lib/python3.10/site-packages/airflow/example_dags/plugins/workday.py took 0.030 seconds
[2024-08-04T23:54:03.309+0300] {processor.py:161} INFO - Started process (PID=4425) to work on /home/grigory/airflow_venv/lib/python3.10/site-packages/airflow/example_dags/plugins/workday.py
[2024-08-04T23:54:03.311+0300] {processor.py:830} INFO - Processing file /home/grigory/airflow_venv/lib/python3.10/site-packages/airflow/example_dags/plugins/workday.py for tasks to queue
[2024-08-04T23:54:03.313+0300] {logging_mixin.py:188} INFO - [2024-08-04T23:54:03.313+0300] {dagbag.py:545} INFO - Filling up the DagBag from /home/grigory/airflow_venv/lib/python3.10/site-packages/airflow/example_dags/plugins/workday.py
[2024-08-04T23:54:03.317+0300] {logging_mixin.py:188} INFO - [2024-08-04T23:54:03.317+0300] {workday.py:41} WARNING - Could not import pandas. Holidays will not be considered.
[2024-08-04T23:54:03.318+0300] {processor.py:842} WARNING - No viable dags retrieved from /home/grigory/airflow_venv/lib/python3.10/site-packages/airflow/example_dags/plugins/workday.py
[2024-08-04T23:54:03.330+0300] {processor.py:183} INFO - Processing /home/grigory/airflow_venv/lib/python3.10/site-packages/airflow/example_dags/plugins/workday.py took 0.029 seconds
[2024-08-04T23:55:12.948+0300] {processor.py:161} INFO - Started process (PID=4491) to work on /home/grigory/airflow_venv/lib/python3.10/site-packages/airflow/example_dags/plugins/workday.py
[2024-08-04T23:55:12.950+0300] {processor.py:830} INFO - Processing file /home/grigory/airflow_venv/lib/python3.10/site-packages/airflow/example_dags/plugins/workday.py for tasks to queue
[2024-08-04T23:55:12.952+0300] {logging_mixin.py:188} INFO - [2024-08-04T23:55:12.952+0300] {dagbag.py:545} INFO - Filling up the DagBag from /home/grigory/airflow_venv/lib/python3.10/site-packages/airflow/example_dags/plugins/workday.py
[2024-08-04T23:55:12.956+0300] {logging_mixin.py:188} INFO - [2024-08-04T23:55:12.956+0300] {workday.py:41} WARNING - Could not import pandas. Holidays will not be considered.
[2024-08-04T23:55:12.956+0300] {processor.py:842} WARNING - No viable dags retrieved from /home/grigory/airflow_venv/lib/python3.10/site-packages/airflow/example_dags/plugins/workday.py
[2024-08-04T23:55:12.970+0300] {processor.py:183} INFO - Processing /home/grigory/airflow_venv/lib/python3.10/site-packages/airflow/example_dags/plugins/workday.py took 0.030 seconds
[2024-08-04T23:56:00.450+0300] {processor.py:161} INFO - Started process (PID=4537) to work on /home/grigory/airflow_venv/lib/python3.10/site-packages/airflow/example_dags/plugins/workday.py
[2024-08-04T23:56:00.452+0300] {processor.py:830} INFO - Processing file /home/grigory/airflow_venv/lib/python3.10/site-packages/airflow/example_dags/plugins/workday.py for tasks to queue
[2024-08-04T23:56:00.454+0300] {logging_mixin.py:188} INFO - [2024-08-04T23:56:00.453+0300] {dagbag.py:545} INFO - Filling up the DagBag from /home/grigory/airflow_venv/lib/python3.10/site-packages/airflow/example_dags/plugins/workday.py
[2024-08-04T23:56:00.458+0300] {logging_mixin.py:188} INFO - [2024-08-04T23:56:00.457+0300] {workday.py:41} WARNING - Could not import pandas. Holidays will not be considered.
[2024-08-04T23:56:00.458+0300] {processor.py:842} WARNING - No viable dags retrieved from /home/grigory/airflow_venv/lib/python3.10/site-packages/airflow/example_dags/plugins/workday.py
[2024-08-04T23:56:00.471+0300] {processor.py:183} INFO - Processing /home/grigory/airflow_venv/lib/python3.10/site-packages/airflow/example_dags/plugins/workday.py took 0.029 seconds
[2024-08-04T23:57:06.088+0300] {processor.py:161} INFO - Started process (PID=4601) to work on /home/grigory/airflow_venv/lib/python3.10/site-packages/airflow/example_dags/plugins/workday.py
[2024-08-04T23:57:06.090+0300] {processor.py:830} INFO - Processing file /home/grigory/airflow_venv/lib/python3.10/site-packages/airflow/example_dags/plugins/workday.py for tasks to queue
[2024-08-04T23:57:06.092+0300] {logging_mixin.py:188} INFO - [2024-08-04T23:57:06.092+0300] {dagbag.py:545} INFO - Filling up the DagBag from /home/grigory/airflow_venv/lib/python3.10/site-packages/airflow/example_dags/plugins/workday.py
[2024-08-04T23:57:06.096+0300] {logging_mixin.py:188} INFO - [2024-08-04T23:57:06.096+0300] {workday.py:41} WARNING - Could not import pandas. Holidays will not be considered.
[2024-08-04T23:57:06.096+0300] {processor.py:842} WARNING - No viable dags retrieved from /home/grigory/airflow_venv/lib/python3.10/site-packages/airflow/example_dags/plugins/workday.py
[2024-08-04T23:57:06.110+0300] {processor.py:183} INFO - Processing /home/grigory/airflow_venv/lib/python3.10/site-packages/airflow/example_dags/plugins/workday.py took 0.029 seconds
[2024-08-04T23:57:57.083+0300] {processor.py:161} INFO - Started process (PID=4646) to work on /home/grigory/airflow_venv/lib/python3.10/site-packages/airflow/example_dags/plugins/workday.py
[2024-08-04T23:57:57.086+0300] {processor.py:830} INFO - Processing file /home/grigory/airflow_venv/lib/python3.10/site-packages/airflow/example_dags/plugins/workday.py for tasks to queue
[2024-08-04T23:57:57.090+0300] {logging_mixin.py:188} INFO - [2024-08-04T23:57:57.090+0300] {dagbag.py:545} INFO - Filling up the DagBag from /home/grigory/airflow_venv/lib/python3.10/site-packages/airflow/example_dags/plugins/workday.py
[2024-08-04T23:57:57.097+0300] {logging_mixin.py:188} INFO - [2024-08-04T23:57:57.096+0300] {workday.py:41} WARNING - Could not import pandas. Holidays will not be considered.
[2024-08-04T23:57:57.098+0300] {processor.py:842} WARNING - No viable dags retrieved from /home/grigory/airflow_venv/lib/python3.10/site-packages/airflow/example_dags/plugins/workday.py
[2024-08-04T23:57:57.122+0300] {processor.py:183} INFO - Processing /home/grigory/airflow_venv/lib/python3.10/site-packages/airflow/example_dags/plugins/workday.py took 0.053 seconds
[2024-08-04T23:58:49.340+0300] {processor.py:161} INFO - Started process (PID=4696) to work on /home/grigory/airflow_venv/lib/python3.10/site-packages/airflow/example_dags/plugins/workday.py
[2024-08-04T23:58:49.342+0300] {processor.py:830} INFO - Processing file /home/grigory/airflow_venv/lib/python3.10/site-packages/airflow/example_dags/plugins/workday.py for tasks to queue
[2024-08-04T23:58:49.344+0300] {logging_mixin.py:188} INFO - [2024-08-04T23:58:49.343+0300] {dagbag.py:545} INFO - Filling up the DagBag from /home/grigory/airflow_venv/lib/python3.10/site-packages/airflow/example_dags/plugins/workday.py
[2024-08-04T23:58:49.347+0300] {logging_mixin.py:188} INFO - [2024-08-04T23:58:49.347+0300] {workday.py:41} WARNING - Could not import pandas. Holidays will not be considered.
[2024-08-04T23:58:49.348+0300] {processor.py:842} WARNING - No viable dags retrieved from /home/grigory/airflow_venv/lib/python3.10/site-packages/airflow/example_dags/plugins/workday.py
[2024-08-04T23:58:49.360+0300] {processor.py:183} INFO - Processing /home/grigory/airflow_venv/lib/python3.10/site-packages/airflow/example_dags/plugins/workday.py took 0.029 seconds
[2024-08-04T23:59:37.190+0300] {processor.py:161} INFO - Started process (PID=4742) to work on /home/grigory/airflow_venv/lib/python3.10/site-packages/airflow/example_dags/plugins/workday.py
[2024-08-04T23:59:37.192+0300] {processor.py:830} INFO - Processing file /home/grigory/airflow_venv/lib/python3.10/site-packages/airflow/example_dags/plugins/workday.py for tasks to queue
[2024-08-04T23:59:37.194+0300] {logging_mixin.py:188} INFO - [2024-08-04T23:59:37.194+0300] {dagbag.py:545} INFO - Filling up the DagBag from /home/grigory/airflow_venv/lib/python3.10/site-packages/airflow/example_dags/plugins/workday.py
[2024-08-04T23:59:37.198+0300] {logging_mixin.py:188} INFO - [2024-08-04T23:59:37.198+0300] {workday.py:41} WARNING - Could not import pandas. Holidays will not be considered.
[2024-08-04T23:59:37.198+0300] {processor.py:842} WARNING - No viable dags retrieved from /home/grigory/airflow_venv/lib/python3.10/site-packages/airflow/example_dags/plugins/workday.py
[2024-08-04T23:59:37.212+0300] {processor.py:183} INFO - Processing /home/grigory/airflow_venv/lib/python3.10/site-packages/airflow/example_dags/plugins/workday.py took 0.030 seconds
[2024-08-05T00:00:29.893+0300] {processor.py:161} INFO - Started process (PID=4788) to work on /home/grigory/airflow_venv/lib/python3.10/site-packages/airflow/example_dags/plugins/workday.py
[2024-08-05T00:00:29.896+0300] {processor.py:830} INFO - Processing file /home/grigory/airflow_venv/lib/python3.10/site-packages/airflow/example_dags/plugins/workday.py for tasks to queue
[2024-08-05T00:00:29.899+0300] {logging_mixin.py:188} INFO - [2024-08-05T00:00:29.898+0300] {dagbag.py:545} INFO - Filling up the DagBag from /home/grigory/airflow_venv/lib/python3.10/site-packages/airflow/example_dags/plugins/workday.py
[2024-08-05T00:00:29.905+0300] {logging_mixin.py:188} INFO - [2024-08-05T00:00:29.904+0300] {workday.py:41} WARNING - Could not import pandas. Holidays will not be considered.
[2024-08-05T00:00:29.906+0300] {processor.py:842} WARNING - No viable dags retrieved from /home/grigory/airflow_venv/lib/python3.10/site-packages/airflow/example_dags/plugins/workday.py
[2024-08-05T00:00:29.928+0300] {processor.py:183} INFO - Processing /home/grigory/airflow_venv/lib/python3.10/site-packages/airflow/example_dags/plugins/workday.py took 0.047 seconds
[2024-08-05T00:01:26.294+0300] {processor.py:161} INFO - Started process (PID=4894) to work on /home/grigory/airflow_venv/lib/python3.10/site-packages/airflow/example_dags/plugins/workday.py
[2024-08-05T00:01:26.296+0300] {processor.py:830} INFO - Processing file /home/grigory/airflow_venv/lib/python3.10/site-packages/airflow/example_dags/plugins/workday.py for tasks to queue
[2024-08-05T00:01:26.298+0300] {logging_mixin.py:188} INFO - [2024-08-05T00:01:26.297+0300] {dagbag.py:545} INFO - Filling up the DagBag from /home/grigory/airflow_venv/lib/python3.10/site-packages/airflow/example_dags/plugins/workday.py
[2024-08-05T00:01:26.301+0300] {logging_mixin.py:188} INFO - [2024-08-05T00:01:26.301+0300] {workday.py:41} WARNING - Could not import pandas. Holidays will not be considered.
[2024-08-05T00:01:26.302+0300] {processor.py:842} WARNING - No viable dags retrieved from /home/grigory/airflow_venv/lib/python3.10/site-packages/airflow/example_dags/plugins/workday.py
[2024-08-05T00:01:26.315+0300] {processor.py:183} INFO - Processing /home/grigory/airflow_venv/lib/python3.10/site-packages/airflow/example_dags/plugins/workday.py took 0.030 seconds
[2024-08-05T00:02:21.101+0300] {processor.py:161} INFO - Started process (PID=4941) to work on /home/grigory/airflow_venv/lib/python3.10/site-packages/airflow/example_dags/plugins/workday.py
[2024-08-05T00:02:21.103+0300] {processor.py:830} INFO - Processing file /home/grigory/airflow_venv/lib/python3.10/site-packages/airflow/example_dags/plugins/workday.py for tasks to queue
[2024-08-05T00:02:21.105+0300] {logging_mixin.py:188} INFO - [2024-08-05T00:02:21.105+0300] {dagbag.py:545} INFO - Filling up the DagBag from /home/grigory/airflow_venv/lib/python3.10/site-packages/airflow/example_dags/plugins/workday.py
[2024-08-05T00:02:21.109+0300] {logging_mixin.py:188} INFO - [2024-08-05T00:02:21.108+0300] {workday.py:41} WARNING - Could not import pandas. Holidays will not be considered.
[2024-08-05T00:02:21.109+0300] {processor.py:842} WARNING - No viable dags retrieved from /home/grigory/airflow_venv/lib/python3.10/site-packages/airflow/example_dags/plugins/workday.py
[2024-08-05T00:02:21.123+0300] {processor.py:183} INFO - Processing /home/grigory/airflow_venv/lib/python3.10/site-packages/airflow/example_dags/plugins/workday.py took 0.031 seconds
[2024-08-05T00:03:14.554+0300] {processor.py:161} INFO - Started process (PID=4992) to work on /home/grigory/airflow_venv/lib/python3.10/site-packages/airflow/example_dags/plugins/workday.py
[2024-08-05T00:03:14.556+0300] {processor.py:830} INFO - Processing file /home/grigory/airflow_venv/lib/python3.10/site-packages/airflow/example_dags/plugins/workday.py for tasks to queue
[2024-08-05T00:03:14.558+0300] {logging_mixin.py:188} INFO - [2024-08-05T00:03:14.557+0300] {dagbag.py:545} INFO - Filling up the DagBag from /home/grigory/airflow_venv/lib/python3.10/site-packages/airflow/example_dags/plugins/workday.py
[2024-08-05T00:03:14.561+0300] {logging_mixin.py:188} INFO - [2024-08-05T00:03:14.561+0300] {workday.py:41} WARNING - Could not import pandas. Holidays will not be considered.
[2024-08-05T00:03:14.562+0300] {processor.py:842} WARNING - No viable dags retrieved from /home/grigory/airflow_venv/lib/python3.10/site-packages/airflow/example_dags/plugins/workday.py
[2024-08-05T00:03:14.576+0300] {processor.py:183} INFO - Processing /home/grigory/airflow_venv/lib/python3.10/site-packages/airflow/example_dags/plugins/workday.py took 0.030 seconds
[2024-08-05T00:04:02.747+0300] {processor.py:161} INFO - Started process (PID=5039) to work on /home/grigory/airflow_venv/lib/python3.10/site-packages/airflow/example_dags/plugins/workday.py
[2024-08-05T00:04:02.750+0300] {processor.py:830} INFO - Processing file /home/grigory/airflow_venv/lib/python3.10/site-packages/airflow/example_dags/plugins/workday.py for tasks to queue
[2024-08-05T00:04:02.752+0300] {logging_mixin.py:188} INFO - [2024-08-05T00:04:02.751+0300] {dagbag.py:545} INFO - Filling up the DagBag from /home/grigory/airflow_venv/lib/python3.10/site-packages/airflow/example_dags/plugins/workday.py
[2024-08-05T00:04:02.756+0300] {logging_mixin.py:188} INFO - [2024-08-05T00:04:02.756+0300] {workday.py:41} WARNING - Could not import pandas. Holidays will not be considered.
[2024-08-05T00:04:02.756+0300] {processor.py:842} WARNING - No viable dags retrieved from /home/grigory/airflow_venv/lib/python3.10/site-packages/airflow/example_dags/plugins/workday.py
[2024-08-05T00:04:02.774+0300] {processor.py:183} INFO - Processing /home/grigory/airflow_venv/lib/python3.10/site-packages/airflow/example_dags/plugins/workday.py took 0.038 seconds
[2024-08-05T00:04:55.617+0300] {processor.py:161} INFO - Started process (PID=5086) to work on /home/grigory/airflow_venv/lib/python3.10/site-packages/airflow/example_dags/plugins/workday.py
[2024-08-05T00:04:55.622+0300] {processor.py:830} INFO - Processing file /home/grigory/airflow_venv/lib/python3.10/site-packages/airflow/example_dags/plugins/workday.py for tasks to queue
[2024-08-05T00:04:55.627+0300] {logging_mixin.py:188} INFO - [2024-08-05T00:04:55.626+0300] {dagbag.py:545} INFO - Filling up the DagBag from /home/grigory/airflow_venv/lib/python3.10/site-packages/airflow/example_dags/plugins/workday.py
[2024-08-05T00:04:55.639+0300] {logging_mixin.py:188} INFO - [2024-08-05T00:04:55.639+0300] {workday.py:41} WARNING - Could not import pandas. Holidays will not be considered.
[2024-08-05T00:04:55.647+0300] {processor.py:842} WARNING - No viable dags retrieved from /home/grigory/airflow_venv/lib/python3.10/site-packages/airflow/example_dags/plugins/workday.py
[2024-08-05T00:04:55.672+0300] {processor.py:183} INFO - Processing /home/grigory/airflow_venv/lib/python3.10/site-packages/airflow/example_dags/plugins/workday.py took 0.070 seconds
[2024-08-05T00:05:52.898+0300] {processor.py:161} INFO - Started process (PID=5139) to work on /home/grigory/airflow_venv/lib/python3.10/site-packages/airflow/example_dags/plugins/workday.py
[2024-08-05T00:05:52.902+0300] {processor.py:830} INFO - Processing file /home/grigory/airflow_venv/lib/python3.10/site-packages/airflow/example_dags/plugins/workday.py for tasks to queue
[2024-08-05T00:05:52.905+0300] {logging_mixin.py:188} INFO - [2024-08-05T00:05:52.904+0300] {dagbag.py:545} INFO - Filling up the DagBag from /home/grigory/airflow_venv/lib/python3.10/site-packages/airflow/example_dags/plugins/workday.py
[2024-08-05T00:05:52.910+0300] {logging_mixin.py:188} INFO - [2024-08-05T00:05:52.910+0300] {workday.py:41} WARNING - Could not import pandas. Holidays will not be considered.
[2024-08-05T00:05:52.911+0300] {processor.py:842} WARNING - No viable dags retrieved from /home/grigory/airflow_venv/lib/python3.10/site-packages/airflow/example_dags/plugins/workday.py
[2024-08-05T00:05:52.931+0300] {processor.py:183} INFO - Processing /home/grigory/airflow_venv/lib/python3.10/site-packages/airflow/example_dags/plugins/workday.py took 0.045 seconds
[2024-08-05T00:06:47.849+0300] {processor.py:161} INFO - Started process (PID=5191) to work on /home/grigory/airflow_venv/lib/python3.10/site-packages/airflow/example_dags/plugins/workday.py
[2024-08-05T00:06:47.851+0300] {processor.py:830} INFO - Processing file /home/grigory/airflow_venv/lib/python3.10/site-packages/airflow/example_dags/plugins/workday.py for tasks to queue
[2024-08-05T00:06:47.853+0300] {logging_mixin.py:188} INFO - [2024-08-05T00:06:47.853+0300] {dagbag.py:545} INFO - Filling up the DagBag from /home/grigory/airflow_venv/lib/python3.10/site-packages/airflow/example_dags/plugins/workday.py
[2024-08-05T00:06:47.857+0300] {logging_mixin.py:188} INFO - [2024-08-05T00:06:47.856+0300] {workday.py:41} WARNING - Could not import pandas. Holidays will not be considered.
[2024-08-05T00:06:47.857+0300] {processor.py:842} WARNING - No viable dags retrieved from /home/grigory/airflow_venv/lib/python3.10/site-packages/airflow/example_dags/plugins/workday.py
[2024-08-05T00:06:47.871+0300] {processor.py:183} INFO - Processing /home/grigory/airflow_venv/lib/python3.10/site-packages/airflow/example_dags/plugins/workday.py took 0.031 seconds
[2024-08-05T00:07:46.755+0300] {processor.py:161} INFO - Started process (PID=5243) to work on /home/grigory/airflow_venv/lib/python3.10/site-packages/airflow/example_dags/plugins/workday.py
[2024-08-05T00:07:46.757+0300] {processor.py:830} INFO - Processing file /home/grigory/airflow_venv/lib/python3.10/site-packages/airflow/example_dags/plugins/workday.py for tasks to queue
[2024-08-05T00:07:46.760+0300] {logging_mixin.py:188} INFO - [2024-08-05T00:07:46.759+0300] {dagbag.py:545} INFO - Filling up the DagBag from /home/grigory/airflow_venv/lib/python3.10/site-packages/airflow/example_dags/plugins/workday.py
[2024-08-05T00:07:46.764+0300] {logging_mixin.py:188} INFO - [2024-08-05T00:07:46.764+0300] {workday.py:41} WARNING - Could not import pandas. Holidays will not be considered.
[2024-08-05T00:07:46.765+0300] {processor.py:842} WARNING - No viable dags retrieved from /home/grigory/airflow_venv/lib/python3.10/site-packages/airflow/example_dags/plugins/workday.py
[2024-08-05T00:07:46.781+0300] {processor.py:183} INFO - Processing /home/grigory/airflow_venv/lib/python3.10/site-packages/airflow/example_dags/plugins/workday.py took 0.037 seconds
[2024-08-05T00:08:44.192+0300] {processor.py:161} INFO - Started process (PID=5295) to work on /home/grigory/airflow_venv/lib/python3.10/site-packages/airflow/example_dags/plugins/workday.py
[2024-08-05T00:08:44.194+0300] {processor.py:830} INFO - Processing file /home/grigory/airflow_venv/lib/python3.10/site-packages/airflow/example_dags/plugins/workday.py for tasks to queue
[2024-08-05T00:08:44.198+0300] {logging_mixin.py:188} INFO - [2024-08-05T00:08:44.197+0300] {dagbag.py:545} INFO - Filling up the DagBag from /home/grigory/airflow_venv/lib/python3.10/site-packages/airflow/example_dags/plugins/workday.py
[2024-08-05T00:08:44.204+0300] {logging_mixin.py:188} INFO - [2024-08-05T00:08:44.204+0300] {workday.py:41} WARNING - Could not import pandas. Holidays will not be considered.
[2024-08-05T00:08:44.205+0300] {processor.py:842} WARNING - No viable dags retrieved from /home/grigory/airflow_venv/lib/python3.10/site-packages/airflow/example_dags/plugins/workday.py
[2024-08-05T00:08:44.223+0300] {processor.py:183} INFO - Processing /home/grigory/airflow_venv/lib/python3.10/site-packages/airflow/example_dags/plugins/workday.py took 0.041 seconds
