[2024-08-04T22:46:46.054+0300] {processor.py:161} INFO - Started process (PID=877) to work on /home/grigory/airflow_venv/lib/python3.10/site-packages/airflow/example_dags/example_branch_day_of_week_operator.py
[2024-08-04T22:46:46.055+0300] {processor.py:830} INFO - Processing file /home/grigory/airflow_venv/lib/python3.10/site-packages/airflow/example_dags/example_branch_day_of_week_operator.py for tasks to queue
[2024-08-04T22:46:46.057+0300] {logging_mixin.py:188} INFO - [2024-08-04T22:46:46.057+0300] {dagbag.py:545} INFO - Filling up the DagBag from /home/grigory/airflow_venv/lib/python3.10/site-packages/airflow/example_dags/example_branch_day_of_week_operator.py
[2024-08-04T22:46:46.068+0300] {processor.py:840} INFO - DAG(s) 'example_weekday_branch_operator' retrieved from /home/grigory/airflow_venv/lib/python3.10/site-packages/airflow/example_dags/example_branch_day_of_week_operator.py
[2024-08-04T22:46:46.219+0300] {logging_mixin.py:188} INFO - [2024-08-04T22:46:46.218+0300] {override.py:1858} INFO - Created Permission View: can delete on DAG:example_weekday_branch_operator
[2024-08-04T22:46:46.354+0300] {logging_mixin.py:188} INFO - [2024-08-04T22:46:46.354+0300] {override.py:1858} INFO - Created Permission View: can edit on DAG:example_weekday_branch_operator
[2024-08-04T22:46:46.368+0300] {logging_mixin.py:188} INFO - [2024-08-04T22:46:46.368+0300] {override.py:1858} INFO - Created Permission View: can read on DAG:example_weekday_branch_operator
[2024-08-04T22:46:46.369+0300] {logging_mixin.py:188} INFO - [2024-08-04T22:46:46.369+0300] {dag.py:3089} INFO - Sync 1 DAGs
[2024-08-04T22:46:46.384+0300] {logging_mixin.py:188} INFO - [2024-08-04T22:46:46.383+0300] {dag.py:3111} INFO - Creating ORM DAG for example_weekday_branch_operator
[2024-08-04T22:46:46.397+0300] {logging_mixin.py:188} INFO - [2024-08-04T22:46:46.397+0300] {dag.py:3947} INFO - Setting next_dagrun for example_weekday_branch_operator to 2024-08-03 00:00:00+00:00, run_after=2024-08-04 00:00:00+00:00
[2024-08-04T22:46:46.430+0300] {processor.py:183} INFO - Processing /home/grigory/airflow_venv/lib/python3.10/site-packages/airflow/example_dags/example_branch_day_of_week_operator.py took 0.383 seconds
[2024-08-04T22:47:46.438+0300] {processor.py:161} INFO - Started process (PID=935) to work on /home/grigory/airflow_venv/lib/python3.10/site-packages/airflow/example_dags/example_branch_day_of_week_operator.py
[2024-08-04T22:47:46.441+0300] {processor.py:830} INFO - Processing file /home/grigory/airflow_venv/lib/python3.10/site-packages/airflow/example_dags/example_branch_day_of_week_operator.py for tasks to queue
[2024-08-04T22:47:46.443+0300] {logging_mixin.py:188} INFO - [2024-08-04T22:47:46.443+0300] {dagbag.py:545} INFO - Filling up the DagBag from /home/grigory/airflow_venv/lib/python3.10/site-packages/airflow/example_dags/example_branch_day_of_week_operator.py
[2024-08-04T22:47:46.459+0300] {processor.py:840} INFO - DAG(s) 'example_weekday_branch_operator' retrieved from /home/grigory/airflow_venv/lib/python3.10/site-packages/airflow/example_dags/example_branch_day_of_week_operator.py
[2024-08-04T22:47:46.483+0300] {logging_mixin.py:188} INFO - [2024-08-04T22:47:46.483+0300] {dag.py:3089} INFO - Sync 1 DAGs
[2024-08-04T22:47:46.661+0300] {logging_mixin.py:188} INFO - [2024-08-04T22:47:46.661+0300] {dag.py:3947} INFO - Setting next_dagrun for example_weekday_branch_operator to 2024-08-03 00:00:00+00:00, run_after=2024-08-04 00:00:00+00:00
[2024-08-04T22:47:46.691+0300] {processor.py:183} INFO - Processing /home/grigory/airflow_venv/lib/python3.10/site-packages/airflow/example_dags/example_branch_day_of_week_operator.py took 0.264 seconds
[2024-08-04T22:48:48.217+0300] {processor.py:161} INFO - Started process (PID=987) to work on /home/grigory/airflow_venv/lib/python3.10/site-packages/airflow/example_dags/example_branch_day_of_week_operator.py
[2024-08-04T22:48:48.218+0300] {processor.py:830} INFO - Processing file /home/grigory/airflow_venv/lib/python3.10/site-packages/airflow/example_dags/example_branch_day_of_week_operator.py for tasks to queue
[2024-08-04T22:48:48.220+0300] {logging_mixin.py:188} INFO - [2024-08-04T22:48:48.220+0300] {dagbag.py:545} INFO - Filling up the DagBag from /home/grigory/airflow_venv/lib/python3.10/site-packages/airflow/example_dags/example_branch_day_of_week_operator.py
[2024-08-04T22:48:48.231+0300] {processor.py:840} INFO - DAG(s) 'example_weekday_branch_operator' retrieved from /home/grigory/airflow_venv/lib/python3.10/site-packages/airflow/example_dags/example_branch_day_of_week_operator.py
[2024-08-04T22:48:48.252+0300] {logging_mixin.py:188} INFO - [2024-08-04T22:48:48.252+0300] {dag.py:3089} INFO - Sync 1 DAGs
[2024-08-04T22:48:48.279+0300] {logging_mixin.py:188} INFO - [2024-08-04T22:48:48.278+0300] {dag.py:3947} INFO - Setting next_dagrun for example_weekday_branch_operator to 2024-08-03 00:00:00+00:00, run_after=2024-08-04 00:00:00+00:00
[2024-08-04T22:48:48.320+0300] {processor.py:183} INFO - Processing /home/grigory/airflow_venv/lib/python3.10/site-packages/airflow/example_dags/example_branch_day_of_week_operator.py took 0.112 seconds
[2024-08-04T22:50:09.792+0300] {processor.py:161} INFO - Started process (PID=1042) to work on /home/grigory/airflow_venv/lib/python3.10/site-packages/airflow/example_dags/example_branch_day_of_week_operator.py
[2024-08-04T22:50:09.820+0300] {processor.py:830} INFO - Processing file /home/grigory/airflow_venv/lib/python3.10/site-packages/airflow/example_dags/example_branch_day_of_week_operator.py for tasks to queue
[2024-08-04T22:50:09.825+0300] {logging_mixin.py:188} INFO - [2024-08-04T22:50:09.823+0300] {dagbag.py:545} INFO - Filling up the DagBag from /home/grigory/airflow_venv/lib/python3.10/site-packages/airflow/example_dags/example_branch_day_of_week_operator.py
[2024-08-04T22:50:09.877+0300] {processor.py:840} INFO - DAG(s) 'example_weekday_branch_operator' retrieved from /home/grigory/airflow_venv/lib/python3.10/site-packages/airflow/example_dags/example_branch_day_of_week_operator.py
[2024-08-04T22:50:09.972+0300] {logging_mixin.py:188} INFO - [2024-08-04T22:50:09.972+0300] {dag.py:3089} INFO - Sync 1 DAGs
[2024-08-04T22:50:10.132+0300] {logging_mixin.py:188} INFO - [2024-08-04T22:50:10.131+0300] {dag.py:3947} INFO - Setting next_dagrun for example_weekday_branch_operator to 2024-08-03 00:00:00+00:00, run_after=2024-08-04 00:00:00+00:00
[2024-08-04T22:50:10.533+0300] {processor.py:183} INFO - Processing /home/grigory/airflow_venv/lib/python3.10/site-packages/airflow/example_dags/example_branch_day_of_week_operator.py took 0.773 seconds
[2024-08-04T22:52:01.800+0300] {processor.py:161} INFO - Started process (PID=1115) to work on /home/grigory/airflow_venv/lib/python3.10/site-packages/airflow/example_dags/example_branch_day_of_week_operator.py
[2024-08-04T22:52:01.802+0300] {processor.py:830} INFO - Processing file /home/grigory/airflow_venv/lib/python3.10/site-packages/airflow/example_dags/example_branch_day_of_week_operator.py for tasks to queue
[2024-08-04T22:52:01.804+0300] {logging_mixin.py:188} INFO - [2024-08-04T22:52:01.804+0300] {dagbag.py:545} INFO - Filling up the DagBag from /home/grigory/airflow_venv/lib/python3.10/site-packages/airflow/example_dags/example_branch_day_of_week_operator.py
[2024-08-04T22:52:01.815+0300] {processor.py:840} INFO - DAG(s) 'example_weekday_branch_operator' retrieved from /home/grigory/airflow_venv/lib/python3.10/site-packages/airflow/example_dags/example_branch_day_of_week_operator.py
[2024-08-04T22:52:01.836+0300] {logging_mixin.py:188} INFO - [2024-08-04T22:52:01.836+0300] {dag.py:3089} INFO - Sync 1 DAGs
[2024-08-04T22:52:01.865+0300] {logging_mixin.py:188} INFO - [2024-08-04T22:52:01.864+0300] {dag.py:3947} INFO - Setting next_dagrun for example_weekday_branch_operator to 2024-08-03 00:00:00+00:00, run_after=2024-08-04 00:00:00+00:00
[2024-08-04T22:52:01.897+0300] {processor.py:183} INFO - Processing /home/grigory/airflow_venv/lib/python3.10/site-packages/airflow/example_dags/example_branch_day_of_week_operator.py took 0.105 seconds
[2024-08-04T22:53:00.831+0300] {processor.py:161} INFO - Started process (PID=1166) to work on /home/grigory/airflow_venv/lib/python3.10/site-packages/airflow/example_dags/example_branch_day_of_week_operator.py
[2024-08-04T22:53:00.833+0300] {processor.py:830} INFO - Processing file /home/grigory/airflow_venv/lib/python3.10/site-packages/airflow/example_dags/example_branch_day_of_week_operator.py for tasks to queue
[2024-08-04T22:53:00.836+0300] {logging_mixin.py:188} INFO - [2024-08-04T22:53:00.835+0300] {dagbag.py:545} INFO - Filling up the DagBag from /home/grigory/airflow_venv/lib/python3.10/site-packages/airflow/example_dags/example_branch_day_of_week_operator.py
[2024-08-04T22:53:00.851+0300] {processor.py:840} INFO - DAG(s) 'example_weekday_branch_operator' retrieved from /home/grigory/airflow_venv/lib/python3.10/site-packages/airflow/example_dags/example_branch_day_of_week_operator.py
[2024-08-04T22:53:00.875+0300] {logging_mixin.py:188} INFO - [2024-08-04T22:53:00.875+0300] {dag.py:3089} INFO - Sync 1 DAGs
[2024-08-04T22:53:00.924+0300] {logging_mixin.py:188} INFO - [2024-08-04T22:53:00.923+0300] {dag.py:3947} INFO - Setting next_dagrun for example_weekday_branch_operator to 2024-08-03 00:00:00+00:00, run_after=2024-08-04 00:00:00+00:00
[2024-08-04T22:53:00.981+0300] {processor.py:183} INFO - Processing /home/grigory/airflow_venv/lib/python3.10/site-packages/airflow/example_dags/example_branch_day_of_week_operator.py took 0.162 seconds
[2024-08-04T22:54:19.152+0300] {processor.py:161} INFO - Started process (PID=1239) to work on /home/grigory/airflow_venv/lib/python3.10/site-packages/airflow/example_dags/example_branch_day_of_week_operator.py
[2024-08-04T22:54:19.154+0300] {processor.py:830} INFO - Processing file /home/grigory/airflow_venv/lib/python3.10/site-packages/airflow/example_dags/example_branch_day_of_week_operator.py for tasks to queue
[2024-08-04T22:54:19.156+0300] {logging_mixin.py:188} INFO - [2024-08-04T22:54:19.156+0300] {dagbag.py:545} INFO - Filling up the DagBag from /home/grigory/airflow_venv/lib/python3.10/site-packages/airflow/example_dags/example_branch_day_of_week_operator.py
[2024-08-04T22:54:19.168+0300] {processor.py:840} INFO - DAG(s) 'example_weekday_branch_operator' retrieved from /home/grigory/airflow_venv/lib/python3.10/site-packages/airflow/example_dags/example_branch_day_of_week_operator.py
[2024-08-04T22:54:19.190+0300] {logging_mixin.py:188} INFO - [2024-08-04T22:54:19.190+0300] {dag.py:3089} INFO - Sync 1 DAGs
[2024-08-04T22:54:19.219+0300] {logging_mixin.py:188} INFO - [2024-08-04T22:54:19.219+0300] {dag.py:3947} INFO - Setting next_dagrun for example_weekday_branch_operator to 2024-08-03 00:00:00+00:00, run_after=2024-08-04 00:00:00+00:00
[2024-08-04T22:54:19.251+0300] {processor.py:183} INFO - Processing /home/grigory/airflow_venv/lib/python3.10/site-packages/airflow/example_dags/example_branch_day_of_week_operator.py took 0.108 seconds
[2024-08-04T22:55:44.447+0300] {processor.py:161} INFO - Started process (PID=1313) to work on /home/grigory/airflow_venv/lib/python3.10/site-packages/airflow/example_dags/example_branch_day_of_week_operator.py
[2024-08-04T22:55:44.449+0300] {processor.py:830} INFO - Processing file /home/grigory/airflow_venv/lib/python3.10/site-packages/airflow/example_dags/example_branch_day_of_week_operator.py for tasks to queue
[2024-08-04T22:55:44.453+0300] {logging_mixin.py:188} INFO - [2024-08-04T22:55:44.452+0300] {dagbag.py:545} INFO - Filling up the DagBag from /home/grigory/airflow_venv/lib/python3.10/site-packages/airflow/example_dags/example_branch_day_of_week_operator.py
[2024-08-04T22:55:44.469+0300] {processor.py:840} INFO - DAG(s) 'example_weekday_branch_operator' retrieved from /home/grigory/airflow_venv/lib/python3.10/site-packages/airflow/example_dags/example_branch_day_of_week_operator.py
[2024-08-04T22:55:44.503+0300] {logging_mixin.py:188} INFO - [2024-08-04T22:55:44.501+0300] {dag.py:3089} INFO - Sync 1 DAGs
[2024-08-04T22:55:44.548+0300] {logging_mixin.py:188} INFO - [2024-08-04T22:55:44.547+0300] {dag.py:3947} INFO - Setting next_dagrun for example_weekday_branch_operator to 2024-08-03 00:00:00+00:00, run_after=2024-08-04 00:00:00+00:00
[2024-08-04T22:55:44.594+0300] {processor.py:183} INFO - Processing /home/grigory/airflow_venv/lib/python3.10/site-packages/airflow/example_dags/example_branch_day_of_week_operator.py took 0.161 seconds
[2024-08-04T22:57:01.502+0300] {processor.py:161} INFO - Started process (PID=1385) to work on /home/grigory/airflow_venv/lib/python3.10/site-packages/airflow/example_dags/example_branch_day_of_week_operator.py
[2024-08-04T22:57:01.504+0300] {processor.py:830} INFO - Processing file /home/grigory/airflow_venv/lib/python3.10/site-packages/airflow/example_dags/example_branch_day_of_week_operator.py for tasks to queue
[2024-08-04T22:57:01.507+0300] {logging_mixin.py:188} INFO - [2024-08-04T22:57:01.506+0300] {dagbag.py:545} INFO - Filling up the DagBag from /home/grigory/airflow_venv/lib/python3.10/site-packages/airflow/example_dags/example_branch_day_of_week_operator.py
[2024-08-04T22:57:01.518+0300] {processor.py:840} INFO - DAG(s) 'example_weekday_branch_operator' retrieved from /home/grigory/airflow_venv/lib/python3.10/site-packages/airflow/example_dags/example_branch_day_of_week_operator.py
[2024-08-04T22:57:01.539+0300] {logging_mixin.py:188} INFO - [2024-08-04T22:57:01.539+0300] {dag.py:3089} INFO - Sync 1 DAGs
[2024-08-04T22:57:01.567+0300] {logging_mixin.py:188} INFO - [2024-08-04T22:57:01.567+0300] {dag.py:3947} INFO - Setting next_dagrun for example_weekday_branch_operator to 2024-08-03 00:00:00+00:00, run_after=2024-08-04 00:00:00+00:00
[2024-08-04T22:57:01.602+0300] {processor.py:183} INFO - Processing /home/grigory/airflow_venv/lib/python3.10/site-packages/airflow/example_dags/example_branch_day_of_week_operator.py took 0.109 seconds
[2024-08-04T22:58:19.700+0300] {processor.py:161} INFO - Started process (PID=1456) to work on /home/grigory/airflow_venv/lib/python3.10/site-packages/airflow/example_dags/example_branch_day_of_week_operator.py
[2024-08-04T22:58:19.706+0300] {processor.py:830} INFO - Processing file /home/grigory/airflow_venv/lib/python3.10/site-packages/airflow/example_dags/example_branch_day_of_week_operator.py for tasks to queue
[2024-08-04T22:58:19.710+0300] {logging_mixin.py:188} INFO - [2024-08-04T22:58:19.709+0300] {dagbag.py:545} INFO - Filling up the DagBag from /home/grigory/airflow_venv/lib/python3.10/site-packages/airflow/example_dags/example_branch_day_of_week_operator.py
[2024-08-04T22:58:19.728+0300] {processor.py:840} INFO - DAG(s) 'example_weekday_branch_operator' retrieved from /home/grigory/airflow_venv/lib/python3.10/site-packages/airflow/example_dags/example_branch_day_of_week_operator.py
[2024-08-04T22:58:19.763+0300] {logging_mixin.py:188} INFO - [2024-08-04T22:58:19.762+0300] {dag.py:3089} INFO - Sync 1 DAGs
[2024-08-04T22:58:19.803+0300] {logging_mixin.py:188} INFO - [2024-08-04T22:58:19.802+0300] {dag.py:3947} INFO - Setting next_dagrun for example_weekday_branch_operator to 2024-08-03 00:00:00+00:00, run_after=2024-08-04 00:00:00+00:00
[2024-08-04T22:58:19.837+0300] {processor.py:183} INFO - Processing /home/grigory/airflow_venv/lib/python3.10/site-packages/airflow/example_dags/example_branch_day_of_week_operator.py took 0.147 seconds
[2024-08-04T22:59:42.085+0300] {processor.py:161} INFO - Started process (PID=1530) to work on /home/grigory/airflow_venv/lib/python3.10/site-packages/airflow/example_dags/example_branch_day_of_week_operator.py
[2024-08-04T22:59:42.087+0300] {processor.py:830} INFO - Processing file /home/grigory/airflow_venv/lib/python3.10/site-packages/airflow/example_dags/example_branch_day_of_week_operator.py for tasks to queue
[2024-08-04T22:59:42.090+0300] {logging_mixin.py:188} INFO - [2024-08-04T22:59:42.089+0300] {dagbag.py:545} INFO - Filling up the DagBag from /home/grigory/airflow_venv/lib/python3.10/site-packages/airflow/example_dags/example_branch_day_of_week_operator.py
[2024-08-04T22:59:42.109+0300] {processor.py:840} INFO - DAG(s) 'example_weekday_branch_operator' retrieved from /home/grigory/airflow_venv/lib/python3.10/site-packages/airflow/example_dags/example_branch_day_of_week_operator.py
[2024-08-04T22:59:42.146+0300] {logging_mixin.py:188} INFO - [2024-08-04T22:59:42.145+0300] {dag.py:3089} INFO - Sync 1 DAGs
[2024-08-04T22:59:42.177+0300] {logging_mixin.py:188} INFO - [2024-08-04T22:59:42.177+0300] {dag.py:3947} INFO - Setting next_dagrun for example_weekday_branch_operator to 2024-08-03 00:00:00+00:00, run_after=2024-08-04 00:00:00+00:00
[2024-08-04T22:59:42.271+0300] {processor.py:183} INFO - Processing /home/grigory/airflow_venv/lib/python3.10/site-packages/airflow/example_dags/example_branch_day_of_week_operator.py took 0.200 seconds
[2024-08-04T23:01:07.635+0300] {processor.py:161} INFO - Started process (PID=1603) to work on /home/grigory/airflow_venv/lib/python3.10/site-packages/airflow/example_dags/example_branch_day_of_week_operator.py
[2024-08-04T23:01:07.643+0300] {processor.py:830} INFO - Processing file /home/grigory/airflow_venv/lib/python3.10/site-packages/airflow/example_dags/example_branch_day_of_week_operator.py for tasks to queue
[2024-08-04T23:01:07.663+0300] {logging_mixin.py:188} INFO - [2024-08-04T23:01:07.651+0300] {dagbag.py:545} INFO - Filling up the DagBag from /home/grigory/airflow_venv/lib/python3.10/site-packages/airflow/example_dags/example_branch_day_of_week_operator.py
[2024-08-04T23:01:07.711+0300] {processor.py:840} INFO - DAG(s) 'example_weekday_branch_operator' retrieved from /home/grigory/airflow_venv/lib/python3.10/site-packages/airflow/example_dags/example_branch_day_of_week_operator.py
[2024-08-04T23:01:07.753+0300] {logging_mixin.py:188} INFO - [2024-08-04T23:01:07.753+0300] {dag.py:3089} INFO - Sync 1 DAGs
[2024-08-04T23:01:07.804+0300] {logging_mixin.py:188} INFO - [2024-08-04T23:01:07.804+0300] {dag.py:3947} INFO - Setting next_dagrun for example_weekday_branch_operator to 2024-08-03 00:00:00+00:00, run_after=2024-08-04 00:00:00+00:00
[2024-08-04T23:01:07.844+0300] {processor.py:183} INFO - Processing /home/grigory/airflow_venv/lib/python3.10/site-packages/airflow/example_dags/example_branch_day_of_week_operator.py took 0.243 seconds
[2024-08-04T23:02:12.751+0300] {processor.py:161} INFO - Started process (PID=1657) to work on /home/grigory/airflow_venv/lib/python3.10/site-packages/airflow/example_dags/example_branch_day_of_week_operator.py
[2024-08-04T23:02:12.753+0300] {processor.py:830} INFO - Processing file /home/grigory/airflow_venv/lib/python3.10/site-packages/airflow/example_dags/example_branch_day_of_week_operator.py for tasks to queue
[2024-08-04T23:02:12.758+0300] {logging_mixin.py:188} INFO - [2024-08-04T23:02:12.757+0300] {dagbag.py:545} INFO - Filling up the DagBag from /home/grigory/airflow_venv/lib/python3.10/site-packages/airflow/example_dags/example_branch_day_of_week_operator.py
[2024-08-04T23:02:12.771+0300] {processor.py:840} INFO - DAG(s) 'example_weekday_branch_operator' retrieved from /home/grigory/airflow_venv/lib/python3.10/site-packages/airflow/example_dags/example_branch_day_of_week_operator.py
[2024-08-04T23:02:12.798+0300] {logging_mixin.py:188} INFO - [2024-08-04T23:02:12.797+0300] {dag.py:3089} INFO - Sync 1 DAGs
[2024-08-04T23:02:12.831+0300] {logging_mixin.py:188} INFO - [2024-08-04T23:02:12.831+0300] {dag.py:3947} INFO - Setting next_dagrun for example_weekday_branch_operator to 2024-08-03 00:00:00+00:00, run_after=2024-08-04 00:00:00+00:00
[2024-08-04T23:02:12.862+0300] {processor.py:183} INFO - Processing /home/grigory/airflow_venv/lib/python3.10/site-packages/airflow/example_dags/example_branch_day_of_week_operator.py took 0.124 seconds
[2024-08-04T23:03:15.487+0300] {processor.py:161} INFO - Started process (PID=1710) to work on /home/grigory/airflow_venv/lib/python3.10/site-packages/airflow/example_dags/example_branch_day_of_week_operator.py
[2024-08-04T23:03:15.496+0300] {processor.py:830} INFO - Processing file /home/grigory/airflow_venv/lib/python3.10/site-packages/airflow/example_dags/example_branch_day_of_week_operator.py for tasks to queue
[2024-08-04T23:03:15.500+0300] {logging_mixin.py:188} INFO - [2024-08-04T23:03:15.500+0300] {dagbag.py:545} INFO - Filling up the DagBag from /home/grigory/airflow_venv/lib/python3.10/site-packages/airflow/example_dags/example_branch_day_of_week_operator.py
[2024-08-04T23:03:15.527+0300] {processor.py:840} INFO - DAG(s) 'example_weekday_branch_operator' retrieved from /home/grigory/airflow_venv/lib/python3.10/site-packages/airflow/example_dags/example_branch_day_of_week_operator.py
[2024-08-04T23:03:15.574+0300] {logging_mixin.py:188} INFO - [2024-08-04T23:03:15.573+0300] {dag.py:3089} INFO - Sync 1 DAGs
[2024-08-04T23:03:15.625+0300] {logging_mixin.py:188} INFO - [2024-08-04T23:03:15.625+0300] {dag.py:3947} INFO - Setting next_dagrun for example_weekday_branch_operator to 2024-08-03 00:00:00+00:00, run_after=2024-08-04 00:00:00+00:00
[2024-08-04T23:03:15.666+0300] {processor.py:183} INFO - Processing /home/grigory/airflow_venv/lib/python3.10/site-packages/airflow/example_dags/example_branch_day_of_week_operator.py took 0.205 seconds
[2024-08-04T23:04:13.417+0300] {processor.py:161} INFO - Started process (PID=1761) to work on /home/grigory/airflow_venv/lib/python3.10/site-packages/airflow/example_dags/example_branch_day_of_week_operator.py
[2024-08-04T23:04:13.418+0300] {processor.py:830} INFO - Processing file /home/grigory/airflow_venv/lib/python3.10/site-packages/airflow/example_dags/example_branch_day_of_week_operator.py for tasks to queue
[2024-08-04T23:04:13.422+0300] {logging_mixin.py:188} INFO - [2024-08-04T23:04:13.421+0300] {dagbag.py:545} INFO - Filling up the DagBag from /home/grigory/airflow_venv/lib/python3.10/site-packages/airflow/example_dags/example_branch_day_of_week_operator.py
[2024-08-04T23:04:13.438+0300] {processor.py:840} INFO - DAG(s) 'example_weekday_branch_operator' retrieved from /home/grigory/airflow_venv/lib/python3.10/site-packages/airflow/example_dags/example_branch_day_of_week_operator.py
[2024-08-04T23:04:13.473+0300] {logging_mixin.py:188} INFO - [2024-08-04T23:04:13.473+0300] {dag.py:3089} INFO - Sync 1 DAGs
[2024-08-04T23:04:13.518+0300] {logging_mixin.py:188} INFO - [2024-08-04T23:04:13.518+0300] {dag.py:3947} INFO - Setting next_dagrun for example_weekday_branch_operator to 2024-08-03 00:00:00+00:00, run_after=2024-08-04 00:00:00+00:00
[2024-08-04T23:04:13.552+0300] {processor.py:183} INFO - Processing /home/grigory/airflow_venv/lib/python3.10/site-packages/airflow/example_dags/example_branch_day_of_week_operator.py took 0.147 seconds
[2024-08-04T23:05:25.257+0300] {processor.py:161} INFO - Started process (PID=1813) to work on /home/grigory/airflow_venv/lib/python3.10/site-packages/airflow/example_dags/example_branch_day_of_week_operator.py
[2024-08-04T23:05:25.350+0300] {processor.py:830} INFO - Processing file /home/grigory/airflow_venv/lib/python3.10/site-packages/airflow/example_dags/example_branch_day_of_week_operator.py for tasks to queue
[2024-08-04T23:05:25.355+0300] {logging_mixin.py:188} INFO - [2024-08-04T23:05:25.354+0300] {dagbag.py:545} INFO - Filling up the DagBag from /home/grigory/airflow_venv/lib/python3.10/site-packages/airflow/example_dags/example_branch_day_of_week_operator.py
[2024-08-04T23:05:25.417+0300] {processor.py:840} INFO - DAG(s) 'example_weekday_branch_operator' retrieved from /home/grigory/airflow_venv/lib/python3.10/site-packages/airflow/example_dags/example_branch_day_of_week_operator.py
[2024-08-04T23:05:25.534+0300] {logging_mixin.py:188} INFO - [2024-08-04T23:05:25.534+0300] {dag.py:3089} INFO - Sync 1 DAGs
[2024-08-04T23:05:25.706+0300] {logging_mixin.py:188} INFO - [2024-08-04T23:05:25.705+0300] {dag.py:3947} INFO - Setting next_dagrun for example_weekday_branch_operator to 2024-08-03 00:00:00+00:00, run_after=2024-08-04 00:00:00+00:00
[2024-08-04T23:05:26.465+0300] {processor.py:183} INFO - Processing /home/grigory/airflow_venv/lib/python3.10/site-packages/airflow/example_dags/example_branch_day_of_week_operator.py took 1.256 seconds
[2024-08-04T23:07:28.125+0300] {processor.py:161} INFO - Started process (PID=1886) to work on /home/grigory/airflow_venv/lib/python3.10/site-packages/airflow/example_dags/example_branch_day_of_week_operator.py
[2024-08-04T23:07:28.129+0300] {processor.py:830} INFO - Processing file /home/grigory/airflow_venv/lib/python3.10/site-packages/airflow/example_dags/example_branch_day_of_week_operator.py for tasks to queue
[2024-08-04T23:07:28.132+0300] {logging_mixin.py:188} INFO - [2024-08-04T23:07:28.131+0300] {dagbag.py:545} INFO - Filling up the DagBag from /home/grigory/airflow_venv/lib/python3.10/site-packages/airflow/example_dags/example_branch_day_of_week_operator.py
[2024-08-04T23:07:28.148+0300] {processor.py:840} INFO - DAG(s) 'example_weekday_branch_operator' retrieved from /home/grigory/airflow_venv/lib/python3.10/site-packages/airflow/example_dags/example_branch_day_of_week_operator.py
[2024-08-04T23:07:28.178+0300] {logging_mixin.py:188} INFO - [2024-08-04T23:07:28.178+0300] {dag.py:3089} INFO - Sync 1 DAGs
[2024-08-04T23:07:28.220+0300] {logging_mixin.py:188} INFO - [2024-08-04T23:07:28.219+0300] {dag.py:3947} INFO - Setting next_dagrun for example_weekday_branch_operator to 2024-08-03 00:00:00+00:00, run_after=2024-08-04 00:00:00+00:00
[2024-08-04T23:07:28.266+0300] {processor.py:183} INFO - Processing /home/grigory/airflow_venv/lib/python3.10/site-packages/airflow/example_dags/example_branch_day_of_week_operator.py took 0.155 seconds
[2024-08-04T23:08:35.358+0300] {processor.py:161} INFO - Started process (PID=1942) to work on /home/grigory/airflow_venv/lib/python3.10/site-packages/airflow/example_dags/example_branch_day_of_week_operator.py
[2024-08-04T23:08:35.360+0300] {processor.py:830} INFO - Processing file /home/grigory/airflow_venv/lib/python3.10/site-packages/airflow/example_dags/example_branch_day_of_week_operator.py for tasks to queue
[2024-08-04T23:08:35.362+0300] {logging_mixin.py:188} INFO - [2024-08-04T23:08:35.361+0300] {dagbag.py:545} INFO - Filling up the DagBag from /home/grigory/airflow_venv/lib/python3.10/site-packages/airflow/example_dags/example_branch_day_of_week_operator.py
[2024-08-04T23:08:35.376+0300] {processor.py:840} INFO - DAG(s) 'example_weekday_branch_operator' retrieved from /home/grigory/airflow_venv/lib/python3.10/site-packages/airflow/example_dags/example_branch_day_of_week_operator.py
[2024-08-04T23:08:35.408+0300] {logging_mixin.py:188} INFO - [2024-08-04T23:08:35.407+0300] {dag.py:3089} INFO - Sync 1 DAGs
[2024-08-04T23:08:35.452+0300] {logging_mixin.py:188} INFO - [2024-08-04T23:08:35.452+0300] {dag.py:3947} INFO - Setting next_dagrun for example_weekday_branch_operator to 2024-08-03 00:00:00+00:00, run_after=2024-08-04 00:00:00+00:00
[2024-08-04T23:08:35.482+0300] {processor.py:183} INFO - Processing /home/grigory/airflow_venv/lib/python3.10/site-packages/airflow/example_dags/example_branch_day_of_week_operator.py took 0.137 seconds
[2024-08-04T23:09:54.366+0300] {processor.py:161} INFO - Started process (PID=2014) to work on /home/grigory/airflow_venv/lib/python3.10/site-packages/airflow/example_dags/example_branch_day_of_week_operator.py
[2024-08-04T23:09:54.368+0300] {processor.py:830} INFO - Processing file /home/grigory/airflow_venv/lib/python3.10/site-packages/airflow/example_dags/example_branch_day_of_week_operator.py for tasks to queue
[2024-08-04T23:09:54.371+0300] {logging_mixin.py:188} INFO - [2024-08-04T23:09:54.369+0300] {dagbag.py:545} INFO - Filling up the DagBag from /home/grigory/airflow_venv/lib/python3.10/site-packages/airflow/example_dags/example_branch_day_of_week_operator.py
[2024-08-04T23:09:54.382+0300] {processor.py:840} INFO - DAG(s) 'example_weekday_branch_operator' retrieved from /home/grigory/airflow_venv/lib/python3.10/site-packages/airflow/example_dags/example_branch_day_of_week_operator.py
[2024-08-04T23:09:54.410+0300] {logging_mixin.py:188} INFO - [2024-08-04T23:09:54.409+0300] {dag.py:3089} INFO - Sync 1 DAGs
[2024-08-04T23:09:54.454+0300] {logging_mixin.py:188} INFO - [2024-08-04T23:09:54.454+0300] {dag.py:3947} INFO - Setting next_dagrun for example_weekday_branch_operator to 2024-08-03 00:00:00+00:00, run_after=2024-08-04 00:00:00+00:00
[2024-08-04T23:09:54.533+0300] {processor.py:183} INFO - Processing /home/grigory/airflow_venv/lib/python3.10/site-packages/airflow/example_dags/example_branch_day_of_week_operator.py took 0.175 seconds
[2024-08-04T23:11:06.695+0300] {processor.py:161} INFO - Started process (PID=2068) to work on /home/grigory/airflow_venv/lib/python3.10/site-packages/airflow/example_dags/example_branch_day_of_week_operator.py
[2024-08-04T23:11:06.700+0300] {processor.py:830} INFO - Processing file /home/grigory/airflow_venv/lib/python3.10/site-packages/airflow/example_dags/example_branch_day_of_week_operator.py for tasks to queue
[2024-08-04T23:11:06.711+0300] {logging_mixin.py:188} INFO - [2024-08-04T23:11:06.710+0300] {dagbag.py:545} INFO - Filling up the DagBag from /home/grigory/airflow_venv/lib/python3.10/site-packages/airflow/example_dags/example_branch_day_of_week_operator.py
[2024-08-04T23:11:06.761+0300] {processor.py:840} INFO - DAG(s) 'example_weekday_branch_operator' retrieved from /home/grigory/airflow_venv/lib/python3.10/site-packages/airflow/example_dags/example_branch_day_of_week_operator.py
[2024-08-04T23:11:06.858+0300] {logging_mixin.py:188} INFO - [2024-08-04T23:11:06.857+0300] {dag.py:3089} INFO - Sync 1 DAGs
[2024-08-04T23:11:07.033+0300] {logging_mixin.py:188} INFO - [2024-08-04T23:11:07.032+0300] {dag.py:3947} INFO - Setting next_dagrun for example_weekday_branch_operator to 2024-08-03 00:00:00+00:00, run_after=2024-08-04 00:00:00+00:00
[2024-08-04T23:11:07.188+0300] {processor.py:183} INFO - Processing /home/grigory/airflow_venv/lib/python3.10/site-packages/airflow/example_dags/example_branch_day_of_week_operator.py took 0.539 seconds
[2024-08-04T23:12:20.905+0300] {processor.py:161} INFO - Started process (PID=2124) to work on /home/grigory/airflow_venv/lib/python3.10/site-packages/airflow/example_dags/example_branch_day_of_week_operator.py
[2024-08-04T23:12:20.907+0300] {processor.py:830} INFO - Processing file /home/grigory/airflow_venv/lib/python3.10/site-packages/airflow/example_dags/example_branch_day_of_week_operator.py for tasks to queue
[2024-08-04T23:12:20.911+0300] {logging_mixin.py:188} INFO - [2024-08-04T23:12:20.910+0300] {dagbag.py:545} INFO - Filling up the DagBag from /home/grigory/airflow_venv/lib/python3.10/site-packages/airflow/example_dags/example_branch_day_of_week_operator.py
[2024-08-04T23:12:20.935+0300] {processor.py:840} INFO - DAG(s) 'example_weekday_branch_operator' retrieved from /home/grigory/airflow_venv/lib/python3.10/site-packages/airflow/example_dags/example_branch_day_of_week_operator.py
[2024-08-04T23:12:20.974+0300] {logging_mixin.py:188} INFO - [2024-08-04T23:12:20.974+0300] {dag.py:3089} INFO - Sync 1 DAGs
[2024-08-04T23:12:21.052+0300] {logging_mixin.py:188} INFO - [2024-08-04T23:12:21.052+0300] {dag.py:3947} INFO - Setting next_dagrun for example_weekday_branch_operator to 2024-08-03 00:00:00+00:00, run_after=2024-08-04 00:00:00+00:00
[2024-08-04T23:12:21.126+0300] {processor.py:183} INFO - Processing /home/grigory/airflow_venv/lib/python3.10/site-packages/airflow/example_dags/example_branch_day_of_week_operator.py took 0.233 seconds
[2024-08-04T23:13:36.174+0300] {processor.py:161} INFO - Started process (PID=2183) to work on /home/grigory/airflow_venv/lib/python3.10/site-packages/airflow/example_dags/example_branch_day_of_week_operator.py
[2024-08-04T23:13:36.178+0300] {processor.py:830} INFO - Processing file /home/grigory/airflow_venv/lib/python3.10/site-packages/airflow/example_dags/example_branch_day_of_week_operator.py for tasks to queue
[2024-08-04T23:13:36.182+0300] {logging_mixin.py:188} INFO - [2024-08-04T23:13:36.181+0300] {dagbag.py:545} INFO - Filling up the DagBag from /home/grigory/airflow_venv/lib/python3.10/site-packages/airflow/example_dags/example_branch_day_of_week_operator.py
[2024-08-04T23:13:36.200+0300] {processor.py:840} INFO - DAG(s) 'example_weekday_branch_operator' retrieved from /home/grigory/airflow_venv/lib/python3.10/site-packages/airflow/example_dags/example_branch_day_of_week_operator.py
[2024-08-04T23:13:36.243+0300] {logging_mixin.py:188} INFO - [2024-08-04T23:13:36.242+0300] {dag.py:3089} INFO - Sync 1 DAGs
[2024-08-04T23:13:36.283+0300] {logging_mixin.py:188} INFO - [2024-08-04T23:13:36.283+0300] {dag.py:3947} INFO - Setting next_dagrun for example_weekday_branch_operator to 2024-08-03 00:00:00+00:00, run_after=2024-08-04 00:00:00+00:00
[2024-08-04T23:13:36.323+0300] {processor.py:183} INFO - Processing /home/grigory/airflow_venv/lib/python3.10/site-packages/airflow/example_dags/example_branch_day_of_week_operator.py took 0.164 seconds
[2024-08-04T23:14:45.123+0300] {processor.py:161} INFO - Started process (PID=2237) to work on /home/grigory/airflow_venv/lib/python3.10/site-packages/airflow/example_dags/example_branch_day_of_week_operator.py
[2024-08-04T23:14:45.125+0300] {processor.py:830} INFO - Processing file /home/grigory/airflow_venv/lib/python3.10/site-packages/airflow/example_dags/example_branch_day_of_week_operator.py for tasks to queue
[2024-08-04T23:14:45.127+0300] {logging_mixin.py:188} INFO - [2024-08-04T23:14:45.127+0300] {dagbag.py:545} INFO - Filling up the DagBag from /home/grigory/airflow_venv/lib/python3.10/site-packages/airflow/example_dags/example_branch_day_of_week_operator.py
[2024-08-04T23:14:45.143+0300] {processor.py:840} INFO - DAG(s) 'example_weekday_branch_operator' retrieved from /home/grigory/airflow_venv/lib/python3.10/site-packages/airflow/example_dags/example_branch_day_of_week_operator.py
[2024-08-04T23:14:45.168+0300] {logging_mixin.py:188} INFO - [2024-08-04T23:14:45.168+0300] {dag.py:3089} INFO - Sync 1 DAGs
[2024-08-04T23:14:45.197+0300] {logging_mixin.py:188} INFO - [2024-08-04T23:14:45.197+0300] {dag.py:3947} INFO - Setting next_dagrun for example_weekday_branch_operator to 2024-08-03 00:00:00+00:00, run_after=2024-08-04 00:00:00+00:00
[2024-08-04T23:14:45.233+0300] {processor.py:183} INFO - Processing /home/grigory/airflow_venv/lib/python3.10/site-packages/airflow/example_dags/example_branch_day_of_week_operator.py took 0.123 seconds
[2024-08-04T23:15:48.257+0300] {processor.py:161} INFO - Started process (PID=2290) to work on /home/grigory/airflow_venv/lib/python3.10/site-packages/airflow/example_dags/example_branch_day_of_week_operator.py
[2024-08-04T23:15:48.261+0300] {processor.py:830} INFO - Processing file /home/grigory/airflow_venv/lib/python3.10/site-packages/airflow/example_dags/example_branch_day_of_week_operator.py for tasks to queue
[2024-08-04T23:15:48.273+0300] {logging_mixin.py:188} INFO - [2024-08-04T23:15:48.272+0300] {dagbag.py:545} INFO - Filling up the DagBag from /home/grigory/airflow_venv/lib/python3.10/site-packages/airflow/example_dags/example_branch_day_of_week_operator.py
[2024-08-04T23:15:48.319+0300] {processor.py:840} INFO - DAG(s) 'example_weekday_branch_operator' retrieved from /home/grigory/airflow_venv/lib/python3.10/site-packages/airflow/example_dags/example_branch_day_of_week_operator.py
[2024-08-04T23:15:48.393+0300] {logging_mixin.py:188} INFO - [2024-08-04T23:15:48.393+0300] {dag.py:3089} INFO - Sync 1 DAGs
[2024-08-04T23:15:48.534+0300] {logging_mixin.py:188} INFO - [2024-08-04T23:15:48.534+0300] {dag.py:3947} INFO - Setting next_dagrun for example_weekday_branch_operator to 2024-08-03 00:00:00+00:00, run_after=2024-08-04 00:00:00+00:00
[2024-08-04T23:15:48.608+0300] {processor.py:183} INFO - Processing /home/grigory/airflow_venv/lib/python3.10/site-packages/airflow/example_dags/example_branch_day_of_week_operator.py took 0.382 seconds
[2024-08-04T23:16:47.950+0300] {processor.py:161} INFO - Started process (PID=2342) to work on /home/grigory/airflow_venv/lib/python3.10/site-packages/airflow/example_dags/example_branch_day_of_week_operator.py
[2024-08-04T23:16:47.952+0300] {processor.py:830} INFO - Processing file /home/grigory/airflow_venv/lib/python3.10/site-packages/airflow/example_dags/example_branch_day_of_week_operator.py for tasks to queue
[2024-08-04T23:16:47.956+0300] {logging_mixin.py:188} INFO - [2024-08-04T23:16:47.955+0300] {dagbag.py:545} INFO - Filling up the DagBag from /home/grigory/airflow_venv/lib/python3.10/site-packages/airflow/example_dags/example_branch_day_of_week_operator.py
[2024-08-04T23:16:47.976+0300] {processor.py:840} INFO - DAG(s) 'example_weekday_branch_operator' retrieved from /home/grigory/airflow_venv/lib/python3.10/site-packages/airflow/example_dags/example_branch_day_of_week_operator.py
[2024-08-04T23:16:48.017+0300] {logging_mixin.py:188} INFO - [2024-08-04T23:16:48.016+0300] {dag.py:3089} INFO - Sync 1 DAGs
[2024-08-04T23:16:48.069+0300] {logging_mixin.py:188} INFO - [2024-08-04T23:16:48.069+0300] {dag.py:3947} INFO - Setting next_dagrun for example_weekday_branch_operator to 2024-08-03 00:00:00+00:00, run_after=2024-08-04 00:00:00+00:00
[2024-08-04T23:16:48.120+0300] {processor.py:183} INFO - Processing /home/grigory/airflow_venv/lib/python3.10/site-packages/airflow/example_dags/example_branch_day_of_week_operator.py took 0.187 seconds
[2024-08-04T23:17:43.619+0300] {processor.py:161} INFO - Started process (PID=2395) to work on /home/grigory/airflow_venv/lib/python3.10/site-packages/airflow/example_dags/example_branch_day_of_week_operator.py
[2024-08-04T23:17:43.621+0300] {processor.py:830} INFO - Processing file /home/grigory/airflow_venv/lib/python3.10/site-packages/airflow/example_dags/example_branch_day_of_week_operator.py for tasks to queue
[2024-08-04T23:17:43.623+0300] {logging_mixin.py:188} INFO - [2024-08-04T23:17:43.623+0300] {dagbag.py:545} INFO - Filling up the DagBag from /home/grigory/airflow_venv/lib/python3.10/site-packages/airflow/example_dags/example_branch_day_of_week_operator.py
[2024-08-04T23:17:43.635+0300] {processor.py:840} INFO - DAG(s) 'example_weekday_branch_operator' retrieved from /home/grigory/airflow_venv/lib/python3.10/site-packages/airflow/example_dags/example_branch_day_of_week_operator.py
[2024-08-04T23:17:43.657+0300] {logging_mixin.py:188} INFO - [2024-08-04T23:17:43.657+0300] {dag.py:3089} INFO - Sync 1 DAGs
[2024-08-04T23:17:43.685+0300] {logging_mixin.py:188} INFO - [2024-08-04T23:17:43.685+0300] {dag.py:3947} INFO - Setting next_dagrun for example_weekday_branch_operator to 2024-08-03 00:00:00+00:00, run_after=2024-08-04 00:00:00+00:00
[2024-08-04T23:17:43.779+0300] {processor.py:183} INFO - Processing /home/grigory/airflow_venv/lib/python3.10/site-packages/airflow/example_dags/example_branch_day_of_week_operator.py took 0.168 seconds
[2024-08-04T23:19:30.609+0300] {processor.py:161} INFO - Started process (PID=2459) to work on /home/grigory/airflow_venv/lib/python3.10/site-packages/airflow/example_dags/example_branch_day_of_week_operator.py
[2024-08-04T23:19:30.611+0300] {processor.py:830} INFO - Processing file /home/grigory/airflow_venv/lib/python3.10/site-packages/airflow/example_dags/example_branch_day_of_week_operator.py for tasks to queue
[2024-08-04T23:19:30.613+0300] {logging_mixin.py:188} INFO - [2024-08-04T23:19:30.613+0300] {dagbag.py:545} INFO - Filling up the DagBag from /home/grigory/airflow_venv/lib/python3.10/site-packages/airflow/example_dags/example_branch_day_of_week_operator.py
[2024-08-04T23:19:30.633+0300] {processor.py:840} INFO - DAG(s) 'example_weekday_branch_operator' retrieved from /home/grigory/airflow_venv/lib/python3.10/site-packages/airflow/example_dags/example_branch_day_of_week_operator.py
[2024-08-04T23:19:30.667+0300] {logging_mixin.py:188} INFO - [2024-08-04T23:19:30.667+0300] {dag.py:3089} INFO - Sync 1 DAGs
[2024-08-04T23:19:30.724+0300] {logging_mixin.py:188} INFO - [2024-08-04T23:19:30.723+0300] {dag.py:3947} INFO - Setting next_dagrun for example_weekday_branch_operator to 2024-08-03 00:00:00+00:00, run_after=2024-08-04 00:00:00+00:00
[2024-08-04T23:19:30.769+0300] {processor.py:183} INFO - Processing /home/grigory/airflow_venv/lib/python3.10/site-packages/airflow/example_dags/example_branch_day_of_week_operator.py took 0.171 seconds
[2024-08-04T23:20:39.584+0300] {processor.py:161} INFO - Started process (PID=2515) to work on /home/grigory/airflow_venv/lib/python3.10/site-packages/airflow/example_dags/example_branch_day_of_week_operator.py
[2024-08-04T23:20:39.587+0300] {processor.py:830} INFO - Processing file /home/grigory/airflow_venv/lib/python3.10/site-packages/airflow/example_dags/example_branch_day_of_week_operator.py for tasks to queue
[2024-08-04T23:20:39.590+0300] {logging_mixin.py:188} INFO - [2024-08-04T23:20:39.589+0300] {dagbag.py:545} INFO - Filling up the DagBag from /home/grigory/airflow_venv/lib/python3.10/site-packages/airflow/example_dags/example_branch_day_of_week_operator.py
[2024-08-04T23:20:39.603+0300] {processor.py:840} INFO - DAG(s) 'example_weekday_branch_operator' retrieved from /home/grigory/airflow_venv/lib/python3.10/site-packages/airflow/example_dags/example_branch_day_of_week_operator.py
[2024-08-04T23:20:39.629+0300] {logging_mixin.py:188} INFO - [2024-08-04T23:20:39.629+0300] {dag.py:3089} INFO - Sync 1 DAGs
[2024-08-04T23:20:39.672+0300] {logging_mixin.py:188} INFO - [2024-08-04T23:20:39.672+0300] {dag.py:3947} INFO - Setting next_dagrun for example_weekday_branch_operator to 2024-08-03 00:00:00+00:00, run_after=2024-08-04 00:00:00+00:00
[2024-08-04T23:20:39.776+0300] {processor.py:183} INFO - Processing /home/grigory/airflow_venv/lib/python3.10/site-packages/airflow/example_dags/example_branch_day_of_week_operator.py took 0.202 seconds
[2024-08-04T23:21:59.588+0300] {processor.py:161} INFO - Started process (PID=2588) to work on /home/grigory/airflow_venv/lib/python3.10/site-packages/airflow/example_dags/example_branch_day_of_week_operator.py
[2024-08-04T23:21:59.590+0300] {processor.py:830} INFO - Processing file /home/grigory/airflow_venv/lib/python3.10/site-packages/airflow/example_dags/example_branch_day_of_week_operator.py for tasks to queue
[2024-08-04T23:21:59.592+0300] {logging_mixin.py:188} INFO - [2024-08-04T23:21:59.592+0300] {dagbag.py:545} INFO - Filling up the DagBag from /home/grigory/airflow_venv/lib/python3.10/site-packages/airflow/example_dags/example_branch_day_of_week_operator.py
[2024-08-04T23:21:59.611+0300] {processor.py:840} INFO - DAG(s) 'example_weekday_branch_operator' retrieved from /home/grigory/airflow_venv/lib/python3.10/site-packages/airflow/example_dags/example_branch_day_of_week_operator.py
[2024-08-04T23:21:59.645+0300] {logging_mixin.py:188} INFO - [2024-08-04T23:21:59.645+0300] {dag.py:3089} INFO - Sync 1 DAGs
[2024-08-04T23:21:59.678+0300] {logging_mixin.py:188} INFO - [2024-08-04T23:21:59.678+0300] {dag.py:3947} INFO - Setting next_dagrun for example_weekday_branch_operator to 2024-08-03 00:00:00+00:00, run_after=2024-08-04 00:00:00+00:00
[2024-08-04T23:21:59.762+0300] {processor.py:183} INFO - Processing /home/grigory/airflow_venv/lib/python3.10/site-packages/airflow/example_dags/example_branch_day_of_week_operator.py took 0.190 seconds
[2024-08-04T23:23:26.049+0300] {processor.py:161} INFO - Started process (PID=2665) to work on /home/grigory/airflow_venv/lib/python3.10/site-packages/airflow/example_dags/example_branch_day_of_week_operator.py
[2024-08-04T23:23:26.050+0300] {processor.py:830} INFO - Processing file /home/grigory/airflow_venv/lib/python3.10/site-packages/airflow/example_dags/example_branch_day_of_week_operator.py for tasks to queue
[2024-08-04T23:23:26.052+0300] {logging_mixin.py:188} INFO - [2024-08-04T23:23:26.052+0300] {dagbag.py:545} INFO - Filling up the DagBag from /home/grigory/airflow_venv/lib/python3.10/site-packages/airflow/example_dags/example_branch_day_of_week_operator.py
[2024-08-04T23:23:26.063+0300] {processor.py:840} INFO - DAG(s) 'example_weekday_branch_operator' retrieved from /home/grigory/airflow_venv/lib/python3.10/site-packages/airflow/example_dags/example_branch_day_of_week_operator.py
[2024-08-04T23:23:26.085+0300] {logging_mixin.py:188} INFO - [2024-08-04T23:23:26.084+0300] {dag.py:3089} INFO - Sync 1 DAGs
[2024-08-04T23:23:26.113+0300] {logging_mixin.py:188} INFO - [2024-08-04T23:23:26.112+0300] {dag.py:3947} INFO - Setting next_dagrun for example_weekday_branch_operator to 2024-08-03 00:00:00+00:00, run_after=2024-08-04 00:00:00+00:00
[2024-08-04T23:23:26.143+0300] {processor.py:183} INFO - Processing /home/grigory/airflow_venv/lib/python3.10/site-packages/airflow/example_dags/example_branch_day_of_week_operator.py took 0.102 seconds
[2024-08-04T23:24:39.352+0300] {processor.py:161} INFO - Started process (PID=2735) to work on /home/grigory/airflow_venv/lib/python3.10/site-packages/airflow/example_dags/example_branch_day_of_week_operator.py
[2024-08-04T23:24:39.354+0300] {processor.py:830} INFO - Processing file /home/grigory/airflow_venv/lib/python3.10/site-packages/airflow/example_dags/example_branch_day_of_week_operator.py for tasks to queue
[2024-08-04T23:24:39.357+0300] {logging_mixin.py:188} INFO - [2024-08-04T23:24:39.357+0300] {dagbag.py:545} INFO - Filling up the DagBag from /home/grigory/airflow_venv/lib/python3.10/site-packages/airflow/example_dags/example_branch_day_of_week_operator.py
[2024-08-04T23:24:39.368+0300] {processor.py:840} INFO - DAG(s) 'example_weekday_branch_operator' retrieved from /home/grigory/airflow_venv/lib/python3.10/site-packages/airflow/example_dags/example_branch_day_of_week_operator.py
[2024-08-04T23:24:39.389+0300] {logging_mixin.py:188} INFO - [2024-08-04T23:24:39.389+0300] {dag.py:3089} INFO - Sync 1 DAGs
[2024-08-04T23:24:39.416+0300] {logging_mixin.py:188} INFO - [2024-08-04T23:24:39.416+0300] {dag.py:3947} INFO - Setting next_dagrun for example_weekday_branch_operator to 2024-08-03 00:00:00+00:00, run_after=2024-08-04 00:00:00+00:00
[2024-08-04T23:24:39.503+0300] {processor.py:183} INFO - Processing /home/grigory/airflow_venv/lib/python3.10/site-packages/airflow/example_dags/example_branch_day_of_week_operator.py took 0.159 seconds
[2024-08-04T23:25:49.174+0300] {processor.py:161} INFO - Started process (PID=2803) to work on /home/grigory/airflow_venv/lib/python3.10/site-packages/airflow/example_dags/example_branch_day_of_week_operator.py
[2024-08-04T23:25:49.176+0300] {processor.py:830} INFO - Processing file /home/grigory/airflow_venv/lib/python3.10/site-packages/airflow/example_dags/example_branch_day_of_week_operator.py for tasks to queue
[2024-08-04T23:25:49.179+0300] {logging_mixin.py:188} INFO - [2024-08-04T23:25:49.178+0300] {dagbag.py:545} INFO - Filling up the DagBag from /home/grigory/airflow_venv/lib/python3.10/site-packages/airflow/example_dags/example_branch_day_of_week_operator.py
[2024-08-04T23:25:49.192+0300] {processor.py:840} INFO - DAG(s) 'example_weekday_branch_operator' retrieved from /home/grigory/airflow_venv/lib/python3.10/site-packages/airflow/example_dags/example_branch_day_of_week_operator.py
[2024-08-04T23:25:49.220+0300] {logging_mixin.py:188} INFO - [2024-08-04T23:25:49.219+0300] {dag.py:3089} INFO - Sync 1 DAGs
[2024-08-04T23:25:49.257+0300] {logging_mixin.py:188} INFO - [2024-08-04T23:25:49.257+0300] {dag.py:3947} INFO - Setting next_dagrun for example_weekday_branch_operator to 2024-08-03 00:00:00+00:00, run_after=2024-08-04 00:00:00+00:00
[2024-08-04T23:25:49.299+0300] {processor.py:183} INFO - Processing /home/grigory/airflow_venv/lib/python3.10/site-packages/airflow/example_dags/example_branch_day_of_week_operator.py took 0.132 seconds
[2024-08-04T23:27:20.892+0300] {processor.py:161} INFO - Started process (PID=2902) to work on /home/grigory/airflow_venv/lib/python3.10/site-packages/airflow/example_dags/example_branch_day_of_week_operator.py
[2024-08-04T23:27:20.894+0300] {processor.py:830} INFO - Processing file /home/grigory/airflow_venv/lib/python3.10/site-packages/airflow/example_dags/example_branch_day_of_week_operator.py for tasks to queue
[2024-08-04T23:27:20.896+0300] {logging_mixin.py:188} INFO - [2024-08-04T23:27:20.896+0300] {dagbag.py:545} INFO - Filling up the DagBag from /home/grigory/airflow_venv/lib/python3.10/site-packages/airflow/example_dags/example_branch_day_of_week_operator.py
[2024-08-04T23:27:20.907+0300] {processor.py:840} INFO - DAG(s) 'example_weekday_branch_operator' retrieved from /home/grigory/airflow_venv/lib/python3.10/site-packages/airflow/example_dags/example_branch_day_of_week_operator.py
[2024-08-04T23:27:20.930+0300] {logging_mixin.py:188} INFO - [2024-08-04T23:27:20.930+0300] {dag.py:3089} INFO - Sync 1 DAGs
[2024-08-04T23:27:20.959+0300] {logging_mixin.py:188} INFO - [2024-08-04T23:27:20.959+0300] {dag.py:3947} INFO - Setting next_dagrun for example_weekday_branch_operator to 2024-08-03 00:00:00+00:00, run_after=2024-08-04 00:00:00+00:00
[2024-08-04T23:27:21.051+0300] {processor.py:183} INFO - Processing /home/grigory/airflow_venv/lib/python3.10/site-packages/airflow/example_dags/example_branch_day_of_week_operator.py took 0.168 seconds
[2024-08-04T23:28:42.055+0300] {processor.py:161} INFO - Started process (PID=2978) to work on /home/grigory/airflow_venv/lib/python3.10/site-packages/airflow/example_dags/example_branch_day_of_week_operator.py
[2024-08-04T23:28:42.057+0300] {processor.py:830} INFO - Processing file /home/grigory/airflow_venv/lib/python3.10/site-packages/airflow/example_dags/example_branch_day_of_week_operator.py for tasks to queue
[2024-08-04T23:28:42.059+0300] {logging_mixin.py:188} INFO - [2024-08-04T23:28:42.058+0300] {dagbag.py:545} INFO - Filling up the DagBag from /home/grigory/airflow_venv/lib/python3.10/site-packages/airflow/example_dags/example_branch_day_of_week_operator.py
[2024-08-04T23:28:42.069+0300] {processor.py:840} INFO - DAG(s) 'example_weekday_branch_operator' retrieved from /home/grigory/airflow_venv/lib/python3.10/site-packages/airflow/example_dags/example_branch_day_of_week_operator.py
[2024-08-04T23:28:42.090+0300] {logging_mixin.py:188} INFO - [2024-08-04T23:28:42.090+0300] {dag.py:3089} INFO - Sync 1 DAGs
[2024-08-04T23:28:42.117+0300] {logging_mixin.py:188} INFO - [2024-08-04T23:28:42.117+0300] {dag.py:3947} INFO - Setting next_dagrun for example_weekday_branch_operator to 2024-08-03 00:00:00+00:00, run_after=2024-08-04 00:00:00+00:00
[2024-08-04T23:28:42.149+0300] {processor.py:183} INFO - Processing /home/grigory/airflow_venv/lib/python3.10/site-packages/airflow/example_dags/example_branch_day_of_week_operator.py took 0.102 seconds
[2024-08-04T23:30:01.635+0300] {processor.py:161} INFO - Started process (PID=3050) to work on /home/grigory/airflow_venv/lib/python3.10/site-packages/airflow/example_dags/example_branch_day_of_week_operator.py
[2024-08-04T23:30:01.637+0300] {processor.py:830} INFO - Processing file /home/grigory/airflow_venv/lib/python3.10/site-packages/airflow/example_dags/example_branch_day_of_week_operator.py for tasks to queue
[2024-08-04T23:30:01.639+0300] {logging_mixin.py:188} INFO - [2024-08-04T23:30:01.639+0300] {dagbag.py:545} INFO - Filling up the DagBag from /home/grigory/airflow_venv/lib/python3.10/site-packages/airflow/example_dags/example_branch_day_of_week_operator.py
[2024-08-04T23:30:01.653+0300] {processor.py:840} INFO - DAG(s) 'example_weekday_branch_operator' retrieved from /home/grigory/airflow_venv/lib/python3.10/site-packages/airflow/example_dags/example_branch_day_of_week_operator.py
[2024-08-04T23:30:01.678+0300] {logging_mixin.py:188} INFO - [2024-08-04T23:30:01.678+0300] {dag.py:3089} INFO - Sync 1 DAGs
[2024-08-04T23:30:01.723+0300] {logging_mixin.py:188} INFO - [2024-08-04T23:30:01.722+0300] {dag.py:3947} INFO - Setting next_dagrun for example_weekday_branch_operator to 2024-08-03 00:00:00+00:00, run_after=2024-08-04 00:00:00+00:00
[2024-08-04T23:30:01.762+0300] {processor.py:183} INFO - Processing /home/grigory/airflow_venv/lib/python3.10/site-packages/airflow/example_dags/example_branch_day_of_week_operator.py took 0.149 seconds
[2024-08-04T23:30:57.891+0300] {processor.py:161} INFO - Started process (PID=3106) to work on /home/grigory/airflow_venv/lib/python3.10/site-packages/airflow/example_dags/example_branch_day_of_week_operator.py
[2024-08-04T23:30:57.894+0300] {processor.py:830} INFO - Processing file /home/grigory/airflow_venv/lib/python3.10/site-packages/airflow/example_dags/example_branch_day_of_week_operator.py for tasks to queue
[2024-08-04T23:30:57.897+0300] {logging_mixin.py:188} INFO - [2024-08-04T23:30:57.896+0300] {dagbag.py:545} INFO - Filling up the DagBag from /home/grigory/airflow_venv/lib/python3.10/site-packages/airflow/example_dags/example_branch_day_of_week_operator.py
[2024-08-04T23:30:57.914+0300] {processor.py:840} INFO - DAG(s) 'example_weekday_branch_operator' retrieved from /home/grigory/airflow_venv/lib/python3.10/site-packages/airflow/example_dags/example_branch_day_of_week_operator.py
[2024-08-04T23:30:57.956+0300] {logging_mixin.py:188} INFO - [2024-08-04T23:30:57.956+0300] {dag.py:3089} INFO - Sync 1 DAGs
[2024-08-04T23:30:58.003+0300] {logging_mixin.py:188} INFO - [2024-08-04T23:30:58.002+0300] {dag.py:3947} INFO - Setting next_dagrun for example_weekday_branch_operator to 2024-08-03 00:00:00+00:00, run_after=2024-08-04 00:00:00+00:00
[2024-08-04T23:30:58.079+0300] {processor.py:183} INFO - Processing /home/grigory/airflow_venv/lib/python3.10/site-packages/airflow/example_dags/example_branch_day_of_week_operator.py took 0.201 seconds
[2024-08-04T23:32:15.502+0300] {processor.py:161} INFO - Started process (PID=3180) to work on /home/grigory/airflow_venv/lib/python3.10/site-packages/airflow/example_dags/example_branch_day_of_week_operator.py
[2024-08-04T23:32:15.503+0300] {processor.py:830} INFO - Processing file /home/grigory/airflow_venv/lib/python3.10/site-packages/airflow/example_dags/example_branch_day_of_week_operator.py for tasks to queue
[2024-08-04T23:32:15.505+0300] {logging_mixin.py:188} INFO - [2024-08-04T23:32:15.505+0300] {dagbag.py:545} INFO - Filling up the DagBag from /home/grigory/airflow_venv/lib/python3.10/site-packages/airflow/example_dags/example_branch_day_of_week_operator.py
[2024-08-04T23:32:15.518+0300] {processor.py:840} INFO - DAG(s) 'example_weekday_branch_operator' retrieved from /home/grigory/airflow_venv/lib/python3.10/site-packages/airflow/example_dags/example_branch_day_of_week_operator.py
[2024-08-04T23:32:15.541+0300] {logging_mixin.py:188} INFO - [2024-08-04T23:32:15.541+0300] {dag.py:3089} INFO - Sync 1 DAGs
[2024-08-04T23:32:15.573+0300] {logging_mixin.py:188} INFO - [2024-08-04T23:32:15.573+0300] {dag.py:3947} INFO - Setting next_dagrun for example_weekday_branch_operator to 2024-08-03 00:00:00+00:00, run_after=2024-08-04 00:00:00+00:00
[2024-08-04T23:32:15.610+0300] {processor.py:183} INFO - Processing /home/grigory/airflow_venv/lib/python3.10/site-packages/airflow/example_dags/example_branch_day_of_week_operator.py took 0.117 seconds
[2024-08-04T23:33:41.150+0300] {processor.py:161} INFO - Started process (PID=3259) to work on /home/grigory/airflow_venv/lib/python3.10/site-packages/airflow/example_dags/example_branch_day_of_week_operator.py
[2024-08-04T23:33:41.151+0300] {processor.py:830} INFO - Processing file /home/grigory/airflow_venv/lib/python3.10/site-packages/airflow/example_dags/example_branch_day_of_week_operator.py for tasks to queue
[2024-08-04T23:33:41.153+0300] {logging_mixin.py:188} INFO - [2024-08-04T23:33:41.153+0300] {dagbag.py:545} INFO - Filling up the DagBag from /home/grigory/airflow_venv/lib/python3.10/site-packages/airflow/example_dags/example_branch_day_of_week_operator.py
[2024-08-04T23:33:41.168+0300] {processor.py:840} INFO - DAG(s) 'example_weekday_branch_operator' retrieved from /home/grigory/airflow_venv/lib/python3.10/site-packages/airflow/example_dags/example_branch_day_of_week_operator.py
[2024-08-04T23:33:41.192+0300] {logging_mixin.py:188} INFO - [2024-08-04T23:33:41.192+0300] {dag.py:3089} INFO - Sync 1 DAGs
[2024-08-04T23:33:41.224+0300] {logging_mixin.py:188} INFO - [2024-08-04T23:33:41.224+0300] {dag.py:3947} INFO - Setting next_dagrun for example_weekday_branch_operator to 2024-08-03 00:00:00+00:00, run_after=2024-08-04 00:00:00+00:00
[2024-08-04T23:33:41.259+0300] {processor.py:183} INFO - Processing /home/grigory/airflow_venv/lib/python3.10/site-packages/airflow/example_dags/example_branch_day_of_week_operator.py took 0.118 seconds
[2024-08-04T23:34:54.610+0300] {processor.py:161} INFO - Started process (PID=3332) to work on /home/grigory/airflow_venv/lib/python3.10/site-packages/airflow/example_dags/example_branch_day_of_week_operator.py
[2024-08-04T23:34:54.612+0300] {processor.py:830} INFO - Processing file /home/grigory/airflow_venv/lib/python3.10/site-packages/airflow/example_dags/example_branch_day_of_week_operator.py for tasks to queue
[2024-08-04T23:34:54.614+0300] {logging_mixin.py:188} INFO - [2024-08-04T23:34:54.614+0300] {dagbag.py:545} INFO - Filling up the DagBag from /home/grigory/airflow_venv/lib/python3.10/site-packages/airflow/example_dags/example_branch_day_of_week_operator.py
[2024-08-04T23:34:54.625+0300] {processor.py:840} INFO - DAG(s) 'example_weekday_branch_operator' retrieved from /home/grigory/airflow_venv/lib/python3.10/site-packages/airflow/example_dags/example_branch_day_of_week_operator.py
[2024-08-04T23:34:54.648+0300] {logging_mixin.py:188} INFO - [2024-08-04T23:34:54.647+0300] {dag.py:3089} INFO - Sync 1 DAGs
[2024-08-04T23:34:54.693+0300] {logging_mixin.py:188} INFO - [2024-08-04T23:34:54.693+0300] {dag.py:3947} INFO - Setting next_dagrun for example_weekday_branch_operator to 2024-08-03 00:00:00+00:00, run_after=2024-08-04 00:00:00+00:00
[2024-08-04T23:34:54.740+0300] {processor.py:183} INFO - Processing /home/grigory/airflow_venv/lib/python3.10/site-packages/airflow/example_dags/example_branch_day_of_week_operator.py took 0.138 seconds
[2024-08-04T23:36:04.958+0300] {processor.py:161} INFO - Started process (PID=3401) to work on /home/grigory/airflow_venv/lib/python3.10/site-packages/airflow/example_dags/example_branch_day_of_week_operator.py
[2024-08-04T23:36:04.959+0300] {processor.py:830} INFO - Processing file /home/grigory/airflow_venv/lib/python3.10/site-packages/airflow/example_dags/example_branch_day_of_week_operator.py for tasks to queue
[2024-08-04T23:36:04.961+0300] {logging_mixin.py:188} INFO - [2024-08-04T23:36:04.961+0300] {dagbag.py:545} INFO - Filling up the DagBag from /home/grigory/airflow_venv/lib/python3.10/site-packages/airflow/example_dags/example_branch_day_of_week_operator.py
[2024-08-04T23:36:04.972+0300] {processor.py:840} INFO - DAG(s) 'example_weekday_branch_operator' retrieved from /home/grigory/airflow_venv/lib/python3.10/site-packages/airflow/example_dags/example_branch_day_of_week_operator.py
[2024-08-04T23:36:04.992+0300] {logging_mixin.py:188} INFO - [2024-08-04T23:36:04.992+0300] {dag.py:3089} INFO - Sync 1 DAGs
[2024-08-04T23:36:05.020+0300] {logging_mixin.py:188} INFO - [2024-08-04T23:36:05.020+0300] {dag.py:3947} INFO - Setting next_dagrun for example_weekday_branch_operator to 2024-08-03 00:00:00+00:00, run_after=2024-08-04 00:00:00+00:00
[2024-08-04T23:36:05.052+0300] {processor.py:183} INFO - Processing /home/grigory/airflow_venv/lib/python3.10/site-packages/airflow/example_dags/example_branch_day_of_week_operator.py took 0.102 seconds
[2024-08-04T23:37:19.520+0300] {processor.py:161} INFO - Started process (PID=3472) to work on /home/grigory/airflow_venv/lib/python3.10/site-packages/airflow/example_dags/example_branch_day_of_week_operator.py
[2024-08-04T23:37:19.522+0300] {processor.py:830} INFO - Processing file /home/grigory/airflow_venv/lib/python3.10/site-packages/airflow/example_dags/example_branch_day_of_week_operator.py for tasks to queue
[2024-08-04T23:37:19.524+0300] {logging_mixin.py:188} INFO - [2024-08-04T23:37:19.523+0300] {dagbag.py:545} INFO - Filling up the DagBag from /home/grigory/airflow_venv/lib/python3.10/site-packages/airflow/example_dags/example_branch_day_of_week_operator.py
[2024-08-04T23:37:19.535+0300] {processor.py:840} INFO - DAG(s) 'example_weekday_branch_operator' retrieved from /home/grigory/airflow_venv/lib/python3.10/site-packages/airflow/example_dags/example_branch_day_of_week_operator.py
[2024-08-04T23:37:19.555+0300] {logging_mixin.py:188} INFO - [2024-08-04T23:37:19.555+0300] {dag.py:3089} INFO - Sync 1 DAGs
[2024-08-04T23:37:19.582+0300] {logging_mixin.py:188} INFO - [2024-08-04T23:37:19.582+0300] {dag.py:3947} INFO - Setting next_dagrun for example_weekday_branch_operator to 2024-08-03 00:00:00+00:00, run_after=2024-08-04 00:00:00+00:00
[2024-08-04T23:37:19.613+0300] {processor.py:183} INFO - Processing /home/grigory/airflow_venv/lib/python3.10/site-packages/airflow/example_dags/example_branch_day_of_week_operator.py took 0.101 seconds
[2024-08-04T23:38:33.550+0300] {processor.py:161} INFO - Started process (PID=3543) to work on /home/grigory/airflow_venv/lib/python3.10/site-packages/airflow/example_dags/example_branch_day_of_week_operator.py
[2024-08-04T23:38:33.551+0300] {processor.py:830} INFO - Processing file /home/grigory/airflow_venv/lib/python3.10/site-packages/airflow/example_dags/example_branch_day_of_week_operator.py for tasks to queue
[2024-08-04T23:38:33.553+0300] {logging_mixin.py:188} INFO - [2024-08-04T23:38:33.553+0300] {dagbag.py:545} INFO - Filling up the DagBag from /home/grigory/airflow_venv/lib/python3.10/site-packages/airflow/example_dags/example_branch_day_of_week_operator.py
[2024-08-04T23:38:33.564+0300] {processor.py:840} INFO - DAG(s) 'example_weekday_branch_operator' retrieved from /home/grigory/airflow_venv/lib/python3.10/site-packages/airflow/example_dags/example_branch_day_of_week_operator.py
[2024-08-04T23:38:33.585+0300] {logging_mixin.py:188} INFO - [2024-08-04T23:38:33.584+0300] {dag.py:3089} INFO - Sync 1 DAGs
[2024-08-04T23:38:33.624+0300] {logging_mixin.py:188} INFO - [2024-08-04T23:38:33.624+0300] {dag.py:3947} INFO - Setting next_dagrun for example_weekday_branch_operator to 2024-08-03 00:00:00+00:00, run_after=2024-08-04 00:00:00+00:00
[2024-08-04T23:38:33.658+0300] {processor.py:183} INFO - Processing /home/grigory/airflow_venv/lib/python3.10/site-packages/airflow/example_dags/example_branch_day_of_week_operator.py took 0.117 seconds
[2024-08-04T23:39:43.863+0300] {processor.py:161} INFO - Started process (PID=3610) to work on /home/grigory/airflow_venv/lib/python3.10/site-packages/airflow/example_dags/example_branch_day_of_week_operator.py
[2024-08-04T23:39:43.865+0300] {processor.py:830} INFO - Processing file /home/grigory/airflow_venv/lib/python3.10/site-packages/airflow/example_dags/example_branch_day_of_week_operator.py for tasks to queue
[2024-08-04T23:39:43.868+0300] {logging_mixin.py:188} INFO - [2024-08-04T23:39:43.868+0300] {dagbag.py:545} INFO - Filling up the DagBag from /home/grigory/airflow_venv/lib/python3.10/site-packages/airflow/example_dags/example_branch_day_of_week_operator.py
[2024-08-04T23:39:43.878+0300] {processor.py:840} INFO - DAG(s) 'example_weekday_branch_operator' retrieved from /home/grigory/airflow_venv/lib/python3.10/site-packages/airflow/example_dags/example_branch_day_of_week_operator.py
[2024-08-04T23:39:43.900+0300] {logging_mixin.py:188} INFO - [2024-08-04T23:39:43.900+0300] {dag.py:3089} INFO - Sync 1 DAGs
[2024-08-04T23:39:43.928+0300] {logging_mixin.py:188} INFO - [2024-08-04T23:39:43.928+0300] {dag.py:3947} INFO - Setting next_dagrun for example_weekday_branch_operator to 2024-08-03 00:00:00+00:00, run_after=2024-08-04 00:00:00+00:00
[2024-08-04T23:39:43.960+0300] {processor.py:183} INFO - Processing /home/grigory/airflow_venv/lib/python3.10/site-packages/airflow/example_dags/example_branch_day_of_week_operator.py took 0.105 seconds
[2024-08-04T23:40:58.201+0300] {processor.py:161} INFO - Started process (PID=3680) to work on /home/grigory/airflow_venv/lib/python3.10/site-packages/airflow/example_dags/example_branch_day_of_week_operator.py
[2024-08-04T23:40:58.203+0300] {processor.py:830} INFO - Processing file /home/grigory/airflow_venv/lib/python3.10/site-packages/airflow/example_dags/example_branch_day_of_week_operator.py for tasks to queue
[2024-08-04T23:40:58.205+0300] {logging_mixin.py:188} INFO - [2024-08-04T23:40:58.204+0300] {dagbag.py:545} INFO - Filling up the DagBag from /home/grigory/airflow_venv/lib/python3.10/site-packages/airflow/example_dags/example_branch_day_of_week_operator.py
[2024-08-04T23:40:58.216+0300] {processor.py:840} INFO - DAG(s) 'example_weekday_branch_operator' retrieved from /home/grigory/airflow_venv/lib/python3.10/site-packages/airflow/example_dags/example_branch_day_of_week_operator.py
[2024-08-04T23:40:58.243+0300] {logging_mixin.py:188} INFO - [2024-08-04T23:40:58.242+0300] {dag.py:3089} INFO - Sync 1 DAGs
[2024-08-04T23:40:58.271+0300] {logging_mixin.py:188} INFO - [2024-08-04T23:40:58.271+0300] {dag.py:3947} INFO - Setting next_dagrun for example_weekday_branch_operator to 2024-08-03 00:00:00+00:00, run_after=2024-08-04 00:00:00+00:00
[2024-08-04T23:40:58.302+0300] {processor.py:183} INFO - Processing /home/grigory/airflow_venv/lib/python3.10/site-packages/airflow/example_dags/example_branch_day_of_week_operator.py took 0.109 seconds
[2024-08-04T23:42:17.733+0300] {processor.py:161} INFO - Started process (PID=3747) to work on /home/grigory/airflow_venv/lib/python3.10/site-packages/airflow/example_dags/example_branch_day_of_week_operator.py
[2024-08-04T23:42:17.735+0300] {processor.py:830} INFO - Processing file /home/grigory/airflow_venv/lib/python3.10/site-packages/airflow/example_dags/example_branch_day_of_week_operator.py for tasks to queue
[2024-08-04T23:42:17.738+0300] {logging_mixin.py:188} INFO - [2024-08-04T23:42:17.737+0300] {dagbag.py:545} INFO - Filling up the DagBag from /home/grigory/airflow_venv/lib/python3.10/site-packages/airflow/example_dags/example_branch_day_of_week_operator.py
[2024-08-04T23:42:17.755+0300] {processor.py:840} INFO - DAG(s) 'example_weekday_branch_operator' retrieved from /home/grigory/airflow_venv/lib/python3.10/site-packages/airflow/example_dags/example_branch_day_of_week_operator.py
[2024-08-04T23:42:17.786+0300] {logging_mixin.py:188} INFO - [2024-08-04T23:42:17.785+0300] {dag.py:3089} INFO - Sync 1 DAGs
[2024-08-04T23:42:17.838+0300] {logging_mixin.py:188} INFO - [2024-08-04T23:42:17.837+0300] {dag.py:3947} INFO - Setting next_dagrun for example_weekday_branch_operator to 2024-08-03 00:00:00+00:00, run_after=2024-08-04 00:00:00+00:00
[2024-08-04T23:42:17.891+0300] {processor.py:183} INFO - Processing /home/grigory/airflow_venv/lib/python3.10/site-packages/airflow/example_dags/example_branch_day_of_week_operator.py took 0.171 seconds
[2024-08-04T23:43:12.411+0300] {processor.py:161} INFO - Started process (PID=3801) to work on /home/grigory/airflow_venv/lib/python3.10/site-packages/airflow/example_dags/example_branch_day_of_week_operator.py
[2024-08-04T23:43:12.412+0300] {processor.py:830} INFO - Processing file /home/grigory/airflow_venv/lib/python3.10/site-packages/airflow/example_dags/example_branch_day_of_week_operator.py for tasks to queue
[2024-08-04T23:43:12.416+0300] {logging_mixin.py:188} INFO - [2024-08-04T23:43:12.415+0300] {dagbag.py:545} INFO - Filling up the DagBag from /home/grigory/airflow_venv/lib/python3.10/site-packages/airflow/example_dags/example_branch_day_of_week_operator.py
[2024-08-04T23:43:12.429+0300] {processor.py:840} INFO - DAG(s) 'example_weekday_branch_operator' retrieved from /home/grigory/airflow_venv/lib/python3.10/site-packages/airflow/example_dags/example_branch_day_of_week_operator.py
[2024-08-04T23:43:12.449+0300] {logging_mixin.py:188} INFO - [2024-08-04T23:43:12.449+0300] {dag.py:3089} INFO - Sync 1 DAGs
[2024-08-04T23:43:12.482+0300] {logging_mixin.py:188} INFO - [2024-08-04T23:43:12.482+0300] {dag.py:3947} INFO - Setting next_dagrun for example_weekday_branch_operator to 2024-08-03 00:00:00+00:00, run_after=2024-08-04 00:00:00+00:00
[2024-08-04T23:43:12.513+0300] {processor.py:183} INFO - Processing /home/grigory/airflow_venv/lib/python3.10/site-packages/airflow/example_dags/example_branch_day_of_week_operator.py took 0.112 seconds
[2024-08-04T23:44:20.377+0300] {processor.py:161} INFO - Started process (PID=3867) to work on /home/grigory/airflow_venv/lib/python3.10/site-packages/airflow/example_dags/example_branch_day_of_week_operator.py
[2024-08-04T23:44:20.378+0300] {processor.py:830} INFO - Processing file /home/grigory/airflow_venv/lib/python3.10/site-packages/airflow/example_dags/example_branch_day_of_week_operator.py for tasks to queue
[2024-08-04T23:44:20.381+0300] {logging_mixin.py:188} INFO - [2024-08-04T23:44:20.381+0300] {dagbag.py:545} INFO - Filling up the DagBag from /home/grigory/airflow_venv/lib/python3.10/site-packages/airflow/example_dags/example_branch_day_of_week_operator.py
[2024-08-04T23:44:20.392+0300] {processor.py:840} INFO - DAG(s) 'example_weekday_branch_operator' retrieved from /home/grigory/airflow_venv/lib/python3.10/site-packages/airflow/example_dags/example_branch_day_of_week_operator.py
[2024-08-04T23:44:20.413+0300] {logging_mixin.py:188} INFO - [2024-08-04T23:44:20.412+0300] {dag.py:3089} INFO - Sync 1 DAGs
[2024-08-04T23:44:20.440+0300] {logging_mixin.py:188} INFO - [2024-08-04T23:44:20.439+0300] {dag.py:3947} INFO - Setting next_dagrun for example_weekday_branch_operator to 2024-08-03 00:00:00+00:00, run_after=2024-08-04 00:00:00+00:00
[2024-08-04T23:44:20.470+0300] {processor.py:183} INFO - Processing /home/grigory/airflow_venv/lib/python3.10/site-packages/airflow/example_dags/example_branch_day_of_week_operator.py took 0.103 seconds
[2024-08-04T23:45:30.758+0300] {processor.py:161} INFO - Started process (PID=3934) to work on /home/grigory/airflow_venv/lib/python3.10/site-packages/airflow/example_dags/example_branch_day_of_week_operator.py
[2024-08-04T23:45:30.760+0300] {processor.py:830} INFO - Processing file /home/grigory/airflow_venv/lib/python3.10/site-packages/airflow/example_dags/example_branch_day_of_week_operator.py for tasks to queue
[2024-08-04T23:45:30.762+0300] {logging_mixin.py:188} INFO - [2024-08-04T23:45:30.761+0300] {dagbag.py:545} INFO - Filling up the DagBag from /home/grigory/airflow_venv/lib/python3.10/site-packages/airflow/example_dags/example_branch_day_of_week_operator.py
[2024-08-04T23:45:30.773+0300] {processor.py:840} INFO - DAG(s) 'example_weekday_branch_operator' retrieved from /home/grigory/airflow_venv/lib/python3.10/site-packages/airflow/example_dags/example_branch_day_of_week_operator.py
[2024-08-04T23:45:30.793+0300] {logging_mixin.py:188} INFO - [2024-08-04T23:45:30.793+0300] {dag.py:3089} INFO - Sync 1 DAGs
[2024-08-04T23:45:30.819+0300] {logging_mixin.py:188} INFO - [2024-08-04T23:45:30.819+0300] {dag.py:3947} INFO - Setting next_dagrun for example_weekday_branch_operator to 2024-08-03 00:00:00+00:00, run_after=2024-08-04 00:00:00+00:00
[2024-08-04T23:45:30.852+0300] {processor.py:183} INFO - Processing /home/grigory/airflow_venv/lib/python3.10/site-packages/airflow/example_dags/example_branch_day_of_week_operator.py took 0.102 seconds
[2024-08-04T23:46:40.364+0300] {processor.py:161} INFO - Started process (PID=4001) to work on /home/grigory/airflow_venv/lib/python3.10/site-packages/airflow/example_dags/example_branch_day_of_week_operator.py
[2024-08-04T23:46:40.365+0300] {processor.py:830} INFO - Processing file /home/grigory/airflow_venv/lib/python3.10/site-packages/airflow/example_dags/example_branch_day_of_week_operator.py for tasks to queue
[2024-08-04T23:46:40.367+0300] {logging_mixin.py:188} INFO - [2024-08-04T23:46:40.367+0300] {dagbag.py:545} INFO - Filling up the DagBag from /home/grigory/airflow_venv/lib/python3.10/site-packages/airflow/example_dags/example_branch_day_of_week_operator.py
[2024-08-04T23:46:40.379+0300] {processor.py:840} INFO - DAG(s) 'example_weekday_branch_operator' retrieved from /home/grigory/airflow_venv/lib/python3.10/site-packages/airflow/example_dags/example_branch_day_of_week_operator.py
[2024-08-04T23:46:40.400+0300] {logging_mixin.py:188} INFO - [2024-08-04T23:46:40.399+0300] {dag.py:3089} INFO - Sync 1 DAGs
[2024-08-04T23:46:40.428+0300] {logging_mixin.py:188} INFO - [2024-08-04T23:46:40.427+0300] {dag.py:3947} INFO - Setting next_dagrun for example_weekday_branch_operator to 2024-08-03 00:00:00+00:00, run_after=2024-08-04 00:00:00+00:00
[2024-08-04T23:46:40.460+0300] {processor.py:183} INFO - Processing /home/grigory/airflow_venv/lib/python3.10/site-packages/airflow/example_dags/example_branch_day_of_week_operator.py took 0.104 seconds
[2024-08-04T23:47:51.522+0300] {processor.py:161} INFO - Started process (PID=4068) to work on /home/grigory/airflow_venv/lib/python3.10/site-packages/airflow/example_dags/example_branch_day_of_week_operator.py
[2024-08-04T23:47:51.524+0300] {processor.py:830} INFO - Processing file /home/grigory/airflow_venv/lib/python3.10/site-packages/airflow/example_dags/example_branch_day_of_week_operator.py for tasks to queue
[2024-08-04T23:47:51.526+0300] {logging_mixin.py:188} INFO - [2024-08-04T23:47:51.525+0300] {dagbag.py:545} INFO - Filling up the DagBag from /home/grigory/airflow_venv/lib/python3.10/site-packages/airflow/example_dags/example_branch_day_of_week_operator.py
[2024-08-04T23:47:51.537+0300] {processor.py:840} INFO - DAG(s) 'example_weekday_branch_operator' retrieved from /home/grigory/airflow_venv/lib/python3.10/site-packages/airflow/example_dags/example_branch_day_of_week_operator.py
[2024-08-04T23:47:51.557+0300] {logging_mixin.py:188} INFO - [2024-08-04T23:47:51.557+0300] {dag.py:3089} INFO - Sync 1 DAGs
[2024-08-04T23:47:51.584+0300] {logging_mixin.py:188} INFO - [2024-08-04T23:47:51.584+0300] {dag.py:3947} INFO - Setting next_dagrun for example_weekday_branch_operator to 2024-08-03 00:00:00+00:00, run_after=2024-08-04 00:00:00+00:00
[2024-08-04T23:47:51.615+0300] {processor.py:183} INFO - Processing /home/grigory/airflow_venv/lib/python3.10/site-packages/airflow/example_dags/example_branch_day_of_week_operator.py took 0.102 seconds
[2024-08-04T23:49:04.295+0300] {processor.py:161} INFO - Started process (PID=4137) to work on /home/grigory/airflow_venv/lib/python3.10/site-packages/airflow/example_dags/example_branch_day_of_week_operator.py
[2024-08-04T23:49:04.297+0300] {processor.py:830} INFO - Processing file /home/grigory/airflow_venv/lib/python3.10/site-packages/airflow/example_dags/example_branch_day_of_week_operator.py for tasks to queue
[2024-08-04T23:49:04.299+0300] {logging_mixin.py:188} INFO - [2024-08-04T23:49:04.299+0300] {dagbag.py:545} INFO - Filling up the DagBag from /home/grigory/airflow_venv/lib/python3.10/site-packages/airflow/example_dags/example_branch_day_of_week_operator.py
[2024-08-04T23:49:04.319+0300] {processor.py:840} INFO - DAG(s) 'example_weekday_branch_operator' retrieved from /home/grigory/airflow_venv/lib/python3.10/site-packages/airflow/example_dags/example_branch_day_of_week_operator.py
[2024-08-04T23:49:04.343+0300] {logging_mixin.py:188} INFO - [2024-08-04T23:49:04.343+0300] {dag.py:3089} INFO - Sync 1 DAGs
[2024-08-04T23:49:04.377+0300] {logging_mixin.py:188} INFO - [2024-08-04T23:49:04.377+0300] {dag.py:3947} INFO - Setting next_dagrun for example_weekday_branch_operator to 2024-08-03 00:00:00+00:00, run_after=2024-08-04 00:00:00+00:00
[2024-08-04T23:49:04.410+0300] {processor.py:183} INFO - Processing /home/grigory/airflow_venv/lib/python3.10/site-packages/airflow/example_dags/example_branch_day_of_week_operator.py took 0.123 seconds
[2024-08-04T23:50:12.204+0300] {processor.py:161} INFO - Started process (PID=4204) to work on /home/grigory/airflow_venv/lib/python3.10/site-packages/airflow/example_dags/example_branch_day_of_week_operator.py
[2024-08-04T23:50:12.206+0300] {processor.py:830} INFO - Processing file /home/grigory/airflow_venv/lib/python3.10/site-packages/airflow/example_dags/example_branch_day_of_week_operator.py for tasks to queue
[2024-08-04T23:50:12.208+0300] {logging_mixin.py:188} INFO - [2024-08-04T23:50:12.207+0300] {dagbag.py:545} INFO - Filling up the DagBag from /home/grigory/airflow_venv/lib/python3.10/site-packages/airflow/example_dags/example_branch_day_of_week_operator.py
[2024-08-04T23:50:12.232+0300] {processor.py:840} INFO - DAG(s) 'example_weekday_branch_operator' retrieved from /home/grigory/airflow_venv/lib/python3.10/site-packages/airflow/example_dags/example_branch_day_of_week_operator.py
[2024-08-04T23:50:12.260+0300] {logging_mixin.py:188} INFO - [2024-08-04T23:50:12.259+0300] {dag.py:3089} INFO - Sync 1 DAGs
[2024-08-04T23:50:12.299+0300] {logging_mixin.py:188} INFO - [2024-08-04T23:50:12.299+0300] {dag.py:3947} INFO - Setting next_dagrun for example_weekday_branch_operator to 2024-08-03 00:00:00+00:00, run_after=2024-08-04 00:00:00+00:00
[2024-08-04T23:50:12.334+0300] {processor.py:183} INFO - Processing /home/grigory/airflow_venv/lib/python3.10/site-packages/airflow/example_dags/example_branch_day_of_week_operator.py took 0.138 seconds
[2024-08-04T23:51:25.580+0300] {processor.py:161} INFO - Started process (PID=4273) to work on /home/grigory/airflow_venv/lib/python3.10/site-packages/airflow/example_dags/example_branch_day_of_week_operator.py
[2024-08-04T23:51:25.582+0300] {processor.py:830} INFO - Processing file /home/grigory/airflow_venv/lib/python3.10/site-packages/airflow/example_dags/example_branch_day_of_week_operator.py for tasks to queue
[2024-08-04T23:51:25.584+0300] {logging_mixin.py:188} INFO - [2024-08-04T23:51:25.584+0300] {dagbag.py:545} INFO - Filling up the DagBag from /home/grigory/airflow_venv/lib/python3.10/site-packages/airflow/example_dags/example_branch_day_of_week_operator.py
[2024-08-04T23:51:25.595+0300] {processor.py:840} INFO - DAG(s) 'example_weekday_branch_operator' retrieved from /home/grigory/airflow_venv/lib/python3.10/site-packages/airflow/example_dags/example_branch_day_of_week_operator.py
[2024-08-04T23:51:25.615+0300] {logging_mixin.py:188} INFO - [2024-08-04T23:51:25.615+0300] {dag.py:3089} INFO - Sync 1 DAGs
[2024-08-04T23:51:25.642+0300] {logging_mixin.py:188} INFO - [2024-08-04T23:51:25.642+0300] {dag.py:3947} INFO - Setting next_dagrun for example_weekday_branch_operator to 2024-08-03 00:00:00+00:00, run_after=2024-08-04 00:00:00+00:00
[2024-08-04T23:51:25.676+0300] {processor.py:183} INFO - Processing /home/grigory/airflow_venv/lib/python3.10/site-packages/airflow/example_dags/example_branch_day_of_week_operator.py took 0.104 seconds
[2024-08-04T23:52:39.982+0300] {processor.py:161} INFO - Started process (PID=4343) to work on /home/grigory/airflow_venv/lib/python3.10/site-packages/airflow/example_dags/example_branch_day_of_week_operator.py
[2024-08-04T23:52:39.983+0300] {processor.py:830} INFO - Processing file /home/grigory/airflow_venv/lib/python3.10/site-packages/airflow/example_dags/example_branch_day_of_week_operator.py for tasks to queue
[2024-08-04T23:52:39.985+0300] {logging_mixin.py:188} INFO - [2024-08-04T23:52:39.985+0300] {dagbag.py:545} INFO - Filling up the DagBag from /home/grigory/airflow_venv/lib/python3.10/site-packages/airflow/example_dags/example_branch_day_of_week_operator.py
[2024-08-04T23:52:39.998+0300] {processor.py:840} INFO - DAG(s) 'example_weekday_branch_operator' retrieved from /home/grigory/airflow_venv/lib/python3.10/site-packages/airflow/example_dags/example_branch_day_of_week_operator.py
[2024-08-04T23:52:40.019+0300] {logging_mixin.py:188} INFO - [2024-08-04T23:52:40.019+0300] {dag.py:3089} INFO - Sync 1 DAGs
[2024-08-04T23:52:40.047+0300] {logging_mixin.py:188} INFO - [2024-08-04T23:52:40.046+0300] {dag.py:3947} INFO - Setting next_dagrun for example_weekday_branch_operator to 2024-08-03 00:00:00+00:00, run_after=2024-08-04 00:00:00+00:00
[2024-08-04T23:52:40.078+0300] {processor.py:183} INFO - Processing /home/grigory/airflow_venv/lib/python3.10/site-packages/airflow/example_dags/example_branch_day_of_week_operator.py took 0.104 seconds
[2024-08-04T23:53:46.719+0300] {processor.py:161} INFO - Started process (PID=4409) to work on /home/grigory/airflow_venv/lib/python3.10/site-packages/airflow/example_dags/example_branch_day_of_week_operator.py
[2024-08-04T23:53:46.721+0300] {processor.py:830} INFO - Processing file /home/grigory/airflow_venv/lib/python3.10/site-packages/airflow/example_dags/example_branch_day_of_week_operator.py for tasks to queue
[2024-08-04T23:53:46.723+0300] {logging_mixin.py:188} INFO - [2024-08-04T23:53:46.723+0300] {dagbag.py:545} INFO - Filling up the DagBag from /home/grigory/airflow_venv/lib/python3.10/site-packages/airflow/example_dags/example_branch_day_of_week_operator.py
[2024-08-04T23:53:46.738+0300] {processor.py:840} INFO - DAG(s) 'example_weekday_branch_operator' retrieved from /home/grigory/airflow_venv/lib/python3.10/site-packages/airflow/example_dags/example_branch_day_of_week_operator.py
[2024-08-04T23:53:46.765+0300] {logging_mixin.py:188} INFO - [2024-08-04T23:53:46.765+0300] {dag.py:3089} INFO - Sync 1 DAGs
[2024-08-04T23:53:46.800+0300] {logging_mixin.py:188} INFO - [2024-08-04T23:53:46.799+0300] {dag.py:3947} INFO - Setting next_dagrun for example_weekday_branch_operator to 2024-08-03 00:00:00+00:00, run_after=2024-08-04 00:00:00+00:00
[2024-08-04T23:53:46.835+0300] {processor.py:183} INFO - Processing /home/grigory/airflow_venv/lib/python3.10/site-packages/airflow/example_dags/example_branch_day_of_week_operator.py took 0.125 seconds
[2024-08-04T23:54:55.866+0300] {processor.py:161} INFO - Started process (PID=4475) to work on /home/grigory/airflow_venv/lib/python3.10/site-packages/airflow/example_dags/example_branch_day_of_week_operator.py
[2024-08-04T23:54:55.868+0300] {processor.py:830} INFO - Processing file /home/grigory/airflow_venv/lib/python3.10/site-packages/airflow/example_dags/example_branch_day_of_week_operator.py for tasks to queue
[2024-08-04T23:54:55.870+0300] {logging_mixin.py:188} INFO - [2024-08-04T23:54:55.869+0300] {dagbag.py:545} INFO - Filling up the DagBag from /home/grigory/airflow_venv/lib/python3.10/site-packages/airflow/example_dags/example_branch_day_of_week_operator.py
[2024-08-04T23:54:55.881+0300] {processor.py:840} INFO - DAG(s) 'example_weekday_branch_operator' retrieved from /home/grigory/airflow_venv/lib/python3.10/site-packages/airflow/example_dags/example_branch_day_of_week_operator.py
[2024-08-04T23:54:55.904+0300] {logging_mixin.py:188} INFO - [2024-08-04T23:54:55.904+0300] {dag.py:3089} INFO - Sync 1 DAGs
[2024-08-04T23:54:55.932+0300] {logging_mixin.py:188} INFO - [2024-08-04T23:54:55.932+0300] {dag.py:3947} INFO - Setting next_dagrun for example_weekday_branch_operator to 2024-08-03 00:00:00+00:00, run_after=2024-08-04 00:00:00+00:00
[2024-08-04T23:54:55.965+0300] {processor.py:183} INFO - Processing /home/grigory/airflow_venv/lib/python3.10/site-packages/airflow/example_dags/example_branch_day_of_week_operator.py took 0.108 seconds
[2024-08-04T23:56:05.841+0300] {processor.py:161} INFO - Started process (PID=4544) to work on /home/grigory/airflow_venv/lib/python3.10/site-packages/airflow/example_dags/example_branch_day_of_week_operator.py
[2024-08-04T23:56:05.843+0300] {processor.py:830} INFO - Processing file /home/grigory/airflow_venv/lib/python3.10/site-packages/airflow/example_dags/example_branch_day_of_week_operator.py for tasks to queue
[2024-08-04T23:56:05.845+0300] {logging_mixin.py:188} INFO - [2024-08-04T23:56:05.844+0300] {dagbag.py:545} INFO - Filling up the DagBag from /home/grigory/airflow_venv/lib/python3.10/site-packages/airflow/example_dags/example_branch_day_of_week_operator.py
[2024-08-04T23:56:05.855+0300] {processor.py:840} INFO - DAG(s) 'example_weekday_branch_operator' retrieved from /home/grigory/airflow_venv/lib/python3.10/site-packages/airflow/example_dags/example_branch_day_of_week_operator.py
[2024-08-04T23:56:05.876+0300] {logging_mixin.py:188} INFO - [2024-08-04T23:56:05.876+0300] {dag.py:3089} INFO - Sync 1 DAGs
[2024-08-04T23:56:05.904+0300] {logging_mixin.py:188} INFO - [2024-08-04T23:56:05.903+0300] {dag.py:3947} INFO - Setting next_dagrun for example_weekday_branch_operator to 2024-08-03 00:00:00+00:00, run_after=2024-08-04 00:00:00+00:00
[2024-08-04T23:56:05.938+0300] {processor.py:183} INFO - Processing /home/grigory/airflow_venv/lib/python3.10/site-packages/airflow/example_dags/example_branch_day_of_week_operator.py took 0.106 seconds
[2024-08-04T23:57:13.036+0300] {processor.py:161} INFO - Started process (PID=4608) to work on /home/grigory/airflow_venv/lib/python3.10/site-packages/airflow/example_dags/example_branch_day_of_week_operator.py
[2024-08-04T23:57:13.039+0300] {processor.py:830} INFO - Processing file /home/grigory/airflow_venv/lib/python3.10/site-packages/airflow/example_dags/example_branch_day_of_week_operator.py for tasks to queue
[2024-08-04T23:57:13.041+0300] {logging_mixin.py:188} INFO - [2024-08-04T23:57:13.040+0300] {dagbag.py:545} INFO - Filling up the DagBag from /home/grigory/airflow_venv/lib/python3.10/site-packages/airflow/example_dags/example_branch_day_of_week_operator.py
[2024-08-04T23:57:13.052+0300] {processor.py:840} INFO - DAG(s) 'example_weekday_branch_operator' retrieved from /home/grigory/airflow_venv/lib/python3.10/site-packages/airflow/example_dags/example_branch_day_of_week_operator.py
[2024-08-04T23:57:13.072+0300] {logging_mixin.py:188} INFO - [2024-08-04T23:57:13.072+0300] {dag.py:3089} INFO - Sync 1 DAGs
[2024-08-04T23:57:13.099+0300] {logging_mixin.py:188} INFO - [2024-08-04T23:57:13.098+0300] {dag.py:3947} INFO - Setting next_dagrun for example_weekday_branch_operator to 2024-08-03 00:00:00+00:00, run_after=2024-08-04 00:00:00+00:00
[2024-08-04T23:57:13.133+0300] {processor.py:183} INFO - Processing /home/grigory/airflow_venv/lib/python3.10/site-packages/airflow/example_dags/example_branch_day_of_week_operator.py took 0.105 seconds
[2024-08-04T23:58:32.943+0300] {processor.py:161} INFO - Started process (PID=4680) to work on /home/grigory/airflow_venv/lib/python3.10/site-packages/airflow/example_dags/example_branch_day_of_week_operator.py
[2024-08-04T23:58:32.945+0300] {processor.py:830} INFO - Processing file /home/grigory/airflow_venv/lib/python3.10/site-packages/airflow/example_dags/example_branch_day_of_week_operator.py for tasks to queue
[2024-08-04T23:58:32.947+0300] {logging_mixin.py:188} INFO - [2024-08-04T23:58:32.946+0300] {dagbag.py:545} INFO - Filling up the DagBag from /home/grigory/airflow_venv/lib/python3.10/site-packages/airflow/example_dags/example_branch_day_of_week_operator.py
[2024-08-04T23:58:32.958+0300] {processor.py:840} INFO - DAG(s) 'example_weekday_branch_operator' retrieved from /home/grigory/airflow_venv/lib/python3.10/site-packages/airflow/example_dags/example_branch_day_of_week_operator.py
[2024-08-04T23:58:32.979+0300] {logging_mixin.py:188} INFO - [2024-08-04T23:58:32.979+0300] {dag.py:3089} INFO - Sync 1 DAGs
[2024-08-04T23:58:33.009+0300] {logging_mixin.py:188} INFO - [2024-08-04T23:58:33.009+0300] {dag.py:3947} INFO - Setting next_dagrun for example_weekday_branch_operator to 2024-08-03 00:00:00+00:00, run_after=2024-08-04 00:00:00+00:00
[2024-08-04T23:58:33.043+0300] {processor.py:183} INFO - Processing /home/grigory/airflow_venv/lib/python3.10/site-packages/airflow/example_dags/example_branch_day_of_week_operator.py took 0.108 seconds
[2024-08-04T23:59:43.692+0300] {processor.py:161} INFO - Started process (PID=4748) to work on /home/grigory/airflow_venv/lib/python3.10/site-packages/airflow/example_dags/example_branch_day_of_week_operator.py
[2024-08-04T23:59:43.694+0300] {processor.py:830} INFO - Processing file /home/grigory/airflow_venv/lib/python3.10/site-packages/airflow/example_dags/example_branch_day_of_week_operator.py for tasks to queue
[2024-08-04T23:59:43.696+0300] {logging_mixin.py:188} INFO - [2024-08-04T23:59:43.695+0300] {dagbag.py:545} INFO - Filling up the DagBag from /home/grigory/airflow_venv/lib/python3.10/site-packages/airflow/example_dags/example_branch_day_of_week_operator.py
[2024-08-04T23:59:43.707+0300] {processor.py:840} INFO - DAG(s) 'example_weekday_branch_operator' retrieved from /home/grigory/airflow_venv/lib/python3.10/site-packages/airflow/example_dags/example_branch_day_of_week_operator.py
[2024-08-04T23:59:43.728+0300] {logging_mixin.py:188} INFO - [2024-08-04T23:59:43.728+0300] {dag.py:3089} INFO - Sync 1 DAGs
[2024-08-04T23:59:43.755+0300] {logging_mixin.py:188} INFO - [2024-08-04T23:59:43.755+0300] {dag.py:3947} INFO - Setting next_dagrun for example_weekday_branch_operator to 2024-08-03 00:00:00+00:00, run_after=2024-08-04 00:00:00+00:00
[2024-08-04T23:59:43.787+0300] {processor.py:183} INFO - Processing /home/grigory/airflow_venv/lib/python3.10/site-packages/airflow/example_dags/example_branch_day_of_week_operator.py took 0.104 seconds
[2024-08-05T00:01:08.313+0300] {processor.py:161} INFO - Started process (PID=4877) to work on /home/grigory/airflow_venv/lib/python3.10/site-packages/airflow/example_dags/example_branch_day_of_week_operator.py
[2024-08-05T00:01:08.315+0300] {processor.py:830} INFO - Processing file /home/grigory/airflow_venv/lib/python3.10/site-packages/airflow/example_dags/example_branch_day_of_week_operator.py for tasks to queue
[2024-08-05T00:01:08.317+0300] {logging_mixin.py:188} INFO - [2024-08-05T00:01:08.316+0300] {dagbag.py:545} INFO - Filling up the DagBag from /home/grigory/airflow_venv/lib/python3.10/site-packages/airflow/example_dags/example_branch_day_of_week_operator.py
[2024-08-05T00:01:08.328+0300] {processor.py:840} INFO - DAG(s) 'example_weekday_branch_operator' retrieved from /home/grigory/airflow_venv/lib/python3.10/site-packages/airflow/example_dags/example_branch_day_of_week_operator.py
[2024-08-05T00:01:08.350+0300] {logging_mixin.py:188} INFO - [2024-08-05T00:01:08.350+0300] {dag.py:3089} INFO - Sync 1 DAGs
[2024-08-05T00:01:08.380+0300] {logging_mixin.py:188} INFO - [2024-08-05T00:01:08.380+0300] {dag.py:3947} INFO - Setting next_dagrun for example_weekday_branch_operator to 2024-08-03 00:00:00+00:00, run_after=2024-08-04 00:00:00+00:00
[2024-08-05T00:01:08.413+0300] {processor.py:183} INFO - Processing /home/grigory/airflow_venv/lib/python3.10/site-packages/airflow/example_dags/example_branch_day_of_week_operator.py took 0.108 seconds
[2024-08-05T00:02:30.468+0300] {processor.py:161} INFO - Started process (PID=4950) to work on /home/grigory/airflow_venv/lib/python3.10/site-packages/airflow/example_dags/example_branch_day_of_week_operator.py
[2024-08-05T00:02:30.470+0300] {processor.py:830} INFO - Processing file /home/grigory/airflow_venv/lib/python3.10/site-packages/airflow/example_dags/example_branch_day_of_week_operator.py for tasks to queue
[2024-08-05T00:02:30.472+0300] {logging_mixin.py:188} INFO - [2024-08-05T00:02:30.471+0300] {dagbag.py:545} INFO - Filling up the DagBag from /home/grigory/airflow_venv/lib/python3.10/site-packages/airflow/example_dags/example_branch_day_of_week_operator.py
[2024-08-05T00:02:30.484+0300] {processor.py:840} INFO - DAG(s) 'example_weekday_branch_operator' retrieved from /home/grigory/airflow_venv/lib/python3.10/site-packages/airflow/example_dags/example_branch_day_of_week_operator.py
[2024-08-05T00:02:30.506+0300] {logging_mixin.py:188} INFO - [2024-08-05T00:02:30.506+0300] {dag.py:3089} INFO - Sync 1 DAGs
[2024-08-05T00:02:30.535+0300] {logging_mixin.py:188} INFO - [2024-08-05T00:02:30.534+0300] {dag.py:3947} INFO - Setting next_dagrun for example_weekday_branch_operator to 2024-08-03 00:00:00+00:00, run_after=2024-08-04 00:00:00+00:00
[2024-08-05T00:02:30.570+0300] {processor.py:183} INFO - Processing /home/grigory/airflow_venv/lib/python3.10/site-packages/airflow/example_dags/example_branch_day_of_week_operator.py took 0.115 seconds
[2024-08-05T00:03:45.785+0300] {processor.py:161} INFO - Started process (PID=5021) to work on /home/grigory/airflow_venv/lib/python3.10/site-packages/airflow/example_dags/example_branch_day_of_week_operator.py
[2024-08-05T00:03:45.787+0300] {processor.py:830} INFO - Processing file /home/grigory/airflow_venv/lib/python3.10/site-packages/airflow/example_dags/example_branch_day_of_week_operator.py for tasks to queue
[2024-08-05T00:03:45.789+0300] {logging_mixin.py:188} INFO - [2024-08-05T00:03:45.789+0300] {dagbag.py:545} INFO - Filling up the DagBag from /home/grigory/airflow_venv/lib/python3.10/site-packages/airflow/example_dags/example_branch_day_of_week_operator.py
[2024-08-05T00:03:45.800+0300] {processor.py:840} INFO - DAG(s) 'example_weekday_branch_operator' retrieved from /home/grigory/airflow_venv/lib/python3.10/site-packages/airflow/example_dags/example_branch_day_of_week_operator.py
[2024-08-05T00:03:45.823+0300] {logging_mixin.py:188} INFO - [2024-08-05T00:03:45.822+0300] {dag.py:3089} INFO - Sync 1 DAGs
[2024-08-05T00:03:45.852+0300] {logging_mixin.py:188} INFO - [2024-08-05T00:03:45.851+0300] {dag.py:3947} INFO - Setting next_dagrun for example_weekday_branch_operator to 2024-08-03 00:00:00+00:00, run_after=2024-08-04 00:00:00+00:00
[2024-08-05T00:03:45.882+0300] {processor.py:183} INFO - Processing /home/grigory/airflow_venv/lib/python3.10/site-packages/airflow/example_dags/example_branch_day_of_week_operator.py took 0.106 seconds
[2024-08-05T00:05:05.531+0300] {processor.py:161} INFO - Started process (PID=5095) to work on /home/grigory/airflow_venv/lib/python3.10/site-packages/airflow/example_dags/example_branch_day_of_week_operator.py
[2024-08-05T00:05:05.533+0300] {processor.py:830} INFO - Processing file /home/grigory/airflow_venv/lib/python3.10/site-packages/airflow/example_dags/example_branch_day_of_week_operator.py for tasks to queue
[2024-08-05T00:05:05.540+0300] {logging_mixin.py:188} INFO - [2024-08-05T00:05:05.539+0300] {dagbag.py:545} INFO - Filling up the DagBag from /home/grigory/airflow_venv/lib/python3.10/site-packages/airflow/example_dags/example_branch_day_of_week_operator.py
[2024-08-05T00:05:05.556+0300] {processor.py:840} INFO - DAG(s) 'example_weekday_branch_operator' retrieved from /home/grigory/airflow_venv/lib/python3.10/site-packages/airflow/example_dags/example_branch_day_of_week_operator.py
[2024-08-05T00:05:05.587+0300] {logging_mixin.py:188} INFO - [2024-08-05T00:05:05.587+0300] {dag.py:3089} INFO - Sync 1 DAGs
[2024-08-05T00:05:05.643+0300] {logging_mixin.py:188} INFO - [2024-08-05T00:05:05.642+0300] {dag.py:3947} INFO - Setting next_dagrun for example_weekday_branch_operator to 2024-08-03 00:00:00+00:00, run_after=2024-08-04 00:00:00+00:00
[2024-08-05T00:05:05.699+0300] {processor.py:183} INFO - Processing /home/grigory/airflow_venv/lib/python3.10/site-packages/airflow/example_dags/example_branch_day_of_week_operator.py took 0.184 seconds
[2024-08-05T00:06:02.886+0300] {processor.py:161} INFO - Started process (PID=5148) to work on /home/grigory/airflow_venv/lib/python3.10/site-packages/airflow/example_dags/example_branch_day_of_week_operator.py
[2024-08-05T00:06:02.887+0300] {processor.py:830} INFO - Processing file /home/grigory/airflow_venv/lib/python3.10/site-packages/airflow/example_dags/example_branch_day_of_week_operator.py for tasks to queue
[2024-08-05T00:06:02.890+0300] {logging_mixin.py:188} INFO - [2024-08-05T00:06:02.889+0300] {dagbag.py:545} INFO - Filling up the DagBag from /home/grigory/airflow_venv/lib/python3.10/site-packages/airflow/example_dags/example_branch_day_of_week_operator.py
[2024-08-05T00:06:02.904+0300] {processor.py:840} INFO - DAG(s) 'example_weekday_branch_operator' retrieved from /home/grigory/airflow_venv/lib/python3.10/site-packages/airflow/example_dags/example_branch_day_of_week_operator.py
[2024-08-05T00:06:02.932+0300] {logging_mixin.py:188} INFO - [2024-08-05T00:06:02.931+0300] {dag.py:3089} INFO - Sync 1 DAGs
[2024-08-05T00:06:02.964+0300] {logging_mixin.py:188} INFO - [2024-08-05T00:06:02.964+0300] {dag.py:3947} INFO - Setting next_dagrun for example_weekday_branch_operator to 2024-08-03 00:00:00+00:00, run_after=2024-08-04 00:00:00+00:00
[2024-08-05T00:06:03.023+0300] {processor.py:183} INFO - Processing /home/grigory/airflow_venv/lib/python3.10/site-packages/airflow/example_dags/example_branch_day_of_week_operator.py took 0.158 seconds
[2024-08-05T00:07:26.236+0300] {processor.py:161} INFO - Started process (PID=5225) to work on /home/grigory/airflow_venv/lib/python3.10/site-packages/airflow/example_dags/example_branch_day_of_week_operator.py
[2024-08-05T00:07:26.238+0300] {processor.py:830} INFO - Processing file /home/grigory/airflow_venv/lib/python3.10/site-packages/airflow/example_dags/example_branch_day_of_week_operator.py for tasks to queue
[2024-08-05T00:07:26.240+0300] {logging_mixin.py:188} INFO - [2024-08-05T00:07:26.239+0300] {dagbag.py:545} INFO - Filling up the DagBag from /home/grigory/airflow_venv/lib/python3.10/site-packages/airflow/example_dags/example_branch_day_of_week_operator.py
[2024-08-05T00:07:26.252+0300] {processor.py:840} INFO - DAG(s) 'example_weekday_branch_operator' retrieved from /home/grigory/airflow_venv/lib/python3.10/site-packages/airflow/example_dags/example_branch_day_of_week_operator.py
[2024-08-05T00:07:26.274+0300] {logging_mixin.py:188} INFO - [2024-08-05T00:07:26.274+0300] {dag.py:3089} INFO - Sync 1 DAGs
[2024-08-05T00:07:26.307+0300] {logging_mixin.py:188} INFO - [2024-08-05T00:07:26.306+0300] {dag.py:3947} INFO - Setting next_dagrun for example_weekday_branch_operator to 2024-08-03 00:00:00+00:00, run_after=2024-08-04 00:00:00+00:00
[2024-08-05T00:07:26.343+0300] {processor.py:183} INFO - Processing /home/grigory/airflow_venv/lib/python3.10/site-packages/airflow/example_dags/example_branch_day_of_week_operator.py took 0.116 seconds
[2024-08-05T00:08:50.051+0300] {processor.py:161} INFO - Started process (PID=5300) to work on /home/grigory/airflow_venv/lib/python3.10/site-packages/airflow/example_dags/example_branch_day_of_week_operator.py
[2024-08-05T00:08:50.054+0300] {processor.py:830} INFO - Processing file /home/grigory/airflow_venv/lib/python3.10/site-packages/airflow/example_dags/example_branch_day_of_week_operator.py for tasks to queue
[2024-08-05T00:08:50.058+0300] {logging_mixin.py:188} INFO - [2024-08-05T00:08:50.057+0300] {dagbag.py:545} INFO - Filling up the DagBag from /home/grigory/airflow_venv/lib/python3.10/site-packages/airflow/example_dags/example_branch_day_of_week_operator.py
[2024-08-05T00:08:50.075+0300] {processor.py:840} INFO - DAG(s) 'example_weekday_branch_operator' retrieved from /home/grigory/airflow_venv/lib/python3.10/site-packages/airflow/example_dags/example_branch_day_of_week_operator.py
[2024-08-05T00:08:50.108+0300] {logging_mixin.py:188} INFO - [2024-08-05T00:08:50.107+0300] {dag.py:3089} INFO - Sync 1 DAGs
[2024-08-05T00:08:50.150+0300] {logging_mixin.py:188} INFO - [2024-08-05T00:08:50.150+0300] {dag.py:3947} INFO - Setting next_dagrun for example_weekday_branch_operator to 2024-08-03 00:00:00+00:00, run_after=2024-08-04 00:00:00+00:00
[2024-08-05T00:08:50.185+0300] {processor.py:183} INFO - Processing /home/grigory/airflow_venv/lib/python3.10/site-packages/airflow/example_dags/example_branch_day_of_week_operator.py took 0.149 seconds
