[2024-08-04T22:46:47.206+0300] {processor.py:161} INFO - Started process (PID=878) to work on /home/grigory/airflow_venv/lib/python3.10/site-packages/airflow/example_dags/example_branch_operator.py
[2024-08-04T22:46:47.208+0300] {processor.py:830} INFO - Processing file /home/grigory/airflow_venv/lib/python3.10/site-packages/airflow/example_dags/example_branch_operator.py for tasks to queue
[2024-08-04T22:46:47.220+0300] {logging_mixin.py:188} INFO - [2024-08-04T22:46:47.219+0300] {dagbag.py:545} INFO - Filling up the DagBag from /home/grigory/airflow_venv/lib/python3.10/site-packages/airflow/example_dags/example_branch_operator.py
[2024-08-04T22:46:47.386+0300] {processor.py:842} WARNING - No viable dags retrieved from /home/grigory/airflow_venv/lib/python3.10/site-packages/airflow/example_dags/example_branch_operator.py
[2024-08-04T22:46:47.416+0300] {processor.py:183} INFO - Processing /home/grigory/airflow_venv/lib/python3.10/site-packages/airflow/example_dags/example_branch_operator.py took 0.225 seconds
[2024-08-04T22:47:47.798+0300] {processor.py:161} INFO - Started process (PID=936) to work on /home/grigory/airflow_venv/lib/python3.10/site-packages/airflow/example_dags/example_branch_operator.py
[2024-08-04T22:47:47.800+0300] {processor.py:830} INFO - Processing file /home/grigory/airflow_venv/lib/python3.10/site-packages/airflow/example_dags/example_branch_operator.py for tasks to queue
[2024-08-04T22:47:47.802+0300] {logging_mixin.py:188} INFO - [2024-08-04T22:47:47.801+0300] {dagbag.py:545} INFO - Filling up the DagBag from /home/grigory/airflow_venv/lib/python3.10/site-packages/airflow/example_dags/example_branch_operator.py
[2024-08-04T22:47:47.971+0300] {processor.py:842} WARNING - No viable dags retrieved from /home/grigory/airflow_venv/lib/python3.10/site-packages/airflow/example_dags/example_branch_operator.py
[2024-08-04T22:47:47.984+0300] {processor.py:183} INFO - Processing /home/grigory/airflow_venv/lib/python3.10/site-packages/airflow/example_dags/example_branch_operator.py took 0.198 seconds
[2024-08-04T22:48:49.489+0300] {processor.py:161} INFO - Started process (PID=988) to work on /home/grigory/airflow_venv/lib/python3.10/site-packages/airflow/example_dags/example_branch_operator.py
[2024-08-04T22:48:49.490+0300] {processor.py:830} INFO - Processing file /home/grigory/airflow_venv/lib/python3.10/site-packages/airflow/example_dags/example_branch_operator.py for tasks to queue
[2024-08-04T22:48:49.493+0300] {logging_mixin.py:188} INFO - [2024-08-04T22:48:49.492+0300] {dagbag.py:545} INFO - Filling up the DagBag from /home/grigory/airflow_venv/lib/python3.10/site-packages/airflow/example_dags/example_branch_operator.py
[2024-08-04T22:48:49.621+0300] {processor.py:842} WARNING - No viable dags retrieved from /home/grigory/airflow_venv/lib/python3.10/site-packages/airflow/example_dags/example_branch_operator.py
[2024-08-04T22:48:49.634+0300] {processor.py:183} INFO - Processing /home/grigory/airflow_venv/lib/python3.10/site-packages/airflow/example_dags/example_branch_operator.py took 0.155 seconds
[2024-08-04T22:50:11.745+0300] {processor.py:161} INFO - Started process (PID=1043) to work on /home/grigory/airflow_venv/lib/python3.10/site-packages/airflow/example_dags/example_branch_operator.py
[2024-08-04T22:50:11.835+0300] {processor.py:830} INFO - Processing file /home/grigory/airflow_venv/lib/python3.10/site-packages/airflow/example_dags/example_branch_operator.py for tasks to queue
[2024-08-04T22:50:11.839+0300] {logging_mixin.py:188} INFO - [2024-08-04T22:50:11.838+0300] {dagbag.py:545} INFO - Filling up the DagBag from /home/grigory/airflow_venv/lib/python3.10/site-packages/airflow/example_dags/example_branch_operator.py
[2024-08-04T22:50:24.317+0300] {processor.py:842} WARNING - No viable dags retrieved from /home/grigory/airflow_venv/lib/python3.10/site-packages/airflow/example_dags/example_branch_operator.py
[2024-08-04T22:50:24.357+0300] {processor.py:183} INFO - Processing /home/grigory/airflow_venv/lib/python3.10/site-packages/airflow/example_dags/example_branch_operator.py took 12.643 seconds
[2024-08-04T22:52:03.060+0300] {processor.py:161} INFO - Started process (PID=1116) to work on /home/grigory/airflow_venv/lib/python3.10/site-packages/airflow/example_dags/example_branch_operator.py
[2024-08-04T22:52:03.062+0300] {processor.py:830} INFO - Processing file /home/grigory/airflow_venv/lib/python3.10/site-packages/airflow/example_dags/example_branch_operator.py for tasks to queue
[2024-08-04T22:52:03.064+0300] {logging_mixin.py:188} INFO - [2024-08-04T22:52:03.064+0300] {dagbag.py:545} INFO - Filling up the DagBag from /home/grigory/airflow_venv/lib/python3.10/site-packages/airflow/example_dags/example_branch_operator.py
[2024-08-04T22:52:03.216+0300] {processor.py:842} WARNING - No viable dags retrieved from /home/grigory/airflow_venv/lib/python3.10/site-packages/airflow/example_dags/example_branch_operator.py
[2024-08-04T22:52:03.238+0300] {processor.py:183} INFO - Processing /home/grigory/airflow_venv/lib/python3.10/site-packages/airflow/example_dags/example_branch_operator.py took 0.186 seconds
[2024-08-04T22:53:29.834+0300] {processor.py:161} INFO - Started process (PID=1191) to work on /home/grigory/airflow_venv/lib/python3.10/site-packages/airflow/example_dags/example_branch_operator.py
[2024-08-04T22:53:29.836+0300] {processor.py:830} INFO - Processing file /home/grigory/airflow_venv/lib/python3.10/site-packages/airflow/example_dags/example_branch_operator.py for tasks to queue
[2024-08-04T22:53:29.838+0300] {logging_mixin.py:188} INFO - [2024-08-04T22:53:29.837+0300] {dagbag.py:545} INFO - Filling up the DagBag from /home/grigory/airflow_venv/lib/python3.10/site-packages/airflow/example_dags/example_branch_operator.py
[2024-08-04T22:53:29.992+0300] {processor.py:842} WARNING - No viable dags retrieved from /home/grigory/airflow_venv/lib/python3.10/site-packages/airflow/example_dags/example_branch_operator.py
[2024-08-04T22:53:30.009+0300] {processor.py:183} INFO - Processing /home/grigory/airflow_venv/lib/python3.10/site-packages/airflow/example_dags/example_branch_operator.py took 0.182 seconds
[2024-08-04T22:54:44.072+0300] {processor.py:161} INFO - Started process (PID=1262) to work on /home/grigory/airflow_venv/lib/python3.10/site-packages/airflow/example_dags/example_branch_operator.py
[2024-08-04T22:54:44.074+0300] {processor.py:830} INFO - Processing file /home/grigory/airflow_venv/lib/python3.10/site-packages/airflow/example_dags/example_branch_operator.py for tasks to queue
[2024-08-04T22:54:44.078+0300] {logging_mixin.py:188} INFO - [2024-08-04T22:54:44.077+0300] {dagbag.py:545} INFO - Filling up the DagBag from /home/grigory/airflow_venv/lib/python3.10/site-packages/airflow/example_dags/example_branch_operator.py
[2024-08-04T22:54:44.267+0300] {processor.py:842} WARNING - No viable dags retrieved from /home/grigory/airflow_venv/lib/python3.10/site-packages/airflow/example_dags/example_branch_operator.py
[2024-08-04T22:54:44.289+0300] {processor.py:183} INFO - Processing /home/grigory/airflow_venv/lib/python3.10/site-packages/airflow/example_dags/example_branch_operator.py took 0.227 seconds
[2024-08-04T22:55:45.711+0300] {processor.py:161} INFO - Started process (PID=1314) to work on /home/grigory/airflow_venv/lib/python3.10/site-packages/airflow/example_dags/example_branch_operator.py
[2024-08-04T22:55:45.713+0300] {processor.py:830} INFO - Processing file /home/grigory/airflow_venv/lib/python3.10/site-packages/airflow/example_dags/example_branch_operator.py for tasks to queue
[2024-08-04T22:55:45.715+0300] {logging_mixin.py:188} INFO - [2024-08-04T22:55:45.715+0300] {dagbag.py:545} INFO - Filling up the DagBag from /home/grigory/airflow_venv/lib/python3.10/site-packages/airflow/example_dags/example_branch_operator.py
[2024-08-04T22:55:45.835+0300] {processor.py:842} WARNING - No viable dags retrieved from /home/grigory/airflow_venv/lib/python3.10/site-packages/airflow/example_dags/example_branch_operator.py
[2024-08-04T22:55:45.848+0300] {processor.py:183} INFO - Processing /home/grigory/airflow_venv/lib/python3.10/site-packages/airflow/example_dags/example_branch_operator.py took 0.146 seconds
[2024-08-04T22:57:02.642+0300] {processor.py:161} INFO - Started process (PID=1386) to work on /home/grigory/airflow_venv/lib/python3.10/site-packages/airflow/example_dags/example_branch_operator.py
[2024-08-04T22:57:02.644+0300] {processor.py:830} INFO - Processing file /home/grigory/airflow_venv/lib/python3.10/site-packages/airflow/example_dags/example_branch_operator.py for tasks to queue
[2024-08-04T22:57:02.647+0300] {logging_mixin.py:188} INFO - [2024-08-04T22:57:02.646+0300] {dagbag.py:545} INFO - Filling up the DagBag from /home/grigory/airflow_venv/lib/python3.10/site-packages/airflow/example_dags/example_branch_operator.py
[2024-08-04T22:57:02.784+0300] {processor.py:842} WARNING - No viable dags retrieved from /home/grigory/airflow_venv/lib/python3.10/site-packages/airflow/example_dags/example_branch_operator.py
[2024-08-04T22:57:02.797+0300] {processor.py:183} INFO - Processing /home/grigory/airflow_venv/lib/python3.10/site-packages/airflow/example_dags/example_branch_operator.py took 0.169 seconds
[2024-08-04T22:58:20.966+0300] {processor.py:161} INFO - Started process (PID=1457) to work on /home/grigory/airflow_venv/lib/python3.10/site-packages/airflow/example_dags/example_branch_operator.py
[2024-08-04T22:58:20.968+0300] {processor.py:830} INFO - Processing file /home/grigory/airflow_venv/lib/python3.10/site-packages/airflow/example_dags/example_branch_operator.py for tasks to queue
[2024-08-04T22:58:20.970+0300] {logging_mixin.py:188} INFO - [2024-08-04T22:58:20.970+0300] {dagbag.py:545} INFO - Filling up the DagBag from /home/grigory/airflow_venv/lib/python3.10/site-packages/airflow/example_dags/example_branch_operator.py
[2024-08-04T22:58:21.111+0300] {processor.py:842} WARNING - No viable dags retrieved from /home/grigory/airflow_venv/lib/python3.10/site-packages/airflow/example_dags/example_branch_operator.py
[2024-08-04T22:58:21.127+0300] {processor.py:183} INFO - Processing /home/grigory/airflow_venv/lib/python3.10/site-packages/airflow/example_dags/example_branch_operator.py took 0.171 seconds
[2024-08-04T22:59:43.429+0300] {processor.py:161} INFO - Started process (PID=1531) to work on /home/grigory/airflow_venv/lib/python3.10/site-packages/airflow/example_dags/example_branch_operator.py
[2024-08-04T22:59:43.431+0300] {processor.py:830} INFO - Processing file /home/grigory/airflow_venv/lib/python3.10/site-packages/airflow/example_dags/example_branch_operator.py for tasks to queue
[2024-08-04T22:59:43.435+0300] {logging_mixin.py:188} INFO - [2024-08-04T22:59:43.434+0300] {dagbag.py:545} INFO - Filling up the DagBag from /home/grigory/airflow_venv/lib/python3.10/site-packages/airflow/example_dags/example_branch_operator.py
[2024-08-04T22:59:43.575+0300] {processor.py:842} WARNING - No viable dags retrieved from /home/grigory/airflow_venv/lib/python3.10/site-packages/airflow/example_dags/example_branch_operator.py
[2024-08-04T22:59:43.588+0300] {processor.py:183} INFO - Processing /home/grigory/airflow_venv/lib/python3.10/site-packages/airflow/example_dags/example_branch_operator.py took 0.169 seconds
[2024-08-04T23:01:09.028+0300] {processor.py:161} INFO - Started process (PID=1604) to work on /home/grigory/airflow_venv/lib/python3.10/site-packages/airflow/example_dags/example_branch_operator.py
[2024-08-04T23:01:09.030+0300] {processor.py:830} INFO - Processing file /home/grigory/airflow_venv/lib/python3.10/site-packages/airflow/example_dags/example_branch_operator.py for tasks to queue
[2024-08-04T23:01:09.033+0300] {logging_mixin.py:188} INFO - [2024-08-04T23:01:09.032+0300] {dagbag.py:545} INFO - Filling up the DagBag from /home/grigory/airflow_venv/lib/python3.10/site-packages/airflow/example_dags/example_branch_operator.py
[2024-08-04T23:01:09.168+0300] {processor.py:842} WARNING - No viable dags retrieved from /home/grigory/airflow_venv/lib/python3.10/site-packages/airflow/example_dags/example_branch_operator.py
[2024-08-04T23:01:09.186+0300] {processor.py:183} INFO - Processing /home/grigory/airflow_venv/lib/python3.10/site-packages/airflow/example_dags/example_branch_operator.py took 0.167 seconds
[2024-08-04T23:02:13.053+0300] {processor.py:161} INFO - Started process (PID=1658) to work on /home/grigory/airflow_venv/lib/python3.10/site-packages/airflow/example_dags/example_branch_operator.py
[2024-08-04T23:02:13.054+0300] {processor.py:830} INFO - Processing file /home/grigory/airflow_venv/lib/python3.10/site-packages/airflow/example_dags/example_branch_operator.py for tasks to queue
[2024-08-04T23:02:13.057+0300] {logging_mixin.py:188} INFO - [2024-08-04T23:02:13.056+0300] {dagbag.py:545} INFO - Filling up the DagBag from /home/grigory/airflow_venv/lib/python3.10/site-packages/airflow/example_dags/example_branch_operator.py
[2024-08-04T23:02:13.205+0300] {processor.py:842} WARNING - No viable dags retrieved from /home/grigory/airflow_venv/lib/python3.10/site-packages/airflow/example_dags/example_branch_operator.py
[2024-08-04T23:02:13.231+0300] {processor.py:183} INFO - Processing /home/grigory/airflow_venv/lib/python3.10/site-packages/airflow/example_dags/example_branch_operator.py took 0.187 seconds
[2024-08-04T23:03:16.319+0300] {processor.py:161} INFO - Started process (PID=1711) to work on /home/grigory/airflow_venv/lib/python3.10/site-packages/airflow/example_dags/example_branch_operator.py
[2024-08-04T23:03:16.326+0300] {processor.py:830} INFO - Processing file /home/grigory/airflow_venv/lib/python3.10/site-packages/airflow/example_dags/example_branch_operator.py for tasks to queue
[2024-08-04T23:03:16.331+0300] {logging_mixin.py:188} INFO - [2024-08-04T23:03:16.330+0300] {dagbag.py:545} INFO - Filling up the DagBag from /home/grigory/airflow_venv/lib/python3.10/site-packages/airflow/example_dags/example_branch_operator.py
[2024-08-04T23:03:16.518+0300] {processor.py:842} WARNING - No viable dags retrieved from /home/grigory/airflow_venv/lib/python3.10/site-packages/airflow/example_dags/example_branch_operator.py
[2024-08-04T23:03:16.542+0300] {processor.py:183} INFO - Processing /home/grigory/airflow_venv/lib/python3.10/site-packages/airflow/example_dags/example_branch_operator.py took 0.241 seconds
[2024-08-04T23:04:44.220+0300] {processor.py:161} INFO - Started process (PID=1787) to work on /home/grigory/airflow_venv/lib/python3.10/site-packages/airflow/example_dags/example_branch_operator.py
[2024-08-04T23:04:44.226+0300] {processor.py:830} INFO - Processing file /home/grigory/airflow_venv/lib/python3.10/site-packages/airflow/example_dags/example_branch_operator.py for tasks to queue
[2024-08-04T23:04:44.236+0300] {logging_mixin.py:188} INFO - [2024-08-04T23:04:44.229+0300] {dagbag.py:545} INFO - Filling up the DagBag from /home/grigory/airflow_venv/lib/python3.10/site-packages/airflow/example_dags/example_branch_operator.py
[2024-08-04T23:04:44.728+0300] {processor.py:842} WARNING - No viable dags retrieved from /home/grigory/airflow_venv/lib/python3.10/site-packages/airflow/example_dags/example_branch_operator.py
[2024-08-04T23:04:44.783+0300] {processor.py:183} INFO - Processing /home/grigory/airflow_venv/lib/python3.10/site-packages/airflow/example_dags/example_branch_operator.py took 0.607 seconds
[2024-08-04T23:06:31.479+0300] {processor.py:161} INFO - Started process (PID=1847) to work on /home/grigory/airflow_venv/lib/python3.10/site-packages/airflow/example_dags/example_branch_operator.py
[2024-08-04T23:06:31.523+0300] {processor.py:830} INFO - Processing file /home/grigory/airflow_venv/lib/python3.10/site-packages/airflow/example_dags/example_branch_operator.py for tasks to queue
[2024-08-04T23:06:31.528+0300] {logging_mixin.py:188} INFO - [2024-08-04T23:06:31.526+0300] {dagbag.py:545} INFO - Filling up the DagBag from /home/grigory/airflow_venv/lib/python3.10/site-packages/airflow/example_dags/example_branch_operator.py
[2024-08-04T23:06:32.569+0300] {processor.py:842} WARNING - No viable dags retrieved from /home/grigory/airflow_venv/lib/python3.10/site-packages/airflow/example_dags/example_branch_operator.py
[2024-08-04T23:06:32.609+0300] {processor.py:183} INFO - Processing /home/grigory/airflow_venv/lib/python3.10/site-packages/airflow/example_dags/example_branch_operator.py took 1.176 seconds
[2024-08-04T23:08:05.226+0300] {processor.py:161} INFO - Started process (PID=1914) to work on /home/grigory/airflow_venv/lib/python3.10/site-packages/airflow/example_dags/example_branch_operator.py
[2024-08-04T23:08:05.246+0300] {processor.py:830} INFO - Processing file /home/grigory/airflow_venv/lib/python3.10/site-packages/airflow/example_dags/example_branch_operator.py for tasks to queue
[2024-08-04T23:08:05.250+0300] {logging_mixin.py:188} INFO - [2024-08-04T23:08:05.249+0300] {dagbag.py:545} INFO - Filling up the DagBag from /home/grigory/airflow_venv/lib/python3.10/site-packages/airflow/example_dags/example_branch_operator.py
[2024-08-04T23:08:05.409+0300] {processor.py:842} WARNING - No viable dags retrieved from /home/grigory/airflow_venv/lib/python3.10/site-packages/airflow/example_dags/example_branch_operator.py
[2024-08-04T23:08:05.428+0300] {processor.py:183} INFO - Processing /home/grigory/airflow_venv/lib/python3.10/site-packages/airflow/example_dags/example_branch_operator.py took 0.219 seconds
[2024-08-04T23:09:03.829+0300] {processor.py:161} INFO - Started process (PID=1966) to work on /home/grigory/airflow_venv/lib/python3.10/site-packages/airflow/example_dags/example_branch_operator.py
[2024-08-04T23:09:03.832+0300] {processor.py:830} INFO - Processing file /home/grigory/airflow_venv/lib/python3.10/site-packages/airflow/example_dags/example_branch_operator.py for tasks to queue
[2024-08-04T23:09:03.835+0300] {logging_mixin.py:188} INFO - [2024-08-04T23:09:03.834+0300] {dagbag.py:545} INFO - Filling up the DagBag from /home/grigory/airflow_venv/lib/python3.10/site-packages/airflow/example_dags/example_branch_operator.py
[2024-08-04T23:09:03.979+0300] {processor.py:842} WARNING - No viable dags retrieved from /home/grigory/airflow_venv/lib/python3.10/site-packages/airflow/example_dags/example_branch_operator.py
[2024-08-04T23:09:03.994+0300] {processor.py:183} INFO - Processing /home/grigory/airflow_venv/lib/python3.10/site-packages/airflow/example_dags/example_branch_operator.py took 0.179 seconds
[2024-08-04T23:10:25.905+0300] {processor.py:161} INFO - Started process (PID=2038) to work on /home/grigory/airflow_venv/lib/python3.10/site-packages/airflow/example_dags/example_branch_operator.py
[2024-08-04T23:10:25.912+0300] {processor.py:830} INFO - Processing file /home/grigory/airflow_venv/lib/python3.10/site-packages/airflow/example_dags/example_branch_operator.py for tasks to queue
[2024-08-04T23:10:25.915+0300] {logging_mixin.py:188} INFO - [2024-08-04T23:10:25.914+0300] {dagbag.py:545} INFO - Filling up the DagBag from /home/grigory/airflow_venv/lib/python3.10/site-packages/airflow/example_dags/example_branch_operator.py
[2024-08-04T23:10:26.534+0300] {processor.py:842} WARNING - No viable dags retrieved from /home/grigory/airflow_venv/lib/python3.10/site-packages/airflow/example_dags/example_branch_operator.py
[2024-08-04T23:10:26.585+0300] {processor.py:183} INFO - Processing /home/grigory/airflow_venv/lib/python3.10/site-packages/airflow/example_dags/example_branch_operator.py took 0.712 seconds
[2024-08-04T23:11:43.870+0300] {processor.py:161} INFO - Started process (PID=2097) to work on /home/grigory/airflow_venv/lib/python3.10/site-packages/airflow/example_dags/example_branch_operator.py
[2024-08-04T23:11:43.872+0300] {processor.py:830} INFO - Processing file /home/grigory/airflow_venv/lib/python3.10/site-packages/airflow/example_dags/example_branch_operator.py for tasks to queue
[2024-08-04T23:11:43.875+0300] {logging_mixin.py:188} INFO - [2024-08-04T23:11:43.874+0300] {dagbag.py:545} INFO - Filling up the DagBag from /home/grigory/airflow_venv/lib/python3.10/site-packages/airflow/example_dags/example_branch_operator.py
[2024-08-04T23:11:44.035+0300] {processor.py:842} WARNING - No viable dags retrieved from /home/grigory/airflow_venv/lib/python3.10/site-packages/airflow/example_dags/example_branch_operator.py
[2024-08-04T23:11:44.058+0300] {processor.py:183} INFO - Processing /home/grigory/airflow_venv/lib/python3.10/site-packages/airflow/example_dags/example_branch_operator.py took 0.202 seconds
[2024-08-04T23:13:00.381+0300] {processor.py:161} INFO - Started process (PID=2155) to work on /home/grigory/airflow_venv/lib/python3.10/site-packages/airflow/example_dags/example_branch_operator.py
[2024-08-04T23:13:00.390+0300] {processor.py:830} INFO - Processing file /home/grigory/airflow_venv/lib/python3.10/site-packages/airflow/example_dags/example_branch_operator.py for tasks to queue
[2024-08-04T23:13:00.394+0300] {logging_mixin.py:188} INFO - [2024-08-04T23:13:00.393+0300] {dagbag.py:545} INFO - Filling up the DagBag from /home/grigory/airflow_venv/lib/python3.10/site-packages/airflow/example_dags/example_branch_operator.py
[2024-08-04T23:13:00.567+0300] {processor.py:842} WARNING - No viable dags retrieved from /home/grigory/airflow_venv/lib/python3.10/site-packages/airflow/example_dags/example_branch_operator.py
[2024-08-04T23:13:00.583+0300] {processor.py:183} INFO - Processing /home/grigory/airflow_venv/lib/python3.10/site-packages/airflow/example_dags/example_branch_operator.py took 0.227 seconds
[2024-08-04T23:14:10.060+0300] {processor.py:161} INFO - Started process (PID=2210) to work on /home/grigory/airflow_venv/lib/python3.10/site-packages/airflow/example_dags/example_branch_operator.py
[2024-08-04T23:14:10.062+0300] {processor.py:830} INFO - Processing file /home/grigory/airflow_venv/lib/python3.10/site-packages/airflow/example_dags/example_branch_operator.py for tasks to queue
[2024-08-04T23:14:10.064+0300] {logging_mixin.py:188} INFO - [2024-08-04T23:14:10.063+0300] {dagbag.py:545} INFO - Filling up the DagBag from /home/grigory/airflow_venv/lib/python3.10/site-packages/airflow/example_dags/example_branch_operator.py
[2024-08-04T23:14:10.239+0300] {processor.py:842} WARNING - No viable dags retrieved from /home/grigory/airflow_venv/lib/python3.10/site-packages/airflow/example_dags/example_branch_operator.py
[2024-08-04T23:14:10.257+0300] {processor.py:183} INFO - Processing /home/grigory/airflow_venv/lib/python3.10/site-packages/airflow/example_dags/example_branch_operator.py took 0.205 seconds
[2024-08-04T23:15:16.207+0300] {processor.py:161} INFO - Started process (PID=2265) to work on /home/grigory/airflow_venv/lib/python3.10/site-packages/airflow/example_dags/example_branch_operator.py
[2024-08-04T23:15:16.208+0300] {processor.py:830} INFO - Processing file /home/grigory/airflow_venv/lib/python3.10/site-packages/airflow/example_dags/example_branch_operator.py for tasks to queue
[2024-08-04T23:15:16.211+0300] {logging_mixin.py:188} INFO - [2024-08-04T23:15:16.210+0300] {dagbag.py:545} INFO - Filling up the DagBag from /home/grigory/airflow_venv/lib/python3.10/site-packages/airflow/example_dags/example_branch_operator.py
[2024-08-04T23:15:16.337+0300] {processor.py:842} WARNING - No viable dags retrieved from /home/grigory/airflow_venv/lib/python3.10/site-packages/airflow/example_dags/example_branch_operator.py
[2024-08-04T23:15:16.350+0300] {processor.py:183} INFO - Processing /home/grigory/airflow_venv/lib/python3.10/site-packages/airflow/example_dags/example_branch_operator.py took 0.152 seconds
[2024-08-04T23:16:18.827+0300] {processor.py:161} INFO - Started process (PID=2318) to work on /home/grigory/airflow_venv/lib/python3.10/site-packages/airflow/example_dags/example_branch_operator.py
[2024-08-04T23:16:18.829+0300] {processor.py:830} INFO - Processing file /home/grigory/airflow_venv/lib/python3.10/site-packages/airflow/example_dags/example_branch_operator.py for tasks to queue
[2024-08-04T23:16:18.831+0300] {logging_mixin.py:188} INFO - [2024-08-04T23:16:18.831+0300] {dagbag.py:545} INFO - Filling up the DagBag from /home/grigory/airflow_venv/lib/python3.10/site-packages/airflow/example_dags/example_branch_operator.py
[2024-08-04T23:16:18.999+0300] {processor.py:842} WARNING - No viable dags retrieved from /home/grigory/airflow_venv/lib/python3.10/site-packages/airflow/example_dags/example_branch_operator.py
[2024-08-04T23:16:19.022+0300] {processor.py:183} INFO - Processing /home/grigory/airflow_venv/lib/python3.10/site-packages/airflow/example_dags/example_branch_operator.py took 0.206 seconds
[2024-08-04T23:17:44.864+0300] {processor.py:161} INFO - Started process (PID=2396) to work on /home/grigory/airflow_venv/lib/python3.10/site-packages/airflow/example_dags/example_branch_operator.py
[2024-08-04T23:17:44.866+0300] {processor.py:830} INFO - Processing file /home/grigory/airflow_venv/lib/python3.10/site-packages/airflow/example_dags/example_branch_operator.py for tasks to queue
[2024-08-04T23:17:44.868+0300] {logging_mixin.py:188} INFO - [2024-08-04T23:17:44.868+0300] {dagbag.py:545} INFO - Filling up the DagBag from /home/grigory/airflow_venv/lib/python3.10/site-packages/airflow/example_dags/example_branch_operator.py
[2024-08-04T23:17:44.977+0300] {processor.py:842} WARNING - No viable dags retrieved from /home/grigory/airflow_venv/lib/python3.10/site-packages/airflow/example_dags/example_branch_operator.py
[2024-08-04T23:17:44.990+0300] {processor.py:183} INFO - Processing /home/grigory/airflow_venv/lib/python3.10/site-packages/airflow/example_dags/example_branch_operator.py took 0.134 seconds
[2024-08-04T23:19:31.957+0300] {processor.py:161} INFO - Started process (PID=2460) to work on /home/grigory/airflow_venv/lib/python3.10/site-packages/airflow/example_dags/example_branch_operator.py
[2024-08-04T23:19:31.969+0300] {processor.py:830} INFO - Processing file /home/grigory/airflow_venv/lib/python3.10/site-packages/airflow/example_dags/example_branch_operator.py for tasks to queue
[2024-08-04T23:19:31.973+0300] {logging_mixin.py:188} INFO - [2024-08-04T23:19:31.972+0300] {dagbag.py:545} INFO - Filling up the DagBag from /home/grigory/airflow_venv/lib/python3.10/site-packages/airflow/example_dags/example_branch_operator.py
[2024-08-04T23:19:32.772+0300] {processor.py:842} WARNING - No viable dags retrieved from /home/grigory/airflow_venv/lib/python3.10/site-packages/airflow/example_dags/example_branch_operator.py
[2024-08-04T23:19:32.811+0300] {processor.py:183} INFO - Processing /home/grigory/airflow_venv/lib/python3.10/site-packages/airflow/example_dags/example_branch_operator.py took 0.886 seconds
[2024-08-04T23:20:40.932+0300] {processor.py:161} INFO - Started process (PID=2516) to work on /home/grigory/airflow_venv/lib/python3.10/site-packages/airflow/example_dags/example_branch_operator.py
[2024-08-04T23:20:40.934+0300] {processor.py:830} INFO - Processing file /home/grigory/airflow_venv/lib/python3.10/site-packages/airflow/example_dags/example_branch_operator.py for tasks to queue
[2024-08-04T23:20:40.936+0300] {logging_mixin.py:188} INFO - [2024-08-04T23:20:40.935+0300] {dagbag.py:545} INFO - Filling up the DagBag from /home/grigory/airflow_venv/lib/python3.10/site-packages/airflow/example_dags/example_branch_operator.py
[2024-08-04T23:20:41.033+0300] {processor.py:842} WARNING - No viable dags retrieved from /home/grigory/airflow_venv/lib/python3.10/site-packages/airflow/example_dags/example_branch_operator.py
[2024-08-04T23:20:41.047+0300] {processor.py:183} INFO - Processing /home/grigory/airflow_venv/lib/python3.10/site-packages/airflow/example_dags/example_branch_operator.py took 0.122 seconds
[2024-08-04T23:22:00.244+0300] {processor.py:161} INFO - Started process (PID=2589) to work on /home/grigory/airflow_venv/lib/python3.10/site-packages/airflow/example_dags/example_branch_operator.py
[2024-08-04T23:22:00.246+0300] {processor.py:830} INFO - Processing file /home/grigory/airflow_venv/lib/python3.10/site-packages/airflow/example_dags/example_branch_operator.py for tasks to queue
[2024-08-04T23:22:00.248+0300] {logging_mixin.py:188} INFO - [2024-08-04T23:22:00.247+0300] {dagbag.py:545} INFO - Filling up the DagBag from /home/grigory/airflow_venv/lib/python3.10/site-packages/airflow/example_dags/example_branch_operator.py
[2024-08-04T23:22:00.374+0300] {processor.py:842} WARNING - No viable dags retrieved from /home/grigory/airflow_venv/lib/python3.10/site-packages/airflow/example_dags/example_branch_operator.py
[2024-08-04T23:22:00.404+0300] {processor.py:183} INFO - Processing /home/grigory/airflow_venv/lib/python3.10/site-packages/airflow/example_dags/example_branch_operator.py took 0.170 seconds
[2024-08-04T23:23:27.316+0300] {processor.py:161} INFO - Started process (PID=2666) to work on /home/grigory/airflow_venv/lib/python3.10/site-packages/airflow/example_dags/example_branch_operator.py
[2024-08-04T23:23:27.318+0300] {processor.py:830} INFO - Processing file /home/grigory/airflow_venv/lib/python3.10/site-packages/airflow/example_dags/example_branch_operator.py for tasks to queue
[2024-08-04T23:23:27.320+0300] {logging_mixin.py:188} INFO - [2024-08-04T23:23:27.319+0300] {dagbag.py:545} INFO - Filling up the DagBag from /home/grigory/airflow_venv/lib/python3.10/site-packages/airflow/example_dags/example_branch_operator.py
[2024-08-04T23:23:27.473+0300] {processor.py:842} WARNING - No viable dags retrieved from /home/grigory/airflow_venv/lib/python3.10/site-packages/airflow/example_dags/example_branch_operator.py
[2024-08-04T23:23:27.487+0300] {processor.py:183} INFO - Processing /home/grigory/airflow_venv/lib/python3.10/site-packages/airflow/example_dags/example_branch_operator.py took 0.180 seconds
[2024-08-04T23:24:40.611+0300] {processor.py:161} INFO - Started process (PID=2736) to work on /home/grigory/airflow_venv/lib/python3.10/site-packages/airflow/example_dags/example_branch_operator.py
[2024-08-04T23:24:40.613+0300] {processor.py:830} INFO - Processing file /home/grigory/airflow_venv/lib/python3.10/site-packages/airflow/example_dags/example_branch_operator.py for tasks to queue
[2024-08-04T23:24:40.615+0300] {logging_mixin.py:188} INFO - [2024-08-04T23:24:40.615+0300] {dagbag.py:545} INFO - Filling up the DagBag from /home/grigory/airflow_venv/lib/python3.10/site-packages/airflow/example_dags/example_branch_operator.py
[2024-08-04T23:24:40.728+0300] {processor.py:842} WARNING - No viable dags retrieved from /home/grigory/airflow_venv/lib/python3.10/site-packages/airflow/example_dags/example_branch_operator.py
[2024-08-04T23:24:40.741+0300] {processor.py:183} INFO - Processing /home/grigory/airflow_venv/lib/python3.10/site-packages/airflow/example_dags/example_branch_operator.py took 0.139 seconds
[2024-08-04T23:25:50.420+0300] {processor.py:161} INFO - Started process (PID=2804) to work on /home/grigory/airflow_venv/lib/python3.10/site-packages/airflow/example_dags/example_branch_operator.py
[2024-08-04T23:25:50.422+0300] {processor.py:830} INFO - Processing file /home/grigory/airflow_venv/lib/python3.10/site-packages/airflow/example_dags/example_branch_operator.py for tasks to queue
[2024-08-04T23:25:50.424+0300] {logging_mixin.py:188} INFO - [2024-08-04T23:25:50.423+0300] {dagbag.py:545} INFO - Filling up the DagBag from /home/grigory/airflow_venv/lib/python3.10/site-packages/airflow/example_dags/example_branch_operator.py
[2024-08-04T23:25:50.532+0300] {processor.py:842} WARNING - No viable dags retrieved from /home/grigory/airflow_venv/lib/python3.10/site-packages/airflow/example_dags/example_branch_operator.py
[2024-08-04T23:25:50.545+0300] {processor.py:183} INFO - Processing /home/grigory/airflow_venv/lib/python3.10/site-packages/airflow/example_dags/example_branch_operator.py took 0.133 seconds
[2024-08-04T23:27:22.087+0300] {processor.py:161} INFO - Started process (PID=2903) to work on /home/grigory/airflow_venv/lib/python3.10/site-packages/airflow/example_dags/example_branch_operator.py
[2024-08-04T23:27:22.089+0300] {processor.py:830} INFO - Processing file /home/grigory/airflow_venv/lib/python3.10/site-packages/airflow/example_dags/example_branch_operator.py for tasks to queue
[2024-08-04T23:27:22.091+0300] {logging_mixin.py:188} INFO - [2024-08-04T23:27:22.091+0300] {dagbag.py:545} INFO - Filling up the DagBag from /home/grigory/airflow_venv/lib/python3.10/site-packages/airflow/example_dags/example_branch_operator.py
[2024-08-04T23:27:22.187+0300] {processor.py:842} WARNING - No viable dags retrieved from /home/grigory/airflow_venv/lib/python3.10/site-packages/airflow/example_dags/example_branch_operator.py
[2024-08-04T23:27:22.200+0300] {processor.py:183} INFO - Processing /home/grigory/airflow_venv/lib/python3.10/site-packages/airflow/example_dags/example_branch_operator.py took 0.121 seconds
[2024-08-04T23:28:43.317+0300] {processor.py:161} INFO - Started process (PID=2979) to work on /home/grigory/airflow_venv/lib/python3.10/site-packages/airflow/example_dags/example_branch_operator.py
[2024-08-04T23:28:43.319+0300] {processor.py:830} INFO - Processing file /home/grigory/airflow_venv/lib/python3.10/site-packages/airflow/example_dags/example_branch_operator.py for tasks to queue
[2024-08-04T23:28:43.321+0300] {logging_mixin.py:188} INFO - [2024-08-04T23:28:43.320+0300] {dagbag.py:545} INFO - Filling up the DagBag from /home/grigory/airflow_venv/lib/python3.10/site-packages/airflow/example_dags/example_branch_operator.py
[2024-08-04T23:28:43.531+0300] {processor.py:842} WARNING - No viable dags retrieved from /home/grigory/airflow_venv/lib/python3.10/site-packages/airflow/example_dags/example_branch_operator.py
[2024-08-04T23:28:43.547+0300] {processor.py:183} INFO - Processing /home/grigory/airflow_venv/lib/python3.10/site-packages/airflow/example_dags/example_branch_operator.py took 0.245 seconds
[2024-08-04T23:30:02.873+0300] {processor.py:161} INFO - Started process (PID=3051) to work on /home/grigory/airflow_venv/lib/python3.10/site-packages/airflow/example_dags/example_branch_operator.py
[2024-08-04T23:30:02.874+0300] {processor.py:830} INFO - Processing file /home/grigory/airflow_venv/lib/python3.10/site-packages/airflow/example_dags/example_branch_operator.py for tasks to queue
[2024-08-04T23:30:02.877+0300] {logging_mixin.py:188} INFO - [2024-08-04T23:30:02.876+0300] {dagbag.py:545} INFO - Filling up the DagBag from /home/grigory/airflow_venv/lib/python3.10/site-packages/airflow/example_dags/example_branch_operator.py
[2024-08-04T23:30:02.992+0300] {processor.py:842} WARNING - No viable dags retrieved from /home/grigory/airflow_venv/lib/python3.10/site-packages/airflow/example_dags/example_branch_operator.py
[2024-08-04T23:30:03.005+0300] {processor.py:183} INFO - Processing /home/grigory/airflow_venv/lib/python3.10/site-packages/airflow/example_dags/example_branch_operator.py took 0.141 seconds
[2024-08-04T23:31:23.287+0300] {processor.py:161} INFO - Started process (PID=3130) to work on /home/grigory/airflow_venv/lib/python3.10/site-packages/airflow/example_dags/example_branch_operator.py
[2024-08-04T23:31:23.288+0300] {processor.py:830} INFO - Processing file /home/grigory/airflow_venv/lib/python3.10/site-packages/airflow/example_dags/example_branch_operator.py for tasks to queue
[2024-08-04T23:31:23.290+0300] {logging_mixin.py:188} INFO - [2024-08-04T23:31:23.290+0300] {dagbag.py:545} INFO - Filling up the DagBag from /home/grigory/airflow_venv/lib/python3.10/site-packages/airflow/example_dags/example_branch_operator.py
[2024-08-04T23:31:23.414+0300] {processor.py:842} WARNING - No viable dags retrieved from /home/grigory/airflow_venv/lib/python3.10/site-packages/airflow/example_dags/example_branch_operator.py
[2024-08-04T23:31:23.427+0300] {processor.py:183} INFO - Processing /home/grigory/airflow_venv/lib/python3.10/site-packages/airflow/example_dags/example_branch_operator.py took 0.148 seconds
[2024-08-04T23:32:42.668+0300] {processor.py:161} INFO - Started process (PID=3208) to work on /home/grigory/airflow_venv/lib/python3.10/site-packages/airflow/example_dags/example_branch_operator.py
[2024-08-04T23:32:42.670+0300] {processor.py:830} INFO - Processing file /home/grigory/airflow_venv/lib/python3.10/site-packages/airflow/example_dags/example_branch_operator.py for tasks to queue
[2024-08-04T23:32:42.672+0300] {logging_mixin.py:188} INFO - [2024-08-04T23:32:42.672+0300] {dagbag.py:545} INFO - Filling up the DagBag from /home/grigory/airflow_venv/lib/python3.10/site-packages/airflow/example_dags/example_branch_operator.py
[2024-08-04T23:32:42.812+0300] {processor.py:842} WARNING - No viable dags retrieved from /home/grigory/airflow_venv/lib/python3.10/site-packages/airflow/example_dags/example_branch_operator.py
[2024-08-04T23:32:42.834+0300] {processor.py:183} INFO - Processing /home/grigory/airflow_venv/lib/python3.10/site-packages/airflow/example_dags/example_branch_operator.py took 0.179 seconds
[2024-08-04T23:34:07.836+0300] {processor.py:161} INFO - Started process (PID=3288) to work on /home/grigory/airflow_venv/lib/python3.10/site-packages/airflow/example_dags/example_branch_operator.py
[2024-08-04T23:34:07.837+0300] {processor.py:830} INFO - Processing file /home/grigory/airflow_venv/lib/python3.10/site-packages/airflow/example_dags/example_branch_operator.py for tasks to queue
[2024-08-04T23:34:07.839+0300] {logging_mixin.py:188} INFO - [2024-08-04T23:34:07.839+0300] {dagbag.py:545} INFO - Filling up the DagBag from /home/grigory/airflow_venv/lib/python3.10/site-packages/airflow/example_dags/example_branch_operator.py
[2024-08-04T23:34:07.961+0300] {processor.py:842} WARNING - No viable dags retrieved from /home/grigory/airflow_venv/lib/python3.10/site-packages/airflow/example_dags/example_branch_operator.py
[2024-08-04T23:34:07.980+0300] {processor.py:183} INFO - Processing /home/grigory/airflow_venv/lib/python3.10/site-packages/airflow/example_dags/example_branch_operator.py took 0.154 seconds
[2024-08-04T23:35:18.092+0300] {processor.py:161} INFO - Started process (PID=3355) to work on /home/grigory/airflow_venv/lib/python3.10/site-packages/airflow/example_dags/example_branch_operator.py
[2024-08-04T23:35:18.095+0300] {processor.py:830} INFO - Processing file /home/grigory/airflow_venv/lib/python3.10/site-packages/airflow/example_dags/example_branch_operator.py for tasks to queue
[2024-08-04T23:35:18.099+0300] {logging_mixin.py:188} INFO - [2024-08-04T23:35:18.098+0300] {dagbag.py:545} INFO - Filling up the DagBag from /home/grigory/airflow_venv/lib/python3.10/site-packages/airflow/example_dags/example_branch_operator.py
[2024-08-04T23:35:18.253+0300] {processor.py:842} WARNING - No viable dags retrieved from /home/grigory/airflow_venv/lib/python3.10/site-packages/airflow/example_dags/example_branch_operator.py
[2024-08-04T23:35:18.266+0300] {processor.py:183} INFO - Processing /home/grigory/airflow_venv/lib/python3.10/site-packages/airflow/example_dags/example_branch_operator.py took 0.185 seconds
[2024-08-04T23:36:28.487+0300] {processor.py:161} INFO - Started process (PID=3424) to work on /home/grigory/airflow_venv/lib/python3.10/site-packages/airflow/example_dags/example_branch_operator.py
[2024-08-04T23:36:28.489+0300] {processor.py:830} INFO - Processing file /home/grigory/airflow_venv/lib/python3.10/site-packages/airflow/example_dags/example_branch_operator.py for tasks to queue
[2024-08-04T23:36:28.491+0300] {logging_mixin.py:188} INFO - [2024-08-04T23:36:28.490+0300] {dagbag.py:545} INFO - Filling up the DagBag from /home/grigory/airflow_venv/lib/python3.10/site-packages/airflow/example_dags/example_branch_operator.py
[2024-08-04T23:36:28.624+0300] {processor.py:842} WARNING - No viable dags retrieved from /home/grigory/airflow_venv/lib/python3.10/site-packages/airflow/example_dags/example_branch_operator.py
[2024-08-04T23:36:28.637+0300] {processor.py:183} INFO - Processing /home/grigory/airflow_venv/lib/python3.10/site-packages/airflow/example_dags/example_branch_operator.py took 0.158 seconds
[2024-08-04T23:37:43.788+0300] {processor.py:161} INFO - Started process (PID=3496) to work on /home/grigory/airflow_venv/lib/python3.10/site-packages/airflow/example_dags/example_branch_operator.py
[2024-08-04T23:37:43.790+0300] {processor.py:830} INFO - Processing file /home/grigory/airflow_venv/lib/python3.10/site-packages/airflow/example_dags/example_branch_operator.py for tasks to queue
[2024-08-04T23:37:43.793+0300] {logging_mixin.py:188} INFO - [2024-08-04T23:37:43.793+0300] {dagbag.py:545} INFO - Filling up the DagBag from /home/grigory/airflow_venv/lib/python3.10/site-packages/airflow/example_dags/example_branch_operator.py
[2024-08-04T23:37:43.916+0300] {processor.py:842} WARNING - No viable dags retrieved from /home/grigory/airflow_venv/lib/python3.10/site-packages/airflow/example_dags/example_branch_operator.py
[2024-08-04T23:37:43.928+0300] {processor.py:183} INFO - Processing /home/grigory/airflow_venv/lib/python3.10/site-packages/airflow/example_dags/example_branch_operator.py took 0.151 seconds
[2024-08-04T23:38:58.062+0300] {processor.py:161} INFO - Started process (PID=3566) to work on /home/grigory/airflow_venv/lib/python3.10/site-packages/airflow/example_dags/example_branch_operator.py
[2024-08-04T23:38:58.063+0300] {processor.py:830} INFO - Processing file /home/grigory/airflow_venv/lib/python3.10/site-packages/airflow/example_dags/example_branch_operator.py for tasks to queue
[2024-08-04T23:38:58.066+0300] {logging_mixin.py:188} INFO - [2024-08-04T23:38:58.065+0300] {dagbag.py:545} INFO - Filling up the DagBag from /home/grigory/airflow_venv/lib/python3.10/site-packages/airflow/example_dags/example_branch_operator.py
[2024-08-04T23:38:58.172+0300] {processor.py:842} WARNING - No viable dags retrieved from /home/grigory/airflow_venv/lib/python3.10/site-packages/airflow/example_dags/example_branch_operator.py
[2024-08-04T23:38:58.185+0300] {processor.py:183} INFO - Processing /home/grigory/airflow_venv/lib/python3.10/site-packages/airflow/example_dags/example_branch_operator.py took 0.131 seconds
[2024-08-04T23:40:09.899+0300] {processor.py:161} INFO - Started process (PID=3634) to work on /home/grigory/airflow_venv/lib/python3.10/site-packages/airflow/example_dags/example_branch_operator.py
[2024-08-04T23:40:09.901+0300] {processor.py:830} INFO - Processing file /home/grigory/airflow_venv/lib/python3.10/site-packages/airflow/example_dags/example_branch_operator.py for tasks to queue
[2024-08-04T23:40:09.903+0300] {logging_mixin.py:188} INFO - [2024-08-04T23:40:09.902+0300] {dagbag.py:545} INFO - Filling up the DagBag from /home/grigory/airflow_venv/lib/python3.10/site-packages/airflow/example_dags/example_branch_operator.py
[2024-08-04T23:40:10.011+0300] {processor.py:842} WARNING - No viable dags retrieved from /home/grigory/airflow_venv/lib/python3.10/site-packages/airflow/example_dags/example_branch_operator.py
[2024-08-04T23:40:10.025+0300] {processor.py:183} INFO - Processing /home/grigory/airflow_venv/lib/python3.10/site-packages/airflow/example_dags/example_branch_operator.py took 0.133 seconds
[2024-08-04T23:41:21.583+0300] {processor.py:161} INFO - Started process (PID=3703) to work on /home/grigory/airflow_venv/lib/python3.10/site-packages/airflow/example_dags/example_branch_operator.py
[2024-08-04T23:41:21.585+0300] {processor.py:830} INFO - Processing file /home/grigory/airflow_venv/lib/python3.10/site-packages/airflow/example_dags/example_branch_operator.py for tasks to queue
[2024-08-04T23:41:21.587+0300] {logging_mixin.py:188} INFO - [2024-08-04T23:41:21.586+0300] {dagbag.py:545} INFO - Filling up the DagBag from /home/grigory/airflow_venv/lib/python3.10/site-packages/airflow/example_dags/example_branch_operator.py
[2024-08-04T23:41:21.697+0300] {processor.py:842} WARNING - No viable dags retrieved from /home/grigory/airflow_venv/lib/python3.10/site-packages/airflow/example_dags/example_branch_operator.py
[2024-08-04T23:41:21.711+0300] {processor.py:183} INFO - Processing /home/grigory/airflow_venv/lib/python3.10/site-packages/airflow/example_dags/example_branch_operator.py took 0.140 seconds
[2024-08-04T23:42:48.990+0300] {processor.py:161} INFO - Started process (PID=3779) to work on /home/grigory/airflow_venv/lib/python3.10/site-packages/airflow/example_dags/example_branch_operator.py
[2024-08-04T23:42:48.992+0300] {processor.py:830} INFO - Processing file /home/grigory/airflow_venv/lib/python3.10/site-packages/airflow/example_dags/example_branch_operator.py for tasks to queue
[2024-08-04T23:42:48.994+0300] {logging_mixin.py:188} INFO - [2024-08-04T23:42:48.993+0300] {dagbag.py:545} INFO - Filling up the DagBag from /home/grigory/airflow_venv/lib/python3.10/site-packages/airflow/example_dags/example_branch_operator.py
[2024-08-04T23:42:49.103+0300] {processor.py:842} WARNING - No viable dags retrieved from /home/grigory/airflow_venv/lib/python3.10/site-packages/airflow/example_dags/example_branch_operator.py
[2024-08-04T23:42:49.117+0300] {processor.py:183} INFO - Processing /home/grigory/airflow_venv/lib/python3.10/site-packages/airflow/example_dags/example_branch_operator.py took 0.135 seconds
[2024-08-04T23:43:57.830+0300] {processor.py:161} INFO - Started process (PID=3845) to work on /home/grigory/airflow_venv/lib/python3.10/site-packages/airflow/example_dags/example_branch_operator.py
[2024-08-04T23:43:57.832+0300] {processor.py:830} INFO - Processing file /home/grigory/airflow_venv/lib/python3.10/site-packages/airflow/example_dags/example_branch_operator.py for tasks to queue
[2024-08-04T23:43:57.835+0300] {logging_mixin.py:188} INFO - [2024-08-04T23:43:57.834+0300] {dagbag.py:545} INFO - Filling up the DagBag from /home/grigory/airflow_venv/lib/python3.10/site-packages/airflow/example_dags/example_branch_operator.py
[2024-08-04T23:43:57.936+0300] {processor.py:842} WARNING - No viable dags retrieved from /home/grigory/airflow_venv/lib/python3.10/site-packages/airflow/example_dags/example_branch_operator.py
[2024-08-04T23:43:57.952+0300] {processor.py:183} INFO - Processing /home/grigory/airflow_venv/lib/python3.10/site-packages/airflow/example_dags/example_branch_operator.py took 0.132 seconds
[2024-08-04T23:45:06.235+0300] {processor.py:161} INFO - Started process (PID=3911) to work on /home/grigory/airflow_venv/lib/python3.10/site-packages/airflow/example_dags/example_branch_operator.py
[2024-08-04T23:45:06.237+0300] {processor.py:830} INFO - Processing file /home/grigory/airflow_venv/lib/python3.10/site-packages/airflow/example_dags/example_branch_operator.py for tasks to queue
[2024-08-04T23:45:06.239+0300] {logging_mixin.py:188} INFO - [2024-08-04T23:45:06.238+0300] {dagbag.py:545} INFO - Filling up the DagBag from /home/grigory/airflow_venv/lib/python3.10/site-packages/airflow/example_dags/example_branch_operator.py
[2024-08-04T23:45:06.349+0300] {processor.py:842} WARNING - No viable dags retrieved from /home/grigory/airflow_venv/lib/python3.10/site-packages/airflow/example_dags/example_branch_operator.py
[2024-08-04T23:45:06.367+0300] {processor.py:183} INFO - Processing /home/grigory/airflow_venv/lib/python3.10/site-packages/airflow/example_dags/example_branch_operator.py took 0.139 seconds
[2024-08-04T23:46:16.406+0300] {processor.py:161} INFO - Started process (PID=3978) to work on /home/grigory/airflow_venv/lib/python3.10/site-packages/airflow/example_dags/example_branch_operator.py
[2024-08-04T23:46:16.407+0300] {processor.py:830} INFO - Processing file /home/grigory/airflow_venv/lib/python3.10/site-packages/airflow/example_dags/example_branch_operator.py for tasks to queue
[2024-08-04T23:46:16.409+0300] {logging_mixin.py:188} INFO - [2024-08-04T23:46:16.409+0300] {dagbag.py:545} INFO - Filling up the DagBag from /home/grigory/airflow_venv/lib/python3.10/site-packages/airflow/example_dags/example_branch_operator.py
[2024-08-04T23:46:16.560+0300] {processor.py:842} WARNING - No viable dags retrieved from /home/grigory/airflow_venv/lib/python3.10/site-packages/airflow/example_dags/example_branch_operator.py
[2024-08-04T23:46:16.578+0300] {processor.py:183} INFO - Processing /home/grigory/airflow_venv/lib/python3.10/site-packages/airflow/example_dags/example_branch_operator.py took 0.180 seconds
[2024-08-04T23:47:27.195+0300] {processor.py:161} INFO - Started process (PID=4046) to work on /home/grigory/airflow_venv/lib/python3.10/site-packages/airflow/example_dags/example_branch_operator.py
[2024-08-04T23:47:27.197+0300] {processor.py:830} INFO - Processing file /home/grigory/airflow_venv/lib/python3.10/site-packages/airflow/example_dags/example_branch_operator.py for tasks to queue
[2024-08-04T23:47:27.199+0300] {logging_mixin.py:188} INFO - [2024-08-04T23:47:27.198+0300] {dagbag.py:545} INFO - Filling up the DagBag from /home/grigory/airflow_venv/lib/python3.10/site-packages/airflow/example_dags/example_branch_operator.py
[2024-08-04T23:47:27.320+0300] {processor.py:842} WARNING - No viable dags retrieved from /home/grigory/airflow_venv/lib/python3.10/site-packages/airflow/example_dags/example_branch_operator.py
[2024-08-04T23:47:27.333+0300] {processor.py:183} INFO - Processing /home/grigory/airflow_venv/lib/python3.10/site-packages/airflow/example_dags/example_branch_operator.py took 0.148 seconds
[2024-08-04T23:48:40.907+0300] {processor.py:161} INFO - Started process (PID=4115) to work on /home/grigory/airflow_venv/lib/python3.10/site-packages/airflow/example_dags/example_branch_operator.py
[2024-08-04T23:48:40.909+0300] {processor.py:830} INFO - Processing file /home/grigory/airflow_venv/lib/python3.10/site-packages/airflow/example_dags/example_branch_operator.py for tasks to queue
[2024-08-04T23:48:40.911+0300] {logging_mixin.py:188} INFO - [2024-08-04T23:48:40.911+0300] {dagbag.py:545} INFO - Filling up the DagBag from /home/grigory/airflow_venv/lib/python3.10/site-packages/airflow/example_dags/example_branch_operator.py
[2024-08-04T23:48:41.020+0300] {processor.py:842} WARNING - No viable dags retrieved from /home/grigory/airflow_venv/lib/python3.10/site-packages/airflow/example_dags/example_branch_operator.py
[2024-08-04T23:48:41.033+0300] {processor.py:183} INFO - Processing /home/grigory/airflow_venv/lib/python3.10/site-packages/airflow/example_dags/example_branch_operator.py took 0.133 seconds
[2024-08-04T23:49:48.995+0300] {processor.py:161} INFO - Started process (PID=4181) to work on /home/grigory/airflow_venv/lib/python3.10/site-packages/airflow/example_dags/example_branch_operator.py
[2024-08-04T23:49:48.996+0300] {processor.py:830} INFO - Processing file /home/grigory/airflow_venv/lib/python3.10/site-packages/airflow/example_dags/example_branch_operator.py for tasks to queue
[2024-08-04T23:49:48.998+0300] {logging_mixin.py:188} INFO - [2024-08-04T23:49:48.998+0300] {dagbag.py:545} INFO - Filling up the DagBag from /home/grigory/airflow_venv/lib/python3.10/site-packages/airflow/example_dags/example_branch_operator.py
[2024-08-04T23:49:49.116+0300] {processor.py:842} WARNING - No viable dags retrieved from /home/grigory/airflow_venv/lib/python3.10/site-packages/airflow/example_dags/example_branch_operator.py
[2024-08-04T23:49:49.129+0300] {processor.py:183} INFO - Processing /home/grigory/airflow_venv/lib/python3.10/site-packages/airflow/example_dags/example_branch_operator.py took 0.142 seconds
[2024-08-04T23:50:59.905+0300] {processor.py:161} INFO - Started process (PID=4248) to work on /home/grigory/airflow_venv/lib/python3.10/site-packages/airflow/example_dags/example_branch_operator.py
[2024-08-04T23:50:59.907+0300] {processor.py:830} INFO - Processing file /home/grigory/airflow_venv/lib/python3.10/site-packages/airflow/example_dags/example_branch_operator.py for tasks to queue
[2024-08-04T23:50:59.909+0300] {logging_mixin.py:188} INFO - [2024-08-04T23:50:59.908+0300] {dagbag.py:545} INFO - Filling up the DagBag from /home/grigory/airflow_venv/lib/python3.10/site-packages/airflow/example_dags/example_branch_operator.py
[2024-08-04T23:51:00.046+0300] {processor.py:842} WARNING - No viable dags retrieved from /home/grigory/airflow_venv/lib/python3.10/site-packages/airflow/example_dags/example_branch_operator.py
[2024-08-04T23:51:00.063+0300] {processor.py:183} INFO - Processing /home/grigory/airflow_venv/lib/python3.10/site-packages/airflow/example_dags/example_branch_operator.py took 0.166 seconds
[2024-08-04T23:52:14.858+0300] {processor.py:161} INFO - Started process (PID=4320) to work on /home/grigory/airflow_venv/lib/python3.10/site-packages/airflow/example_dags/example_branch_operator.py
[2024-08-04T23:52:14.860+0300] {processor.py:830} INFO - Processing file /home/grigory/airflow_venv/lib/python3.10/site-packages/airflow/example_dags/example_branch_operator.py for tasks to queue
[2024-08-04T23:52:14.862+0300] {logging_mixin.py:188} INFO - [2024-08-04T23:52:14.861+0300] {dagbag.py:545} INFO - Filling up the DagBag from /home/grigory/airflow_venv/lib/python3.10/site-packages/airflow/example_dags/example_branch_operator.py
[2024-08-04T23:52:14.972+0300] {processor.py:842} WARNING - No viable dags retrieved from /home/grigory/airflow_venv/lib/python3.10/site-packages/airflow/example_dags/example_branch_operator.py
[2024-08-04T23:52:14.986+0300] {processor.py:183} INFO - Processing /home/grigory/airflow_venv/lib/python3.10/site-packages/airflow/example_dags/example_branch_operator.py took 0.136 seconds
[2024-08-04T23:53:25.580+0300] {processor.py:161} INFO - Started process (PID=4388) to work on /home/grigory/airflow_venv/lib/python3.10/site-packages/airflow/example_dags/example_branch_operator.py
[2024-08-04T23:53:25.582+0300] {processor.py:830} INFO - Processing file /home/grigory/airflow_venv/lib/python3.10/site-packages/airflow/example_dags/example_branch_operator.py for tasks to queue
[2024-08-04T23:53:25.584+0300] {logging_mixin.py:188} INFO - [2024-08-04T23:53:25.584+0300] {dagbag.py:545} INFO - Filling up the DagBag from /home/grigory/airflow_venv/lib/python3.10/site-packages/airflow/example_dags/example_branch_operator.py
[2024-08-04T23:53:25.702+0300] {processor.py:842} WARNING - No viable dags retrieved from /home/grigory/airflow_venv/lib/python3.10/site-packages/airflow/example_dags/example_branch_operator.py
[2024-08-04T23:53:25.718+0300] {processor.py:183} INFO - Processing /home/grigory/airflow_venv/lib/python3.10/site-packages/airflow/example_dags/example_branch_operator.py took 0.145 seconds
[2024-08-04T23:54:31.026+0300] {processor.py:161} INFO - Started process (PID=4452) to work on /home/grigory/airflow_venv/lib/python3.10/site-packages/airflow/example_dags/example_branch_operator.py
[2024-08-04T23:54:31.028+0300] {processor.py:830} INFO - Processing file /home/grigory/airflow_venv/lib/python3.10/site-packages/airflow/example_dags/example_branch_operator.py for tasks to queue
[2024-08-04T23:54:31.030+0300] {logging_mixin.py:188} INFO - [2024-08-04T23:54:31.030+0300] {dagbag.py:545} INFO - Filling up the DagBag from /home/grigory/airflow_venv/lib/python3.10/site-packages/airflow/example_dags/example_branch_operator.py
[2024-08-04T23:54:31.142+0300] {processor.py:842} WARNING - No viable dags retrieved from /home/grigory/airflow_venv/lib/python3.10/site-packages/airflow/example_dags/example_branch_operator.py
[2024-08-04T23:54:31.156+0300] {processor.py:183} INFO - Processing /home/grigory/airflow_venv/lib/python3.10/site-packages/airflow/example_dags/example_branch_operator.py took 0.138 seconds
[2024-08-04T23:55:44.312+0300] {processor.py:161} INFO - Started process (PID=4521) to work on /home/grigory/airflow_venv/lib/python3.10/site-packages/airflow/example_dags/example_branch_operator.py
[2024-08-04T23:55:44.314+0300] {processor.py:830} INFO - Processing file /home/grigory/airflow_venv/lib/python3.10/site-packages/airflow/example_dags/example_branch_operator.py for tasks to queue
[2024-08-04T23:55:44.316+0300] {logging_mixin.py:188} INFO - [2024-08-04T23:55:44.316+0300] {dagbag.py:545} INFO - Filling up the DagBag from /home/grigory/airflow_venv/lib/python3.10/site-packages/airflow/example_dags/example_branch_operator.py
[2024-08-04T23:55:44.485+0300] {processor.py:842} WARNING - No viable dags retrieved from /home/grigory/airflow_venv/lib/python3.10/site-packages/airflow/example_dags/example_branch_operator.py
[2024-08-04T23:55:44.498+0300] {processor.py:183} INFO - Processing /home/grigory/airflow_venv/lib/python3.10/site-packages/airflow/example_dags/example_branch_operator.py took 0.194 seconds
[2024-08-04T23:56:49.783+0300] {processor.py:161} INFO - Started process (PID=4586) to work on /home/grigory/airflow_venv/lib/python3.10/site-packages/airflow/example_dags/example_branch_operator.py
[2024-08-04T23:56:49.785+0300] {processor.py:830} INFO - Processing file /home/grigory/airflow_venv/lib/python3.10/site-packages/airflow/example_dags/example_branch_operator.py for tasks to queue
[2024-08-04T23:56:49.787+0300] {logging_mixin.py:188} INFO - [2024-08-04T23:56:49.786+0300] {dagbag.py:545} INFO - Filling up the DagBag from /home/grigory/airflow_venv/lib/python3.10/site-packages/airflow/example_dags/example_branch_operator.py
[2024-08-04T23:56:49.904+0300] {processor.py:842} WARNING - No viable dags retrieved from /home/grigory/airflow_venv/lib/python3.10/site-packages/airflow/example_dags/example_branch_operator.py
[2024-08-04T23:56:49.919+0300] {processor.py:183} INFO - Processing /home/grigory/airflow_venv/lib/python3.10/site-packages/airflow/example_dags/example_branch_operator.py took 0.144 seconds
[2024-08-04T23:58:08.690+0300] {processor.py:161} INFO - Started process (PID=4657) to work on /home/grigory/airflow_venv/lib/python3.10/site-packages/airflow/example_dags/example_branch_operator.py
[2024-08-04T23:58:08.691+0300] {processor.py:830} INFO - Processing file /home/grigory/airflow_venv/lib/python3.10/site-packages/airflow/example_dags/example_branch_operator.py for tasks to queue
[2024-08-04T23:58:08.694+0300] {logging_mixin.py:188} INFO - [2024-08-04T23:58:08.693+0300] {dagbag.py:545} INFO - Filling up the DagBag from /home/grigory/airflow_venv/lib/python3.10/site-packages/airflow/example_dags/example_branch_operator.py
[2024-08-04T23:58:08.787+0300] {processor.py:842} WARNING - No viable dags retrieved from /home/grigory/airflow_venv/lib/python3.10/site-packages/airflow/example_dags/example_branch_operator.py
[2024-08-04T23:58:08.800+0300] {processor.py:183} INFO - Processing /home/grigory/airflow_venv/lib/python3.10/site-packages/airflow/example_dags/example_branch_operator.py took 0.119 seconds
[2024-08-04T23:59:20.270+0300] {processor.py:161} INFO - Started process (PID=4726) to work on /home/grigory/airflow_venv/lib/python3.10/site-packages/airflow/example_dags/example_branch_operator.py
[2024-08-04T23:59:20.271+0300] {processor.py:830} INFO - Processing file /home/grigory/airflow_venv/lib/python3.10/site-packages/airflow/example_dags/example_branch_operator.py for tasks to queue
[2024-08-04T23:59:20.273+0300] {logging_mixin.py:188} INFO - [2024-08-04T23:59:20.273+0300] {dagbag.py:545} INFO - Filling up the DagBag from /home/grigory/airflow_venv/lib/python3.10/site-packages/airflow/example_dags/example_branch_operator.py
[2024-08-04T23:59:20.384+0300] {processor.py:842} WARNING - No viable dags retrieved from /home/grigory/airflow_venv/lib/python3.10/site-packages/airflow/example_dags/example_branch_operator.py
[2024-08-04T23:59:20.397+0300] {processor.py:183} INFO - Processing /home/grigory/airflow_venv/lib/python3.10/site-packages/airflow/example_dags/example_branch_operator.py took 0.136 seconds
[2024-08-05T00:00:39.459+0300] {processor.py:161} INFO - Started process (PID=4851) to work on /home/grigory/airflow_venv/lib/python3.10/site-packages/airflow/example_dags/example_branch_operator.py
[2024-08-05T00:00:39.461+0300] {processor.py:830} INFO - Processing file /home/grigory/airflow_venv/lib/python3.10/site-packages/airflow/example_dags/example_branch_operator.py for tasks to queue
[2024-08-05T00:00:39.464+0300] {logging_mixin.py:188} INFO - [2024-08-05T00:00:39.463+0300] {dagbag.py:545} INFO - Filling up the DagBag from /home/grigory/airflow_venv/lib/python3.10/site-packages/airflow/example_dags/example_branch_operator.py
[2024-08-05T00:00:39.639+0300] {processor.py:842} WARNING - No viable dags retrieved from /home/grigory/airflow_venv/lib/python3.10/site-packages/airflow/example_dags/example_branch_operator.py
[2024-08-05T00:00:39.659+0300] {processor.py:183} INFO - Processing /home/grigory/airflow_venv/lib/python3.10/site-packages/airflow/example_dags/example_branch_operator.py took 0.208 seconds
[2024-08-05T00:02:01.032+0300] {processor.py:161} INFO - Started process (PID=4924) to work on /home/grigory/airflow_venv/lib/python3.10/site-packages/airflow/example_dags/example_branch_operator.py
[2024-08-05T00:02:01.034+0300] {processor.py:830} INFO - Processing file /home/grigory/airflow_venv/lib/python3.10/site-packages/airflow/example_dags/example_branch_operator.py for tasks to queue
[2024-08-05T00:02:01.037+0300] {logging_mixin.py:188} INFO - [2024-08-05T00:02:01.037+0300] {dagbag.py:545} INFO - Filling up the DagBag from /home/grigory/airflow_venv/lib/python3.10/site-packages/airflow/example_dags/example_branch_operator.py
[2024-08-05T00:02:01.162+0300] {processor.py:842} WARNING - No viable dags retrieved from /home/grigory/airflow_venv/lib/python3.10/site-packages/airflow/example_dags/example_branch_operator.py
[2024-08-05T00:02:01.178+0300] {processor.py:183} INFO - Processing /home/grigory/airflow_venv/lib/python3.10/site-packages/airflow/example_dags/example_branch_operator.py took 0.154 seconds
[2024-08-05T00:02:57.686+0300] {processor.py:161} INFO - Started process (PID=4975) to work on /home/grigory/airflow_venv/lib/python3.10/site-packages/airflow/example_dags/example_branch_operator.py
[2024-08-05T00:02:57.688+0300] {processor.py:830} INFO - Processing file /home/grigory/airflow_venv/lib/python3.10/site-packages/airflow/example_dags/example_branch_operator.py for tasks to queue
[2024-08-05T00:02:57.690+0300] {logging_mixin.py:188} INFO - [2024-08-05T00:02:57.690+0300] {dagbag.py:545} INFO - Filling up the DagBag from /home/grigory/airflow_venv/lib/python3.10/site-packages/airflow/example_dags/example_branch_operator.py
[2024-08-05T00:02:57.826+0300] {processor.py:842} WARNING - No viable dags retrieved from /home/grigory/airflow_venv/lib/python3.10/site-packages/airflow/example_dags/example_branch_operator.py
[2024-08-05T00:02:57.842+0300] {processor.py:183} INFO - Processing /home/grigory/airflow_venv/lib/python3.10/site-packages/airflow/example_dags/example_branch_operator.py took 0.166 seconds
[2024-08-05T00:04:10.071+0300] {processor.py:161} INFO - Started process (PID=5046) to work on /home/grigory/airflow_venv/lib/python3.10/site-packages/airflow/example_dags/example_branch_operator.py
[2024-08-05T00:04:10.073+0300] {processor.py:830} INFO - Processing file /home/grigory/airflow_venv/lib/python3.10/site-packages/airflow/example_dags/example_branch_operator.py for tasks to queue
[2024-08-05T00:04:10.075+0300] {logging_mixin.py:188} INFO - [2024-08-05T00:04:10.075+0300] {dagbag.py:545} INFO - Filling up the DagBag from /home/grigory/airflow_venv/lib/python3.10/site-packages/airflow/example_dags/example_branch_operator.py
[2024-08-05T00:04:10.196+0300] {processor.py:842} WARNING - No viable dags retrieved from /home/grigory/airflow_venv/lib/python3.10/site-packages/airflow/example_dags/example_branch_operator.py
[2024-08-05T00:04:10.214+0300] {processor.py:183} INFO - Processing /home/grigory/airflow_venv/lib/python3.10/site-packages/airflow/example_dags/example_branch_operator.py took 0.151 seconds
[2024-08-05T00:05:35.302+0300] {processor.py:161} INFO - Started process (PID=5120) to work on /home/grigory/airflow_venv/lib/python3.10/site-packages/airflow/example_dags/example_branch_operator.py
[2024-08-05T00:05:35.305+0300] {processor.py:830} INFO - Processing file /home/grigory/airflow_venv/lib/python3.10/site-packages/airflow/example_dags/example_branch_operator.py for tasks to queue
[2024-08-05T00:05:35.309+0300] {logging_mixin.py:188} INFO - [2024-08-05T00:05:35.308+0300] {dagbag.py:545} INFO - Filling up the DagBag from /home/grigory/airflow_venv/lib/python3.10/site-packages/airflow/example_dags/example_branch_operator.py
[2024-08-05T00:05:35.505+0300] {processor.py:842} WARNING - No viable dags retrieved from /home/grigory/airflow_venv/lib/python3.10/site-packages/airflow/example_dags/example_branch_operator.py
[2024-08-05T00:05:35.540+0300] {processor.py:183} INFO - Processing /home/grigory/airflow_venv/lib/python3.10/site-packages/airflow/example_dags/example_branch_operator.py took 0.252 seconds
[2024-08-05T00:06:55.717+0300] {processor.py:161} INFO - Started process (PID=5198) to work on /home/grigory/airflow_venv/lib/python3.10/site-packages/airflow/example_dags/example_branch_operator.py
[2024-08-05T00:06:55.718+0300] {processor.py:830} INFO - Processing file /home/grigory/airflow_venv/lib/python3.10/site-packages/airflow/example_dags/example_branch_operator.py for tasks to queue
[2024-08-05T00:06:55.721+0300] {logging_mixin.py:188} INFO - [2024-08-05T00:06:55.720+0300] {dagbag.py:545} INFO - Filling up the DagBag from /home/grigory/airflow_venv/lib/python3.10/site-packages/airflow/example_dags/example_branch_operator.py
[2024-08-05T00:06:55.981+0300] {processor.py:842} WARNING - No viable dags retrieved from /home/grigory/airflow_venv/lib/python3.10/site-packages/airflow/example_dags/example_branch_operator.py
[2024-08-05T00:06:55.995+0300] {processor.py:183} INFO - Processing /home/grigory/airflow_venv/lib/python3.10/site-packages/airflow/example_dags/example_branch_operator.py took 0.287 seconds
[2024-08-05T00:07:54.890+0300] {processor.py:161} INFO - Started process (PID=5251) to work on /home/grigory/airflow_venv/lib/python3.10/site-packages/airflow/example_dags/example_branch_operator.py
[2024-08-05T00:07:54.892+0300] {processor.py:830} INFO - Processing file /home/grigory/airflow_venv/lib/python3.10/site-packages/airflow/example_dags/example_branch_operator.py for tasks to queue
[2024-08-05T00:07:54.894+0300] {logging_mixin.py:188} INFO - [2024-08-05T00:07:54.893+0300] {dagbag.py:545} INFO - Filling up the DagBag from /home/grigory/airflow_venv/lib/python3.10/site-packages/airflow/example_dags/example_branch_operator.py
[2024-08-05T00:07:54.992+0300] {processor.py:842} WARNING - No viable dags retrieved from /home/grigory/airflow_venv/lib/python3.10/site-packages/airflow/example_dags/example_branch_operator.py
[2024-08-05T00:07:55.006+0300] {processor.py:183} INFO - Processing /home/grigory/airflow_venv/lib/python3.10/site-packages/airflow/example_dags/example_branch_operator.py took 0.124 seconds
